#
# There is insufficient memory for the Java Runtime Environment to continue.
# Native memory allocation (malloc) failed to allocate 32744 bytes for ChunkPool::allocate
# Possible reasons:
#   The system is out of physical RAM or swap space
#   In 32 bit mode, the process size limit was hit
# Possible solutions:
#   Reduce memory load on the system
#   Increase physical memory or swap space
#   Check if swap backing store is full
#   Use 64 bit Java on a 64 bit OS
#   Decrease Java heap size (-Xmx/-Xms)
#   Decrease number of Java threads
#   Decrease Java thread stack sizes (-Xss)
#   Set larger code cache with -XX:ReservedCodeCacheSize=
# This output file may be truncated or incomplete.
#
#  Out of Memory Error (allocation.cpp:273), pid=6424, tid=0x00000000000002c8
#
# JRE version: OpenJDK Runtime Environment (8.0_152-b01) (build 1.8.0_152-release-915-b01)
# Java VM: OpenJDK 64-Bit Server VM (25.152-b01 mixed mode windows-amd64 compressed oops)
# Failed to write core dump. Minidumps are not enabled by default on client versions of Windows
#

---------------  T H R E A D  ---------------

Current thread (0x000000001ab67800):  JavaThread "RMI TCP Connection(2)-127.0.0.1" daemon [_thread_in_vm, id=712, stack(0x000000001be70000,0x000000001bf70000)]

Stack: [0x000000001be70000,0x000000001bf70000]
[error occurred during error reporting (printing stack bounds), id 0xc0000005]

Native frames: (J=compiled Java code, j=interpreted, Vv=VM code, C=native code)

Java frames: (J=compiled Java code, j=interpreted, Vv=VM code)
J 781  java.lang.ClassLoader.defineClass1(Ljava/lang/String;[BIILjava/security/ProtectionDomain;Ljava/lang/String;)Ljava/lang/Class; (0 bytes) @ 0x00000000052f6f9f [0x00000000052f6f00+0x9f]
J 762 C1 java.lang.ClassLoader.defineClass(Ljava/lang/String;[BIILjava/security/ProtectionDomain;)Ljava/lang/Class; (43 bytes) @ 0x00000000052eb964 [0x00000000052eb380+0x5e4]
J 593 C1 java.net.URLClassLoader.defineClass(Ljava/lang/String;Lsun/misc/Resource;)Ljava/lang/Class; (142 bytes) @ 0x00000000052956a4 [0x0000000005293b40+0x1b64]
J 224 C1 java.net.URLClassLoader$1.run()Ljava/lang/Class; (63 bytes) @ 0x00000000051cf82c [0x00000000051cf560+0x2cc]
J 223 C1 java.net.URLClassLoader$1.run()Ljava/lang/Object; (5 bytes) @ 0x00000000051cf1cc [0x00000000051cf140+0x8c]
v  ~StubRoutines::call_stub
J 169  java.security.AccessController.doPrivileged(Ljava/security/PrivilegedExceptionAction;Ljava/security/AccessControlContext;)Ljava/lang/Object; (0 bytes) @ 0x00000000051b1d66 [0x00000000051b1d00+0x66]
J 1511 C2 java.net.URLClassLoader.findClass(Ljava/lang/String;)Ljava/lang/Class; (47 bytes) @ 0x00000000054b2df0 [0x00000000054b2d60+0x90]
J 1445 C2 java.lang.ClassLoader.loadClass(Ljava/lang/String;Z)Ljava/lang/Class; (122 bytes) @ 0x00000000054a8958 [0x00000000054a7f20+0xa38]
J 222 C1 sun.misc.Launcher$AppClassLoader.loadClass(Ljava/lang/String;Z)Ljava/lang/Class; (85 bytes) @ 0x00000000051ce7ac [0x00000000051cde00+0x9ac]
J 221 C1 java.lang.ClassLoader.loadClass(Ljava/lang/String;)Ljava/lang/Class; (7 bytes) @ 0x00000000051cda0c [0x00000000051cd900+0x10c]
v  ~StubRoutines::call_stub
j  org.jetbrains.kotlin.cli.jvm.compiler.TopDownAnalyzerFacadeForJVM.createContainer(Lorg/jetbrains/kotlin/com/intellij/openapi/project/Project;Ljava/util/Collection;Lorg/jetbrains/kotlin/resolve/BindingTrace;Lorg/jetbrains/kotlin/config/CompilerConfiguration;Lkotlin/jvm/functions/Function1;Lkotlin/jvm/functions/Function2;Lorg/jetbrains/kotlin/com/intellij/psi/search/GlobalSearchScope;)Lorg/jetbrains/kotlin/container/ComponentProvider;+307
j  org.jetbrains.kotlin.cli.jvm.compiler.TopDownAnalyzerFacadeForJVM.analyzeFilesWithJavaIntegration(Lorg/jetbrains/kotlin/com/intellij/openapi/project/Project;Ljava/util/Collection;Lorg/jetbrains/kotlin/resolve/BindingTrace;Lorg/jetbrains/kotlin/config/CompilerConfiguration;Lkotlin/jvm/functions/Function1;Lkotlin/jvm/functions/Function2;Lorg/jetbrains/kotlin/com/intellij/psi/search/GlobalSearchScope;)Lorg/jetbrains/kotlin/analyzer/AnalysisResult;+58
j  org.jetbrains.kotlin.cli.jvm.compiler.TopDownAnalyzerFacadeForJVM.analyzeFilesWithJavaIntegration$default(Lorg/jetbrains/kotlin/com/intellij/openapi/project/Project;Ljava/util/Collection;Lorg/jetbrains/kotlin/resolve/BindingTrace;Lorg/jetbrains/kotlin/config/CompilerConfiguration;Lkotlin/jvm/functions/Function1;Lkotlin/jvm/functions/Function2;Lorg/jetbrains/kotlin/com/intellij/psi/search/GlobalSearchScope;ILjava/lang/Object;)Lorg/jetbrains/kotlin/analyzer/AnalysisResult;+44
j  org.jetbrains.kotlin.cli.jvm.compiler.KotlinToJVMBytecodeCompiler$analyze$1.invoke()Lorg/jetbrains/kotlin/analyzer/AnalysisResult;+254
j  org.jetbrains.kotlin.cli.jvm.compiler.KotlinToJVMBytecodeCompiler$analyze$1.invoke()Ljava/lang/Object;+1
j  org.jetbrains.kotlin.cli.common.messages.AnalyzerWithCompilerReport.analyzeAndReport(Ljava/util/Collection;Lkotlin/jvm/functions/Function0;)V+16
j  org.jetbrains.kotlin.cli.jvm.compiler.KotlinToJVMBytecodeCompiler.analyze(Lorg/jetbrains/kotlin/cli/jvm/compiler/KotlinCoreEnvironment;Ljava/lang/String;)Lorg/jetbrains/kotlin/analyzer/AnalysisResult;+49
j  org.jetbrains.kotlin.cli.jvm.compiler.KotlinToJVMBytecodeCompiler.compileModules(Lorg/jetbrains/kotlin/cli/jvm/compiler/KotlinCoreEnvironment;Ljava/io/File;)Z+215
j  org.jetbrains.kotlin.cli.jvm.K2JVMCompiler.doExecute(Lorg/jetbrains/kotlin/cli/common/arguments/K2JVMCompilerArguments;Lorg/jetbrains/kotlin/config/CompilerConfiguration;Lorg/jetbrains/kotlin/com/intellij/openapi/Disposable;Lorg/jetbrains/kotlin/utils/KotlinPaths;)Lorg/jetbrains/kotlin/cli/common/ExitCode;+724
j  org.jetbrains.kotlin.cli.jvm.K2JVMCompiler.doExecute(Lorg/jetbrains/kotlin/cli/common/arguments/CommonCompilerArguments;Lorg/jetbrains/kotlin/config/CompilerConfiguration;Lorg/jetbrains/kotlin/com/intellij/openapi/Disposable;Lorg/jetbrains/kotlin/utils/KotlinPaths;)Lorg/jetbrains/kotlin/cli/common/ExitCode;+9
j  org.jetbrains.kotlin.cli.common.CLICompiler.execImpl(Lorg/jetbrains/kotlin/cli/common/messages/MessageCollector;Lorg/jetbrains/kotlin/config/Services;Lorg/jetbrains/kotlin/cli/common/arguments/CommonCompilerArguments;)Lorg/jetbrains/kotlin/cli/common/ExitCode;+162
j  org.jetbrains.kotlin.cli.common.CLICompiler.execImpl(Lorg/jetbrains/kotlin/cli/common/messages/MessageCollector;Lorg/jetbrains/kotlin/config/Services;Lorg/jetbrains/kotlin/cli/common/arguments/CommonToolArguments;)Lorg/jetbrains/kotlin/cli/common/ExitCode;+7
j  org.jetbrains.kotlin.cli.common.CLITool.exec(Lorg/jetbrains/kotlin/cli/common/messages/MessageCollector;Lorg/jetbrains/kotlin/config/Services;Lorg/jetbrains/kotlin/cli/common/arguments/CommonToolArguments;)Lorg/jetbrains/kotlin/cli/common/ExitCode;+76
j  org.jetbrains.kotlin.incremental.IncrementalJvmCompilerRunner.runCompiler(Ljava/util/Set;Lorg/jetbrains/kotlin/cli/common/arguments/K2JVMCompilerArguments;Lorg/jetbrains/kotlin/incremental/IncrementalJvmCachesManager;Lorg/jetbrains/kotlin/config/Services;Lorg/jetbrains/kotlin/cli/common/messages/MessageCollector;)Lorg/jetbrains/kotlin/cli/common/ExitCode;+200
j  org.jetbrains.kotlin.incremental.IncrementalJvmCompilerRunner.runCompiler(Ljava/util/Set;Lorg/jetbrains/kotlin/cli/common/arguments/CommonCompilerArguments;Lorg/jetbrains/kotlin/incremental/IncrementalCachesManager;Lorg/jetbrains/kotlin/config/Services;Lorg/jetbrains/kotlin/cli/common/messages/MessageCollector;)Lorg/jetbrains/kotlin/cli/common/ExitCode;+14
j  org.jetbrains.kotlin.incremental.IncrementalCompilerRunner.compileIncrementally(Lorg/jetbrains/kotlin/cli/common/arguments/CommonCompilerArguments;Lorg/jetbrains/kotlin/incremental/IncrementalCachesManager;Ljava/util/List;Lorg/jetbrains/kotlin/incremental/IncrementalCompilerRunner$CompilationMode;Lorg/jetbrains/kotlin/cli/common/messages/MessageCollector;)Lorg/jetbrains/kotlin/cli/common/ExitCode;+459
j  org.jetbrains.kotlin.incremental.IncrementalCompilerRunner.access$compileIncrementally(Lorg/jetbrains/kotlin/incremental/IncrementalCompilerRunner;Lorg/jetbrains/kotlin/cli/common/arguments/CommonCompilerArguments;Lorg/jetbrains/kotlin/incremental/IncrementalCachesManager;Ljava/util/List;Lorg/jetbrains/kotlin/incremental/IncrementalCompilerRunner$CompilationMode;Lorg/jetbrains/kotlin/cli/common/messages/MessageCollector;)Lorg/jetbrains/kotlin/cli/common/ExitCode;+8
j  org.jetbrains.kotlin.incremental.IncrementalCompilerRunner$compile$2.invoke(Lkotlin/jvm/functions/Function0;)Lorg/jetbrains/kotlin/cli/common/ExitCode;+231
j  org.jetbrains.kotlin.incremental.IncrementalCompilerRunner.compile(Ljava/util/List;Lorg/jetbrains/kotlin/cli/common/arguments/CommonCompilerArguments;Lorg/jetbrains/kotlin/cli/common/messages/MessageCollector;Lorg/jetbrains/kotlin/incremental/ChangedFiles;)Lorg/jetbrains/kotlin/cli/common/ExitCode;+196
j  org.jetbrains.kotlin.daemon.CompileServiceImpl.execIncrementalCompiler(Lorg/jetbrains/kotlin/cli/common/arguments/K2JVMCompilerArguments;Lorg/jetbrains/kotlin/daemon/common/IncrementalCompilationOptions;Lorg/jetbrains/kotlin/daemon/common/IncrementalCompilerServicesFacade;Lorg/jetbrains/kotlin/daemon/common/CompilationResults;Lorg/jetbrains/kotlin/cli/common/messages/MessageCollector;Lorg/jetbrains/kotlin/daemon/report/DaemonMessageReporter;)Lorg/jetbrains/kotlin/cli/common/ExitCode;+975
j  org.jetbrains.kotlin.daemon.CompileServiceImpl.access$execIncrementalCompiler(Lorg/jetbrains/kotlin/daemon/CompileServiceImpl;Lorg/jetbrains/kotlin/cli/common/arguments/K2JVMCompilerArguments;Lorg/jetbrains/kotlin/daemon/common/IncrementalCompilationOptions;Lorg/jetbrains/kotlin/daemon/common/IncrementalCompilerServicesFacade;Lorg/jetbrains/kotlin/daemon/common/CompilationResults;Lorg/jetbrains/kotlin/cli/common/messages/MessageCollector;Lorg/jetbrains/kotlin/daemon/report/DaemonMessageReporter;)Lorg/jetbrains/kotlin/cli/common/ExitCode;+10
j  org.jetbrains.kotlin.daemon.CompileServiceImpl$compile$$inlined$ifAlive$lambda$2.invoke(Lorg/jetbrains/kotlin/daemon/EventManager;Lorg/jetbrains/kotlin/daemon/common/Profiler;)Lorg/jetbrains/kotlin/cli/common/ExitCode;+50
j  org.jetbrains.kotlin.daemon.CompileServiceImpl$compile$$inlined$ifAlive$lambda$2.invoke(Ljava/lang/Object;Ljava/lang/Object;)Ljava/lang/Object;+9
j  org.jetbrains.kotlin.daemon.CompileServiceImpl$doCompile$$inlined$ifAlive$lambda$2.invoke()I+12
j  org.jetbrains.kotlin.daemon.CompileServiceImpl$doCompile$$inlined$ifAlive$lambda$2.invoke()Ljava/lang/Object;+1
j  org.jetbrains.kotlin.daemon.common.DummyProfiler.withMeasure(Ljava/lang/Object;Lkotlin/jvm/functions/Function0;)Ljava/lang/Object;+7
j  org.jetbrains.kotlin.daemon.CompileServiceImpl.checkedCompile(Lorg/jetbrains/kotlin/daemon/report/DaemonMessageReporter;Lorg/jetbrains/kotlin/daemon/common/Profiler;Lkotlin/jvm/functions/Function0;)Ljava/lang/Object;+41
j  org.jetbrains.kotlin.daemon.CompileServiceImpl.doCompile(ILorg/jetbrains/kotlin/daemon/report/DaemonMessageReporter;Lorg/jetbrains/kotlin/daemon/common/RemoteOperationsTracer;Lkotlin/jvm/functions/Function2;)Lorg/jetbrains/kotlin/daemon/common/CompileService$CallResult;+300
j  org.jetbrains.kotlin.daemon.CompileServiceImpl.compile(I[Ljava/lang/String;Lorg/jetbrains/kotlin/daemon/common/CompilationOptions;Lorg/jetbrains/kotlin/daemon/common/CompilerServicesFacadeBase;Lorg/jetbrains/kotlin/daemon/common/CompilationResults;)Lorg/jetbrains/kotlin/daemon/common/CompileService$CallResult;+655
v  ~StubRoutines::call_stub
j  sun.reflect.NativeMethodAccessorImpl.invoke0(Ljava/lang/reflect/Method;Ljava/lang/Object;[Ljava/lang/Object;)Ljava/lang/Object;+0
j  sun.reflect.NativeMethodAccessorImpl.invoke(Ljava/lang/Object;[Ljava/lang/Object;)Ljava/lang/Object;+100
j  sun.reflect.DelegatingMethodAccessorImpl.invoke(Ljava/lang/Object;[Ljava/lang/Object;)Ljava/lang/Object;+6
j  java.lang.reflect.Method.invoke(Ljava/lang/Object;[Ljava/lang/Object;)Ljava/lang/Object;+56
j  sun.rmi.server.UnicastServerRef.dispatch(Ljava/rmi/Remote;Ljava/rmi/server/RemoteCall;)V+209
j  sun.rmi.transport.Transport$1.run()Ljava/lang/Void;+23
j  sun.rmi.transport.Transport$1.run()Ljava/lang/Object;+1
v  ~StubRoutines::call_stub
J 169  java.security.AccessController.doPrivileged(Ljava/security/PrivilegedExceptionAction;Ljava/security/AccessControlContext;)Ljava/lang/Object; (0 bytes) @ 0x00000000051b1d66 [0x00000000051b1d00+0x66]
j  sun.rmi.transport.Transport.serviceCall(Ljava/rmi/server/RemoteCall;)Z+157
j  sun.rmi.transport.tcp.TCPTransport.handleMessages(Lsun/rmi/transport/Connection;Z)V+185
j  sun.rmi.transport.tcp.TCPTransport$ConnectionHandler.run0()V+680
j  sun.rmi.transport.tcp.TCPTransport$ConnectionHandler.lambda$run$0()Ljava/lang/Void;+1
j  sun.rmi.transport.tcp.TCPTransport$ConnectionHandler$$Lambda$5.run()Ljava/lang/Object;+4
v  ~StubRoutines::call_stub
j  java.security.AccessController.doPrivileged(Ljava/security/PrivilegedAction;Ljava/security/AccessControlContext;)Ljava/lang/Object;+0
j  sun.rmi.transport.tcp.TCPTransport$ConnectionHandler.run()V+58
j  java.util.concurrent.ThreadPoolExecutor.runWorker(Ljava/util/concurrent/ThreadPoolExecutor$Worker;)V+95
j  java.util.concurrent.ThreadPoolExecutor$Worker.run()V+5
j  java.lang.Thread.run()V+11
v  ~StubRoutines::call_stub

---------------  P R O C E S S  ---------------

Java Threads: ( => current thread )
  0x000000001a4bb000 JavaThread "RMI RenewClean-[localhost:50428,org.jetbrains.kotlin.daemon.common.LoopbackNetworkInterface$ClientLoopbackSocketFactory@16f20ee3]" daemon [_thread_blocked, id=6260, stack(0x000000001bf70000,0x000000001c070000)]
=>0x000000001ab67800 JavaThread "RMI TCP Connection(2)-127.0.0.1" daemon [_thread_in_vm, id=712, stack(0x000000001be70000,0x000000001bf70000)]
  0x000000001ab67000 JavaThread "RMI Scheduler(0)" daemon [_thread_blocked, id=6584, stack(0x000000001bd70000,0x000000001be70000)]
  0x000000001ab08000 JavaThread "RMI TCP Connection(1)-127.0.0.1" daemon [_thread_in_native, id=2112, stack(0x000000001bc70000,0x000000001bd70000)]
  0x000000000354e000 JavaThread "DestroyJavaVM" [_thread_blocked, id=8024, stack(0x0000000004d80000,0x0000000004e80000)]
  0x000000001ab0e000 JavaThread "GC Daemon" daemon [_thread_blocked, id=8040, stack(0x000000001b830000,0x000000001b930000)]
  0x000000001ab0d800 JavaThread "RMI Reaper" [_thread_blocked, id=1176, stack(0x000000001b730000,0x000000001b830000)]
  0x000000001aa9b800 JavaThread "Timer-0" daemon [_thread_blocked, id=908, stack(0x000000001b530000,0x000000001b630000)]
  0x000000001a6ee800 JavaThread "RMI TCP Accept-17538" daemon [_thread_in_native, id=1188, stack(0x000000001b430000,0x000000001b530000)]
  0x000000001a310800 JavaThread "Service Thread" daemon [_thread_blocked, id=6632, stack(0x000000001a6f0000,0x000000001a7f0000)]
  0x00000000189b4000 JavaThread "C1 CompilerThread2" daemon [_thread_blocked, id=7412, stack(0x000000001a1f0000,0x000000001a2f0000)]
  0x00000000189b0000 JavaThread "C2 CompilerThread1" daemon [_thread_blocked, id=228, stack(0x000000001a0f0000,0x000000001a1f0000)]
  0x00000000189ac000 JavaThread "C2 CompilerThread0" daemon [_thread_in_native, id=4848, stack(0x0000000019ff0000,0x000000001a0f0000)]
  0x00000000189aa800 JavaThread "Attach Listener" daemon [_thread_blocked, id=5516, stack(0x0000000019ef0000,0x0000000019ff0000)]
  0x00000000189a9800 JavaThread "Signal Dispatcher" daemon [_thread_blocked, id=6360, stack(0x0000000019df0000,0x0000000019ef0000)]
  0x000000000503b800 JavaThread "Finalizer" daemon [_thread_blocked, id=5496, stack(0x0000000019c00000,0x0000000019d00000)]
  0x0000000005032000 JavaThread "Reference Handler" daemon [_thread_blocked, id=7568, stack(0x0000000019b00000,0x0000000019c00000)]

Other Threads:
  0x0000000018974000 VMThread [stack: 0x0000000019a00000,0x0000000019b00000] [id=4104]
  0x0000000018a0b800 WatcherThread [stack: 0x000000001a7f0000,0x000000001a8f0000] [id=7544]

VM state:not at safepoint (normal execution)

VM Mutex/Monitor currently owned by a thread: None

Heap:
 PSYoungGen      total 56320K, used 5420K [0x00000000e0000000, 0x00000000e4480000, 0x0000000100000000)
  eden space 53760K, 5% used [0x00000000e0000000,0x00000000e02cd160,0x00000000e3480000)
  from space 2560K, 99% used [0x00000000e3e80000,0x00000000e40fe168,0x00000000e4100000)
  to   space 8192K, 0% used [0x00000000e3480000,0x00000000e3480000,0x00000000e3c80000)
 ParOldGen       total 31744K, used 11991K [0x00000000a0000000, 0x00000000a1f00000, 0x00000000e0000000)
  object space 31744K, 37% used [0x00000000a0000000,0x00000000a0bb5d98,0x00000000a1f00000)
 Metaspace       used 24879K, capacity 25302K, committed 25728K, reserved 1073152K
  class space    used 3238K, capacity 3393K, committed 3456K, reserved 1048576K

Card table byte_map: [0x0000000014400000,0x0000000014710000] byte_map_base: 0x0000000013f00000

Marking Bits: (ParMarkBitMap*) 0x00000000544a3950
 Begin Bits: [0x0000000014d10000, 0x0000000016510000)
 End Bits:   [0x0000000016510000, 0x0000000017d10000)

Polling page: 0x0000000000bf0000

CodeCache: size=245760Kb used=5220Kb max_used=5231Kb free=240539Kb
 bounds [0x0000000005040000, 0x0000000005570000, 0x0000000014040000]
 total_blobs=2127 nmethods=1692 adapters=349
 compilation: enabled

Compilation events (10 events):
Event: 9.699 Thread 0x00000000189b4000 nmethod 1704 0x0000000005555990 code [0x0000000005555b60, 0x0000000005556358]
Event: 9.706 Thread 0x00000000189b4000 1705       3       java.util.HashSet::<init> (18 bytes)
Event: 9.706 Thread 0x00000000189b4000 nmethod 1705 0x0000000005143410 code [0x00000000051435a0, 0x0000000005143928]
Event: 9.707 Thread 0x00000000189b4000 1706       3       java.util.LinkedHashMap::<init> (12 bytes)
Event: 9.707 Thread 0x00000000189b4000 nmethod 1706 0x0000000005141ad0 code [0x0000000005141c40, 0x0000000005141de8]
Event: 9.707 Thread 0x00000000189b0000 nmethod 1702 0x0000000005561090 code [0x0000000005561240, 0x0000000005561b70]
Event: 9.708 Thread 0x00000000189b0000 1707       4       jdk.internal.org.objectweb.asm.ClassWriter::get (49 bytes)
Event: 9.711 Thread 0x00000000189b0000 nmethod 1707 0x0000000005141210 code [0x0000000005141360, 0x00000000051414a8]
Event: 9.732 Thread 0x00000000189b4000 1708       3       java.lang.Package::<init> (56 bytes)
Event: 9.732 Thread 0x00000000189b4000 nmethod 1708 0x000000000513f790 code [0x000000000513f8e0, 0x000000000513fb50]

GC Heap History (10 events):
Event: 7.817 GC heap before
{Heap before GC invocations=4 (full 1):
 PSYoungGen      total 17920K, used 17908K [0x00000000e0000000, 0x00000000e1400000, 0x0000000100000000)
  eden space 15360K, 100% used [0x00000000e0000000,0x00000000e0f00000,0x00000000e0f00000)
  from space 2560K, 99% used [0x00000000e1180000,0x00000000e13fd1c8,0x00000000e1400000)
  to   space 2560K, 0% used [0x00000000e0f00000,0x00000000e0f00000,0x00000000e1180000)
 ParOldGen       total 40960K, used 3842K [0x00000000a0000000, 0x00000000a2800000, 0x00000000e0000000)
  object space 40960K, 9% used [0x00000000a0000000,0x00000000a03c0920,0x00000000a2800000)
 Metaspace       used 14090K, capacity 14330K, committed 14592K, reserved 1062912K
  class space    used 1646K, capacity 1727K, committed 1792K, reserved 1048576K
Event: 7.828 GC heap after
Heap after GC invocations=4 (full 1):
 PSYoungGen      total 17920K, used 2529K [0x00000000e0000000, 0x00000000e2300000, 0x0000000100000000)
  eden space 15360K, 0% used [0x00000000e0000000,0x00000000e0000000,0x00000000e0f00000)
  from space 2560K, 98% used [0x00000000e0f00000,0x00000000e11784d0,0x00000000e1180000)
  to   space 2560K, 0% used [0x00000000e2080000,0x00000000e2080000,0x00000000e2300000)
 ParOldGen       total 40960K, used 6294K [0x00000000a0000000, 0x00000000a2800000, 0x00000000e0000000)
  object space 40960K, 15% used [0x00000000a0000000,0x00000000a06258e0,0x00000000a2800000)
 Metaspace       used 14090K, capacity 14330K, committed 14592K, reserved 1062912K
  class space    used 1646K, capacity 1727K, committed 1792K, reserved 1048576K
}
Event: 8.313 GC heap before
{Heap before GC invocations=5 (full 1):
 PSYoungGen      total 17920K, used 17889K [0x00000000e0000000, 0x00000000e2300000, 0x0000000100000000)
  eden space 15360K, 100% used [0x00000000e0000000,0x00000000e0f00000,0x00000000e0f00000)
  from space 2560K, 98% used [0x00000000e0f00000,0x00000000e11784d0,0x00000000e1180000)
  to   space 2560K, 0% used [0x00000000e2080000,0x00000000e2080000,0x00000000e2300000)
 ParOldGen       total 40960K, used 6294K [0x00000000a0000000, 0x00000000a2800000, 0x00000000e0000000)
  object space 40960K, 15% used [0x00000000a0000000,0x00000000a06258e0,0x00000000a2800000)
 Metaspace       used 18106K, capacity 18462K, committed 18688K, reserved 1064960K
  class space    used 2152K, capacity 2249K, committed 2304K, reserved 1048576K
Event: 8.322 GC heap after
Heap after GC invocations=5 (full 1):
 PSYoungGen      total 33280K, used 2529K [0x00000000e0000000, 0x00000000e2300000, 0x0000000100000000)
  eden space 30720K, 0% used [0x00000000e0000000,0x00000000e0000000,0x00000000e1e00000)
  from space 2560K, 98% used [0x00000000e2080000,0x00000000e22f84b0,0x00000000e2300000)
  to   space 2560K, 0% used [0x00000000e1e00000,0x00000000e1e00000,0x00000000e2080000)
 ParOldGen       total 40960K, used 9941K [0x00000000a0000000, 0x00000000a2800000, 0x00000000e0000000)
  object space 40960K, 24% used [0x00000000a0000000,0x00000000a09b5718,0x00000000a2800000)
 Metaspace       used 18106K, capacity 18462K, committed 18688K, reserved 1064960K
  class space    used 2152K, capacity 2249K, committed 2304K, reserved 1048576K
}
Event: 8.656 GC heap before
{Heap before GC invocations=6 (full 1):
 PSYoungGen      total 33280K, used 17013K [0x00000000e0000000, 0x00000000e2300000, 0x0000000100000000)
  eden space 30720K, 47% used [0x00000000e0000000,0x00000000e0e25180,0x00000000e1e00000)
  from space 2560K, 98% used [0x00000000e2080000,0x00000000e22f84b0,0x00000000e2300000)
  to   space 2560K, 0% used [0x00000000e1e00000,0x00000000e1e00000,0x00000000e2080000)
 ParOldGen       total 40960K, used 9941K [0x00000000a0000000, 0x00000000a2800000, 0x00000000e0000000)
  object space 40960K, 24% used [0x00000000a0000000,0x00000000a09b5718,0x00000000a2800000)
 Metaspace       used 20731K, capacity 21066K, committed 21296K, reserved 1069056K
  class space    used 2548K, capacity 2651K, committed 2688K, reserved 1048576K
Event: 8.663 GC heap after
Heap after GC invocations=6 (full 1):
 PSYoungGen      total 33280K, used 2544K [0x00000000e0000000, 0x00000000e4100000, 0x0000000100000000)
  eden space 30720K, 0% used [0x00000000e0000000,0x00000000e0000000,0x00000000e1e00000)
  from space 2560K, 99% used [0x00000000e1e00000,0x00000000e207c3e8,0x00000000e2080000)
  to   space 2560K, 0% used [0x00000000e3e80000,0x00000000e3e80000,0x00000000e4100000)
 ParOldGen       total 40960K, used 12825K [0x00000000a0000000, 0x00000000a2800000, 0x00000000e0000000)
  object space 40960K, 31% used [0x00000000a0000000,0x00000000a0c864b0,0x00000000a2800000)
 Metaspace       used 20731K, capacity 21066K, committed 21296K, reserved 1069056K
  class space    used 2548K, capacity 2651K, committed 2688K, reserved 1048576K
}
Event: 8.663 GC heap before
{Heap before GC invocations=7 (full 2):
 PSYoungGen      total 33280K, used 2544K [0x00000000e0000000, 0x00000000e4100000, 0x0000000100000000)
  eden space 30720K, 0% used [0x00000000e0000000,0x00000000e0000000,0x00000000e1e00000)
  from space 2560K, 99% used [0x00000000e1e00000,0x00000000e207c3e8,0x00000000e2080000)
  to   space 2560K, 0% used [0x00000000e3e80000,0x00000000e3e80000,0x00000000e4100000)
 ParOldGen       total 40960K, used 12825K [0x00000000a0000000, 0x00000000a2800000, 0x00000000e0000000)
  object space 40960K, 31% used [0x00000000a0000000,0x00000000a0c864b0,0x00000000a2800000)
 Metaspace       used 20731K, capacity 21066K, committed 21296K, reserved 1069056K
  class space    used 2548K, capacity 2651K, committed 2688K, reserved 1048576K
Event: 8.706 GC heap after
Heap after GC invocations=7 (full 2):
 PSYoungGen      total 33280K, used 0K [0x00000000e0000000, 0x00000000e4100000, 0x0000000100000000)
  eden space 30720K, 0% used [0x00000000e0000000,0x00000000e0000000,0x00000000e1e00000)
  from space 2560K, 0% used [0x00000000e1e00000,0x00000000e1e00000,0x00000000e2080000)
  to   space 2560K, 0% used [0x00000000e3e80000,0x00000000e3e80000,0x00000000e4100000)
 ParOldGen       total 31744K, used 7578K [0x00000000a0000000, 0x00000000a1f00000, 0x00000000e0000000)
  object space 31744K, 23% used [0x00000000a0000000,0x00000000a07668f0,0x00000000a1f00000)
 Metaspace       used 20731K, capacity 21066K, committed 21296K, reserved 1069056K
  class space    used 2548K, capacity 2651K, committed 2688K, reserved 1048576K
}
Event: 9.683 GC heap before
{Heap before GC invocations=8 (full 2):
 PSYoungGen      total 33280K, used 30720K [0x00000000e0000000, 0x00000000e4100000, 0x0000000100000000)
  eden space 30720K, 100% used [0x00000000e0000000,0x00000000e1e00000,0x00000000e1e00000)
  from space 2560K, 0% used [0x00000000e1e00000,0x00000000e1e00000,0x00000000e2080000)
  to   space 2560K, 0% used [0x00000000e3e80000,0x00000000e3e80000,0x00000000e4100000)
 ParOldGen       total 31744K, used 7578K [0x00000000a0000000, 0x00000000a1f00000, 0x00000000e0000000)
  object space 31744K, 23% used [0x00000000a0000000,0x00000000a07668f0,0x00000000a1f00000)
 Metaspace       used 24495K, capacity 24916K, committed 25088K, reserved 1071104K
  class space    used 3180K, capacity 3328K, committed 3328K, reserved 1048576K
Event: 9.694 GC heap after
Heap after GC invocations=8 (full 2):
 PSYoungGen      total 56320K, used 2552K [0x00000000e0000000, 0x00000000e4480000, 0x0000000100000000)
  eden space 53760K, 0% used [0x00000000e0000000,0x00000000e0000000,0x00000000e3480000)
  from space 2560K, 99% used [0x00000000e3e80000,0x00000000e40fe168,0x00000000e4100000)
  to   space 8192K, 0% used [0x00000000e3480000,0x00000000e3480000,0x00000000e3c80000)
 ParOldGen       total 31744K, used 11991K [0x00000000a0000000, 0x00000000a1f00000, 0x00000000e0000000)
  object space 31744K, 37% used [0x00000000a0000000,0x00000000a0bb5d98,0x00000000a1f00000)
 Metaspace       used 24495K, capacity 24916K, committed 25088K, reserved 1071104K
  class space    used 3180K, capacity 3328K, committed 3328K, reserved 1048576K
}

Deoptimization events (10 events):
Event: 7.560 Thread 0x000000001ab67800 Uncommon trap: reason=unstable_if action=reinterpret pc=0x0000000005352194 method=kotlin.reflect.jvm.internal.impl.protobuf.CodedInputStream.readRawVarint32()I @ 69
Event: 7.561 Thread 0x000000001ab67800 Uncommon trap: reason=unstable_if action=reinterpret pc=0x0000000005323fc0 method=kotlin.reflect.jvm.internal.impl.protobuf.CodedInputStream.readRawVarint32()I @ 69
Event: 7.564 Thread 0x000000001ab67800 Uncommon trap: reason=class_check action=maybe_recompile pc=0x000000000532f0cc method=kotlin.reflect.jvm.internal.impl.protobuf.CodedInputStream.tryRefillBuffer(I)Z @ 175
Event: 8.536 Thread 0x000000001ab67800 Uncommon trap: reason=bimorphic action=maybe_recompile pc=0x000000000529f6a8 method=java.io.FilterInputStream.read([B)I @ 5
Event: 8.537 Thread 0x000000001ab67800 Uncommon trap: reason=bimorphic action=maybe_recompile pc=0x000000000529f6a8 method=java.io.FilterInputStream.read([B)I @ 5
Event: 8.537 Thread 0x000000001ab67800 Uncommon trap: reason=bimorphic action=maybe_recompile pc=0x000000000529f6a8 method=java.io.FilterInputStream.read([B)I @ 5
Event: 8.612 Thread 0x000000001ab67800 Uncommon trap: reason=range_check action=make_not_entrant pc=0x00000000053e0aa0 method=sun.reflect.generics.parser.SignatureParser.current()C @ 34
Event: 8.899 Thread 0x000000001ab67800 Uncommon trap: reason=bimorphic action=maybe_recompile pc=0x000000000529f6a8 method=java.io.FilterInputStream.read([B)I @ 5
Event: 9.495 Thread 0x000000001ab67800 Uncommon trap: reason=unstable_if action=reinterpret pc=0x000000000553dc04 method=org.jetbrains.kotlin.com.intellij.openapi.vfs.impl.ZipEntryMap.isTheOne(Lorg/jetbrains/kotlin/com/intellij/openapi/vfs/impl/ArchiveHandler$EntryInfo;Ljava/lang/CharSequence;
Event: 9.696 Thread 0x000000000503b800 Uncommon trap: reason=unstable_if action=reinterpret pc=0x0000000005560024 method=java.util.WeakHashMap.eq(Ljava/lang/Object;Ljava/lang/Object;)Z @ 2

Classes redefined (0 events):
No events

Internal exceptions (10 events):
Event: 7.103 Thread 0x000000001ab67800 Exception <a 'java/lang/NoSuchMethodError': <clinit>> (0x00000000e021eb50) thrown at [D:\src\AOSP-openjdk-cygwin\jdk8u\hotspot\src\share\vm\prims\jni.cpp, line 1613]
Event: 7.120 Thread 0x000000001ab67800 Exception <a 'java/lang/NoSuchMethodError': <clinit>> (0x00000000e02495f8) thrown at [D:\src\AOSP-openjdk-cygwin\jdk8u\hotspot\src\share\vm\prims\jni.cpp, line 1613]
Event: 7.160 Thread 0x000000001ab67800 Exception <a 'java/lang/NoSuchMethodError': <clinit>> (0x00000000e03596d8) thrown at [D:\src\AOSP-openjdk-cygwin\jdk8u\hotspot\src\share\vm\prims\jni.cpp, line 1613]
Event: 7.164 Thread 0x000000001a4bb000 Exception <a 'java/lang/InterruptedException'> (0x00000000e035d5a0) thrown at [D:\src\AOSP-openjdk-cygwin\jdk8u\hotspot\src\share\vm\runtime\objectMonitor.cpp, line 1684]
Event: 7.632 Thread 0x000000001ab67800 Exception <a 'java/lang/ArrayIndexOutOfBoundsException'> (0x00000000e0831f00) thrown at [D:\src\AOSP-openjdk-cygwin\jdk8u\hotspot\src\share\vm\runtime\sharedRuntime.cpp, line 605]
Event: 8.456 Thread 0x000000001ab67800 Exception <a 'java/lang/NoSuchMethodError': java.lang.Object.lambda$comparing$77a9974f$1(Ljava/util/function/Function;Ljava/lang/Object;Ljava/lang/Object;)I> (0x00000000e0665b90) thrown at [D:\src\AOSP-openjdk-cygwin\jdk8u\hotspot\src\share\vm\interpreter
Event: 8.612 Thread 0x000000001ab67800 Exception <a 'java/lang/ArrayIndexOutOfBoundsException': 60> (0x00000000e0c056b0) thrown at [D:\src\AOSP-openjdk-cygwin\jdk8u\hotspot\src\share\vm\interpreter\interpreterRuntime.cpp, line 366]
Event: 8.623 Thread 0x000000001ab67800 Exception <a 'java/lang/ArrayIndexOutOfBoundsException'> (0x00000000e0c2f7c8) thrown at [D:\src\AOSP-openjdk-cygwin\jdk8u\hotspot\src\share\vm\runtime\sharedRuntime.cpp, line 605]
Event: 8.847 Thread 0x000000001ab67800 Exception <a 'java/lang/NoSuchMethodError': java.lang.Object.lambda$static$0(I)[Lorg/jetbrains/kotlin/com/intellij/openapi/editor/event/DocumentListener;> (0x00000000e064c398) thrown at [D:\src\AOSP-openjdk-cygwin\jdk8u\hotspot\src\share\vm\interpreter\li
Event: 8.884 Thread 0x000000001ab67800 Exception <a 'java/lang/NoSuchMethodError': java.lang.Object.lambda$static$0(I)[Lorg/jetbrains/kotlin/com/intellij/psi/PsiAnnotation;> (0x00000000e08244f8) thrown at [D:\src\AOSP-openjdk-cygwin\jdk8u\hotspot\src\share\vm\interpreter\linkResolver.cpp, line

Events (10 events):
Event: 9.754 loading class org/jetbrains/kotlin/context/ModuleContext
Event: 9.754 loading class org/jetbrains/kotlin/context/ModuleContext done
Event: 9.755 loading class org/jetbrains/kotlin/builtins/KotlinBuiltIns$5
Event: 9.755 loading class org/jetbrains/kotlin/builtins/KotlinBuiltIns$5 done
Event: 9.755 loading class org/jetbrains/kotlin/modules/TargetIdKt
Event: 9.755 loading class org/jetbrains/kotlin/modules/TargetIdKt done
Event: 9.755 loading class org/jetbrains/kotlin/cli/jvm/compiler/TopDownAnalyzerFacadeForJVM$SourceOrBinaryModuleClassResolver
Event: 9.755 loading class org/jetbrains/kotlin/cli/jvm/compiler/TopDownAnalyzerFacadeForJVM$SourceOrBinaryModuleClassResolver done
Event: 9.756 loading class org/jetbrains/kotlin/load/java/lazy/ModuleClassResolver
Event: 9.756 loading class org/jetbrains/kotlin/load/java/lazy/ModuleClassResolver done


Dynamic libraries:
0x00007ff6c71b0000 - 0x00007ff6c71e1000 	C:\Program Files\Android\Android Studio\jre\jre\bin\java.exe
0x00007ff994340000 - 0x00007ff994520000 	C:\WINDOWS\SYSTEM32\ntdll.dll
0x00007ff991e50000 - 0x00007ff991efe000 	C:\WINDOWS\System32\KERNEL32.DLL
0x00007ff9911a0000 - 0x00007ff991406000 	C:\WINDOWS\System32\KERNELBASE.dll
0x00007ff9920d0000 - 0x00007ff992171000 	C:\WINDOWS\System32\ADVAPI32.dll
0x00007ff994080000 - 0x00007ff99411d000 	C:\WINDOWS\System32\msvcrt.dll
0x00007ff9941a0000 - 0x00007ff9941fb000 	C:\WINDOWS\System32\sechost.dll
0x00007ff993760000 - 0x00007ff99387f000 	C:\WINDOWS\System32\RPCRT4.dll
0x00007ff9919a0000 - 0x00007ff991b2f000 	C:\WINDOWS\System32\USER32.dll
0x00007ff990fe0000 - 0x00007ff991000000 	C:\WINDOWS\System32\win32u.dll
0x00007ff994200000 - 0x00007ff994228000 	C:\WINDOWS\System32\GDI32.dll
0x00007ff991000000 - 0x00007ff991193000 	C:\WINDOWS\System32\gdi32full.dll
0x00007ff990f40000 - 0x00007ff990fdb000 	C:\WINDOWS\System32\msvcp_win.dll
0x00007ff991540000 - 0x00007ff991636000 	C:\WINDOWS\System32\ucrtbase.dll
0x00007ff9838e0000 - 0x00007ff983b49000 	C:\WINDOWS\WinSxS\amd64_microsoft.windows.common-controls_6595b64144ccf1df_6.0.16299.192_none_15c8cdae9364c23b\COMCTL32.dll
0x00007ff993cd0000 - 0x00007ff993fd8000 	C:\WINDOWS\System32\combase.dll
0x00007ff9914c0000 - 0x00007ff991532000 	C:\WINDOWS\System32\bcryptPrimitives.dll
0x00007ff991f00000 - 0x00007ff991f2d000 	C:\WINDOWS\System32\IMM32.DLL
0x0000000053c00000 - 0x0000000053cd2000 	C:\Program Files\Android\Android Studio\jre\jre\bin\msvcr100.dll
0x0000000053ce0000 - 0x000000005451e000 	C:\Program Files\Android\Android Studio\jre\jre\bin\server\jvm.dll
0x00007ff9920b0000 - 0x00007ff9920b8000 	C:\WINDOWS\System32\PSAPI.DLL
0x00007ff983780000 - 0x00007ff983789000 	C:\WINDOWS\SYSTEM32\WSOCK32.dll
0x00007ff984c90000 - 0x00007ff984c9a000 	C:\WINDOWS\SYSTEM32\VERSION.dll
0x00007ff98e650000 - 0x00007ff98e673000 	C:\WINDOWS\SYSTEM32\WINMM.dll
0x00007ff992040000 - 0x00007ff9920ac000 	C:\WINDOWS\System32\WS2_32.dll
0x00007ff98e620000 - 0x00007ff98e64a000 	C:\WINDOWS\SYSTEM32\winmmbase.dll
0x00007ff991470000 - 0x00007ff9914ba000 	C:\WINDOWS\System32\cfgmgr32.dll
0x00007ff983730000 - 0x00007ff98373f000 	C:\Program Files\Android\Android Studio\jre\jre\bin\verify.dll
0x00007ff97e070000 - 0x00007ff97e099000 	C:\Program Files\Android\Android Studio\jre\jre\bin\java.dll
0x00007ff97df20000 - 0x00007ff97df36000 	C:\Program Files\Android\Android Studio\jre\jre\bin\zip.dll
0x00007ff992320000 - 0x00007ff993756000 	C:\WINDOWS\System32\SHELL32.dll
0x00007ff9918f0000 - 0x00007ff991996000 	C:\WINDOWS\System32\shcore.dll
0x00007ff990740000 - 0x00007ff990e87000 	C:\WINDOWS\System32\windows.storage.dll
0x00007ff991890000 - 0x00007ff9918e1000 	C:\WINDOWS\System32\shlwapi.dll
0x00007ff990690000 - 0x00007ff9906a1000 	C:\WINDOWS\System32\kernel.appcore.dll
0x00007ff9906f0000 - 0x00007ff99073c000 	C:\WINDOWS\System32\powrprof.dll
0x00007ff9906d0000 - 0x00007ff9906eb000 	C:\WINDOWS\System32\profapi.dll
0x00007ff98cb50000 - 0x00007ff98cb5d000 	C:\Program Files\Android\Android Studio\jre\jre\bin\management.dll
0x00007ff97df00000 - 0x00007ff97df1a000 	C:\Program Files\Android\Android Studio\jre\jre\bin\net.dll
0x00007ff98fec0000 - 0x00007ff98ff26000 	C:\WINDOWS\system32\mswsock.dll
0x00007ff97de30000 - 0x00007ff97de41000 	C:\Program Files\Android\Android Studio\jre\jre\bin\nio.dll
0x00007ff990090000 - 0x00007ff9900a7000 	C:\WINDOWS\SYSTEM32\CRYPTSP.dll
0x00007ff98fad0000 - 0x00007ff98fb03000 	C:\WINDOWS\system32\rsaenh.dll
0x00007ff990190000 - 0x00007ff9901b5000 	C:\WINDOWS\SYSTEM32\bcrypt.dll
0x00007ff990590000 - 0x00007ff9905b9000 	C:\WINDOWS\SYSTEM32\USERENV.dll
0x00007ff990080000 - 0x00007ff99008b000 	C:\WINDOWS\SYSTEM32\CRYPTBASE.dll
0x00007ff98fc50000 - 0x00007ff98fc89000 	C:\WINDOWS\SYSTEM32\IPHLPAPI.DLL
0x00007ff9920c0000 - 0x00007ff9920c8000 	C:\WINDOWS\System32\NSI.dll
0x00007ff98a930000 - 0x00007ff98a946000 	C:\WINDOWS\SYSTEM32\dhcpcsvc6.DLL
0x00007ff98a910000 - 0x00007ff98a92a000 	C:\WINDOWS\SYSTEM32\dhcpcsvc.DLL

VM Arguments:
jvm_args: -Djava.awt.headless=true -Djava.rmi.server.hostname=localhost -Xmx1536m -Dkotlin.environment.keepalive 
java_command: org.jetbrains.kotlin.daemon.KotlinCompileDaemon --daemon-runFilesPath C:\Users\Kent\AppData\Local\kotlin\daemon --daemon-autoshutdownIdleSeconds=7200 --daemon-compilerClasspath C:\Users\Kent\.gradle\caches\modules-2\files-2.1\org.jetbrains.kotlin\kotlin-compiler-embeddable\1.2.21\39456b64a42dc359e385697e2e93b5cba52e197f\kotlin-compiler-embeddable-1.2.21.jar;C:\Users\Kent\.gradle\caches\modules-2\files-2.1\org.jetbrains.kotlin\kotlin-stdlib\1.2.21\d64187eb2d9d1521be3421aa8c6774a8625cdde8\kotlin-stdlib-1.2.21.jar;C:\Users\Kent\.gradle\caches\modules-2\files-2.1\org.jetbrains.kotlin\kotlin-script-runtime\1.2.21\40c37b171146be48a989ab74b937b17a96d28d87\kotlin-script-runtime-1.2.21.jar;C:\Users\Kent\.gradle\caches\modules-2\files-2.1\org.jetbrains.kotlin\kotlin-reflect\1.2.21\3159ff5936aa570a90050d385cb717fbb6c1723a\kotlin-reflect-1.2.21.jar;C:\Program Files\Android\Android Studio\jre\lib\tools.jar
java_class_path (initial): C:\Users\Kent\.gradle\caches\modules-2\files-2.1\org.jetbrains.kotlin\kotlin-compiler-embeddable\1.2.21\39456b64a42dc359e385697e2e93b5cba52e197f\kotlin-compiler-embeddable-1.2.21.jar;C:\Users\Kent\.gradle\caches\modules-2\files-2.1\org.jetbrains.kotlin\kotlin-stdlib\1.2.21\d64187eb2d9d1521be3421aa8c6774a8625cdde8\kotlin-stdlib-1.2.21.jar;C:\Users\Kent\.gradle\caches\modules-2\files-2.1\org.jetbrains.kotlin\kotlin-script-runtime\1.2.21\40c37b171146be48a989ab74b937b17a96d28d87\kotlin-script-runtime-1.2.21.jar;C:\Users\Kent\.gradle\caches\modules-2\files-2.1\org.jetbrains.kotlin\kotlin-reflect\1.2.21\3159ff5936aa570a90050d385cb717fbb6c1723a\kotlin-reflect-1.2.21.jar;C:\Program Files\Android\Android Studio\jre\lib\tools.jar
Launcher Type: SUN_STANDARD

Environment Variables:
PATH=C:\WINDOWS\system32;C:\WINDOWS;C:\WINDOWS\System32\Wbem;C:\WINDOWS\System32\WindowsPowerShell\v1.0\;C:\Program Files\Git\cmd;C:\Users\Kent\AppData\Local\Microsoft\WindowsApps;
USERNAME=Kent
OS=Windows_NT
PROCESSOR_IDENTIFIER=Intel64 Family 6 Model 37 Stepping 5, GenuineIntel



---------------  S Y S T E M  ---------------

OS: Windows 10.0 , 64 bit Build 16299 (10.0.16299.15)

CPU:total 4 (initial active 4) (2 cores per cpu, 2 threads per core) family 6 model 37 stepping 5, cmov, cx8, fxsr, mmx, sse, sse2, sse3, ssse3, sse4.1, sse4.2, popcnt, ht, tsc, tscinvbit

Memory: 4k page, physical 3848288k(1069428k free), swap 5246048k(4200k free)

vm_info: OpenJDK 64-Bit Server VM (25.152-b01) for windows-amd64 JRE (1.8.0_152-release-915-b01), built by "builder" with MS VC++ 10.0 (VS2010)

time: Wed Mar 14 10:13:42 2018
elapsed time: 9 seconds (0d 0h 0m 9s)

