#
# There is insufficient memory for the Java Runtime Environment to continue.
# Native memory allocation (malloc) failed to allocate 1421696 bytes for Chunk::new
# Possible reasons:
#   The system is out of physical RAM or swap space
#   In 32 bit mode, the process size limit was hit
# Possible solutions:
#   Reduce memory load on the system
#   Increase physical memory or swap space
#   Check if swap backing store is full
#   Use 64 bit Java on a 64 bit OS
#   Decrease Java heap size (-Xmx/-Xms)
#   Decrease number of Java threads
#   Decrease Java thread stack sizes (-Xss)
#   Set larger code cache with -XX:ReservedCodeCacheSize=
# This output file may be truncated or incomplete.
#
#  Out of Memory Error (allocation.cpp:390), pid=7860, tid=0x0000000000000480
#
# JRE version: OpenJDK Runtime Environment (8.0_152-b01) (build 1.8.0_152-release-915-b01)
# Java VM: OpenJDK 64-Bit Server VM (25.152-b01 mixed mode windows-amd64 compressed oops)
# Failed to write core dump. Minidumps are not enabled by default on client versions of Windows
#

---------------  T H R E A D  ---------------

Current thread (0x000000001759d800):  JavaThread "C2 CompilerThread0" daemon [_thread_in_native, id=1152, stack(0x0000000018bf0000,0x0000000018cf0000)]

Stack: [0x0000000018bf0000,0x0000000018cf0000]
[error occurred during error reporting (printing stack bounds), id 0xc0000005]

Native frames: (J=compiled Java code, j=interpreted, Vv=VM code, C=native code)


Current CompileTask:
C2:   3484 1642   !   4       java.net.URLClassLoader$1::run (63 bytes)


---------------  P R O C E S S  ---------------

Java Threads: ( => current thread )
  0x00000000175fc000 JavaThread "Service Thread" daemon [_thread_blocked, id=7132, stack(0x00000000192f0000,0x00000000193f0000)]
  0x00000000175a5000 JavaThread "C1 CompilerThread2" daemon [_thread_blocked, id=7708, stack(0x0000000018df0000,0x0000000018ef0000)]
  0x00000000175a0800 JavaThread "C2 CompilerThread1" daemon [_thread_in_native, id=5796, stack(0x0000000018cf0000,0x0000000018df0000)]
=>0x000000001759d800 JavaThread "C2 CompilerThread0" daemon [_thread_in_native, id=1152, stack(0x0000000018bf0000,0x0000000018cf0000)]
  0x000000001759c000 JavaThread "Attach Listener" daemon [_thread_blocked, id=5732, stack(0x0000000018af0000,0x0000000018bf0000)]
  0x000000001759a800 JavaThread "Signal Dispatcher" daemon [_thread_blocked, id=5900, stack(0x00000000189f0000,0x0000000018af0000)]
  0x0000000017587000 JavaThread "Finalizer" daemon [_thread_blocked, id=1828, stack(0x0000000018800000,0x0000000018900000)]
  0x00000000051d4000 JavaThread "Reference Handler" daemon [_thread_blocked, id=4196, stack(0x0000000018700000,0x0000000018800000)]
  0x00000000050e4000 JavaThread "main" [_thread_in_vm, id=6064, stack(0x0000000004f30000,0x0000000005030000)]

Other Threads:
  0x0000000017564800 VMThread [stack: 0x0000000018600000,0x0000000018700000] [id=4484]
  0x00000000175fe800 WatcherThread [stack: 0x00000000193f0000,0x00000000194f0000] [id=2440]

VM state:not at safepoint (normal execution)

VM Mutex/Monitor currently owned by a thread:  ([mutex/lock_event])
[0x00000000050e0450] SymbolTable_lock - owner thread: 0x0000000000000000

Heap:
 PSYoungGen      total 33280K, used 25194K [0x00000000ec700000, 0x00000000eea00000, 0x0000000100000000)
  eden space 30720K, 82% used [0x00000000ec700000,0x00000000edf9aa20,0x00000000ee500000)
  from space 2560K, 0% used [0x00000000ee500000,0x00000000ee500000,0x00000000ee780000)
  to   space 2560K, 0% used [0x00000000ee780000,0x00000000ee780000,0x00000000eea00000)
 ParOldGen       total 43008K, used 10634K [0x00000000c5400000, 0x00000000c7e00000, 0x00000000ec700000)
  object space 43008K, 24% used [0x00000000c5400000,0x00000000c5e62ab8,0x00000000c7e00000)
 Metaspace       used 24716K, capacity 25050K, committed 25392K, reserved 1071104K
  class space    used 3187K, capacity 3307K, committed 3376K, reserved 1048576K

Card table byte_map: [0x00000000145a0000,0x0000000014780000] byte_map_base: 0x0000000013f76000

Marking Bits: (ParMarkBitMap*) 0x00000000544a3950
 Begin Bits: [0x0000000014cc0000, 0x0000000015b70000)
 End Bits:   [0x0000000015b70000, 0x0000000016a20000)

Polling page: 0x0000000000de0000

CodeCache: size=245760Kb used=5196Kb max_used=5196Kb free=240563Kb
 bounds [0x00000000051e0000, 0x0000000005700000, 0x00000000141e0000]
 total_blobs=2130 nmethods=1745 adapters=299
 compilation: enabled

Compilation events (10 events):
Event: 3.418 Thread 0x00000000175a5000 1750       1       org.jetbrains.kotlin.com.intellij.util.containers.ConcurrentWeakKeySoftValueHashMap$WeakKey::hashCode (5 bytes)
Event: 3.418 Thread 0x00000000175a5000 nmethod 1750 0x00000000056f1150 code [0x00000000056f12a0, 0x00000000056f13b0]
Event: 3.471 Thread 0x00000000175a5000 1752       3       java.nio.Bits::byteOrder (20 bytes)
Event: 3.471 Thread 0x00000000175a5000 nmethod 1752 0x00000000056f1790 code [0x00000000056f18e0, 0x00000000056f1a30]
Event: 3.472 Thread 0x00000000175a5000 1753       3       kotlin.reflect.jvm.internal.pcollections.HashPMap::getEntries (22 bytes)
Event: 3.472 Thread 0x00000000175a5000 nmethod 1753 0x00000000056f1a90 code [0x00000000056f1c20, 0x00000000056f20a8]
Event: 3.472 Thread 0x00000000175a5000 1754       3       kotlin.reflect.jvm.internal.pcollections.IntTreePMap::get (10 bytes)
Event: 3.472 Thread 0x00000000175a5000 nmethod 1754 0x00000000056f2210 code [0x00000000056f2380, 0x00000000056f2588]
Event: 3.473 Thread 0x00000000175a5000 1755       3       org.jetbrains.kotlin.container.CacheKt::getSetterInfos (140 bytes)
Event: 3.476 Thread 0x00000000175a5000 nmethod 1755 0x00000000056f2890 code [0x00000000056f2ca0, 0x00000000056f4c78]

GC Heap History (10 events):
Event: 0.949 GC heap before
{Heap before GC invocations=2 (full 0):
 PSYoungGen      total 17920K, used 17914K [0x00000000ec700000, 0x00000000edb00000, 0x0000000100000000)
  eden space 15360K, 100% used [0x00000000ec700000,0x00000000ed600000,0x00000000ed600000)
  from space 2560K, 99% used [0x00000000ed600000,0x00000000ed87e890,0x00000000ed880000)
  to   space 2560K, 0% used [0x00000000ed880000,0x00000000ed880000,0x00000000edb00000)
 ParOldGen       total 40960K, used 1185K [0x00000000c5400000, 0x00000000c7c00000, 0x00000000ec700000)
  object space 40960K, 2% used [0x00000000c5400000,0x00000000c5528408,0x00000000c7c00000)
 Metaspace       used 8873K, capacity 9652K, committed 9856K, reserved 1058816K
  class space    used 1011K, capacity 1072K, committed 1152K, reserved 1048576K
Event: 0.956 GC heap after
Heap after GC invocations=2 (full 0):
 PSYoungGen      total 17920K, used 2548K [0x00000000ec700000, 0x00000000eea00000, 0x0000000100000000)
  eden space 15360K, 0% used [0x00000000ec700000,0x00000000ec700000,0x00000000ed600000)
  from space 2560K, 99% used [0x00000000ed880000,0x00000000edafd378,0x00000000edb00000)
  to   space 2560K, 0% used [0x00000000ed600000,0x00000000ed600000,0x00000000ed880000)
 ParOldGen       total 40960K, used 3316K [0x00000000c5400000, 0x00000000c7c00000, 0x00000000ec700000)
  object space 40960K, 8% used [0x00000000c5400000,0x00000000c573d2e0,0x00000000c7c00000)
 Metaspace       used 8873K, capacity 9652K, committed 9856K, reserved 1058816K
  class space    used 1011K, capacity 1072K, committed 1152K, reserved 1048576K
}
Event: 1.393 GC heap before
{Heap before GC invocations=3 (full 0):
 PSYoungGen      total 17920K, used 17908K [0x00000000ec700000, 0x00000000eea00000, 0x0000000100000000)
  eden space 15360K, 100% used [0x00000000ec700000,0x00000000ed600000,0x00000000ed600000)
  from space 2560K, 99% used [0x00000000ed880000,0x00000000edafd378,0x00000000edb00000)
  to   space 2560K, 0% used [0x00000000ed600000,0x00000000ed600000,0x00000000ed880000)
 ParOldGen       total 40960K, used 3316K [0x00000000c5400000, 0x00000000c7c00000, 0x00000000ec700000)
  object space 40960K, 8% used [0x00000000c5400000,0x00000000c573d2e0,0x00000000c7c00000)
 Metaspace       used 13578K, capacity 13850K, committed 14080K, reserved 1060864K
  class space    used 1603K, capacity 1675K, committed 1792K, reserved 1048576K
Event: 1.402 GC heap after
Heap after GC invocations=3 (full 0):
 PSYoungGen      total 17920K, used 2528K [0x00000000ec700000, 0x00000000eea00000, 0x0000000100000000)
  eden space 15360K, 0% used [0x00000000ec700000,0x00000000ec700000,0x00000000ed600000)
  from space 2560K, 98% used [0x00000000ed600000,0x00000000ed878020,0x00000000ed880000)
  to   space 2560K, 0% used [0x00000000ee780000,0x00000000ee780000,0x00000000eea00000)
 ParOldGen       total 40960K, used 6630K [0x00000000c5400000, 0x00000000c7c00000, 0x00000000ec700000)
  object space 40960K, 16% used [0x00000000c5400000,0x00000000c5a799d8,0x00000000c7c00000)
 Metaspace       used 13578K, capacity 13850K, committed 14080K, reserved 1060864K
  class space    used 1603K, capacity 1675K, committed 1792K, reserved 1048576K
}
Event: 1.807 GC heap before
{Heap before GC invocations=4 (full 0):
 PSYoungGen      total 17920K, used 17888K [0x00000000ec700000, 0x00000000eea00000, 0x0000000100000000)
  eden space 15360K, 100% used [0x00000000ec700000,0x00000000ed600000,0x00000000ed600000)
  from space 2560K, 98% used [0x00000000ed600000,0x00000000ed878020,0x00000000ed880000)
  to   space 2560K, 0% used [0x00000000ee780000,0x00000000ee780000,0x00000000eea00000)
 ParOldGen       total 40960K, used 6630K [0x00000000c5400000, 0x00000000c7c00000, 0x00000000ec700000)
  object space 40960K, 16% used [0x00000000c5400000,0x00000000c5a799d8,0x00000000c7c00000)
 Metaspace       used 16911K, capacity 17232K, committed 17664K, reserved 1064960K
  class space    used 2109K, capacity 2208K, committed 2304K, reserved 1048576K
Event: 1.817 GC heap after
Heap after GC invocations=4 (full 0):
 PSYoungGen      total 33280K, used 2544K [0x00000000ec700000, 0x00000000eea00000, 0x0000000100000000)
  eden space 30720K, 0% used [0x00000000ec700000,0x00000000ec700000,0x00000000ee500000)
  from space 2560K, 99% used [0x00000000ee780000,0x00000000ee9fc010,0x00000000eea00000)
  to   space 2560K, 0% used [0x00000000ee500000,0x00000000ee500000,0x00000000ee780000)
 ParOldGen       total 40960K, used 9880K [0x00000000c5400000, 0x00000000c7c00000, 0x00000000ec700000)
  object space 40960K, 24% used [0x00000000c5400000,0x00000000c5da62c8,0x00000000c7c00000)
 Metaspace       used 16911K, capacity 17232K, committed 17664K, reserved 1064960K
  class space    used 2109K, capacity 2208K, committed 2304K, reserved 1048576K
}
Event: 2.689 GC heap before
{Heap before GC invocations=5 (full 0):
 PSYoungGen      total 33280K, used 32745K [0x00000000ec700000, 0x00000000eea00000, 0x0000000100000000)
  eden space 30720K, 98% used [0x00000000ec700000,0x00000000ee47e648,0x00000000ee500000)
  from space 2560K, 99% used [0x00000000ee780000,0x00000000ee9fc010,0x00000000eea00000)
  to   space 2560K, 0% used [0x00000000ee500000,0x00000000ee500000,0x00000000ee780000)
 ParOldGen       total 40960K, used 9880K [0x00000000c5400000, 0x00000000c7c00000, 0x00000000ec700000)
  object space 40960K, 24% used [0x00000000c5400000,0x00000000c5da62c8,0x00000000c7c00000)
 Metaspace       used 20767K, capacity 21108K, committed 21296K, reserved 1067008K
  class space    used 2723K, capacity 2852K, committed 2864K, reserved 1048576K
Event: 2.707 GC heap after
Heap after GC invocations=5 (full 0):
 PSYoungGen      total 33280K, used 2548K [0x00000000ec700000, 0x00000000eea00000, 0x0000000100000000)
  eden space 30720K, 0% used [0x00000000ec700000,0x00000000ec700000,0x00000000ee500000)
  from space 2560K, 99% used [0x00000000ee500000,0x00000000ee77d050,0x00000000ee780000)
  to   space 2560K, 0% used [0x00000000ee780000,0x00000000ee780000,0x00000000eea00000)
 ParOldGen       total 40960K, used 16771K [0x00000000c5400000, 0x00000000c7c00000, 0x00000000ec700000)
  object space 40960K, 40% used [0x00000000c5400000,0x00000000c6460d10,0x00000000c7c00000)
 Metaspace       used 20767K, capacity 21108K, committed 21296K, reserved 1067008K
  class space    used 2723K, capacity 2852K, committed 2864K, reserved 1048576K
}
Event: 2.707 GC heap before
{Heap before GC invocations=6 (full 1):
 PSYoungGen      total 33280K, used 2548K [0x00000000ec700000, 0x00000000eea00000, 0x0000000100000000)
  eden space 30720K, 0% used [0x00000000ec700000,0x00000000ec700000,0x00000000ee500000)
  from space 2560K, 99% used [0x00000000ee500000,0x00000000ee77d050,0x00000000ee780000)
  to   space 2560K, 0% used [0x00000000ee780000,0x00000000ee780000,0x00000000eea00000)
 ParOldGen       total 40960K, used 16771K [0x00000000c5400000, 0x00000000c7c00000, 0x00000000ec700000)
  object space 40960K, 40% used [0x00000000c5400000,0x00000000c6460d10,0x00000000c7c00000)
 Metaspace       used 20767K, capacity 21108K, committed 21296K, reserved 1067008K
  class space    used 2723K, capacity 2852K, committed 2864K, reserved 1048576K
Event: 2.793 GC heap after
Heap after GC invocations=6 (full 1):
 PSYoungGen      total 33280K, used 0K [0x00000000ec700000, 0x00000000eea00000, 0x0000000100000000)
  eden space 30720K, 0% used [0x00000000ec700000,0x00000000ec700000,0x00000000ee500000)
  from space 2560K, 0% used [0x00000000ee500000,0x00000000ee500000,0x00000000ee780000)
  to   space 2560K, 0% used [0x00000000ee780000,0x00000000ee780000,0x00000000eea00000)
 ParOldGen       total 43008K, used 10634K [0x00000000c5400000, 0x00000000c7e00000, 0x00000000ec700000)
  object space 43008K, 24% used [0x00000000c5400000,0x00000000c5e62ab8,0x00000000c7e00000)
 Metaspace       used 20767K, capacity 21108K, committed 21296K, reserved 1067008K
  class space    used 2723K, capacity 2852K, committed 2864K, reserved 1048576K
}

Deoptimization events (10 events):
Event: 2.119 Thread 0x00000000050e4000 Uncommon trap: reason=unstable_if action=reinterpret pc=0x00000000053a686c method=java.lang.String.<init>([CII)V @ 18
Event: 2.329 Thread 0x00000000050e4000 Uncommon trap: reason=unstable_if action=reinterpret pc=0x00000000056030c4 method=org.jetbrains.kotlin.com.intellij.openapi.vfs.impl.ZipEntryMap.isTheOne(Lorg/jetbrains/kotlin/com/intellij/openapi/vfs/impl/ArchiveHandler$EntryInfo;Ljava/lang/CharSequence;
Event: 2.340 Thread 0x00000000050e4000 Uncommon trap: reason=unstable_if action=reinterpret pc=0x0000000005610dcc method=org.jetbrains.kotlin.com.intellij.openapi.vfs.impl.ZipEntryMap.isTheOne(Lorg/jetbrains/kotlin/com/intellij/openapi/vfs/impl/ArchiveHandler$EntryInfo;Ljava/lang/CharSequence;
Event: 2.793 Thread 0x0000000017587000 Uncommon trap: reason=unstable_if action=reinterpret pc=0x000000000555a3c0 method=java.util.WeakHashMap.expungeStaleEntries()V @ 9
Event: 3.060 Thread 0x00000000050e4000 Uncommon trap: reason=class_check action=maybe_recompile pc=0x000000000565af4c method=org.jetbrains.kotlin.protobuf.CodedInputStream.tryRefillBuffer(I)Z @ 177
Event: 3.063 Thread 0x00000000050e4000 Uncommon trap: reason=class_check action=maybe_recompile pc=0x000000000565af4c method=org.jetbrains.kotlin.protobuf.CodedInputStream.tryRefillBuffer(I)Z @ 177
Event: 3.066 Thread 0x00000000050e4000 Uncommon trap: reason=unstable_if action=reinterpret pc=0x00000000053a7d70 method=java.lang.String.startsWith(Ljava/lang/String;I)Z @ 25
Event: 3.066 Thread 0x00000000050e4000 Uncommon trap: reason=unstable_if action=reinterpret pc=0x000000000533e0f8 method=java.lang.String.startsWith(Ljava/lang/String;I)Z @ 25
Event: 3.067 Thread 0x00000000050e4000 Uncommon trap: reason=class_check action=maybe_recompile pc=0x000000000565af4c method=org.jetbrains.kotlin.protobuf.CodedInputStream.tryRefillBuffer(I)Z @ 177
Event: 3.067 Thread 0x00000000050e4000 Uncommon trap: reason=class_check action=maybe_recompile pc=0x000000000565af4c method=org.jetbrains.kotlin.protobuf.CodedInputStream.tryRefillBuffer(I)Z @ 177

Classes redefined (0 events):
No events

Internal exceptions (10 events):
Event: 0.456 Thread 0x00000000050e4000 Exception <a 'java/security/PrivilegedActionException'> (0x00000000ed0982d0) thrown at [D:\src\AOSP-openjdk-cygwin\jdk8u\hotspot\src\share\vm\prims\jvm.cpp, line 1390]
Event: 0.457 Thread 0x00000000050e4000 Exception <a 'java/security/PrivilegedActionException'> (0x00000000ed099bd8) thrown at [D:\src\AOSP-openjdk-cygwin\jdk8u\hotspot\src\share\vm\prims\jvm.cpp, line 1390]
Event: 0.457 Thread 0x00000000050e4000 Exception <a 'java/security/PrivilegedActionException'> (0x00000000ed099fd0) thrown at [D:\src\AOSP-openjdk-cygwin\jdk8u\hotspot\src\share\vm\prims\jvm.cpp, line 1390]
Event: 0.839 Thread 0x00000000050e4000 Exception <a 'java/lang/ArrayIndexOutOfBoundsException'> (0x00000000ed195d28) thrown at [D:\src\AOSP-openjdk-cygwin\jdk8u\hotspot\src\share\vm\runtime\sharedRuntime.cpp, line 605]
Event: 1.203 Thread 0x00000000050e4000 Exception <a 'java/lang/NoSuchFieldError': method resolution failed> (0x00000000ecf9ba58) thrown at [D:\src\AOSP-openjdk-cygwin\jdk8u\hotspot\src\share\vm\prims\methodHandles.cpp, line 1167]
Event: 1.205 Thread 0x00000000050e4000 Exception <a 'java/lang/NoSuchFieldError': method resolution failed> (0x00000000ecfa8f60) thrown at [D:\src\AOSP-openjdk-cygwin\jdk8u\hotspot\src\share\vm\prims\methodHandles.cpp, line 1167]
Event: 1.540 Thread 0x00000000050e4000 Exception <a 'java/lang/NoSuchMethodError': java.lang.Object.lambda$comparing$77a9974f$1(Ljava/util/function/Function;Ljava/lang/Object;Ljava/lang/Object;)I> (0x00000000eccedbc8) thrown at [D:\src\AOSP-openjdk-cygwin\jdk8u\hotspot\src\share\vm\interpreter
Event: 1.701 Thread 0x00000000050e4000 Exception <a 'java/lang/ArrayIndexOutOfBoundsException': 60> (0x00000000ed279e88) thrown at [D:\src\AOSP-openjdk-cygwin\jdk8u\hotspot\src\share\vm\interpreter\interpreterRuntime.cpp, line 366]
Event: 1.929 Thread 0x00000000050e4000 Exception <a 'java/lang/NoSuchMethodError': java.lang.Object.lambda$static$0(I)[Lorg/jetbrains/kotlin/com/intellij/openapi/editor/event/DocumentListener;> (0x00000000ecb133e0) thrown at [D:\src\AOSP-openjdk-cygwin\jdk8u\hotspot\src\share\vm\interpreter\li
Event: 1.968 Thread 0x00000000050e4000 Exception <a 'java/lang/NoSuchMethodError': java.lang.Object.lambda$static$0(I)[Lorg/jetbrains/kotlin/com/intellij/psi/PsiAnnotation;> (0x00000000ecce4190) thrown at [D:\src\AOSP-openjdk-cygwin\jdk8u\hotspot\src\share\vm\interpreter\linkResolver.cpp, line

Events (10 events):
Event: 3.470 loading class sun/reflect/generics/scope/MethodScope
Event: 3.470 loading class sun/reflect/generics/scope/MethodScope done
Event: 3.470 loading class sun/reflect/generics/repository/MethodRepository
Event: 3.470 loading class sun/reflect/generics/repository/MethodRepository done
Event: 3.470 loading class org/jetbrains/kotlin/resolve/calls/checkers/RttiExpressionChecker
Event: 3.470 loading class org/jetbrains/kotlin/resolve/calls/checkers/RttiExpressionChecker done
Event: 3.473 loading class org/jetbrains/kotlin/resolve/calls/smartcasts/ConditionalDataFlowInfo
Event: 3.473 loading class org/jetbrains/kotlin/resolve/calls/smartcasts/ConditionalDataFlowInfo done
Event: 3.477 loading class org/jetbrains/kotlin/resolve/ModifiersChecker$ModifiersCheckingProcedure
Event: 3.477 loading class org/jetbrains/kotlin/resolve/ModifiersChecker$ModifiersCheckingProcedure done


Dynamic libraries:
0x00007ff6c71b0000 - 0x00007ff6c71e1000 	C:\Program Files\Android\Android Studio\jre\jre\bin\java.exe
0x00007ff994340000 - 0x00007ff994520000 	C:\WINDOWS\SYSTEM32\ntdll.dll
0x00007ff991e50000 - 0x00007ff991efe000 	C:\WINDOWS\System32\KERNEL32.DLL
0x00007ff9911a0000 - 0x00007ff991406000 	C:\WINDOWS\System32\KERNELBASE.dll
0x00007ff9920d0000 - 0x00007ff992171000 	C:\WINDOWS\System32\ADVAPI32.dll
0x00007ff994080000 - 0x00007ff99411d000 	C:\WINDOWS\System32\msvcrt.dll
0x00007ff9941a0000 - 0x00007ff9941fb000 	C:\WINDOWS\System32\sechost.dll
0x00007ff993760000 - 0x00007ff99387f000 	C:\WINDOWS\System32\RPCRT4.dll
0x00007ff9919a0000 - 0x00007ff991b2f000 	C:\WINDOWS\System32\USER32.dll
0x00007ff990fe0000 - 0x00007ff991000000 	C:\WINDOWS\System32\win32u.dll
0x00007ff994200000 - 0x00007ff994228000 	C:\WINDOWS\System32\GDI32.dll
0x00007ff991000000 - 0x00007ff991193000 	C:\WINDOWS\System32\gdi32full.dll
0x00007ff990f40000 - 0x00007ff990fdb000 	C:\WINDOWS\System32\msvcp_win.dll
0x00007ff991540000 - 0x00007ff991636000 	C:\WINDOWS\System32\ucrtbase.dll
0x00007ff9838e0000 - 0x00007ff983b49000 	C:\WINDOWS\WinSxS\amd64_microsoft.windows.common-controls_6595b64144ccf1df_6.0.16299.192_none_15c8cdae9364c23b\COMCTL32.dll
0x00007ff993cd0000 - 0x00007ff993fd8000 	C:\WINDOWS\System32\combase.dll
0x00007ff9914c0000 - 0x00007ff991532000 	C:\WINDOWS\System32\bcryptPrimitives.dll
0x00007ff991f00000 - 0x00007ff991f2d000 	C:\WINDOWS\System32\IMM32.DLL
0x0000000053c00000 - 0x0000000053cd2000 	C:\Program Files\Android\Android Studio\jre\jre\bin\msvcr100.dll
0x0000000053ce0000 - 0x000000005451e000 	C:\Program Files\Android\Android Studio\jre\jre\bin\server\jvm.dll
0x00007ff9920b0000 - 0x00007ff9920b8000 	C:\WINDOWS\System32\PSAPI.DLL
0x00007ff983780000 - 0x00007ff983789000 	C:\WINDOWS\SYSTEM32\WSOCK32.dll
0x00007ff98e650000 - 0x00007ff98e673000 	C:\WINDOWS\SYSTEM32\WINMM.dll
0x00007ff984c90000 - 0x00007ff984c9a000 	C:\WINDOWS\SYSTEM32\VERSION.dll
0x00007ff992040000 - 0x00007ff9920ac000 	C:\WINDOWS\System32\WS2_32.dll
0x00007ff98e620000 - 0x00007ff98e64a000 	C:\WINDOWS\SYSTEM32\winmmbase.dll
0x00007ff991470000 - 0x00007ff9914ba000 	C:\WINDOWS\System32\cfgmgr32.dll
0x00007ff983730000 - 0x00007ff98373f000 	C:\Program Files\Android\Android Studio\jre\jre\bin\verify.dll
0x00007ff97e070000 - 0x00007ff97e099000 	C:\Program Files\Android\Android Studio\jre\jre\bin\java.dll
0x00007ff97df20000 - 0x00007ff97df36000 	C:\Program Files\Android\Android Studio\jre\jre\bin\zip.dll
0x00007ff992320000 - 0x00007ff993756000 	C:\WINDOWS\System32\SHELL32.dll
0x00007ff9918f0000 - 0x00007ff991996000 	C:\WINDOWS\System32\shcore.dll
0x00007ff990740000 - 0x00007ff990e87000 	C:\WINDOWS\System32\windows.storage.dll
0x00007ff991890000 - 0x00007ff9918e1000 	C:\WINDOWS\System32\shlwapi.dll
0x00007ff990690000 - 0x00007ff9906a1000 	C:\WINDOWS\System32\kernel.appcore.dll
0x00007ff9906f0000 - 0x00007ff99073c000 	C:\WINDOWS\System32\powrprof.dll
0x00007ff9906d0000 - 0x00007ff9906eb000 	C:\WINDOWS\System32\profapi.dll
0x00007ff97df00000 - 0x00007ff97df1a000 	C:\Program Files\Android\Android Studio\jre\jre\bin\net.dll
0x00007ff98fec0000 - 0x00007ff98ff26000 	C:\WINDOWS\system32\mswsock.dll
0x00007ff97de30000 - 0x00007ff97de41000 	C:\Program Files\Android\Android Studio\jre\jre\bin\nio.dll

VM Arguments:
java_command: org.jetbrains.kotlin.cli.jvm.K2JVMCompiler -Xadd-compiler-builtins -Xbuild-file=C:\Users\Kent\AppData\Local\Temp\kjps539436518042811608app_debug.script.xml -classpath C:\Users\Kent\.gradle\caches\modules-2\files-2.1\org.jetbrains.kotlin\kotlin-stdlib-jre7\1.2.21\3beb08c67673033183c8652572680587876e64b5\kotlin-stdlib-jre7-1.2.21.jar;C:\Users\Kent\.gradle\caches\transforms-1\files-1.1\appcompat-v7-26.1.0.aar\ae80160f26bf509f96ec854a18fd92f2\jars\classes.jar;C:\Users\Kent\.gradle\caches\modules-2\files-2.1\org.jetbrains.anko\anko\0.10.4\6d2ec8750b434fb56c94bf7f9dc71decbb3231b5\anko-0.10.4.jar;C:\Users\Kent\.gradle\caches\modules-2\files-2.1\com.squareup.picasso\picasso\2.5.2\7446d06ec8d4f7ffcc53f1da37c95f200dcb9387\picasso-2.5.2.jar;C:\Users\Kent\.gradle\caches\transforms-1\files-1.1\constraint-layout-1.0.2.aar\e057037e2a989d2bc266822a56351e3c\jars\classes.jar;C:\Users\Kent\.gradle\caches\transforms-1\files-1.1\recyclerview-v7-26.1.0.aar\6461f20b321a80e50038e66a1bf65382\jars\classes.jar;C:\Users\Kent\.gradle\caches\modules-2\files-2.1\org.jetbrains.anko\anko-sqlite\0.10.4\410ab42cf2baa28e4b96b0b10309be04d7ea2740\anko-sqlite-0.10.4.jar;C:\Users\Kent\.gradle\caches\modules-2\files-2.1\org.jetbrains.anko\anko-sdk25\0.10.4\2990927f1ce037724b8cd17369ed5435c7a139a3\anko-sdk25-0.10.4.jar;C:\Users\Kent\.gradle\caches\modules-2\files-2.1\org.jetbrains.anko\anko-sdk25-coroutines\0.10.4\5fed3c3e5a9d6ff63b3cd18fc8c60ece6d3cd83d\anko-sdk25-coroutines-0.10.4.jar;C:\Users\Kent\.gradle\caches\modules-2\files-2.1\org.jetbrains.anko\anko-appcompat-v7\0.10.4\a667e7286a1563c55441faa8f31acc9a6f2e8903\anko-appcompat-v7-0.10.4.jar;C:\Users\Kent\.gradle\caches\modules-2\files-2.1\org.jetbrains.anko\anko-support-v4\0.10.4\6ed4b1d6d2343028b727e18e5747b4bec645828\anko-support-v4-0.10.4.jar;C:\Users\Kent\.gradle\caches\modules-2\files-2.1\org.jetbrains.anko\anko-appcompat-v7-coroutines\0.10.4\c184a00a6b06c1f9db488dade44ce5eec78c8638\anko-appcompat-v7-coroutines-0.10.4.jar;C:\Users
java_class_path (initial): C:\Users\Kent\.gradle\caches\modules-2\files-2.1\org.jetbrains.kotlin\kotlin-compiler-embeddable\1.2.21\39456b64a42dc359e385697e2e93b5cba52e197f\kotlin-compiler-embeddable-1.2.21.jar;C:\Users\Kent\.gradle\caches\modules-2\files-2.1\org.jetbrains.kotlin\kotlin-stdlib\1.2.21\d64187eb2d9d1521be3421aa8c6774a8625cdde8\kotlin-stdlib-1.2.21.jar;C:\Users\Kent\.gradle\caches\modules-2\files-2.1\org.jetbrains.kotlin\kotlin-script-runtime\1.2.21\40c37b171146be48a989ab74b937b17a96d28d87\kotlin-script-runtime-1.2.21.jar;C:\Users\Kent\.gradle\caches\modules-2\files-2.1\org.jetbrains.kotlin\kotlin-reflect\1.2.21\3159ff5936aa570a90050d385cb717fbb6c1723a\kotlin-reflect-1.2.21.jar;C:\Program Files\Android\Android Studio\jre\lib\tools.jar
Launcher Type: SUN_STANDARD

Environment Variables:
PATH=C:\WINDOWS\system32;C:\WINDOWS;C:\WINDOWS\System32\Wbem;C:\WINDOWS\System32\WindowsPowerShell\v1.0\;C:\Program Files\Git\cmd;C:\Users\Kent\AppData\Local\Microsoft\WindowsApps;
USERNAME=Kent
OS=Windows_NT
PROCESSOR_IDENTIFIER=Intel64 Family 6 Model 37 Stepping 5, GenuineIntel



---------------  S Y S T E M  ---------------

OS: Windows 10.0 , 64 bit Build 16299 (10.0.16299.15)

CPU:total 4 (initial active 4) (2 cores per cpu, 2 threads per core) family 6 model 37 stepping 5, cmov, cx8, fxsr, mmx, sse, sse2, sse3, ssse3, sse4.1, sse4.2, popcnt, ht, tsc, tscinvbit

Memory: 4k page, physical 3848288k(883632k free), swap 5246048k(5996k free)

vm_info: OpenJDK 64-Bit Server VM (25.152-b01) for windows-amd64 JRE (1.8.0_152-release-915-b01), built by "builder" with MS VC++ 10.0 (VS2010)

time: Wed Mar 14 10:15:09 2018
elapsed time: 3 seconds (0d 0h 0m 3s)

