#
# There is insufficient memory for the Java Runtime Environment to continue.
# Native memory allocation (malloc) failed to allocate 32744 bytes for ChunkPool::allocate
# Possible reasons:
#   The system is out of physical RAM or swap space
#   In 32 bit mode, the process size limit was hit
# Possible solutions:
#   Reduce memory load on the system
#   Increase physical memory or swap space
#   Check if swap backing store is full
#   Use 64 bit Java on a 64 bit OS
#   Decrease Java heap size (-Xmx/-Xms)
#   Decrease number of Java threads
#   Decrease Java thread stack sizes (-Xss)
#   Set larger code cache with -XX:ReservedCodeCacheSize=
# This output file may be truncated or incomplete.
#
#  Out of Memory Error (allocation.cpp:273), pid=6968, tid=0x0000000000001f78
#
# JRE version: OpenJDK Runtime Environment (8.0_152-b01) (build 1.8.0_152-release-915-b01)
# Java VM: OpenJDK 64-Bit Server VM (25.152-b01 mixed mode windows-amd64 compressed oops)
# Failed to write core dump. Minidumps are not enabled by default on client versions of Windows
#

---------------  T H R E A D  ---------------

Current thread (0x0000000018c3a800):  JavaThread "C2 CompilerThread0" daemon [_thread_in_native, id=8056, stack(0x000000001a290000,0x000000001a390000)]

Stack: [0x000000001a290000,0x000000001a390000]
[error occurred during error reporting (printing stack bounds), id 0xc0000005]

Native frames: (J=compiled Java code, j=interpreted, Vv=VM code, C=native code)


Current CompileTask:
C2:   7599 1500       4       java.net.URLClassLoader$1::run (5 bytes)


---------------  P R O C E S S  ---------------

Java Threads: ( => current thread )
  0x000000001aec8800 JavaThread "RMI RenewClean-[localhost:50428,org.jetbrains.kotlin.daemon.common.LoopbackNetworkInterface$ClientLoopbackSocketFactory@4eafd517]" daemon [_thread_blocked, id=7156, stack(0x000000001c210000,0x000000001c310000)]
  0x000000001ae66800 JavaThread "RMI TCP Connection(2)-127.0.0.1" daemon [_thread_in_vm, id=3456, stack(0x000000001c110000,0x000000001c210000)]
  0x000000001ae64000 JavaThread "RMI Scheduler(0)" daemon [_thread_blocked, id=2356, stack(0x000000001c010000,0x000000001c110000)]
  0x000000001ae37800 JavaThread "RMI TCP Connection(1)-127.0.0.1" daemon [_thread_in_native, id=6096, stack(0x000000001bf10000,0x000000001c010000)]
  0x00000000052ae000 JavaThread "DestroyJavaVM" [_thread_blocked, id=4804, stack(0x0000000005070000,0x0000000005170000)]
  0x000000001addc800 JavaThread "GC Daemon" daemon [_thread_blocked, id=2144, stack(0x000000001bad0000,0x000000001bbd0000)]
  0x000000001ae4a000 JavaThread "RMI Reaper" [_thread_blocked, id=1148, stack(0x000000001b9d0000,0x000000001bad0000)]
  0x000000001adc9800 JavaThread "Timer-0" daemon [_thread_blocked, id=4800, stack(0x000000001b7d0000,0x000000001b8d0000)]
  0x000000001adc7000 JavaThread "RMI TCP Accept-17657" daemon [_thread_in_native, id=3836, stack(0x000000001b6d0000,0x000000001b7d0000)]
  0x000000001a5b5000 JavaThread "Service Thread" daemon [_thread_blocked, id=4172, stack(0x000000001a990000,0x000000001aa90000)]
  0x0000000018c42800 JavaThread "C1 CompilerThread2" daemon [_thread_blocked, id=4884, stack(0x000000001a490000,0x000000001a590000)]
  0x0000000018c3e800 JavaThread "C2 CompilerThread1" daemon [_thread_in_native, id=4928, stack(0x000000001a390000,0x000000001a490000)]
=>0x0000000018c3a800 JavaThread "C2 CompilerThread0" daemon [_thread_in_native, id=8056, stack(0x000000001a290000,0x000000001a390000)]
  0x0000000018c39000 JavaThread "Attach Listener" daemon [_thread_blocked, id=864, stack(0x000000001a190000,0x000000001a290000)]
  0x0000000018c38000 JavaThread "Signal Dispatcher" daemon [_thread_blocked, id=3364, stack(0x000000001a090000,0x000000001a190000)]
  0x0000000018c28000 JavaThread "Finalizer" daemon [_thread_blocked, id=6572, stack(0x0000000019ea0000,0x0000000019fa0000)]
  0x0000000005282000 JavaThread "Reference Handler" daemon [_thread_blocked, id=5980, stack(0x0000000019da0000,0x0000000019ea0000)]

Other Threads:
  0x0000000018c04000 VMThread [stack: 0x0000000019ca0000,0x0000000019da0000] [id=3288]
  0x000000001a5bd800 WatcherThread [stack: 0x000000001aa90000,0x000000001ab90000] [id=1944]

VM state:not at safepoint (normal execution)

VM Mutex/Monitor currently owned by a thread: None

Heap:
 PSYoungGen      total 51712K, used 17393K [0x00000000e0000000, 0x00000000e4100000, 0x0000000100000000)
  eden space 49152K, 30% used [0x00000000e0000000,0x00000000e0e7e438,0x00000000e3000000)
  from space 2560K, 99% used [0x00000000e3e80000,0x00000000e40fe168,0x00000000e4100000)
  to   space 8192K, 0% used [0x00000000e3100000,0x00000000e3100000,0x00000000e3900000)
 ParOldGen       total 33792K, used 11539K [0x00000000a0000000, 0x00000000a2100000, 0x00000000e0000000)
  object space 33792K, 34% used [0x00000000a0000000,0x00000000a0b44ed8,0x00000000a2100000)
 Metaspace       used 26942K, capacity 27394K, committed 27776K, reserved 1073152K
  class space    used 3478K, capacity 3621K, committed 3712K, reserved 1048576K

Card table byte_map: [0x0000000014670000,0x0000000014980000] byte_map_base: 0x0000000014170000

Marking Bits: (ParMarkBitMap*) 0x00000000544a3950
 Begin Bits: [0x0000000014f80000, 0x0000000016780000)
 End Bits:   [0x0000000016780000, 0x0000000017f80000)

Polling page: 0x0000000003490000

CodeCache: size=245760Kb used=5545Kb max_used=5545Kb free=240215Kb
 bounds [0x00000000052b0000, 0x0000000005820000, 0x00000000142b0000]
 total_blobs=2270 nmethods=1830 adapters=354
 compilation: enabled

Compilation events (10 events):
Event: 7.327 Thread 0x0000000018c42800 nmethod 1846 0x0000000005819a90 code [0x0000000005819c00, 0x0000000005819f68]
Event: 7.330 Thread 0x0000000018c42800 1847       1       org.jetbrains.kotlin.serialization.jvm.JvmPackageTable$PackageParts::getMultifileFacadeShortNameIdList (5 bytes)
Event: 7.330 Thread 0x0000000018c42800 nmethod 1847 0x000000000581a0d0 code [0x000000000581a220, 0x000000000581a330]
Event: 7.331 Thread 0x0000000018c42800 1848       3       java.util.LinkedHashMap::<init> (10 bytes)
Event: 7.332 Thread 0x0000000018c42800 nmethod 1848 0x000000000581a390 code [0x000000000581a500, 0x000000000581a770]
Event: 7.335 Thread 0x0000000018c42800 1849       3       org.jetbrains.kotlin.protobuf.LazyStringArrayList::size (10 bytes)
Event: 7.335 Thread 0x0000000018c42800 nmethod 1849 0x000000000581a890 code [0x000000000581aa00, 0x000000000581ac28]
Event: 7.336 Thread 0x0000000018c42800 1850       3       kotlin.collections.IndexingIterator::next (5 bytes)
Event: 7.336 Thread 0x0000000018c42800 nmethod 1850 0x000000000581acd0 code [0x000000000581ae60, 0x000000000581b2a8]
Event: 7.507 Thread 0x0000000018c42800 1851       3       java.nio.charset.CharsetDecoder::replaceWith (68 bytes)

GC Heap History (10 events):
Event: 5.007 GC heap before
{Heap before GC invocations=4 (full 1):
 PSYoungGen      total 17920K, used 17914K [0x00000000e0000000, 0x00000000e1400000, 0x0000000100000000)
  eden space 15360K, 100% used [0x00000000e0000000,0x00000000e0f00000,0x00000000e0f00000)
  from space 2560K, 99% used [0x00000000e1180000,0x00000000e13fe898,0x00000000e1400000)
  to   space 2560K, 0% used [0x00000000e0f00000,0x00000000e0f00000,0x00000000e1180000)
 ParOldGen       total 40960K, used 4006K [0x00000000a0000000, 0x00000000a2800000, 0x00000000e0000000)
  object space 40960K, 9% used [0x00000000a0000000,0x00000000a03e9b10,0x00000000a2800000)
 Metaspace       used 14138K, capacity 14322K, committed 14592K, reserved 1062912K
  class space    used 1656K, capacity 1727K, committed 1792K, reserved 1048576K
Event: 5.015 GC heap after
Heap after GC invocations=4 (full 1):
 PSYoungGen      total 17920K, used 2529K [0x00000000e0000000, 0x00000000e2300000, 0x0000000100000000)
  eden space 15360K, 0% used [0x00000000e0000000,0x00000000e0000000,0x00000000e0f00000)
  from space 2560K, 98% used [0x00000000e0f00000,0x00000000e11784b0,0x00000000e1180000)
  to   space 2560K, 0% used [0x00000000e2080000,0x00000000e2080000,0x00000000e2300000)
 ParOldGen       total 40960K, used 6432K [0x00000000a0000000, 0x00000000a2800000, 0x00000000e0000000)
  object space 40960K, 15% used [0x00000000a0000000,0x00000000a0648338,0x00000000a2800000)
 Metaspace       used 14138K, capacity 14322K, committed 14592K, reserved 1062912K
  class space    used 1656K, capacity 1727K, committed 1792K, reserved 1048576K
}
Event: 5.440 GC heap before
{Heap before GC invocations=5 (full 1):
 PSYoungGen      total 17920K, used 17884K [0x00000000e0000000, 0x00000000e2300000, 0x0000000100000000)
  eden space 15360K, 99% used [0x00000000e0000000,0x00000000e0efef18,0x00000000e0f00000)
  from space 2560K, 98% used [0x00000000e0f00000,0x00000000e11784b0,0x00000000e1180000)
  to   space 2560K, 0% used [0x00000000e2080000,0x00000000e2080000,0x00000000e2300000)
 ParOldGen       total 40960K, used 6432K [0x00000000a0000000, 0x00000000a2800000, 0x00000000e0000000)
  object space 40960K, 15% used [0x00000000a0000000,0x00000000a0648338,0x00000000a2800000)
 Metaspace       used 18227K, capacity 18518K, committed 18688K, reserved 1064960K
  class space    used 2169K, capacity 2249K, committed 2304K, reserved 1048576K
Event: 5.451 GC heap after
Heap after GC invocations=5 (full 1):
 PSYoungGen      total 33280K, used 2544K [0x00000000e0000000, 0x00000000e2300000, 0x0000000100000000)
  eden space 30720K, 0% used [0x00000000e0000000,0x00000000e0000000,0x00000000e1e00000)
  from space 2560K, 99% used [0x00000000e2080000,0x00000000e22fc190,0x00000000e2300000)
  to   space 2560K, 0% used [0x00000000e1e00000,0x00000000e1e00000,0x00000000e2080000)
 ParOldGen       total 40960K, used 10137K [0x00000000a0000000, 0x00000000a2800000, 0x00000000e0000000)
  object space 40960K, 24% used [0x00000000a0000000,0x00000000a09e6758,0x00000000a2800000)
 Metaspace       used 18227K, capacity 18518K, committed 18688K, reserved 1064960K
  class space    used 2169K, capacity 2249K, committed 2304K, reserved 1048576K
}
Event: 5.758 GC heap before
{Heap before GC invocations=6 (full 1):
 PSYoungGen      total 33280K, used 16109K [0x00000000e0000000, 0x00000000e2300000, 0x0000000100000000)
  eden space 30720K, 44% used [0x00000000e0000000,0x00000000e0d3f488,0x00000000e1e00000)
  from space 2560K, 99% used [0x00000000e2080000,0x00000000e22fc190,0x00000000e2300000)
  to   space 2560K, 0% used [0x00000000e1e00000,0x00000000e1e00000,0x00000000e2080000)
 ParOldGen       total 40960K, used 10137K [0x00000000a0000000, 0x00000000a2800000, 0x00000000e0000000)
  object space 40960K, 24% used [0x00000000a0000000,0x00000000a09e6758,0x00000000a2800000)
 Metaspace       used 20743K, capacity 21058K, committed 21296K, reserved 1069056K
  class space    used 2551K, capacity 2651K, committed 2688K, reserved 1048576K
Event: 5.767 GC heap after
Heap after GC invocations=6 (full 1):
 PSYoungGen      total 33280K, used 2529K [0x00000000e0000000, 0x00000000e4100000, 0x0000000100000000)
  eden space 30720K, 0% used [0x00000000e0000000,0x00000000e0000000,0x00000000e1e00000)
  from space 2560K, 98% used [0x00000000e1e00000,0x00000000e2078648,0x00000000e2080000)
  to   space 2560K, 0% used [0x00000000e3e80000,0x00000000e3e80000,0x00000000e4100000)
 ParOldGen       total 40960K, used 12811K [0x00000000a0000000, 0x00000000a2800000, 0x00000000e0000000)
  object space 40960K, 31% used [0x00000000a0000000,0x00000000a0c82c48,0x00000000a2800000)
 Metaspace       used 20743K, capacity 21058K, committed 21296K, reserved 1069056K
  class space    used 2551K, capacity 2651K, committed 2688K, reserved 1048576K
}
Event: 5.767 GC heap before
{Heap before GC invocations=7 (full 2):
 PSYoungGen      total 33280K, used 2529K [0x00000000e0000000, 0x00000000e4100000, 0x0000000100000000)
  eden space 30720K, 0% used [0x00000000e0000000,0x00000000e0000000,0x00000000e1e00000)
  from space 2560K, 98% used [0x00000000e1e00000,0x00000000e2078648,0x00000000e2080000)
  to   space 2560K, 0% used [0x00000000e3e80000,0x00000000e3e80000,0x00000000e4100000)
 ParOldGen       total 40960K, used 12811K [0x00000000a0000000, 0x00000000a2800000, 0x00000000e0000000)
  object space 40960K, 31% used [0x00000000a0000000,0x00000000a0c82c48,0x00000000a2800000)
 Metaspace       used 20743K, capacity 21058K, committed 21296K, reserved 1069056K
  class space    used 2551K, capacity 2651K, committed 2688K, reserved 1048576K
Event: 5.827 GC heap after
Heap after GC invocations=7 (full 2):
 PSYoungGen      total 33280K, used 0K [0x00000000e0000000, 0x00000000e4100000, 0x0000000100000000)
  eden space 30720K, 0% used [0x00000000e0000000,0x00000000e0000000,0x00000000e1e00000)
  from space 2560K, 0% used [0x00000000e1e00000,0x00000000e1e00000,0x00000000e2080000)
  to   space 2560K, 0% used [0x00000000e3e80000,0x00000000e3e80000,0x00000000e4100000)
 ParOldGen       total 33792K, used 7108K [0x00000000a0000000, 0x00000000a2100000, 0x00000000e0000000)
  object space 33792K, 21% used [0x00000000a0000000,0x00000000a06f1110,0x00000000a2100000)
 Metaspace       used 20743K, capacity 21058K, committed 21296K, reserved 1069056K
  class space    used 2551K, capacity 2651K, committed 2688K, reserved 1048576K
}
Event: 6.592 GC heap before
{Heap before GC invocations=8 (full 2):
 PSYoungGen      total 33280K, used 30720K [0x00000000e0000000, 0x00000000e4100000, 0x0000000100000000)
  eden space 30720K, 100% used [0x00000000e0000000,0x00000000e1e00000,0x00000000e1e00000)
  from space 2560K, 0% used [0x00000000e1e00000,0x00000000e1e00000,0x00000000e2080000)
  to   space 2560K, 0% used [0x00000000e3e80000,0x00000000e3e80000,0x00000000e4100000)
 ParOldGen       total 33792K, used 7108K [0x00000000a0000000, 0x00000000a2100000, 0x00000000e0000000)
  object space 33792K, 21% used [0x00000000a0000000,0x00000000a06f1110,0x00000000a2100000)
 Metaspace       used 24506K, capacity 24908K, committed 25088K, reserved 1071104K
  class space    used 3183K, capacity 3328K, committed 3328K, reserved 1048576K
Event: 6.611 GC heap after
Heap after GC invocations=8 (full 2):
 PSYoungGen      total 51712K, used 2552K [0x00000000e0000000, 0x00000000e4100000, 0x0000000100000000)
  eden space 49152K, 0% used [0x00000000e0000000,0x00000000e0000000,0x00000000e3000000)
  from space 2560K, 99% used [0x00000000e3e80000,0x00000000e40fe168,0x00000000e4100000)
  to   space 8192K, 0% used [0x00000000e3100000,0x00000000e3100000,0x00000000e3900000)
 ParOldGen       total 33792K, used 11539K [0x00000000a0000000, 0x00000000a2100000, 0x00000000e0000000)
  object space 33792K, 34% used [0x00000000a0000000,0x00000000a0b44ed8,0x00000000a2100000)
 Metaspace       used 24506K, capacity 24908K, committed 25088K, reserved 1071104K
  class space    used 3183K, capacity 3328K, committed 3328K, reserved 1048576K
}

Deoptimization events (10 events):
Event: 5.491 Thread 0x000000001ae66800 Uncommon trap: reason=unstable_if action=reinterpret pc=0x000000000560cc68 method=java.util.HashMap.hash(Ljava/lang/Object;)I @ 1
Event: 5.654 Thread 0x000000001ae66800 Uncommon trap: reason=bimorphic action=maybe_recompile pc=0x0000000005507ba8 method=java.io.FilterInputStream.read([B)I @ 5
Event: 5.655 Thread 0x000000001ae66800 Uncommon trap: reason=bimorphic action=maybe_recompile pc=0x0000000005507ba8 method=java.io.FilterInputStream.read([B)I @ 5
Event: 5.655 Thread 0x000000001ae66800 Uncommon trap: reason=bimorphic action=maybe_recompile pc=0x0000000005507ba8 method=java.io.FilterInputStream.read([B)I @ 5
Event: 5.710 Thread 0x000000001ae66800 Uncommon trap: reason=range_check action=make_not_entrant pc=0x0000000005647d60 method=sun.reflect.generics.parser.SignatureParser.current()C @ 34
Event: 6.018 Thread 0x000000001ae66800 Uncommon trap: reason=bimorphic action=maybe_recompile pc=0x0000000005507ba8 method=java.io.FilterInputStream.read([B)I @ 5
Event: 6.416 Thread 0x000000001ae66800 Uncommon trap: reason=unstable_if action=reinterpret pc=0x00000000057a1944 method=org.jetbrains.kotlin.com.intellij.openapi.vfs.impl.ZipEntryMap.isTheOne(Lorg/jetbrains/kotlin/com/intellij/openapi/vfs/impl/ArchiveHandler$EntryInfo;Ljava/lang/CharSequence;
Event: 6.612 Thread 0x0000000018c28000 Uncommon trap: reason=unstable_if action=reinterpret pc=0x00000000057c2324 method=java.util.WeakHashMap.eq(Ljava/lang/Object;Ljava/lang/Object;)Z @ 2
Event: 7.255 Thread 0x000000001ae66800 Uncommon trap: reason=unstable_if action=reinterpret pc=0x00000000055a6130 method=java.lang.String.startsWith(Ljava/lang/String;I)Z @ 25
Event: 7.255 Thread 0x000000001ae66800 Uncommon trap: reason=unstable_if action=reinterpret pc=0x0000000005435578 method=java.lang.String.startsWith(Ljava/lang/String;I)Z @ 25

Classes redefined (0 events):
No events

Internal exceptions (10 events):
Event: 4.274 Thread 0x000000001ae66800 Exception <a 'java/lang/NoSuchMethodError': <clinit>> (0x00000000e019c3f0) thrown at [D:\src\AOSP-openjdk-cygwin\jdk8u\hotspot\src\share\vm\prims\jni.cpp, line 1613]
Event: 4.345 Thread 0x000000001ae66800 Exception <a 'java/lang/NoSuchMethodError': <clinit>> (0x00000000e02ac4c0) thrown at [D:\src\AOSP-openjdk-cygwin\jdk8u\hotspot\src\share\vm\prims\jni.cpp, line 1613]
Event: 4.349 Thread 0x000000001aec8800 Exception <a 'java/lang/InterruptedException'> (0x00000000e02b0388) thrown at [D:\src\AOSP-openjdk-cygwin\jdk8u\hotspot\src\share\vm\runtime\objectMonitor.cpp, line 1684]
Event: 4.800 Thread 0x000000001ae66800 Exception <a 'java/lang/ArrayIndexOutOfBoundsException'> (0x00000000e0785388) thrown at [D:\src\AOSP-openjdk-cygwin\jdk8u\hotspot\src\share\vm\runtime\sharedRuntime.cpp, line 605]
Event: 5.491 Thread 0x000000001ae66800 Implicit null exception at 0x000000000560cbef to 0x000000000560cc59
Event: 5.572 Thread 0x000000001ae66800 Exception <a 'java/lang/NoSuchMethodError': java.lang.Object.lambda$comparing$77a9974f$1(Ljava/util/function/Function;Ljava/lang/Object;Ljava/lang/Object;)I> (0x00000000e05a9020) thrown at [D:\src\AOSP-openjdk-cygwin\jdk8u\hotspot\src\share\vm\interpreter
Event: 5.711 Thread 0x000000001ae66800 Exception <a 'java/lang/ArrayIndexOutOfBoundsException': 60> (0x00000000e0b48e88) thrown at [D:\src\AOSP-openjdk-cygwin\jdk8u\hotspot\src\share\vm\interpreter\interpreterRuntime.cpp, line 366]
Event: 5.723 Thread 0x000000001ae66800 Exception <a 'java/lang/ArrayIndexOutOfBoundsException': 67> (0x00000000e0b729d0) thrown at [D:\src\AOSP-openjdk-cygwin\jdk8u\hotspot\src\share\vm\interpreter\interpreterRuntime.cpp, line 366]
Event: 5.969 Thread 0x000000001ae66800 Exception <a 'java/lang/NoSuchMethodError': java.lang.Object.lambda$static$0(I)[Lorg/jetbrains/kotlin/com/intellij/openapi/editor/event/DocumentListener;> (0x00000000e063a458) thrown at [D:\src\AOSP-openjdk-cygwin\jdk8u\hotspot\src\share\vm\interpreter\li
Event: 6.008 Thread 0x000000001ae66800 Exception <a 'java/lang/NoSuchMethodError': java.lang.Object.lambda$static$0(I)[Lorg/jetbrains/kotlin/com/intellij/psi/PsiAnnotation;> (0x00000000e08112e0) thrown at [D:\src\AOSP-openjdk-cygwin\jdk8u\hotspot\src\share\vm\interpreter\linkResolver.cpp, line

Events (10 events):
Event: 7.254 loading class org/jetbrains/kotlin/cli/jvm/compiler/JvmPackagePartProvider$ModuleMappingInfo
Event: 7.254 loading class org/jetbrains/kotlin/cli/jvm/compiler/JvmPackagePartProvider$ModuleMappingInfo done
Event: 7.255 Thread 0x000000001ae66800 Uncommon trap: trap_request=0xffffff65 fr.pc=0x00000000055a6130
Event: 7.255 Thread 0x000000001ae66800 DEOPT PACKING pc=0x00000000055a6130 sp=0x000000001c20b120
Event: 7.255 Thread 0x000000001ae66800 DEOPT UNPACKING pc=0x00000000052f556a sp=0x000000001c20b048 mode 2
Event: 7.255 Thread 0x000000001ae66800 Uncommon trap: trap_request=0xffffff65 fr.pc=0x0000000005435578
Event: 7.255 Thread 0x000000001ae66800 DEOPT PACKING pc=0x0000000005435578 sp=0x000000001c20b0c0
Event: 7.255 Thread 0x000000001ae66800 DEOPT UNPACKING pc=0x00000000052f556a sp=0x000000001c20b050 mode 2
Event: 7.508 loading class org/jetbrains/kotlin/resolve/CompilerEnvironment
Event: 7.508 loading class org/jetbrains/kotlin/resolve/CompilerEnvironment done


Dynamic libraries:
0x00007ff6c71b0000 - 0x00007ff6c71e1000 	C:\Program Files\Android\Android Studio\jre\jre\bin\java.exe
0x00007ff994340000 - 0x00007ff994520000 	C:\WINDOWS\SYSTEM32\ntdll.dll
0x00007ff991e50000 - 0x00007ff991efe000 	C:\WINDOWS\System32\KERNEL32.DLL
0x00007ff9911a0000 - 0x00007ff991406000 	C:\WINDOWS\System32\KERNELBASE.dll
0x00007ff9920d0000 - 0x00007ff992171000 	C:\WINDOWS\System32\ADVAPI32.dll
0x00007ff994080000 - 0x00007ff99411d000 	C:\WINDOWS\System32\msvcrt.dll
0x00007ff9941a0000 - 0x00007ff9941fb000 	C:\WINDOWS\System32\sechost.dll
0x00007ff993760000 - 0x00007ff99387f000 	C:\WINDOWS\System32\RPCRT4.dll
0x00007ff9919a0000 - 0x00007ff991b2f000 	C:\WINDOWS\System32\USER32.dll
0x00007ff990fe0000 - 0x00007ff991000000 	C:\WINDOWS\System32\win32u.dll
0x00007ff994200000 - 0x00007ff994228000 	C:\WINDOWS\System32\GDI32.dll
0x00007ff991000000 - 0x00007ff991193000 	C:\WINDOWS\System32\gdi32full.dll
0x00007ff990f40000 - 0x00007ff990fdb000 	C:\WINDOWS\System32\msvcp_win.dll
0x00007ff991540000 - 0x00007ff991636000 	C:\WINDOWS\System32\ucrtbase.dll
0x00007ff9838e0000 - 0x00007ff983b49000 	C:\WINDOWS\WinSxS\amd64_microsoft.windows.common-controls_6595b64144ccf1df_6.0.16299.192_none_15c8cdae9364c23b\COMCTL32.dll
0x00007ff993cd0000 - 0x00007ff993fd8000 	C:\WINDOWS\System32\combase.dll
0x00007ff9914c0000 - 0x00007ff991532000 	C:\WINDOWS\System32\bcryptPrimitives.dll
0x00007ff991f00000 - 0x00007ff991f2d000 	C:\WINDOWS\System32\IMM32.DLL
0x0000000053c00000 - 0x0000000053cd2000 	C:\Program Files\Android\Android Studio\jre\jre\bin\msvcr100.dll
0x0000000053ce0000 - 0x000000005451e000 	C:\Program Files\Android\Android Studio\jre\jre\bin\server\jvm.dll
0x00007ff9920b0000 - 0x00007ff9920b8000 	C:\WINDOWS\System32\PSAPI.DLL
0x00007ff984c90000 - 0x00007ff984c9a000 	C:\WINDOWS\SYSTEM32\VERSION.dll
0x00007ff983780000 - 0x00007ff983789000 	C:\WINDOWS\SYSTEM32\WSOCK32.dll
0x00007ff98e650000 - 0x00007ff98e673000 	C:\WINDOWS\SYSTEM32\WINMM.dll
0x00007ff992040000 - 0x00007ff9920ac000 	C:\WINDOWS\System32\WS2_32.dll
0x00007ff98e620000 - 0x00007ff98e64a000 	C:\WINDOWS\SYSTEM32\winmmbase.dll
0x00007ff991470000 - 0x00007ff9914ba000 	C:\WINDOWS\System32\cfgmgr32.dll
0x00007ff983730000 - 0x00007ff98373f000 	C:\Program Files\Android\Android Studio\jre\jre\bin\verify.dll
0x00007ff97e070000 - 0x00007ff97e099000 	C:\Program Files\Android\Android Studio\jre\jre\bin\java.dll
0x00007ff97df20000 - 0x00007ff97df36000 	C:\Program Files\Android\Android Studio\jre\jre\bin\zip.dll
0x00007ff992320000 - 0x00007ff993756000 	C:\WINDOWS\System32\SHELL32.dll
0x00007ff9918f0000 - 0x00007ff991996000 	C:\WINDOWS\System32\shcore.dll
0x00007ff990740000 - 0x00007ff990e87000 	C:\WINDOWS\System32\windows.storage.dll
0x00007ff991890000 - 0x00007ff9918e1000 	C:\WINDOWS\System32\shlwapi.dll
0x00007ff990690000 - 0x00007ff9906a1000 	C:\WINDOWS\System32\kernel.appcore.dll
0x00007ff9906f0000 - 0x00007ff99073c000 	C:\WINDOWS\System32\powrprof.dll
0x00007ff9906d0000 - 0x00007ff9906eb000 	C:\WINDOWS\System32\profapi.dll
0x00007ff98cb50000 - 0x00007ff98cb5d000 	C:\Program Files\Android\Android Studio\jre\jre\bin\management.dll
0x00007ff97df00000 - 0x00007ff97df1a000 	C:\Program Files\Android\Android Studio\jre\jre\bin\net.dll
0x00007ff98fec0000 - 0x00007ff98ff26000 	C:\WINDOWS\system32\mswsock.dll
0x00007ff97de30000 - 0x00007ff97de41000 	C:\Program Files\Android\Android Studio\jre\jre\bin\nio.dll
0x00007ff990090000 - 0x00007ff9900a7000 	C:\WINDOWS\SYSTEM32\CRYPTSP.dll
0x00007ff98fad0000 - 0x00007ff98fb03000 	C:\WINDOWS\system32\rsaenh.dll
0x00007ff990190000 - 0x00007ff9901b5000 	C:\WINDOWS\SYSTEM32\bcrypt.dll
0x00007ff990590000 - 0x00007ff9905b9000 	C:\WINDOWS\SYSTEM32\USERENV.dll
0x00007ff990080000 - 0x00007ff99008b000 	C:\WINDOWS\SYSTEM32\CRYPTBASE.dll
0x00007ff98fc50000 - 0x00007ff98fc89000 	C:\WINDOWS\SYSTEM32\IPHLPAPI.DLL
0x00007ff9920c0000 - 0x00007ff9920c8000 	C:\WINDOWS\System32\NSI.dll
0x00007ff98a930000 - 0x00007ff98a946000 	C:\WINDOWS\SYSTEM32\dhcpcsvc6.DLL
0x00007ff98a910000 - 0x00007ff98a92a000 	C:\WINDOWS\SYSTEM32\dhcpcsvc.DLL

VM Arguments:
jvm_args: -Djava.awt.headless=true -Djava.rmi.server.hostname=localhost -Xmx1536m -Dkotlin.environment.keepalive 
java_command: org.jetbrains.kotlin.daemon.KotlinCompileDaemon --daemon-runFilesPath C:\Users\Kent\AppData\Local\kotlin\daemon --daemon-autoshutdownIdleSeconds=7200 --daemon-compilerClasspath C:\Users\Kent\.gradle\caches\modules-2\files-2.1\org.jetbrains.kotlin\kotlin-compiler-embeddable\1.2.21\39456b64a42dc359e385697e2e93b5cba52e197f\kotlin-compiler-embeddable-1.2.21.jar;C:\Users\Kent\.gradle\caches\modules-2\files-2.1\org.jetbrains.kotlin\kotlin-stdlib\1.2.21\d64187eb2d9d1521be3421aa8c6774a8625cdde8\kotlin-stdlib-1.2.21.jar;C:\Users\Kent\.gradle\caches\modules-2\files-2.1\org.jetbrains.kotlin\kotlin-script-runtime\1.2.21\40c37b171146be48a989ab74b937b17a96d28d87\kotlin-script-runtime-1.2.21.jar;C:\Users\Kent\.gradle\caches\modules-2\files-2.1\org.jetbrains.kotlin\kotlin-reflect\1.2.21\3159ff5936aa570a90050d385cb717fbb6c1723a\kotlin-reflect-1.2.21.jar;C:\Program Files\Android\Android Studio\jre\lib\tools.jar
java_class_path (initial): C:\Users\Kent\.gradle\caches\modules-2\files-2.1\org.jetbrains.kotlin\kotlin-compiler-embeddable\1.2.21\39456b64a42dc359e385697e2e93b5cba52e197f\kotlin-compiler-embeddable-1.2.21.jar;C:\Users\Kent\.gradle\caches\modules-2\files-2.1\org.jetbrains.kotlin\kotlin-stdlib\1.2.21\d64187eb2d9d1521be3421aa8c6774a8625cdde8\kotlin-stdlib-1.2.21.jar;C:\Users\Kent\.gradle\caches\modules-2\files-2.1\org.jetbrains.kotlin\kotlin-script-runtime\1.2.21\40c37b171146be48a989ab74b937b17a96d28d87\kotlin-script-runtime-1.2.21.jar;C:\Users\Kent\.gradle\caches\modules-2\files-2.1\org.jetbrains.kotlin\kotlin-reflect\1.2.21\3159ff5936aa570a90050d385cb717fbb6c1723a\kotlin-reflect-1.2.21.jar;C:\Program Files\Android\Android Studio\jre\lib\tools.jar
Launcher Type: SUN_STANDARD

Environment Variables:
PATH=C:\WINDOWS\system32;C:\WINDOWS;C:\WINDOWS\System32\Wbem;C:\WINDOWS\System32\WindowsPowerShell\v1.0\;C:\Program Files\Git\cmd;C:\Users\Kent\AppData\Local\Microsoft\WindowsApps;
USERNAME=Kent
OS=Windows_NT
PROCESSOR_IDENTIFIER=Intel64 Family 6 Model 37 Stepping 5, GenuineIntel



---------------  S Y S T E M  ---------------

OS: Windows 10.0 , 64 bit Build 16299 (10.0.16299.15)

CPU:total 4 (initial active 4) (2 cores per cpu, 2 threads per core) family 6 model 37 stepping 5, cmov, cx8, fxsr, mmx, sse, sse2, sse3, ssse3, sse4.1, sse4.2, popcnt, ht, tsc, tscinvbit

Memory: 4k page, physical 3848288k(492640k free), swap 5246048k(2836k free)

vm_info: OpenJDK 64-Bit Server VM (25.152-b01) for windows-amd64 JRE (1.8.0_152-release-915-b01), built by "builder" with MS VC++ 10.0 (VS2010)

time: Wed Mar 14 10:11:41 2018
elapsed time: 7 seconds (0d 0h 0m 7s)

