#
# There is insufficient memory for the Java Runtime Environment to continue.
# Native memory allocation (malloc) failed to allocate 32744 bytes for ChunkPool::allocate
# Possible reasons:
#   The system is out of physical RAM or swap space
#   In 32 bit mode, the process size limit was hit
# Possible solutions:
#   Reduce memory load on the system
#   Increase physical memory or swap space
#   Check if swap backing store is full
#   Use 64 bit Java on a 64 bit OS
#   Decrease Java heap size (-Xmx/-Xms)
#   Decrease number of Java threads
#   Decrease Java thread stack sizes (-Xss)
#   Set larger code cache with -XX:ReservedCodeCacheSize=
# This output file may be truncated or incomplete.
#
#  Out of Memory Error (allocation.cpp:273), pid=4308, tid=0x0000000000000df4
#
# JRE version: OpenJDK Runtime Environment (8.0_152-b01) (build 1.8.0_152-release-915-b01)
# Java VM: OpenJDK 64-Bit Server VM (25.152-b01 mixed mode windows-amd64 compressed oops)
# Failed to write core dump. Minidumps are not enabled by default on client versions of Windows
#

---------------  T H R E A D  ---------------

Current thread (0x00000000188bf000):  JavaThread "C2 CompilerThread1" daemon [_thread_in_native, id=3572, stack(0x000000001a020000,0x000000001a120000)]

Stack: [0x000000001a020000,0x000000001a120000]
[error occurred during error reporting (printing stack bounds), id 0xc0000005]

Native frames: (J=compiled Java code, j=interpreted, Vv=VM code, C=native code)


Current CompileTask:
C2:  12711 1521       4       java.net.URLClassLoader$1::run (5 bytes)


---------------  P R O C E S S  ---------------

Java Threads: ( => current thread )
  0x000000001a492000 JavaThread "RMI RenewClean-[localhost:50428,org.jetbrains.kotlin.daemon.common.LoopbackNetworkInterface$ClientLoopbackSocketFactory@5c0ab358]" daemon [_thread_blocked, id=1988, stack(0x000000001bea0000,0x000000001bfa0000)]
  0x000000001a323000 JavaThread "RMI TCP Connection(2)-127.0.0.1" daemon [_thread_in_vm, id=208, stack(0x000000001bda0000,0x000000001bea0000)]
  0x000000001a320000 JavaThread "RMI Scheduler(0)" daemon [_thread_blocked, id=7420, stack(0x000000001bca0000,0x000000001bda0000)]
  0x000000001aaa8000 JavaThread "RMI TCP Connection(1)-127.0.0.1" daemon [_thread_in_native, id=2900, stack(0x000000001bba0000,0x000000001bca0000)]
  0x00000000034ae000 JavaThread "DestroyJavaVM" [_thread_blocked, id=2628, stack(0x0000000004d50000,0x0000000004e50000)]
  0x000000001aa53000 JavaThread "GC Daemon" daemon [_thread_blocked, id=7384, stack(0x000000001b760000,0x000000001b860000)]
  0x000000001aa52800 JavaThread "RMI Reaper" [_thread_blocked, id=7108, stack(0x000000001b660000,0x000000001b760000)]
  0x000000001a9b9000 JavaThread "Timer-0" daemon [_thread_blocked, id=6112, stack(0x000000001b460000,0x000000001b560000)]
  0x000000001a9b7800 JavaThread "RMI TCP Accept-17556" daemon [_thread_in_native, id=3852, stack(0x000000001b360000,0x000000001b460000)]
  0x000000001a240800 JavaThread "Service Thread" daemon [_thread_blocked, id=6896, stack(0x000000001a620000,0x000000001a720000)]
  0x00000000188c4000 JavaThread "C1 CompilerThread2" daemon [_thread_blocked, id=7476, stack(0x000000001a120000,0x000000001a220000)]
=>0x00000000188bf000 JavaThread "C2 CompilerThread1" daemon [_thread_in_native, id=3572, stack(0x000000001a020000,0x000000001a120000)]
  0x00000000188bb000 JavaThread "C2 CompilerThread0" daemon [_thread_in_native, id=6844, stack(0x0000000019f20000,0x000000001a020000)]
  0x00000000188b9800 JavaThread "Attach Listener" daemon [_thread_blocked, id=7440, stack(0x0000000019e20000,0x0000000019f20000)]
  0x00000000188b8800 JavaThread "Signal Dispatcher" daemon [_thread_blocked, id=664, stack(0x0000000019d20000,0x0000000019e20000)]
  0x0000000004f4b800 JavaThread "Finalizer" daemon [_thread_blocked, id=736, stack(0x0000000019b30000,0x0000000019c30000)]
  0x0000000004f42000 JavaThread "Reference Handler" daemon [_thread_blocked, id=1236, stack(0x0000000019a30000,0x0000000019b30000)]

Other Threads:
  0x0000000018884000 VMThread [stack: 0x0000000019930000,0x0000000019a30000] [id=6492]
  0x000000001891d000 WatcherThread [stack: 0x000000001a720000,0x000000001a820000] [id=5476]

VM state:not at safepoint (normal execution)

VM Mutex/Monitor currently owned by a thread: None

Heap:
 PSYoungGen      total 28672K, used 20282K [0x00000000e0000000, 0x00000000e2900000, 0x0000000100000000)
  eden space 26112K, 67% used [0x00000000e0000000,0x00000000e11556a8,0x00000000e1980000)
  from space 2560K, 98% used [0x00000000e2080000,0x00000000e22f93b8,0x00000000e2300000)
  to   space 7168K, 0% used [0x00000000e1980000,0x00000000e1980000,0x00000000e2080000)
 ParOldGen       total 31232K, used 9044K [0x00000000a0000000, 0x00000000a1e80000, 0x00000000e0000000)
  object space 31232K, 28% used [0x00000000a0000000,0x00000000a08d52d0,0x00000000a1e80000)
 Metaspace       used 24896K, capacity 25302K, committed 25728K, reserved 1071104K
  class space    used 3235K, capacity 3393K, committed 3456K, reserved 1048576K

Card table byte_map: [0x0000000014310000,0x0000000014620000] byte_map_base: 0x0000000013e10000

Marking Bits: (ParMarkBitMap*) 0x00000000544a3950
 Begin Bits: [0x0000000014c20000, 0x0000000016420000)
 End Bits:   [0x0000000016420000, 0x0000000017c20000)

Polling page: 0x0000000000bd0000

CodeCache: size=245760Kb used=5159Kb max_used=5159Kb free=240600Kb
 bounds [0x0000000004f50000, 0x0000000005460000, 0x0000000013f50000]
 total_blobs=2134 nmethods=1699 adapters=349
 compilation: enabled

Compilation events (10 events):
Event: 12.547 Thread 0x00000000188c4000 nmethod 1703 0x0000000005459450 code [0x00000000054596a0, 0x000000000545a5a8]
Event: 12.567 Thread 0x00000000188c4000 1704       1       org.jetbrains.kotlin.com.intellij.psi.tree.IElementType::getIndex (5 bytes)
Event: 12.568 Thread 0x00000000188c4000 nmethod 1704 0x000000000543f9d0 code [0x000000000543fb20, 0x000000000543fc30]
Event: 12.582 Thread 0x00000000188c4000 1705       3       java.util.HashSet::<init> (18 bytes)
Event: 12.583 Thread 0x00000000188c4000 nmethod 1705 0x000000000544f610 code [0x000000000544f7a0, 0x000000000544fb28]
Event: 12.583 Thread 0x00000000188c4000 1706       3       java.util.LinkedHashMap::<init> (12 bytes)
Event: 12.583 Thread 0x00000000188c4000 nmethod 1706 0x000000000545ae50 code [0x000000000545afc0, 0x000000000545b168]
Event: 12.607 Thread 0x00000000188c4000 1707       3       java.lang.Package::<init> (56 bytes)
Event: 12.607 Thread 0x00000000188c4000 nmethod 1707 0x000000000545b210 code [0x000000000545b360, 0x000000000545b5d0]
Event: 12.632 Thread 0x00000000188c4000 1708       3       kotlin.reflect.jvm.internal.pcollections.IntTree::rebalanced (449 bytes)

GC Heap History (10 events):
Event: 10.899 GC heap before
{Heap before GC invocations=4 (full 1):
 PSYoungGen      total 17920K, used 17888K [0x00000000e0000000, 0x00000000e1400000, 0x0000000100000000)
  eden space 15360K, 100% used [0x00000000e0000000,0x00000000e0f00000,0x00000000e0f00000)
  from space 2560K, 98% used [0x00000000e1180000,0x00000000e13f82b0,0x00000000e1400000)
  to   space 2560K, 0% used [0x00000000e0f00000,0x00000000e0f00000,0x00000000e1180000)
 ParOldGen       total 40960K, used 3724K [0x00000000a0000000, 0x00000000a2800000, 0x00000000e0000000)
  object space 40960K, 9% used [0x00000000a0000000,0x00000000a03a3248,0x00000000a2800000)
 Metaspace       used 14042K, capacity 14288K, committed 14592K, reserved 1062912K
  class space    used 1639K, capacity 1720K, committed 1792K, reserved 1048576K
Event: 10.906 GC heap after
Heap after GC invocations=4 (full 1):
 PSYoungGen      total 17920K, used 2529K [0x00000000e0000000, 0x00000000e1400000, 0x0000000100000000)
  eden space 15360K, 0% used [0x00000000e0000000,0x00000000e0000000,0x00000000e0f00000)
  from space 2560K, 98% used [0x00000000e0f00000,0x00000000e11784b0,0x00000000e1180000)
  to   space 2560K, 0% used [0x00000000e1180000,0x00000000e1180000,0x00000000e1400000)
 ParOldGen       total 40960K, used 6153K [0x00000000a0000000, 0x00000000a2800000, 0x00000000e0000000)
  object space 40960K, 15% used [0x00000000a0000000,0x00000000a0602470,0x00000000a2800000)
 Metaspace       used 14042K, capacity 14288K, committed 14592K, reserved 1062912K
  class space    used 1639K, capacity 1720K, committed 1792K, reserved 1048576K
}
Event: 11.369 GC heap before
{Heap before GC invocations=5 (full 1):
 PSYoungGen      total 17920K, used 17889K [0x00000000e0000000, 0x00000000e1400000, 0x0000000100000000)
  eden space 15360K, 100% used [0x00000000e0000000,0x00000000e0f00000,0x00000000e0f00000)
  from space 2560K, 98% used [0x00000000e0f00000,0x00000000e11784b0,0x00000000e1180000)
  to   space 2560K, 0% used [0x00000000e1180000,0x00000000e1180000,0x00000000e1400000)
 ParOldGen       total 40960K, used 6153K [0x00000000a0000000, 0x00000000a2800000, 0x00000000e0000000)
  object space 40960K, 15% used [0x00000000a0000000,0x00000000a0602470,0x00000000a2800000)
 Metaspace       used 18033K, capacity 18366K, committed 18688K, reserved 1064960K
  class space    used 2142K, capacity 2217K, committed 2304K, reserved 1048576K
Event: 11.379 GC heap after
Heap after GC invocations=5 (full 1):
 PSYoungGen      total 17920K, used 2545K [0x00000000e0000000, 0x00000000e2300000, 0x0000000100000000)
  eden space 15360K, 0% used [0x00000000e0000000,0x00000000e0000000,0x00000000e0f00000)
  from space 2560K, 99% used [0x00000000e1180000,0x00000000e13fc4c0,0x00000000e1400000)
  to   space 2560K, 0% used [0x00000000e0f00000,0x00000000e0f00000,0x00000000e1180000)
 ParOldGen       total 40960K, used 9669K [0x00000000a0000000, 0x00000000a2800000, 0x00000000e0000000)
  object space 40960K, 23% used [0x00000000a0000000,0x00000000a09717e8,0x00000000a2800000)
 Metaspace       used 18033K, capacity 18366K, committed 18688K, reserved 1064960K
  class space    used 2142K, capacity 2217K, committed 2304K, reserved 1048576K
}
Event: 11.707 GC heap before
{Heap before GC invocations=6 (full 1):
 PSYoungGen      total 17920K, used 16772K [0x00000000e0000000, 0x00000000e2300000, 0x0000000100000000)
  eden space 15360K, 92% used [0x00000000e0000000,0x00000000e0de4c38,0x00000000e0f00000)
  from space 2560K, 99% used [0x00000000e1180000,0x00000000e13fc4c0,0x00000000e1400000)
  to   space 2560K, 0% used [0x00000000e0f00000,0x00000000e0f00000,0x00000000e1180000)
 ParOldGen       total 40960K, used 9669K [0x00000000a0000000, 0x00000000a2800000, 0x00000000e0000000)
  object space 40960K, 23% used [0x00000000a0000000,0x00000000a09717e8,0x00000000a2800000)
 Metaspace       used 20746K, capacity 21066K, committed 21296K, reserved 1069056K
  class space    used 2551K, capacity 2651K, committed 2688K, reserved 1048576K
Event: 11.715 GC heap after
Heap after GC invocations=6 (full 1):
 PSYoungGen      total 17920K, used 2529K [0x00000000e0000000, 0x00000000e2300000, 0x0000000100000000)
  eden space 15360K, 0% used [0x00000000e0000000,0x00000000e0000000,0x00000000e0f00000)
  from space 2560K, 98% used [0x00000000e0f00000,0x00000000e11784b0,0x00000000e1180000)
  to   space 2560K, 0% used [0x00000000e2080000,0x00000000e2080000,0x00000000e2300000)
 ParOldGen       total 40960K, used 12637K [0x00000000a0000000, 0x00000000a2800000, 0x00000000e0000000)
  object space 40960K, 30% used [0x00000000a0000000,0x00000000a0c57578,0x00000000a2800000)
 Metaspace       used 20746K, capacity 21066K, committed 21296K, reserved 1069056K
  class space    used 2551K, capacity 2651K, committed 2688K, reserved 1048576K
}
Event: 11.715 GC heap before
{Heap before GC invocations=7 (full 2):
 PSYoungGen      total 17920K, used 2529K [0x00000000e0000000, 0x00000000e2300000, 0x0000000100000000)
  eden space 15360K, 0% used [0x00000000e0000000,0x00000000e0000000,0x00000000e0f00000)
  from space 2560K, 98% used [0x00000000e0f00000,0x00000000e11784b0,0x00000000e1180000)
  to   space 2560K, 0% used [0x00000000e2080000,0x00000000e2080000,0x00000000e2300000)
 ParOldGen       total 40960K, used 12637K [0x00000000a0000000, 0x00000000a2800000, 0x00000000e0000000)
  object space 40960K, 30% used [0x00000000a0000000,0x00000000a0c57578,0x00000000a2800000)
 Metaspace       used 20746K, capacity 21066K, committed 21296K, reserved 1069056K
  class space    used 2551K, capacity 2651K, committed 2688K, reserved 1048576K
Event: 11.758 GC heap after
Heap after GC invocations=7 (full 2):
 PSYoungGen      total 17920K, used 0K [0x00000000e0000000, 0x00000000e2300000, 0x0000000100000000)
  eden space 15360K, 0% used [0x00000000e0000000,0x00000000e0000000,0x00000000e0f00000)
  from space 2560K, 0% used [0x00000000e0f00000,0x00000000e0f00000,0x00000000e1180000)
  to   space 2560K, 0% used [0x00000000e2080000,0x00000000e2080000,0x00000000e2300000)
 ParOldGen       total 31232K, used 7682K [0x00000000a0000000, 0x00000000a1e80000, 0x00000000e0000000)
  object space 31232K, 24% used [0x00000000a0000000,0x00000000a07808f8,0x00000000a1e80000)
 Metaspace       used 20746K, capacity 21066K, committed 21296K, reserved 1069056K
  class space    used 2551K, capacity 2651K, committed 2688K, reserved 1048576K
}
Event: 12.233 GC heap before
{Heap before GC invocations=8 (full 2):
 PSYoungGen      total 17920K, used 15360K [0x00000000e0000000, 0x00000000e2300000, 0x0000000100000000)
  eden space 15360K, 100% used [0x00000000e0000000,0x00000000e0f00000,0x00000000e0f00000)
  from space 2560K, 0% used [0x00000000e0f00000,0x00000000e0f00000,0x00000000e1180000)
  to   space 2560K, 0% used [0x00000000e2080000,0x00000000e2080000,0x00000000e2300000)
 ParOldGen       total 31232K, used 7682K [0x00000000a0000000, 0x00000000a1e80000, 0x00000000e0000000)
  object space 31232K, 24% used [0x00000000a0000000,0x00000000a07808f8,0x00000000a1e80000)
 Metaspace       used 24058K, capacity 24472K, committed 24832K, reserved 1071104K
  class space    used 3116K, capacity 3254K, committed 3328K, reserved 1048576K
Event: 12.240 GC heap after
Heap after GC invocations=8 (full 2):
 PSYoungGen      total 28672K, used 2532K [0x00000000e0000000, 0x00000000e2900000, 0x0000000100000000)
  eden space 26112K, 0% used [0x00000000e0000000,0x00000000e0000000,0x00000000e1980000)
  from space 2560K, 98% used [0x00000000e2080000,0x00000000e22f93b8,0x00000000e2300000)
  to   space 7168K, 0% used [0x00000000e1980000,0x00000000e1980000,0x00000000e2080000)
 ParOldGen       total 31232K, used 9044K [0x00000000a0000000, 0x00000000a1e80000, 0x00000000e0000000)
  object space 31232K, 28% used [0x00000000a0000000,0x00000000a08d52d0,0x00000000a1e80000)
 Metaspace       used 24058K, capacity 24472K, committed 24832K, reserved 1071104K
  class space    used 3116K, capacity 3254K, committed 3328K, reserved 1048576K
}

Deoptimization events (10 events):
Event: 10.655 Thread 0x000000001a323000 Uncommon trap: reason=unstable_if action=reinterpret pc=0x000000000525d194 method=kotlin.reflect.jvm.internal.impl.protobuf.CodedInputStream.readRawVarint32()I @ 69
Event: 10.656 Thread 0x000000001a323000 Uncommon trap: reason=unstable_if action=reinterpret pc=0x00000000052353c0 method=kotlin.reflect.jvm.internal.impl.protobuf.CodedInputStream.readRawVarint32()I @ 69
Event: 10.658 Thread 0x000000001a323000 Uncommon trap: reason=class_check action=maybe_recompile pc=0x0000000005236674 method=kotlin.reflect.jvm.internal.impl.protobuf.CodedInputStream.tryRefillBuffer(I)Z @ 175
Event: 11.435 Thread 0x000000001a323000 Uncommon trap: reason=unstable_if action=reinterpret pc=0x00000000052823a8 method=java.util.HashMap.hash(Ljava/lang/Object;)I @ 1
Event: 11.603 Thread 0x000000001a323000 Uncommon trap: reason=bimorphic action=maybe_recompile pc=0x00000000051ac12c method=java.io.FilterInputStream.read([B)I @ 5
Event: 11.604 Thread 0x000000001a323000 Uncommon trap: reason=bimorphic action=maybe_recompile pc=0x00000000051ac12c method=java.io.FilterInputStream.read([B)I @ 5
Event: 11.604 Thread 0x000000001a323000 Uncommon trap: reason=bimorphic action=maybe_recompile pc=0x00000000051ac12c method=java.io.FilterInputStream.read([B)I @ 5
Event: 11.657 Thread 0x000000001a323000 Uncommon trap: reason=range_check action=make_not_entrant pc=0x00000000052de520 method=sun.reflect.generics.parser.SignatureParser.current()C @ 34
Event: 11.978 Thread 0x000000001a323000 Uncommon trap: reason=bimorphic action=maybe_recompile pc=0x00000000051ac12c method=java.io.FilterInputStream.read([B)I @ 5
Event: 12.413 Thread 0x000000001a323000 Uncommon trap: reason=unstable_if action=reinterpret pc=0x000000000543f044 method=org.jetbrains.kotlin.com.intellij.openapi.vfs.impl.ZipEntryMap.isTheOne(Lorg/jetbrains/kotlin/com/intellij/openapi/vfs/impl/ArchiveHandler$EntryInfo;Ljava/lang/CharSequence;

Classes redefined (0 events):
No events

Internal exceptions (10 events):
Event: 10.058 Thread 0x000000001a323000 Exception <a 'java/lang/NoSuchMethodError': <clinit>> (0x00000000e0296320) thrown at [D:\src\AOSP-openjdk-cygwin\jdk8u\hotspot\src\share\vm\prims\jni.cpp, line 1613]
Event: 10.144 Thread 0x000000001a323000 Exception <a 'java/lang/NoSuchMethodError': <clinit>> (0x00000000e03a6390) thrown at [D:\src\AOSP-openjdk-cygwin\jdk8u\hotspot\src\share\vm\prims\jni.cpp, line 1613]
Event: 10.150 Thread 0x000000001a492000 Exception <a 'java/lang/InterruptedException'> (0x00000000e03aa2b8) thrown at [D:\src\AOSP-openjdk-cygwin\jdk8u\hotspot\src\share\vm\runtime\objectMonitor.cpp, line 1684]
Event: 10.714 Thread 0x000000001a323000 Exception <a 'java/lang/ArrayIndexOutOfBoundsException'> (0x00000000e0882068) thrown at [D:\src\AOSP-openjdk-cygwin\jdk8u\hotspot\src\share\vm\runtime\sharedRuntime.cpp, line 605]
Event: 11.435 Thread 0x000000001a323000 Implicit null exception at 0x000000000528232f to 0x0000000005282399
Event: 11.521 Thread 0x000000001a323000 Exception <a 'java/lang/NoSuchMethodError': java.lang.Object.lambda$comparing$77a9974f$1(Ljava/util/function/Function;Ljava/lang/Object;Ljava/lang/Object;)I> (0x00000000e06aef00) thrown at [D:\src\AOSP-openjdk-cygwin\jdk8u\hotspot\src\share\vm\interpreter
Event: 11.657 Thread 0x000000001a323000 Exception <a 'java/lang/ArrayIndexOutOfBoundsException': 60> (0x00000000e0c509f0) thrown at [D:\src\AOSP-openjdk-cygwin\jdk8u\hotspot\src\share\vm\interpreter\interpreterRuntime.cpp, line 366]
Event: 11.671 Thread 0x000000001a323000 Exception <a 'java/lang/ArrayIndexOutOfBoundsException'> (0x00000000e0c7a588) thrown at [D:\src\AOSP-openjdk-cygwin\jdk8u\hotspot\src\share\vm\runtime\sharedRuntime.cpp, line 605]
Event: 11.929 Thread 0x000000001a323000 Exception <a 'java/lang/NoSuchMethodError': java.lang.Object.lambda$static$0(I)[Lorg/jetbrains/kotlin/com/intellij/openapi/editor/event/DocumentListener;> (0x00000000e062e980) thrown at [D:\src\AOSP-openjdk-cygwin\jdk8u\hotspot\src\share\vm\interpreter\li
Event: 11.966 Thread 0x000000001a323000 Exception <a 'java/lang/NoSuchMethodError': java.lang.Object.lambda$static$0(I)[Lorg/jetbrains/kotlin/com/intellij/psi/PsiAnnotation;> (0x00000000e0806258) thrown at [D:\src\AOSP-openjdk-cygwin\jdk8u\hotspot\src\share\vm\interpreter\linkResolver.cpp, line

Events (10 events):
Event: 12.628 loading class org/jetbrains/kotlin/builtins/BuiltInsLoaderImpl
Event: 12.628 loading class org/jetbrains/kotlin/builtins/BuiltInsLoaderImpl done
Event: 12.629 loading class org/jetbrains/kotlin/builtins/functions/BuiltInFictitiousFunctionClassFactory
Event: 12.629 loading class org/jetbrains/kotlin/builtins/functions/BuiltInFictitiousFunctionClassFactory done
Event: 12.630 loading class org/jetbrains/kotlin/descriptors/deserialization/ClassDescriptorFactory
Event: 12.630 loading class org/jetbrains/kotlin/descriptors/deserialization/ClassDescriptorFactory done
Event: 12.630 loading class org/jetbrains/kotlin/builtins/functions/BuiltInFictitiousFunctionClassFactory$Companion
Event: 12.630 loading class org/jetbrains/kotlin/builtins/functions/BuiltInFictitiousFunctionClassFactory$Companion done
Event: 12.631 loading class org/jetbrains/kotlin/builtins/JvmBuiltInClassDescriptorFactory
Event: 12.631 loading class org/jetbrains/kotlin/builtins/JvmBuiltInClassDescriptorFactory done


Dynamic libraries:
0x00007ff6c71b0000 - 0x00007ff6c71e1000 	C:\Program Files\Android\Android Studio\jre\jre\bin\java.exe
0x00007ff994340000 - 0x00007ff994520000 	C:\WINDOWS\SYSTEM32\ntdll.dll
0x00007ff991e50000 - 0x00007ff991efe000 	C:\WINDOWS\System32\KERNEL32.DLL
0x00007ff9911a0000 - 0x00007ff991406000 	C:\WINDOWS\System32\KERNELBASE.dll
0x00007ff9920d0000 - 0x00007ff992171000 	C:\WINDOWS\System32\ADVAPI32.dll
0x00007ff994080000 - 0x00007ff99411d000 	C:\WINDOWS\System32\msvcrt.dll
0x00007ff9941a0000 - 0x00007ff9941fb000 	C:\WINDOWS\System32\sechost.dll
0x00007ff993760000 - 0x00007ff99387f000 	C:\WINDOWS\System32\RPCRT4.dll
0x00007ff9919a0000 - 0x00007ff991b2f000 	C:\WINDOWS\System32\USER32.dll
0x00007ff990fe0000 - 0x00007ff991000000 	C:\WINDOWS\System32\win32u.dll
0x00007ff994200000 - 0x00007ff994228000 	C:\WINDOWS\System32\GDI32.dll
0x00007ff991000000 - 0x00007ff991193000 	C:\WINDOWS\System32\gdi32full.dll
0x00007ff990f40000 - 0x00007ff990fdb000 	C:\WINDOWS\System32\msvcp_win.dll
0x00007ff991540000 - 0x00007ff991636000 	C:\WINDOWS\System32\ucrtbase.dll
0x00007ff9838e0000 - 0x00007ff983b49000 	C:\WINDOWS\WinSxS\amd64_microsoft.windows.common-controls_6595b64144ccf1df_6.0.16299.192_none_15c8cdae9364c23b\COMCTL32.dll
0x00007ff993cd0000 - 0x00007ff993fd8000 	C:\WINDOWS\System32\combase.dll
0x00007ff9914c0000 - 0x00007ff991532000 	C:\WINDOWS\System32\bcryptPrimitives.dll
0x00007ff991f00000 - 0x00007ff991f2d000 	C:\WINDOWS\System32\IMM32.DLL
0x0000000053c00000 - 0x0000000053cd2000 	C:\Program Files\Android\Android Studio\jre\jre\bin\msvcr100.dll
0x0000000053ce0000 - 0x000000005451e000 	C:\Program Files\Android\Android Studio\jre\jre\bin\server\jvm.dll
0x00007ff9920b0000 - 0x00007ff9920b8000 	C:\WINDOWS\System32\PSAPI.DLL
0x00007ff983780000 - 0x00007ff983789000 	C:\WINDOWS\SYSTEM32\WSOCK32.dll
0x00007ff98e650000 - 0x00007ff98e673000 	C:\WINDOWS\SYSTEM32\WINMM.dll
0x00007ff992040000 - 0x00007ff9920ac000 	C:\WINDOWS\System32\WS2_32.dll
0x00007ff984c90000 - 0x00007ff984c9a000 	C:\WINDOWS\SYSTEM32\VERSION.dll
0x00007ff98e620000 - 0x00007ff98e64a000 	C:\WINDOWS\SYSTEM32\WINMMBASE.dll
0x00007ff991470000 - 0x00007ff9914ba000 	C:\WINDOWS\System32\cfgmgr32.dll
0x00007ff983730000 - 0x00007ff98373f000 	C:\Program Files\Android\Android Studio\jre\jre\bin\verify.dll
0x00007ff97e070000 - 0x00007ff97e099000 	C:\Program Files\Android\Android Studio\jre\jre\bin\java.dll
0x00007ff97df20000 - 0x00007ff97df36000 	C:\Program Files\Android\Android Studio\jre\jre\bin\zip.dll
0x00007ff992320000 - 0x00007ff993756000 	C:\WINDOWS\System32\SHELL32.dll
0x00007ff9918f0000 - 0x00007ff991996000 	C:\WINDOWS\System32\shcore.dll
0x00007ff990740000 - 0x00007ff990e87000 	C:\WINDOWS\System32\windows.storage.dll
0x00007ff991890000 - 0x00007ff9918e1000 	C:\WINDOWS\System32\shlwapi.dll
0x00007ff990690000 - 0x00007ff9906a1000 	C:\WINDOWS\System32\kernel.appcore.dll
0x00007ff9906f0000 - 0x00007ff99073c000 	C:\WINDOWS\System32\powrprof.dll
0x00007ff9906d0000 - 0x00007ff9906eb000 	C:\WINDOWS\System32\profapi.dll
0x00007ff98cb50000 - 0x00007ff98cb5d000 	C:\Program Files\Android\Android Studio\jre\jre\bin\management.dll
0x00007ff97df00000 - 0x00007ff97df1a000 	C:\Program Files\Android\Android Studio\jre\jre\bin\net.dll
0x00007ff98fec0000 - 0x00007ff98ff26000 	C:\WINDOWS\system32\mswsock.dll
0x00007ff97de30000 - 0x00007ff97de41000 	C:\Program Files\Android\Android Studio\jre\jre\bin\nio.dll
0x00007ff990090000 - 0x00007ff9900a7000 	C:\WINDOWS\SYSTEM32\CRYPTSP.dll
0x00007ff98fad0000 - 0x00007ff98fb03000 	C:\WINDOWS\system32\rsaenh.dll
0x00007ff990190000 - 0x00007ff9901b5000 	C:\WINDOWS\SYSTEM32\bcrypt.dll
0x00007ff990590000 - 0x00007ff9905b9000 	C:\WINDOWS\SYSTEM32\USERENV.dll
0x00007ff990080000 - 0x00007ff99008b000 	C:\WINDOWS\SYSTEM32\CRYPTBASE.dll
0x00007ff98fc50000 - 0x00007ff98fc89000 	C:\WINDOWS\SYSTEM32\IPHLPAPI.DLL
0x00007ff9920c0000 - 0x00007ff9920c8000 	C:\WINDOWS\System32\NSI.dll
0x00007ff98a930000 - 0x00007ff98a946000 	C:\WINDOWS\SYSTEM32\dhcpcsvc6.DLL
0x00007ff98a910000 - 0x00007ff98a92a000 	C:\WINDOWS\SYSTEM32\dhcpcsvc.DLL

VM Arguments:
jvm_args: -Djava.awt.headless=true -Djava.rmi.server.hostname=localhost -Xmx1536m -Dkotlin.environment.keepalive 
java_command: org.jetbrains.kotlin.daemon.KotlinCompileDaemon --daemon-runFilesPath C:\Users\Kent\AppData\Local\kotlin\daemon --daemon-autoshutdownIdleSeconds=7200 --daemon-compilerClasspath C:\Users\Kent\.gradle\caches\modules-2\files-2.1\org.jetbrains.kotlin\kotlin-compiler-embeddable\1.2.21\39456b64a42dc359e385697e2e93b5cba52e197f\kotlin-compiler-embeddable-1.2.21.jar;C:\Users\Kent\.gradle\caches\modules-2\files-2.1\org.jetbrains.kotlin\kotlin-stdlib\1.2.21\d64187eb2d9d1521be3421aa8c6774a8625cdde8\kotlin-stdlib-1.2.21.jar;C:\Users\Kent\.gradle\caches\modules-2\files-2.1\org.jetbrains.kotlin\kotlin-script-runtime\1.2.21\40c37b171146be48a989ab74b937b17a96d28d87\kotlin-script-runtime-1.2.21.jar;C:\Users\Kent\.gradle\caches\modules-2\files-2.1\org.jetbrains.kotlin\kotlin-reflect\1.2.21\3159ff5936aa570a90050d385cb717fbb6c1723a\kotlin-reflect-1.2.21.jar;C:\Program Files\Android\Android Studio\jre\lib\tools.jar
java_class_path (initial): C:\Users\Kent\.gradle\caches\modules-2\files-2.1\org.jetbrains.kotlin\kotlin-compiler-embeddable\1.2.21\39456b64a42dc359e385697e2e93b5cba52e197f\kotlin-compiler-embeddable-1.2.21.jar;C:\Users\Kent\.gradle\caches\modules-2\files-2.1\org.jetbrains.kotlin\kotlin-stdlib\1.2.21\d64187eb2d9d1521be3421aa8c6774a8625cdde8\kotlin-stdlib-1.2.21.jar;C:\Users\Kent\.gradle\caches\modules-2\files-2.1\org.jetbrains.kotlin\kotlin-script-runtime\1.2.21\40c37b171146be48a989ab74b937b17a96d28d87\kotlin-script-runtime-1.2.21.jar;C:\Users\Kent\.gradle\caches\modules-2\files-2.1\org.jetbrains.kotlin\kotlin-reflect\1.2.21\3159ff5936aa570a90050d385cb717fbb6c1723a\kotlin-reflect-1.2.21.jar;C:\Program Files\Android\Android Studio\jre\lib\tools.jar
Launcher Type: SUN_STANDARD

Environment Variables:
PATH=C:\WINDOWS\system32;C:\WINDOWS;C:\WINDOWS\System32\Wbem;C:\WINDOWS\System32\WindowsPowerShell\v1.0\;C:\Program Files\Git\cmd;C:\Users\Kent\AppData\Local\Microsoft\WindowsApps;
USERNAME=Kent
OS=Windows_NT
PROCESSOR_IDENTIFIER=Intel64 Family 6 Model 37 Stepping 5, GenuineIntel



---------------  S Y S T E M  ---------------

OS: Windows 10.0 , 64 bit Build 16299 (10.0.16299.15)

CPU:total 4 (initial active 4) (2 cores per cpu, 2 threads per core) family 6 model 37 stepping 5, cmov, cx8, fxsr, mmx, sse, sse2, sse3, ssse3, sse4.1, sse4.2, popcnt, ht, tsc, tscinvbit

Memory: 4k page, physical 3848288k(909780k free), swap 5246048k(3364k free)

vm_info: OpenJDK 64-Bit Server VM (25.152-b01) for windows-amd64 JRE (1.8.0_152-release-915-b01), built by "builder" with MS VC++ 10.0 (VS2010)

time: Wed Mar 14 10:15:02 2018
elapsed time: 12 seconds (0d 0h 0m 12s)

