#
# There is insufficient memory for the Java Runtime Environment to continue.
# Native memory allocation (malloc) failed to allocate 524304 bytes for Chunk::new
# Possible reasons:
#   The system is out of physical RAM or swap space
#   In 32 bit mode, the process size limit was hit
# Possible solutions:
#   Reduce memory load on the system
#   Increase physical memory or swap space
#   Check if swap backing store is full
#   Use 64 bit Java on a 64 bit OS
#   Decrease Java heap size (-Xmx/-Xms)
#   Decrease number of Java threads
#   Decrease Java thread stack sizes (-Xss)
#   Set larger code cache with -XX:ReservedCodeCacheSize=
# This output file may be truncated or incomplete.
#
#  Out of Memory Error (allocation.cpp:390), pid=696, tid=0x0000000000001948
#
# JRE version: OpenJDK Runtime Environment (8.0_152-b01) (build 1.8.0_152-release-915-b01)
# Java VM: OpenJDK 64-Bit Server VM (25.152-b01 mixed mode windows-amd64 compressed oops)
# Failed to write core dump. Minidumps are not enabled by default on client versions of Windows
#

---------------  T H R E A D  ---------------

Current thread (0x000000001736e000):  JavaThread "C2 CompilerThread0" daemon [_thread_in_native, id=6472, stack(0x00000000189b0000,0x0000000018ab0000)]

Stack: [0x00000000189b0000,0x0000000018ab0000]
[error occurred during error reporting (printing stack bounds), id 0xc0000005]

Native frames: (J=compiled Java code, j=interpreted, Vv=VM code, C=native code)


Current CompileTask:
C2:   3724 1454       4       java.net.URLClassLoader$1::run (5 bytes)


---------------  P R O C E S S  ---------------

Java Threads: ( => current thread )
  0x00000000173cc800 JavaThread "Service Thread" daemon [_thread_blocked, id=6748, stack(0x00000000190b0000,0x00000000191b0000)]
  0x0000000017375000 JavaThread "C1 CompilerThread2" daemon [_thread_blocked, id=5948, stack(0x0000000018bb0000,0x0000000018cb0000)]
  0x0000000017371000 JavaThread "C2 CompilerThread1" daemon [_thread_in_native, id=8088, stack(0x0000000018ab0000,0x0000000018bb0000)]
=>0x000000001736e000 JavaThread "C2 CompilerThread0" daemon [_thread_in_native, id=6472, stack(0x00000000189b0000,0x0000000018ab0000)]
  0x000000001736d000 JavaThread "Attach Listener" daemon [_thread_blocked, id=5912, stack(0x00000000188b0000,0x00000000189b0000)]
  0x000000001736b800 JavaThread "Signal Dispatcher" daemon [_thread_blocked, id=3904, stack(0x00000000187b0000,0x00000000188b0000)]
  0x0000000017358800 JavaThread "Finalizer" daemon [_thread_blocked, id=2148, stack(0x00000000185c0000,0x00000000186c0000)]
  0x0000000004fa4000 JavaThread "Reference Handler" daemon [_thread_blocked, id=2160, stack(0x00000000184c0000,0x00000000185c0000)]
  0x0000000004eb4000 JavaThread "main" [_thread_in_vm, id=4492, stack(0x0000000004d20000,0x0000000004e20000)]

Other Threads:
  0x0000000017334000 VMThread [stack: 0x00000000183c0000,0x00000000184c0000] [id=6416]
  0x0000000018ce5000 WatcherThread [stack: 0x00000000191b0000,0x00000000192b0000] [id=7220]

VM state:not at safepoint (normal execution)

VM Mutex/Monitor currently owned by a thread: None

Heap:
 PSYoungGen      total 33280K, used 14173K [0x00000000ec700000, 0x00000000f1600000, 0x0000000100000000)
  eden space 30720K, 46% used [0x00000000ec700000,0x00000000ed4d7410,0x00000000ee500000)
  from space 2560K, 0% used [0x00000000ee500000,0x00000000ee500000,0x00000000ee780000)
  to   space 9728K, 0% used [0x00000000f0c80000,0x00000000f0c80000,0x00000000f1600000)
 ParOldGen       total 43008K, used 10604K [0x00000000c5400000, 0x00000000c7e00000, 0x00000000ec700000)
  object space 43008K, 24% used [0x00000000c5400000,0x00000000c5e5b3f8,0x00000000c7e00000)
 Metaspace       used 23120K, capacity 23464K, committed 23984K, reserved 1071104K
  class space    used 3008K, capacity 3144K, committed 3248K, reserved 1048576K

Card table byte_map: [0x0000000014370000,0x0000000014550000] byte_map_base: 0x0000000013d46000

Marking Bits: (ParMarkBitMap*) 0x00000000544a3950
 Begin Bits: [0x0000000014a90000, 0x0000000015940000)
 End Bits:   [0x0000000015940000, 0x00000000167f0000)

Polling page: 0x0000000003600000

CodeCache: size=245760Kb used=4918Kb max_used=4929Kb free=240841Kb
 bounds [0x0000000004fb0000, 0x0000000005490000, 0x0000000013fb0000]
 total_blobs=2009 nmethods=1627 adapters=296
 compilation: enabled

Compilation events (10 events):
Event: 3.628 Thread 0x0000000017375000 1628       3       java.lang.Package::<init> (56 bytes)
Event: 3.628 Thread 0x0000000017375000 nmethod 1628 0x000000000547d450 code [0x000000000547d5a0, 0x000000000547d810]
Event: 3.633 Thread 0x0000000017371000 nmethod 1591 0x0000000005480cd0 code [0x0000000005480e40, 0x0000000005481618]
Event: 3.633 Thread 0x0000000017371000 1605       4       org.jetbrains.kotlin.protobuf.CodedInputStream::readTag (41 bytes)
Event: 3.647 Thread 0x0000000017371000 nmethod 1605 0x0000000005481a90 code [0x0000000005481c40, 0x00000000054821e0]
Event: 3.647 Thread 0x0000000017371000 1604 %     4       java.io.WinNTFileSystem::normalize @ 22 (143 bytes)
Event: 3.660 Thread 0x0000000017371000 nmethod 1604% 0x0000000005482910 code [0x0000000005482a80, 0x0000000005483028]
Event: 3.661 Thread 0x0000000017371000 1630   !   4       java.net.URLClassLoader$1::run (63 bytes)
Event: 3.673 Thread 0x0000000017375000 1631       3       java.util.regex.Pattern$CharProperty::<init> (5 bytes)
Event: 3.673 Thread 0x0000000017375000 nmethod 1631 0x0000000005480790 code [0x0000000005480900, 0x0000000005480b90]

GC Heap History (10 events):
Event: 1.161 GC heap before
{Heap before GC invocations=2 (full 0):
 PSYoungGen      total 17920K, used 17891K [0x00000000ec700000, 0x00000000edb00000, 0x0000000100000000)
  eden space 15360K, 100% used [0x00000000ec700000,0x00000000ed600000,0x00000000ed600000)
  from space 2560K, 98% used [0x00000000ed600000,0x00000000ed878d90,0x00000000ed880000)
  to   space 2560K, 0% used [0x00000000ed880000,0x00000000ed880000,0x00000000edb00000)
 ParOldGen       total 40960K, used 1222K [0x00000000c5400000, 0x00000000c7c00000, 0x00000000ec700000)
  object space 40960K, 2% used [0x00000000c5400000,0x00000000c5531a30,0x00000000c7c00000)
 Metaspace       used 8891K, capacity 9652K, committed 9856K, reserved 1058816K
  class space    used 1012K, capacity 1072K, committed 1152K, reserved 1048576K
Event: 1.169 GC heap after
Heap after GC invocations=2 (full 0):
 PSYoungGen      total 17920K, used 2532K [0x00000000ec700000, 0x00000000eea00000, 0x0000000100000000)
  eden space 15360K, 0% used [0x00000000ec700000,0x00000000ec700000,0x00000000ed600000)
  from space 2560K, 98% used [0x00000000ed880000,0x00000000edaf9388,0x00000000edb00000)
  to   space 2560K, 0% used [0x00000000ed600000,0x00000000ed600000,0x00000000ed880000)
 ParOldGen       total 40960K, used 3357K [0x00000000c5400000, 0x00000000c7c00000, 0x00000000ec700000)
  object space 40960K, 8% used [0x00000000c5400000,0x00000000c57474c0,0x00000000c7c00000)
 Metaspace       used 8891K, capacity 9652K, committed 9856K, reserved 1058816K
  class space    used 1012K, capacity 1072K, committed 1152K, reserved 1048576K
}
Event: 1.857 GC heap before
{Heap before GC invocations=3 (full 0):
 PSYoungGen      total 17920K, used 17892K [0x00000000ec700000, 0x00000000eea00000, 0x0000000100000000)
  eden space 15360K, 100% used [0x00000000ec700000,0x00000000ed600000,0x00000000ed600000)
  from space 2560K, 98% used [0x00000000ed880000,0x00000000edaf9388,0x00000000edb00000)
  to   space 2560K, 0% used [0x00000000ed600000,0x00000000ed600000,0x00000000ed880000)
 ParOldGen       total 40960K, used 3357K [0x00000000c5400000, 0x00000000c7c00000, 0x00000000ec700000)
  object space 40960K, 8% used [0x00000000c5400000,0x00000000c57474c0,0x00000000c7c00000)
 Metaspace       used 13612K, capacity 13850K, committed 14080K, reserved 1060864K
  class space    used 1605K, capacity 1675K, committed 1792K, reserved 1048576K
Event: 1.866 GC heap after
Heap after GC invocations=3 (full 0):
 PSYoungGen      total 17920K, used 2528K [0x00000000ec700000, 0x00000000eea00000, 0x0000000100000000)
  eden space 15360K, 0% used [0x00000000ec700000,0x00000000ec700000,0x00000000ed600000)
  from space 2560K, 98% used [0x00000000ed600000,0x00000000ed878020,0x00000000ed880000)
  to   space 2560K, 0% used [0x00000000ee780000,0x00000000ee780000,0x00000000eea00000)
 ParOldGen       total 40960K, used 6667K [0x00000000c5400000, 0x00000000c7c00000, 0x00000000ec700000)
  object space 40960K, 16% used [0x00000000c5400000,0x00000000c5a82f90,0x00000000c7c00000)
 Metaspace       used 13612K, capacity 13850K, committed 14080K, reserved 1060864K
  class space    used 1605K, capacity 1675K, committed 1792K, reserved 1048576K
}
Event: 2.337 GC heap before
{Heap before GC invocations=4 (full 0):
 PSYoungGen      total 17920K, used 17888K [0x00000000ec700000, 0x00000000eea00000, 0x0000000100000000)
  eden space 15360K, 100% used [0x00000000ec700000,0x00000000ed600000,0x00000000ed600000)
  from space 2560K, 98% used [0x00000000ed600000,0x00000000ed878020,0x00000000ed880000)
  to   space 2560K, 0% used [0x00000000ee780000,0x00000000ee780000,0x00000000eea00000)
 ParOldGen       total 40960K, used 6667K [0x00000000c5400000, 0x00000000c7c00000, 0x00000000ec700000)
  object space 40960K, 16% used [0x00000000c5400000,0x00000000c5a82f90,0x00000000c7c00000)
 Metaspace       used 16944K, capacity 17232K, committed 17664K, reserved 1064960K
  class space    used 2111K, capacity 2208K, committed 2304K, reserved 1048576K
Event: 2.347 GC heap after
Heap after GC invocations=4 (full 0):
 PSYoungGen      total 33280K, used 2528K [0x00000000ec700000, 0x00000000eea00000, 0x0000000100000000)
  eden space 30720K, 0% used [0x00000000ec700000,0x00000000ec700000,0x00000000ee500000)
  from space 2560K, 98% used [0x00000000ee780000,0x00000000ee9f8040,0x00000000eea00000)
  to   space 2560K, 0% used [0x00000000ee500000,0x00000000ee500000,0x00000000ee780000)
 ParOldGen       total 40960K, used 9958K [0x00000000c5400000, 0x00000000c7c00000, 0x00000000ec700000)
  object space 40960K, 24% used [0x00000000c5400000,0x00000000c5db9aa0,0x00000000c7c00000)
 Metaspace       used 16944K, capacity 17232K, committed 17664K, reserved 1064960K
  class space    used 2111K, capacity 2208K, committed 2304K, reserved 1048576K
}
Event: 3.170 GC heap before
{Heap before GC invocations=5 (full 0):
 PSYoungGen      total 33280K, used 32824K [0x00000000ec700000, 0x00000000eea00000, 0x0000000100000000)
  eden space 30720K, 98% used [0x00000000ec700000,0x00000000ee4960f8,0x00000000ee500000)
  from space 2560K, 98% used [0x00000000ee780000,0x00000000ee9f8040,0x00000000eea00000)
  to   space 2560K, 0% used [0x00000000ee500000,0x00000000ee500000,0x00000000ee780000)
 ParOldGen       total 40960K, used 9958K [0x00000000c5400000, 0x00000000c7c00000, 0x00000000ec700000)
  object space 40960K, 24% used [0x00000000c5400000,0x00000000c5db9aa0,0x00000000c7c00000)
 Metaspace       used 20741K, capacity 21108K, committed 21296K, reserved 1067008K
  class space    used 2719K, capacity 2852K, committed 2864K, reserved 1048576K
Event: 3.189 GC heap after
Heap after GC invocations=5 (full 0):
 PSYoungGen      total 33280K, used 2556K [0x00000000ec700000, 0x00000000f1600000, 0x0000000100000000)
  eden space 30720K, 0% used [0x00000000ec700000,0x00000000ec700000,0x00000000ee500000)
  from space 2560K, 99% used [0x00000000ee500000,0x00000000ee77f188,0x00000000ee780000)
  to   space 9728K, 0% used [0x00000000f0c80000,0x00000000f0c80000,0x00000000f1600000)
 ParOldGen       total 40960K, used 16800K [0x00000000c5400000, 0x00000000c7c00000, 0x00000000ec700000)
  object space 40960K, 41% used [0x00000000c5400000,0x00000000c6468020,0x00000000c7c00000)
 Metaspace       used 20741K, capacity 21108K, committed 21296K, reserved 1067008K
  class space    used 2719K, capacity 2852K, committed 2864K, reserved 1048576K
}
Event: 3.189 GC heap before
{Heap before GC invocations=6 (full 1):
 PSYoungGen      total 33280K, used 2556K [0x00000000ec700000, 0x00000000f1600000, 0x0000000100000000)
  eden space 30720K, 0% used [0x00000000ec700000,0x00000000ec700000,0x00000000ee500000)
  from space 2560K, 99% used [0x00000000ee500000,0x00000000ee77f188,0x00000000ee780000)
  to   space 9728K, 0% used [0x00000000f0c80000,0x00000000f0c80000,0x00000000f1600000)
 ParOldGen       total 40960K, used 16800K [0x00000000c5400000, 0x00000000c7c00000, 0x00000000ec700000)
  object space 40960K, 41% used [0x00000000c5400000,0x00000000c6468020,0x00000000c7c00000)
 Metaspace       used 20741K, capacity 21108K, committed 21296K, reserved 1067008K
  class space    used 2719K, capacity 2852K, committed 2864K, reserved 1048576K
Event: 3.272 GC heap after
Heap after GC invocations=6 (full 1):
 PSYoungGen      total 33280K, used 0K [0x00000000ec700000, 0x00000000f1600000, 0x0000000100000000)
  eden space 30720K, 0% used [0x00000000ec700000,0x00000000ec700000,0x00000000ee500000)
  from space 2560K, 0% used [0x00000000ee500000,0x00000000ee500000,0x00000000ee780000)
  to   space 9728K, 0% used [0x00000000f0c80000,0x00000000f0c80000,0x00000000f1600000)
 ParOldGen       total 43008K, used 10604K [0x00000000c5400000, 0x00000000c7e00000, 0x00000000ec700000)
  object space 43008K, 24% used [0x00000000c5400000,0x00000000c5e5b3f8,0x00000000c7e00000)
 Metaspace       used 20741K, capacity 21108K, committed 21296K, reserved 1067008K
  class space    used 2719K, capacity 2852K, committed 2864K, reserved 1048576K
}

Deoptimization events (10 events):
Event: 2.731 Thread 0x0000000004eb4000 Uncommon trap: reason=unstable_if action=reinterpret pc=0x0000000005173c6c method=java.lang.String.<init>([CII)V @ 18
Event: 2.910 Thread 0x0000000004eb4000 Uncommon trap: reason=unstable_if action=reinterpret pc=0x00000000053e4dc4 method=org.jetbrains.kotlin.com.intellij.openapi.vfs.impl.ZipEntryMap.isTheOne(Lorg/jetbrains/kotlin/com/intellij/openapi/vfs/impl/ArchiveHandler$EntryInfo;Ljava/lang/CharSequence;
Event: 2.948 Thread 0x0000000004eb4000 Uncommon trap: reason=unstable_if action=reinterpret pc=0x00000000053ed68c method=org.jetbrains.kotlin.com.intellij.openapi.vfs.impl.ZipEntryMap.isTheOne(Lorg/jetbrains/kotlin/com/intellij/openapi/vfs/impl/ArchiveHandler$EntryInfo;Ljava/lang/CharSequence;
Event: 3.274 Thread 0x0000000017358800 Uncommon trap: reason=unstable_if action=reinterpret pc=0x0000000005330e00 method=java.util.WeakHashMap.expungeStaleEntries()V @ 9
Event: 3.594 Thread 0x0000000004eb4000 Uncommon trap: reason=class_check action=maybe_recompile pc=0x000000000543bc0c method=org.jetbrains.kotlin.protobuf.CodedInputStream.tryRefillBuffer(I)Z @ 177
Event: 3.598 Thread 0x0000000004eb4000 Uncommon trap: reason=class_check action=maybe_recompile pc=0x000000000543bc0c method=org.jetbrains.kotlin.protobuf.CodedInputStream.tryRefillBuffer(I)Z @ 177
Event: 3.603 Thread 0x0000000004eb4000 Uncommon trap: reason=unstable_if action=reinterpret pc=0x0000000005176cb0 method=java.lang.String.startsWith(Ljava/lang/String;I)Z @ 25
Event: 3.603 Thread 0x0000000004eb4000 Uncommon trap: reason=unstable_if action=reinterpret pc=0x000000000510a878 method=java.lang.String.startsWith(Ljava/lang/String;I)Z @ 25
Event: 3.604 Thread 0x0000000004eb4000 Uncommon trap: reason=class_check action=maybe_recompile pc=0x000000000543bc0c method=org.jetbrains.kotlin.protobuf.CodedInputStream.tryRefillBuffer(I)Z @ 177
Event: 3.604 Thread 0x0000000004eb4000 Uncommon trap: reason=class_check action=maybe_recompile pc=0x000000000543bc0c method=org.jetbrains.kotlin.protobuf.CodedInputStream.tryRefillBuffer(I)Z @ 177

Classes redefined (0 events):
No events

Internal exceptions (10 events):
Event: 0.475 Thread 0x0000000004eb4000 Exception <a 'java/security/PrivilegedActionException'> (0x00000000ed098648) thrown at [D:\src\AOSP-openjdk-cygwin\jdk8u\hotspot\src\share\vm\prims\jvm.cpp, line 1390]
Event: 0.476 Thread 0x0000000004eb4000 Exception <a 'java/security/PrivilegedActionException'> (0x00000000ed099f50) thrown at [D:\src\AOSP-openjdk-cygwin\jdk8u\hotspot\src\share\vm\prims\jvm.cpp, line 1390]
Event: 0.476 Thread 0x0000000004eb4000 Exception <a 'java/security/PrivilegedActionException'> (0x00000000ed09a348) thrown at [D:\src\AOSP-openjdk-cygwin\jdk8u\hotspot\src\share\vm\prims\jvm.cpp, line 1390]
Event: 0.991 Thread 0x0000000004eb4000 Exception <a 'java/lang/ArrayIndexOutOfBoundsException'> (0x00000000ed194588) thrown at [D:\src\AOSP-openjdk-cygwin\jdk8u\hotspot\src\share\vm\runtime\sharedRuntime.cpp, line 605]
Event: 1.537 Thread 0x0000000004eb4000 Exception <a 'java/lang/NoSuchFieldError': method resolution failed> (0x00000000ecf97b50) thrown at [D:\src\AOSP-openjdk-cygwin\jdk8u\hotspot\src\share\vm\prims\methodHandles.cpp, line 1167]
Event: 1.541 Thread 0x0000000004eb4000 Exception <a 'java/lang/NoSuchFieldError': method resolution failed> (0x00000000ecfa5058) thrown at [D:\src\AOSP-openjdk-cygwin\jdk8u\hotspot\src\share\vm\prims\methodHandles.cpp, line 1167]
Event: 2.034 Thread 0x0000000004eb4000 Exception <a 'java/lang/NoSuchMethodError': java.lang.Object.lambda$comparing$77a9974f$1(Ljava/util/function/Function;Ljava/lang/Object;Ljava/lang/Object;)I> (0x00000000eccedc68) thrown at [D:\src\AOSP-openjdk-cygwin\jdk8u\hotspot\src\share\vm\interpreter
Event: 2.209 Thread 0x0000000004eb4000 Exception <a 'java/lang/ArrayIndexOutOfBoundsException': 60> (0x00000000ed277e40) thrown at [D:\src\AOSP-openjdk-cygwin\jdk8u\hotspot\src\share\vm\interpreter\interpreterRuntime.cpp, line 366]
Event: 2.475 Thread 0x0000000004eb4000 Exception <a 'java/lang/NoSuchMethodError': java.lang.Object.lambda$static$0(I)[Lorg/jetbrains/kotlin/com/intellij/openapi/editor/event/DocumentListener;> (0x00000000ecb10ce8) thrown at [D:\src\AOSP-openjdk-cygwin\jdk8u\hotspot\src\share\vm\interpreter\li
Event: 2.532 Thread 0x0000000004eb4000 Exception <a 'java/lang/NoSuchMethodError': java.lang.Object.lambda$static$0(I)[Lorg/jetbrains/kotlin/com/intellij/psi/PsiAnnotation;> (0x00000000ecce2308) thrown at [D:\src\AOSP-openjdk-cygwin\jdk8u\hotspot\src\share\vm\interpreter\linkResolver.cpp, line

Events (10 events):
Event: 3.691 loading class org/jetbrains/kotlin/resolve/calls/checkers/DslScopeViolationCallChecker
Event: 3.691 loading class org/jetbrains/kotlin/resolve/calls/checkers/DslScopeViolationCallChecker done
Event: 3.692 loading class org/jetbrains/kotlin/resolve/checkers/MissingDependencyClassChecker
Event: 3.692 loading class org/jetbrains/kotlin/resolve/checkers/MissingDependencyClassChecker done
Event: 3.693 loading class org/jetbrains/kotlin/resolve/calls/checkers/CallableReferenceCompatibilityChecker
Event: 3.693 loading class org/jetbrains/kotlin/resolve/calls/checkers/CallableReferenceCompatibilityChecker done
Event: 3.694 loading class org/jetbrains/kotlin/resolve/calls/checkers/LateinitIntrinsicApplicabilityChecker
Event: 3.694 loading class org/jetbrains/kotlin/resolve/calls/checkers/LateinitIntrinsicApplicabilityChecker done
Event: 3.695 loading class org/jetbrains/kotlin/resolve/calls/checkers/UnderscoreUsageChecker
Event: 3.695 loading class org/jetbrains/kotlin/resolve/calls/checkers/UnderscoreUsageChecker done


Dynamic libraries:
0x00007ff69dff0000 - 0x00007ff69e021000 	C:\Program Files\Android\Android Studio\jre\jre\bin\java.exe
0x00007ff994340000 - 0x00007ff994520000 	C:\WINDOWS\SYSTEM32\ntdll.dll
0x00007ff991e50000 - 0x00007ff991efe000 	C:\WINDOWS\System32\KERNEL32.DLL
0x00007ff9911a0000 - 0x00007ff991406000 	C:\WINDOWS\System32\KERNELBASE.dll
0x00007ff9920d0000 - 0x00007ff992171000 	C:\WINDOWS\System32\ADVAPI32.dll
0x00007ff994080000 - 0x00007ff99411d000 	C:\WINDOWS\System32\msvcrt.dll
0x00007ff9941a0000 - 0x00007ff9941fb000 	C:\WINDOWS\System32\sechost.dll
0x00007ff993760000 - 0x00007ff99387f000 	C:\WINDOWS\System32\RPCRT4.dll
0x00007ff9919a0000 - 0x00007ff991b2f000 	C:\WINDOWS\System32\USER32.dll
0x00007ff990fe0000 - 0x00007ff991000000 	C:\WINDOWS\System32\win32u.dll
0x00007ff994200000 - 0x00007ff994228000 	C:\WINDOWS\System32\GDI32.dll
0x00007ff991000000 - 0x00007ff991193000 	C:\WINDOWS\System32\gdi32full.dll
0x00007ff990f40000 - 0x00007ff990fdb000 	C:\WINDOWS\System32\msvcp_win.dll
0x00007ff991540000 - 0x00007ff991636000 	C:\WINDOWS\System32\ucrtbase.dll
0x00007ff9838e0000 - 0x00007ff983b49000 	C:\WINDOWS\WinSxS\amd64_microsoft.windows.common-controls_6595b64144ccf1df_6.0.16299.192_none_15c8cdae9364c23b\COMCTL32.dll
0x00007ff993cd0000 - 0x00007ff993fd8000 	C:\WINDOWS\System32\combase.dll
0x00007ff9914c0000 - 0x00007ff991532000 	C:\WINDOWS\System32\bcryptPrimitives.dll
0x00007ff991f00000 - 0x00007ff991f2d000 	C:\WINDOWS\System32\IMM32.DLL
0x0000000053c00000 - 0x0000000053cd2000 	C:\Program Files\Android\Android Studio\jre\jre\bin\msvcr100.dll
0x0000000053ce0000 - 0x000000005451e000 	C:\Program Files\Android\Android Studio\jre\jre\bin\server\jvm.dll
0x00007ff9920b0000 - 0x00007ff9920b8000 	C:\WINDOWS\System32\PSAPI.DLL
0x00007ff98e650000 - 0x00007ff98e673000 	C:\WINDOWS\SYSTEM32\WINMM.dll
0x00007ff984c90000 - 0x00007ff984c9a000 	C:\WINDOWS\SYSTEM32\VERSION.dll
0x00007ff983780000 - 0x00007ff983789000 	C:\WINDOWS\SYSTEM32\WSOCK32.dll
0x00007ff992040000 - 0x00007ff9920ac000 	C:\WINDOWS\System32\WS2_32.dll
0x00007ff98e620000 - 0x00007ff98e64a000 	C:\WINDOWS\SYSTEM32\WINMMBASE.dll
0x00007ff991470000 - 0x00007ff9914ba000 	C:\WINDOWS\System32\cfgmgr32.dll
0x00007ff983730000 - 0x00007ff98373f000 	C:\Program Files\Android\Android Studio\jre\jre\bin\verify.dll
0x00007ff97e070000 - 0x00007ff97e099000 	C:\Program Files\Android\Android Studio\jre\jre\bin\java.dll
0x00007ff97df20000 - 0x00007ff97df36000 	C:\Program Files\Android\Android Studio\jre\jre\bin\zip.dll
0x00007ff992320000 - 0x00007ff993756000 	C:\WINDOWS\System32\SHELL32.dll
0x00007ff9918f0000 - 0x00007ff991996000 	C:\WINDOWS\System32\shcore.dll
0x00007ff990740000 - 0x00007ff990e87000 	C:\WINDOWS\System32\windows.storage.dll
0x00007ff991890000 - 0x00007ff9918e1000 	C:\WINDOWS\System32\shlwapi.dll
0x00007ff990690000 - 0x00007ff9906a1000 	C:\WINDOWS\System32\kernel.appcore.dll
0x00007ff9906f0000 - 0x00007ff99073c000 	C:\WINDOWS\System32\powrprof.dll
0x00007ff9906d0000 - 0x00007ff9906eb000 	C:\WINDOWS\System32\profapi.dll
0x00007ff97df00000 - 0x00007ff97df1a000 	C:\Program Files\Android\Android Studio\jre\jre\bin\net.dll
0x00007ff98fec0000 - 0x00007ff98ff26000 	C:\WINDOWS\system32\mswsock.dll
0x00007ff97de30000 - 0x00007ff97de41000 	C:\Program Files\Android\Android Studio\jre\jre\bin\nio.dll

VM Arguments:
java_command: org.jetbrains.kotlin.cli.jvm.K2JVMCompiler -Xadd-compiler-builtins -Xbuild-file=C:\Users\Kent\AppData\Local\Temp\kjps6885116418529835907app_debug.script.xml -classpath C:\Users\Kent\.gradle\caches\modules-2\files-2.1\org.jetbrains.kotlin\kotlin-stdlib-jre7\1.2.21\3beb08c67673033183c8652572680587876e64b5\kotlin-stdlib-jre7-1.2.21.jar;C:\Users\Kent\.gradle\caches\transforms-1\files-1.1\appcompat-v7-26.1.0.aar\ae80160f26bf509f96ec854a18fd92f2\jars\classes.jar;C:\Users\Kent\.gradle\caches\modules-2\files-2.1\org.jetbrains.anko\anko\0.10.4\6d2ec8750b434fb56c94bf7f9dc71decbb3231b5\anko-0.10.4.jar;C:\Users\Kent\.gradle\caches\modules-2\files-2.1\com.squareup.picasso\picasso\2.5.2\7446d06ec8d4f7ffcc53f1da37c95f200dcb9387\picasso-2.5.2.jar;C:\Users\Kent\.gradle\caches\transforms-1\files-1.1\constraint-layout-1.0.2.aar\e057037e2a989d2bc266822a56351e3c\jars\classes.jar;C:\Users\Kent\.gradle\caches\transforms-1\files-1.1\recyclerview-v7-26.1.0.aar\6461f20b321a80e50038e66a1bf65382\jars\classes.jar;C:\Users\Kent\.gradle\caches\modules-2\files-2.1\org.jetbrains.anko\anko-sqlite\0.10.4\410ab42cf2baa28e4b96b0b10309be04d7ea2740\anko-sqlite-0.10.4.jar;C:\Users\Kent\.gradle\caches\modules-2\files-2.1\org.jetbrains.anko\anko-sdk25\0.10.4\2990927f1ce037724b8cd17369ed5435c7a139a3\anko-sdk25-0.10.4.jar;C:\Users\Kent\.gradle\caches\modules-2\files-2.1\org.jetbrains.anko\anko-sdk25-coroutines\0.10.4\5fed3c3e5a9d6ff63b3cd18fc8c60ece6d3cd83d\anko-sdk25-coroutines-0.10.4.jar;C:\Users\Kent\.gradle\caches\modules-2\files-2.1\org.jetbrains.anko\anko-appcompat-v7\0.10.4\a667e7286a1563c55441faa8f31acc9a6f2e8903\anko-appcompat-v7-0.10.4.jar;C:\Users\Kent\.gradle\caches\modules-2\files-2.1\org.jetbrains.anko\anko-support-v4\0.10.4\6ed4b1d6d2343028b727e18e5747b4bec645828\anko-support-v4-0.10.4.jar;C:\Users\Kent\.gradle\caches\modules-2\files-2.1\org.jetbrains.anko\anko-appcompat-v7-coroutines\0.10.4\c184a00a6b06c1f9db488dade44ce5eec78c8638\anko-appcompat-v7-coroutines-0.10.4.jar;C:\User
java_class_path (initial): C:\Users\Kent\.gradle\caches\modules-2\files-2.1\org.jetbrains.kotlin\kotlin-compiler-embeddable\1.2.21\39456b64a42dc359e385697e2e93b5cba52e197f\kotlin-compiler-embeddable-1.2.21.jar;C:\Users\Kent\.gradle\caches\modules-2\files-2.1\org.jetbrains.kotlin\kotlin-stdlib\1.2.21\d64187eb2d9d1521be3421aa8c6774a8625cdde8\kotlin-stdlib-1.2.21.jar;C:\Users\Kent\.gradle\caches\modules-2\files-2.1\org.jetbrains.kotlin\kotlin-script-runtime\1.2.21\40c37b171146be48a989ab74b937b17a96d28d87\kotlin-script-runtime-1.2.21.jar;C:\Users\Kent\.gradle\caches\modules-2\files-2.1\org.jetbrains.kotlin\kotlin-reflect\1.2.21\3159ff5936aa570a90050d385cb717fbb6c1723a\kotlin-reflect-1.2.21.jar;C:\Program Files\Android\Android Studio\jre\lib\tools.jar
Launcher Type: SUN_STANDARD

Environment Variables:
PATH=C:\WINDOWS\system32;C:\WINDOWS;C:\WINDOWS\System32\Wbem;C:\WINDOWS\System32\WindowsPowerShell\v1.0\;C:\Program Files\Git\cmd;C:\Users\Kent\AppData\Local\Microsoft\WindowsApps;
USERNAME=Kent
OS=Windows_NT
PROCESSOR_IDENTIFIER=Intel64 Family 6 Model 37 Stepping 5, GenuineIntel



---------------  S Y S T E M  ---------------

OS: Windows 10.0 , 64 bit Build 16299 (10.0.16299.15)

CPU:total 4 (initial active 4) (2 cores per cpu, 2 threads per core) family 6 model 37 stepping 5, cmov, cx8, fxsr, mmx, sse, sse2, sse3, ssse3, sse4.1, sse4.2, popcnt, ht, tsc, tscinvbit

Memory: 4k page, physical 3848288k(1661924k free), swap 5246048k(1184k free)

vm_info: OpenJDK 64-Bit Server VM (25.152-b01) for windows-amd64 JRE (1.8.0_152-release-915-b01), built by "builder" with MS VC++ 10.0 (VS2010)

time: Wed Mar 14 10:35:51 2018
elapsed time: 3 seconds (0d 0h 0m 3s)

