#
# There is insufficient memory for the Java Runtime Environment to continue.
# Native memory allocation (malloc) failed to allocate 1020416 bytes for Chunk::new
# Possible reasons:
#   The system is out of physical RAM or swap space
#   In 32 bit mode, the process size limit was hit
# Possible solutions:
#   Reduce memory load on the system
#   Increase physical memory or swap space
#   Check if swap backing store is full
#   Use 64 bit Java on a 64 bit OS
#   Decrease Java heap size (-Xmx/-Xms)
#   Decrease number of Java threads
#   Decrease Java thread stack sizes (-Xss)
#   Set larger code cache with -XX:ReservedCodeCacheSize=
# This output file may be truncated or incomplete.
#
#  Out of Memory Error (allocation.cpp:390), pid=3424, tid=0x00000000000015dc
#
# JRE version: OpenJDK Runtime Environment (8.0_152-b01) (build 1.8.0_152-release-915-b01)
# Java VM: OpenJDK 64-Bit Server VM (25.152-b01 mixed mode windows-amd64 compressed oops)
# Failed to write core dump. Minidumps are not enabled by default on client versions of Windows
#

---------------  T H R E A D  ---------------

Current thread (0x0000000018644000):  JavaThread "C2 CompilerThread1" daemon [_thread_in_native, id=5596, stack(0x0000000019d50000,0x0000000019e50000)]

Stack: [0x0000000019d50000,0x0000000019e50000]
[error occurred during error reporting (printing stack bounds), id 0xc0000005]

Native frames: (J=compiled Java code, j=interpreted, Vv=VM code, C=native code)


Current CompileTask:
C2:3179387 17945       4       org.gradle.internal.graph.CachingDirectedGraphWalker::doSearch (650 bytes)


---------------  P R O C E S S  ---------------

Java Threads: ( => current thread )
  0x000000001f0d7800 JavaThread "Task worker for ':' Thread 3" [_thread_in_native, id=7976, stack(0x0000000039e50000,0x0000000039f50000)]
  0x000000001f0d5000 JavaThread "Task worker for ':' Thread 2" [_thread_blocked, id=7068, stack(0x0000000039d50000,0x0000000039e50000)]
  0x000000001f0d9000 JavaThread "Task worker for ':'" [_thread_blocked, id=7788, stack(0x0000000039c50000,0x0000000039d50000)]
  0x000000001f0d6800 JavaThread "Cache worker for task history cache (C:\Users\Kent\AndroidStudioProjects\PokeAPI20\.gradle\4.1\taskHistory)" [_thread_blocked, id=504, stack(0x0000000039b50000,0x0000000039c50000)]
  0x000000001f0d4800 JavaThread "Cache worker for file content cache (C:\Users\Kent\AndroidStudioProjects\PokeAPI20\.gradle\4.1\fileContent)" [_thread_blocked, id=6140, stack(0x0000000039a50000,0x0000000039b50000)]
  0x000000001ab11800 JavaThread "build operations Thread 4" [_thread_blocked, id=2432, stack(0x0000000039950000,0x0000000039a50000)]
  0x000000001ab0f800 JavaThread "build operations Thread 3" [_thread_blocked, id=4628, stack(0x0000000039850000,0x0000000039950000)]
  0x000000001ab13000 JavaThread "build operations Thread 2" [_thread_blocked, id=8632, stack(0x0000000039750000,0x0000000039850000)]
  0x000000001ab12800 JavaThread "build operations" [_thread_blocked, id=6464, stack(0x0000000039650000,0x0000000039750000)]
  0x000000001ab0e800 JavaThread "Cache worker for Artifact transforms cache (C:\Users\Kent\.gradle\caches\transforms-1)" [_thread_blocked, id=5584, stack(0x0000000039550000,0x0000000039650000)]
  0x000000001ab10000 JavaThread "Cache worker for file hash cache (C:\Users\Kent\AndroidStudioProjects\PokeAPI20\.gradle\4.1\fileHashes)" [_thread_blocked, id=5404, stack(0x0000000039450000,0x0000000039550000)]
  0x000000001ab15800 JavaThread "Stdin handler" [_thread_blocked, id=7940, stack(0x0000000039350000,0x0000000039450000)]
  0x000000001ab07000 JavaThread "Asynchronous log dispatcher for DefaultDaemonConnection: socket connection from /127.0.0.1:51192 to /127.0.0.1:52068" [_thread_blocked, id=1532, stack(0x0000000039250000,0x0000000039350000)]
  0x000000001ab0e000 JavaThread "Daemon worker Thread 8" [_thread_blocked, id=356, stack(0x0000000039150000,0x0000000039250000)]
  0x000000001ab0c800 JavaThread "Cancel handler" [_thread_blocked, id=4528, stack(0x0000000039050000,0x0000000039150000)]
  0x000000001ab0a000 JavaThread "Handler for socket connection from /127.0.0.1:51192 to /127.0.0.1:52068" [_thread_in_native, id=6560, stack(0x0000000038f50000,0x0000000039050000)]
  0x000000001ab08000 JavaThread "Daemon Thread 8" [_thread_blocked, id=6344, stack(0x0000000038e50000,0x0000000038f50000)]
  0x000000001ab06000 JavaThread "RMI Reaper" [_thread_blocked, id=3688, stack(0x000000002b250000,0x000000002b350000)]
  0x000000001ab08800 JavaThread "RMI TCP Accept-0" daemon [_thread_in_native, id=1308, stack(0x000000002b150000,0x000000002b250000)]
  0x000000001ab0d000 JavaThread "GC Daemon" daemon [_thread_blocked, id=7832, stack(0x000000002b050000,0x000000002b150000)]
  0x000000001ab09800 JavaThread "RMI Scheduler(0)" daemon [_thread_blocked, id=7220, stack(0x000000002ae50000,0x000000002af50000)]
  0x000000001e807000 JavaThread "Memory manager" [_thread_blocked, id=6728, stack(0x0000000023fc0000,0x00000000240c0000)]
  0x000000001d503000 JavaThread "File lock request listener" [_thread_in_native, id=7436, stack(0x000000001df70000,0x000000001e070000)]
  0x000000001a005000 JavaThread "Cache worker for file hash cache (C:\Users\Kent\.gradle\caches\4.1\fileHashes)" [_thread_blocked, id=1424, stack(0x000000001de70000,0x000000001df70000)]
  0x000000001ba92000 JavaThread "Daemon periodic checks" [_thread_blocked, id=7792, stack(0x000000001c5a0000,0x000000001c6a0000)]
  0x000000001b245000 JavaThread "Incoming local TCP Connector on port 51192" [_thread_in_native, id=5372, stack(0x000000001c360000,0x000000001c460000)]
  0x000000001864c000 JavaThread "Service Thread" daemon [_thread_blocked, id=4644, stack(0x000000001a350000,0x000000001a450000)]
  0x0000000018649000 JavaThread "C1 CompilerThread2" daemon [_thread_blocked, id=3080, stack(0x0000000019e50000,0x0000000019f50000)]
=>0x0000000018644000 JavaThread "C2 CompilerThread1" daemon [_thread_in_native, id=5596, stack(0x0000000019d50000,0x0000000019e50000)]
  0x00000000185ea800 JavaThread "C2 CompilerThread0" daemon [_thread_blocked, id=4836, stack(0x0000000019c50000,0x0000000019d50000)]
  0x00000000185e9800 JavaThread "Attach Listener" daemon [_thread_blocked, id=4856, stack(0x0000000019b50000,0x0000000019c50000)]
  0x00000000185e8000 JavaThread "Signal Dispatcher" daemon [_thread_blocked, id=8140, stack(0x0000000019a50000,0x0000000019b50000)]
  0x00000000185d8800 JavaThread "Finalizer" daemon [_thread_blocked, id=6516, stack(0x0000000019860000,0x0000000019960000)]
  0x00000000185b7000 JavaThread "Reference Handler" daemon [_thread_blocked, id=4196, stack(0x0000000019760000,0x0000000019860000)]
  0x0000000004b82800 JavaThread "main" [_thread_blocked, id=2396, stack(0x00000000049b0000,0x0000000004ab0000)]

Other Threads:
  0x00000000185b4000 VMThread [stack: 0x0000000019660000,0x0000000019760000] [id=7796]
  0x000000001864e800 WatcherThread [stack: 0x000000001a450000,0x000000001a550000] [id=6416]

VM state:not at safepoint (normal execution)

VM Mutex/Monitor currently owned by a thread: None

Heap:
 PSYoungGen      total 460800K, used 150134K [0x00000000e0000000, 0x00000000fed80000, 0x0000000100000000)
  eden space 431616K, 31% used [0x00000000e0000000,0x00000000e8570750,0x00000000fa580000)
  from space 29184K, 46% used [0x00000000fd100000,0x00000000fde2d228,0x00000000fed80000)
  to   space 36864K, 0% used [0x00000000fa580000,0x00000000fa580000,0x00000000fc980000)
 ParOldGen       total 135168K, used 74332K [0x00000000a0000000, 0x00000000a8400000, 0x00000000e0000000)
  object space 135168K, 54% used [0x00000000a0000000,0x00000000a48970e0,0x00000000a8400000)
 Metaspace       used 81955K, capacity 86612K, committed 86744K, reserved 1124352K
  class space    used 10481K, capacity 11449K, committed 11520K, reserved 1048576K

Card table byte_map: [0x0000000014040000,0x0000000014350000] byte_map_base: 0x0000000013b40000

Marking Bits: (ParMarkBitMap*) 0x000000006a603950
 Begin Bits: [0x0000000014950000, 0x0000000016150000)
 End Bits:   [0x0000000016150000, 0x0000000017950000)

Polling page: 0x0000000002d10000

CodeCache: size=245760Kb used=48153Kb max_used=48223Kb free=197606Kb
 bounds [0x0000000004c80000, 0x0000000007bf0000, 0x0000000013c80000]
 total_blobs=15217 nmethods=14337 adapters=793
 compilation: enabled

Compilation events (10 events):
Event: 3177.914 Thread 0x0000000018649000 17948       1       org.gradle.api.internal.collections.CollectionFilter::getType (5 bytes)
Event: 3177.914 Thread 0x0000000018649000 nmethod 17948 0x0000000005e64bd0 code [0x0000000005e64d20, 0x0000000005e64e30]
Event: 3177.916 Thread 0x00000000185ea800 17949       4       org.gradle.internal.service.DefaultServiceRegistry$SingletonService::getAll (24 bytes)
Event: 3177.944 Thread 0x0000000018649000 17950       3       java.util.concurrent.atomic.AtomicLong::incrementAndGet (14 bytes)
Event: 3177.945 Thread 0x0000000018649000 nmethod 17950 0x0000000007372d50 code [0x0000000007372ea0, 0x0000000007373010]
Event: 3177.952 Thread 0x00000000185ea800 nmethod 17949 0x000000000736f350 code [0x000000000736f4c0, 0x000000000736f8f8]
Event: 3177.967 Thread 0x0000000018649000 17951       3       org.gradle.internal.hash.HashUtil::createHash (25 bytes)
Event: 3177.968 Thread 0x0000000018649000 nmethod 17951 0x0000000004e1f5d0 code [0x0000000004e1f7c0, 0x0000000004e20038]
Event: 3178.000 Thread 0x0000000018649000 17952   !   3       org.gradle.internal.hash.HashUtil::createMessageDigest (11 bytes)
Event: 3178.000 Thread 0x0000000018649000 nmethod 17952 0x0000000004f4ffd0 code [0x0000000004f50140, 0x0000000004f502f8]

GC Heap History (10 events):
Event: 817.627 GC heap before
{Heap before GC invocations=20 (full 4):
 PSYoungGen      total 280064K, used 261434K [0x00000000e0000000, 0x00000000f8e80000, 0x0000000100000000)
  eden space 261632K, 99% used [0x00000000e0000000,0x00000000eff4e920,0x00000000eff80000)
  from space 18432K, 0% used [0x00000000eff80000,0x00000000eff80000,0x00000000f1180000)
  to   space 37376K, 0% used [0x00000000f6a00000,0x00000000f6a00000,0x00000000f8e80000)
 ParOldGen       total 135168K, used 73794K [0x00000000a0000000, 0x00000000a8400000, 0x00000000e0000000)
  object space 135168K, 54% used [0x00000000a0000000,0x00000000a4810b80,0x00000000a8400000)
 Metaspace       used 78795K, capacity 81908K, committed 82136K, reserved 1120256K
  class space    used 10209K, capacity 10919K, committed 11008K, reserved 1048576K
Event: 817.657 GC heap after
Heap after GC invocations=20 (full 4):
 PSYoungGen      total 372224K, used 15826K [0x00000000e0000000, 0x00000000f9580000, 0x0000000100000000)
  eden space 334848K, 0% used [0x00000000e0000000,0x00000000e0000000,0x00000000f4700000)
  from space 37376K, 42% used [0x00000000f6a00000,0x00000000f7974a18,0x00000000f8e80000)
  to   space 35840K, 0% used [0x00000000f4700000,0x00000000f4700000,0x00000000f6a00000)
 ParOldGen       total 135168K, used 73802K [0x00000000a0000000, 0x00000000a8400000, 0x00000000e0000000)
  object space 135168K, 54% used [0x00000000a0000000,0x00000000a4812b80,0x00000000a8400000)
 Metaspace       used 78795K, capacity 81908K, committed 82136K, reserved 1120256K
  class space    used 10209K, capacity 10919K, committed 11008K, reserved 1048576K
}
Event: 1349.230 GC heap before
{Heap before GC invocations=21 (full 4):
 PSYoungGen      total 372224K, used 350674K [0x00000000e0000000, 0x00000000f9580000, 0x0000000100000000)
  eden space 334848K, 100% used [0x00000000e0000000,0x00000000f4700000,0x00000000f4700000)
  from space 37376K, 42% used [0x00000000f6a00000,0x00000000f7974a18,0x00000000f8e80000)
  to   space 35840K, 0% used [0x00000000f4700000,0x00000000f4700000,0x00000000f6a00000)
 ParOldGen       total 135168K, used 73802K [0x00000000a0000000, 0x00000000a8400000, 0x00000000e0000000)
  object space 135168K, 54% used [0x00000000a0000000,0x00000000a4812b80,0x00000000a8400000)
 Metaspace       used 80013K, capacity 83334K, committed 83416K, reserved 1122304K
  class space    used 10280K, capacity 11006K, committed 11008K, reserved 1048576K
Event: 1349.425 GC heap after
Heap after GC invocations=21 (full 4):
 PSYoungGen      total 370688K, used 33966K [0x00000000e0000000, 0x00000000fd280000, 0x0000000100000000)
  eden space 334848K, 0% used [0x00000000e0000000,0x00000000e0000000,0x00000000f4700000)
  from space 35840K, 94% used [0x00000000f4700000,0x00000000f682bb20,0x00000000f6a00000)
  to   space 40960K, 0% used [0x00000000faa80000,0x00000000faa80000,0x00000000fd280000)
 ParOldGen       total 135168K, used 74308K [0x00000000a0000000, 0x00000000a8400000, 0x00000000e0000000)
  object space 135168K, 54% used [0x00000000a0000000,0x00000000a48910e0,0x00000000a8400000)
 Metaspace       used 80013K, capacity 83334K, committed 83416K, reserved 1122304K
  class space    used 10280K, capacity 11006K, committed 11008K, reserved 1048576K
}
Event: 1638.398 GC heap before
{Heap before GC invocations=22 (full 4):
 PSYoungGen      total 370688K, used 368814K [0x00000000e0000000, 0x00000000fd280000, 0x0000000100000000)
  eden space 334848K, 100% used [0x00000000e0000000,0x00000000f4700000,0x00000000f4700000)
  from space 35840K, 94% used [0x00000000f4700000,0x00000000f682bb20,0x00000000f6a00000)
  to   space 40960K, 0% used [0x00000000faa80000,0x00000000faa80000,0x00000000fd280000)
 ParOldGen       total 135168K, used 74308K [0x00000000a0000000, 0x00000000a8400000, 0x00000000e0000000)
  object space 135168K, 54% used [0x00000000a0000000,0x00000000a48910e0,0x00000000a8400000)
 Metaspace       used 80274K, capacity 83682K, committed 83800K, reserved 1122304K
  class space    used 10295K, capacity 11052K, committed 11136K, reserved 1048576K
Event: 1638.484 GC heap after
Heap after GC invocations=22 (full 4):
 PSYoungGen      total 416256K, used 8460K [0x00000000e0000000, 0x00000000fc780000, 0x0000000100000000)
  eden space 386560K, 0% used [0x00000000e0000000,0x00000000e0000000,0x00000000f7980000)
  from space 29696K, 28% used [0x00000000faa80000,0x00000000fb2c3088,0x00000000fc780000)
  to   space 39936K, 0% used [0x00000000f7980000,0x00000000f7980000,0x00000000fa080000)
 ParOldGen       total 135168K, used 74316K [0x00000000a0000000, 0x00000000a8400000, 0x00000000e0000000)
  object space 135168K, 54% used [0x00000000a0000000,0x00000000a48930e0,0x00000000a8400000)
 Metaspace       used 80274K, capacity 83682K, committed 83800K, reserved 1122304K
  class space    used 10295K, capacity 11052K, committed 11136K, reserved 1048576K
}
Event: 2603.799 GC heap before
{Heap before GC invocations=23 (full 4):
 PSYoungGen      total 416256K, used 395020K [0x00000000e0000000, 0x00000000fc780000, 0x0000000100000000)
  eden space 386560K, 100% used [0x00000000e0000000,0x00000000f7980000,0x00000000f7980000)
  from space 29696K, 28% used [0x00000000faa80000,0x00000000fb2c3088,0x00000000fc780000)
  to   space 39936K, 0% used [0x00000000f7980000,0x00000000f7980000,0x00000000fa080000)
 ParOldGen       total 135168K, used 74316K [0x00000000a0000000, 0x00000000a8400000, 0x00000000e0000000)
  object space 135168K, 54% used [0x00000000a0000000,0x00000000a48930e0,0x00000000a8400000)
 Metaspace       used 81167K, capacity 85294K, committed 85592K, reserved 1124352K
  class space    used 10397K, capacity 11274K, committed 11392K, reserved 1048576K
Event: 2603.948 GC heap after
Heap after GC invocations=23 (full 4):
 PSYoungGen      total 426496K, used 4151K [0x00000000e0000000, 0x00000000ff780000, 0x0000000100000000)
  eden space 386560K, 0% used [0x00000000e0000000,0x00000000e0000000,0x00000000f7980000)
  from space 39936K, 10% used [0x00000000f7980000,0x00000000f7d8dde0,0x00000000fa080000)
  to   space 39424K, 0% used [0x00000000fd100000,0x00000000fd100000,0x00000000ff780000)
 ParOldGen       total 135168K, used 74324K [0x00000000a0000000, 0x00000000a8400000, 0x00000000e0000000)
  object space 135168K, 54% used [0x00000000a0000000,0x00000000a48950e0,0x00000000a8400000)
 Metaspace       used 81167K, capacity 85294K, committed 85592K, reserved 1124352K
  class space    used 10397K, capacity 11274K, committed 11392K, reserved 1048576K
}
Event: 2701.547 GC heap before
{Heap before GC invocations=24 (full 4):
 PSYoungGen      total 426496K, used 388826K [0x00000000e0000000, 0x00000000ff780000, 0x0000000100000000)
  eden space 386560K, 99% used [0x00000000e0000000,0x00000000f77a8b88,0x00000000f7980000)
  from space 39936K, 10% used [0x00000000f7980000,0x00000000f7d8dde0,0x00000000fa080000)
  to   space 39424K, 0% used [0x00000000fd100000,0x00000000fd100000,0x00000000ff780000)
 ParOldGen       total 135168K, used 74324K [0x00000000a0000000, 0x00000000a8400000, 0x00000000e0000000)
  object space 135168K, 54% used [0x00000000a0000000,0x00000000a48950e0,0x00000000a8400000)
 Metaspace       used 81679K, capacity 86070K, committed 86104K, reserved 1124352K
  class space    used 10444K, capacity 11360K, committed 11392K, reserved 1048576K
Event: 2701.710 GC heap after
Heap after GC invocations=24 (full 4):
 PSYoungGen      total 460800K, used 13492K [0x00000000e0000000, 0x00000000fed80000, 0x0000000100000000)
  eden space 431616K, 0% used [0x00000000e0000000,0x00000000e0000000,0x00000000fa580000)
  from space 29184K, 46% used [0x00000000fd100000,0x00000000fde2d228,0x00000000fed80000)
  to   space 36864K, 0% used [0x00000000fa580000,0x00000000fa580000,0x00000000fc980000)
 ParOldGen       total 135168K, used 74332K [0x00000000a0000000, 0x00000000a8400000, 0x00000000e0000000)
  object space 135168K, 54% used [0x00000000a0000000,0x00000000a48970e0,0x00000000a8400000)
 Metaspace       used 81679K, capacity 86070K, committed 86104K, reserved 1124352K
  class space    used 10444K, capacity 11360K, committed 11392K, reserved 1048576K
}

Deoptimization events (10 events):
Event: 2509.516 Thread 0x000000001f0d6800 Uncommon trap: reason=unstable_if action=reinterpret pc=0x0000000005b35298 method=java.text.DecimalFormat.format(JLjava/lang/StringBuffer;Ljava/text/Format$FieldDelegate;)Ljava/lang/StringBuffer; @ 136
Event: 2610.346 Thread 0x000000001f0d7800 Uncommon trap: reason=bimorphic action=maybe_recompile pc=0x0000000006a7b8cc method=com.android.utils.XmlUtils.append(Lcom/android/utils/XmlUtils$PositionAwareStringBuilder;Lorg/w3c/dom/Node;Ljava/util/Map;)V @ 1
Event: 2664.497 Thread 0x000000001f0e0800 Uncommon trap: reason=unstable_if action=reinterpret pc=0x0000000005f64af0 method=java.util.concurrent.ConcurrentHashMap.get(Ljava/lang/Object;)Ljava/lang/Object; @ 86
Event: 2692.840 Thread 0x000000001ab07000 Uncommon trap: reason=class_check action=maybe_recompile pc=0x000000000757fa9c method=com.android.dx.cf.code.BytecodeArray.parseInstruction(ILcom/android/dx/cf/code/BytecodeArray$Visitor;)I @ 1867
Event: 2692.840 Thread 0x000000001ab07000 Uncommon trap: reason=class_check action=maybe_recompile pc=0x000000000757fa9c method=com.android.dx.cf.code.BytecodeArray.parseInstruction(ILcom/android/dx/cf/code/BytecodeArray$Visitor;)I @ 1867
Event: 2692.882 Thread 0x000000001ab07000 Uncommon trap: reason=class_check action=maybe_recompile pc=0x000000000757fa9c method=com.android.dx.cf.code.BytecodeArray.parseInstruction(ILcom/android/dx/cf/code/BytecodeArray$Visitor;)I @ 1867
Event: 2692.882 Thread 0x000000001ab07000 Uncommon trap: reason=class_check action=maybe_recompile pc=0x000000000757fa9c method=com.android.dx.cf.code.BytecodeArray.parseInstruction(ILcom/android/dx/cf/code/BytecodeArray$Visitor;)I @ 1867
Event: 3163.794 Thread 0x000000001ab0e000 Uncommon trap: reason=array_check action=maybe_recompile pc=0x0000000007b4c5d0 method=java.util.ComparableTimSort.reverseRange([Ljava/lang/Object;II)V @ 27
Event: 3163.919 Thread 0x000000001ab0e000 Uncommon trap: reason=array_check action=maybe_recompile pc=0x0000000007b4c5d0 method=java.util.ComparableTimSort.reverseRange([Ljava/lang/Object;II)V @ 27
Event: 3176.455 Thread 0x000000001ab0e000 Uncommon trap: reason=null_check action=make_not_entrant pc=0x00000000076fc620 method=org.gradle.api.internal.collections.CollectionFilter.filter(Ljava/lang/Object;)Ljava/lang/Object; @ 5

Classes redefined (0 events):
No events

Internal exceptions (10 events):
Event: 3177.283 Thread 0x000000001ab0e000 Exception <a 'sun/nio/fs/WindowsException'> (0x00000000e79f46f8) thrown at [D:\src\AOSP-openjdk-cygwin\jdk8u\hotspot\src\share\vm\prims\jni.cpp, line 709]
Event: 3177.283 Thread 0x000000001ab0e000 Exception <a 'sun/nio/fs/WindowsException'> (0x00000000e79f5260) thrown at [D:\src\AOSP-openjdk-cygwin\jdk8u\hotspot\src\share\vm\prims\jni.cpp, line 709]
Event: 3177.376 Thread 0x000000001ab0e000 Exception <a 'sun/nio/fs/WindowsException'> (0x00000000e79f87b0) thrown at [D:\src\AOSP-openjdk-cygwin\jdk8u\hotspot\src\share\vm\prims\jni.cpp, line 709]
Event: 3177.376 Thread 0x000000001ab0e000 Exception <a 'sun/nio/fs/WindowsException'> (0x00000000e79f92f0) thrown at [D:\src\AOSP-openjdk-cygwin\jdk8u\hotspot\src\share\vm\prims\jni.cpp, line 709]
Event: 3177.377 Thread 0x000000001ab0e000 Exception <a 'sun/nio/fs/WindowsException'> (0x00000000e79fae68) thrown at [D:\src\AOSP-openjdk-cygwin\jdk8u\hotspot\src\share\vm\prims\jni.cpp, line 709]
Event: 3177.377 Thread 0x000000001ab0e000 Exception <a 'sun/nio/fs/WindowsException'> (0x00000000e79fb9e8) thrown at [D:\src\AOSP-openjdk-cygwin\jdk8u\hotspot\src\share\vm\prims\jni.cpp, line 709]
Event: 3177.465 Thread 0x000000001ab0e000 Exception <a 'sun/nio/fs/WindowsException'> (0x00000000e79ff1d8) thrown at [D:\src\AOSP-openjdk-cygwin\jdk8u\hotspot\src\share\vm\prims\jni.cpp, line 709]
Event: 3177.465 Thread 0x000000001ab0e000 Exception <a 'sun/nio/fs/WindowsException'> (0x00000000e79ffd08) thrown at [D:\src\AOSP-openjdk-cygwin\jdk8u\hotspot\src\share\vm\prims\jni.cpp, line 709]
Event: 3177.465 Thread 0x000000001ab0e000 Exception <a 'sun/nio/fs/WindowsException'> (0x00000000e7a01880) thrown at [D:\src\AOSP-openjdk-cygwin\jdk8u\hotspot\src\share\vm\prims\jni.cpp, line 709]
Event: 3177.466 Thread 0x000000001ab0e000 Exception <a 'sun/nio/fs/WindowsException'> (0x00000000e7a023e8) thrown at [D:\src\AOSP-openjdk-cygwin\jdk8u\hotspot\src\share\vm\prims\jni.cpp, line 709]

Events (10 events):
Event: 3177.958 Executing VM operation: RevokeBias
Event: 3177.958 Executing VM operation: RevokeBias done
Event: 3177.968 Thread 0x0000000018649000 flushing nmethod 0x0000000004f4fc90
Event: 3177.999 Thread 0x0000000018649000 flushing nmethod 0x0000000005103550
Event: 3178.000 Thread 0x0000000018649000 flushing nmethod 0x0000000005193e90
Event: 3178.001 Thread 0x0000000018649000 flushing nmethod 0x00000000051f3250
Event: 3178.001 Thread 0x0000000018649000 flushing nmethod 0x00000000053ac310
Event: 3178.002 Thread 0x0000000018649000 flushing nmethod 0x0000000005439610
Event: 3178.022 Executing VM operation: RevokeBias
Event: 3178.023 Executing VM operation: RevokeBias done


Dynamic libraries:
0x00007ff67d140000 - 0x00007ff67d171000 	C:\Program Files\Android\Android Studio\jre\bin\java.exe
0x00007ffc57b60000 - 0x00007ffc57d40000 	C:\WINDOWS\SYSTEM32\ntdll.dll
0x00007ffc56f10000 - 0x00007ffc56fbe000 	C:\WINDOWS\System32\KERNEL32.DLL
0x00007ffc54730000 - 0x00007ffc54996000 	C:\WINDOWS\System32\KERNELBASE.dll
0x00007ffc57300000 - 0x00007ffc573a1000 	C:\WINDOWS\System32\ADVAPI32.dll
0x00007ffc551d0000 - 0x00007ffc5526d000 	C:\WINDOWS\System32\msvcrt.dll
0x00007ffc57060000 - 0x00007ffc570bb000 	C:\WINDOWS\System32\sechost.dll
0x00007ffc57830000 - 0x00007ffc5794f000 	C:\WINDOWS\System32\RPCRT4.dll
0x00007ffc570c0000 - 0x00007ffc5724f000 	C:\WINDOWS\System32\USER32.dll
0x00007ffc549a0000 - 0x00007ffc549c0000 	C:\WINDOWS\System32\win32u.dll
0x00007ffc57950000 - 0x00007ffc57978000 	C:\WINDOWS\System32\GDI32.dll
0x00007ffc54e90000 - 0x00007ffc55023000 	C:\WINDOWS\System32\gdi32full.dll
0x00007ffc54a70000 - 0x00007ffc54b0b000 	C:\WINDOWS\System32\msvcp_win.dll
0x00007ffc54d90000 - 0x00007ffc54e86000 	C:\WINDOWS\System32\ucrtbase.dll
0x00007ffc4a2a0000 - 0x00007ffc4a509000 	C:\WINDOWS\WinSxS\amd64_microsoft.windows.common-controls_6595b64144ccf1df_6.0.16299.192_none_15c8cdae9364c23b\COMCTL32.dll
0x00007ffc57520000 - 0x00007ffc57828000 	C:\WINDOWS\System32\combase.dll
0x00007ffc53f60000 - 0x00007ffc53fd2000 	C:\WINDOWS\System32\bcryptPrimitives.dll
0x00007ffc568e0000 - 0x00007ffc5690d000 	C:\WINDOWS\System32\IMM32.DLL
0x0000000069d60000 - 0x0000000069e32000 	C:\Program Files\Android\Android Studio\jre\jre\bin\msvcr100.dll
0x0000000069e40000 - 0x000000006a67e000 	C:\Program Files\Android\Android Studio\jre\jre\bin\server\jvm.dll
0x00007ffc55310000 - 0x00007ffc55318000 	C:\WINDOWS\System32\PSAPI.DLL
0x00007ffc51e80000 - 0x00007ffc51e89000 	C:\WINDOWS\SYSTEM32\WSOCK32.dll
0x00007ffc569f0000 - 0x00007ffc56a5c000 	C:\WINDOWS\System32\WS2_32.dll
0x00007ffc51cd0000 - 0x00007ffc51cf3000 	C:\WINDOWS\SYSTEM32\WINMM.dll
0x00007ffc52750000 - 0x00007ffc5275a000 	C:\WINDOWS\SYSTEM32\VERSION.dll
0x00007ffc51ca0000 - 0x00007ffc51cca000 	C:\WINDOWS\SYSTEM32\WINMMBASE.dll
0x00007ffc54a20000 - 0x00007ffc54a6a000 	C:\WINDOWS\System32\cfgmgr32.dll
0x00007ffc508b0000 - 0x00007ffc508bf000 	C:\Program Files\Android\Android Studio\jre\jre\bin\verify.dll
0x00007ffc49a10000 - 0x00007ffc49a39000 	C:\Program Files\Android\Android Studio\jre\jre\bin\java.dll
0x00007ffc48310000 - 0x00007ffc48326000 	C:\Program Files\Android\Android Studio\jre\jre\bin\zip.dll
0x00007ffc55320000 - 0x00007ffc56756000 	C:\WINDOWS\System32\SHELL32.dll
0x00007ffc57250000 - 0x00007ffc572f6000 	C:\WINDOWS\System32\shcore.dll
0x00007ffc53fe0000 - 0x00007ffc54727000 	C:\WINDOWS\System32\windows.storage.dll
0x00007ffc57ad0000 - 0x00007ffc57b21000 	C:\WINDOWS\System32\shlwapi.dll
0x00007ffc53f40000 - 0x00007ffc53f51000 	C:\WINDOWS\System32\kernel.appcore.dll
0x00007ffc53eb0000 - 0x00007ffc53efc000 	C:\WINDOWS\System32\powrprof.dll
0x00007ffc53f20000 - 0x00007ffc53f3b000 	C:\WINDOWS\System32\profapi.dll
0x00007ffc47eb0000 - 0x00007ffc47eca000 	C:\Program Files\Android\Android Studio\jre\jre\bin\net.dll
0x00007ffc536e0000 - 0x00007ffc53746000 	C:\WINDOWS\system32\mswsock.dll
0x00007ffc47810000 - 0x00007ffc47821000 	C:\Program Files\Android\Android Studio\jre\jre\bin\nio.dll
0x00007ffc51e90000 - 0x00007ffc51eae000 	C:\Users\Kent\.gradle\native\25\windows-amd64\native-platform.dll
0x00007ffc4f200000 - 0x00007ffc4f20d000 	C:\Program Files\Android\Android Studio\jre\jre\bin\management.dll
0x00007ffc538b0000 - 0x00007ffc538c7000 	C:\WINDOWS\SYSTEM32\CRYPTSP.dll
0x00007ffc532f0000 - 0x00007ffc53323000 	C:\WINDOWS\system32\rsaenh.dll
0x00007ffc539b0000 - 0x00007ffc539d5000 	C:\WINDOWS\SYSTEM32\bcrypt.dll
0x00007ffc53db0000 - 0x00007ffc53dd9000 	C:\WINDOWS\SYSTEM32\USERENV.dll
0x00007ffc538a0000 - 0x00007ffc538ab000 	C:\WINDOWS\SYSTEM32\CRYPTBASE.dll
0x00007ffc53470000 - 0x00007ffc534a9000 	C:\WINDOWS\SYSTEM32\IPHLPAPI.DLL
0x00007ffc568d0000 - 0x00007ffc568d8000 	C:\WINDOWS\System32\NSI.dll
0x00007ffc4e680000 - 0x00007ffc4e696000 	C:\WINDOWS\SYSTEM32\dhcpcsvc6.DLL
0x00007ffc4ea70000 - 0x00007ffc4ea8a000 	C:\WINDOWS\SYSTEM32\dhcpcsvc.DLL
0x00007ffc51d40000 - 0x00007ffc51d5e000 	C:\Users\Kent\AppData\Local\Temp\native-platform5670625166087533730dir\native-platform.dll

VM Arguments:
jvm_args: -Xmx1536m -Dfile.encoding=windows-1252 -Duser.country=US -Duser.language=en -Duser.variant 
java_command: org.gradle.launcher.daemon.bootstrap.GradleDaemon 4.1
java_class_path (initial): C:\Users\Kent\.gradle\wrapper\dists\gradle-4.1-all\bzyivzo6n839fup2jbap0tjew\gradle-4.1\lib\gradle-launcher-4.1.jar
Launcher Type: SUN_STANDARD

Environment Variables:
PATH=C:\WINDOWS\system32;C:\WINDOWS;C:\WINDOWS\System32\Wbem;C:\WINDOWS\System32\WindowsPowerShell\v1.0\;C:\Program Files\Git\cmd;C:\Users\Kent\AppData\Local\Microsoft\WindowsApps;
USERNAME=Kent
OS=Windows_NT
PROCESSOR_IDENTIFIER=Intel64 Family 6 Model 37 Stepping 5, GenuineIntel



---------------  S Y S T E M  ---------------

OS: Windows 10.0 , 64 bit Build 16299 (10.0.16299.15)

CPU:total 4 (initial active 4) (2 cores per cpu, 2 threads per core) family 6 model 37 stepping 5, cmov, cx8, fxsr, mmx, sse, sse2, sse3, ssse3, sse4.1, sse4.2, popcnt, ht, tsc, tscinvbit

Memory: 4k page, physical 3848288k(632848k free), swap 5246048k(13928k free)

vm_info: OpenJDK 64-Bit Server VM (25.152-b01) for windows-amd64 JRE (1.8.0_152-release-915-b01), built by "builder" with MS VC++ 10.0 (VS2010)

time: Fri Mar 16 11:11:15 2018
elapsed time: 3178 seconds (0d 0h 52m 58s)

