#
# There is insufficient memory for the Java Runtime Environment to continue.
# Native memory allocation (malloc) failed to allocate 32744 bytes for ChunkPool::allocate
# Possible reasons:
#   The system is out of physical RAM or swap space
#   In 32 bit mode, the process size limit was hit
# Possible solutions:
#   Reduce memory load on the system
#   Increase physical memory or swap space
#   Check if swap backing store is full
#   Use 64 bit Java on a 64 bit OS
#   Decrease Java heap size (-Xmx/-Xms)
#   Decrease number of Java threads
#   Decrease Java thread stack sizes (-Xss)
#   Set larger code cache with -XX:ReservedCodeCacheSize=
# This output file may be truncated or incomplete.
#
#  Out of Memory Error (allocation.cpp:273), pid=5408, tid=0x0000000000000d34
#
# JRE version: OpenJDK Runtime Environment (8.0_152-b01) (build 1.8.0_152-release-915-b01)
# Java VM: OpenJDK 64-Bit Server VM (25.152-b01 mixed mode windows-amd64 compressed oops)
# Failed to write core dump. Minidumps are not enabled by default on client versions of Windows
#

---------------  T H R E A D  ---------------

Current thread (0x0000000017dc3000):  JavaThread "C1 CompilerThread2" daemon [_thread_in_native, id=3380, stack(0x0000000019600000,0x0000000019700000)]

Stack: [0x0000000019600000,0x0000000019700000]
[error occurred during error reporting (printing stack bounds), id 0xc0000005]

Native frames: (J=compiled Java code, j=interpreted, Vv=VM code, C=native code)


Current CompileTask:
C1:   2042  442       3       jdk.internal.org.objectweb.asm.Frame::execute (2252 bytes)


---------------  P R O C E S S  ---------------

Java Threads: ( => current thread )
  0x0000000019f24000 JavaThread "GC Daemon" daemon [_thread_blocked, id=7440, stack(0x000000001ae40000,0x000000001af40000)]
  0x0000000019f19800 JavaThread "RMI Reaper" [_thread_blocked, id=1108, stack(0x000000001ad40000,0x000000001ae40000)]
  0x0000000019f79800 JavaThread "Thread-2" daemon [_thread_in_Java, id=7536, stack(0x000000001ac40000,0x000000001ad40000)]
  0x0000000019f04800 JavaThread "Timer-0" daemon [_thread_in_native, id=1988, stack(0x000000001a940000,0x000000001aa40000)]
  0x0000000019d78000 JavaThread "RMI TCP Accept-17716" daemon [_thread_in_native, id=5904, stack(0x000000001a840000,0x000000001a940000)]
  0x0000000017e1e000 JavaThread "Service Thread" daemon [_thread_blocked, id=1608, stack(0x0000000019b00000,0x0000000019c00000)]
=>0x0000000017dc3000 JavaThread "C1 CompilerThread2" daemon [_thread_in_native, id=3380, stack(0x0000000019600000,0x0000000019700000)]
  0x0000000017dbf000 JavaThread "C2 CompilerThread1" daemon [_thread_blocked, id=1564, stack(0x0000000019500000,0x0000000019600000)]
  0x0000000017dbb000 JavaThread "C2 CompilerThread0" daemon [_thread_blocked, id=3936, stack(0x0000000019400000,0x0000000019500000)]
  0x0000000017db9800 JavaThread "Attach Listener" daemon [_thread_blocked, id=664, stack(0x0000000019300000,0x0000000019400000)]
  0x0000000017db8800 JavaThread "Signal Dispatcher" daemon [_thread_blocked, id=3060, stack(0x0000000019200000,0x0000000019300000)]
  0x000000000435b800 JavaThread "Finalizer" daemon [_thread_blocked, id=3848, stack(0x0000000019010000,0x0000000019110000)]
  0x0000000004352000 JavaThread "Reference Handler" daemon [_thread_blocked, id=104, stack(0x0000000018f10000,0x0000000019010000)]
  0x000000000444e000 JavaThread "main" [_thread_in_native, id=4644, stack(0x0000000004150000,0x0000000004250000)]

Other Threads:
  0x0000000017d84000 VMThread [stack: 0x0000000018e10000,0x0000000018f10000] [id=752]
  0x000000001972d000 WatcherThread [stack: 0x0000000019c00000,0x0000000019d00000] [id=4088]

VM state:not at safepoint (normal execution)

VM Mutex/Monitor currently owned by a thread: None

Heap:
 PSYoungGen      total 17920K, used 2918K [0x00000000e0000000, 0x00000000e1400000, 0x0000000100000000)
  eden space 15360K, 19% used [0x00000000e0000000,0x00000000e02d9bb8,0x00000000e0f00000)
  from space 2560K, 0% used [0x00000000e0f00000,0x00000000e0f00000,0x00000000e1180000)
  to   space 2560K, 0% used [0x00000000e1180000,0x00000000e1180000,0x00000000e1400000)
 ParOldGen       total 30208K, used 2253K [0x00000000a0000000, 0x00000000a1d80000, 0x00000000e0000000)
  object space 30208K, 7% used [0x00000000a0000000,0x00000000a0233628,0x00000000a1d80000)
 Metaspace       used 9079K, capacity 9272K, committed 9600K, reserved 1058816K
  class space    used 979K, capacity 1052K, committed 1152K, reserved 1048576K

Card table byte_map: [0x0000000013810000,0x0000000013b20000] byte_map_base: 0x0000000013310000

Marking Bits: (ParMarkBitMap*) 0x00000000544a3950
 Begin Bits: [0x0000000014120000, 0x0000000015920000)
 End Bits:   [0x0000000015920000, 0x0000000017120000)

Polling page: 0x0000000002470000

CodeCache: size=245760Kb used=2022Kb max_used=2033Kb free=243737Kb
 bounds [0x0000000004450000, 0x00000000046c0000, 0x0000000013450000]
 total_blobs=826 nmethods=462 adapters=279
 compilation: enabled

Compilation events (10 events):
Event: 1.267 Thread 0x0000000017dc3000  437       3       java.lang.invoke.InvokerBytecodeGenerator::isStaticallyNameable (116 bytes)
Event: 1.270 Thread 0x0000000017dbf000 nmethod 421 0x0000000004642050 code [0x00000000046421a0, 0x0000000004642778]
Event: 1.270 Thread 0x0000000017dc3000 nmethod 437 0x0000000004642a90 code [0x0000000004642e00, 0x0000000004644ed8]
Event: 1.270 Thread 0x0000000017dc3000  447       3       java.util.Arrays$ArrayList::size (6 bytes)
Event: 1.271 Thread 0x0000000017dc3000 nmethod 447 0x0000000004641a10 code [0x0000000004641b60, 0x0000000004641cb0]
Event: 1.271 Thread 0x0000000017dc3000  442       3       jdk.internal.org.objectweb.asm.Frame::execute (2252 bytes)
Event: 1.271 Thread 0x0000000017dbb000  451       4       java.lang.String::getChars (62 bytes)
Event: 1.273 Thread 0x0000000017dbf000  457       4       jdk.internal.org.objectweb.asm.ByteVector::putUTF8 (142 bytes)
Event: 1.273 Thread 0x0000000017dbb000 nmethod 451 0x000000000463fb10 code [0x000000000463fc60, 0x000000000463fdd8]
Event: 1.273 Thread 0x0000000017dbb000  458       4       java.lang.AbstractStringBuilder::append (50 bytes)

GC Heap History (0 events):
No events

Deoptimization events (0 events):
No events

Classes redefined (0 events):
No events

Internal exceptions (10 events):
Event: 0.072 Thread 0x000000000444e000 Exception <a 'java/lang/NoSuchMethodError': Method sun.misc.Unsafe.defineClass(Ljava/lang/String;[BII)Ljava/lang/Class; name or signature does not match> (0x00000000e0007ca8) thrown at [D:\src\AOSP-openjdk-cygwin\jdk8u\hotspot\src\share\vm\prims\jni.cpp, 
Event: 0.072 Thread 0x000000000444e000 Exception <a 'java/lang/NoSuchMethodError': Method sun.misc.Unsafe.prefetchRead(Ljava/lang/Object;J)V name or signature does not match> (0x00000000e0007f90) thrown at [D:\src\AOSP-openjdk-cygwin\jdk8u\hotspot\src\share\vm\prims\jni.cpp, line 4011]
Event: 0.701 Thread 0x000000000444e000 Exception <a 'java/security/PrivilegedActionException'> (0x00000000e02a1950) thrown at [D:\src\AOSP-openjdk-cygwin\jdk8u\hotspot\src\share\vm\prims\jvm.cpp, line 1390]
Event: 0.701 Thread 0x000000000444e000 Exception <a 'java/security/PrivilegedActionException'> (0x00000000e02a1d48) thrown at [D:\src\AOSP-openjdk-cygwin\jdk8u\hotspot\src\share\vm\prims\jvm.cpp, line 1390]
Event: 0.704 Thread 0x000000000444e000 Exception <a 'java/security/PrivilegedActionException'> (0x00000000e02a5b38) thrown at [D:\src\AOSP-openjdk-cygwin\jdk8u\hotspot\src\share\vm\prims\jvm.cpp, line 1390]
Event: 0.704 Thread 0x000000000444e000 Exception <a 'java/security/PrivilegedActionException'> (0x00000000e02a5f30) thrown at [D:\src\AOSP-openjdk-cygwin\jdk8u\hotspot\src\share\vm\prims\jvm.cpp, line 1390]
Event: 0.705 Thread 0x000000000444e000 Exception <a 'java/security/PrivilegedActionException'> (0x00000000e02a7650) thrown at [D:\src\AOSP-openjdk-cygwin\jdk8u\hotspot\src\share\vm\prims\jvm.cpp, line 1390]
Event: 0.705 Thread 0x000000000444e000 Exception <a 'java/security/PrivilegedActionException'> (0x00000000e02a7a48) thrown at [D:\src\AOSP-openjdk-cygwin\jdk8u\hotspot\src\share\vm\prims\jvm.cpp, line 1390]
Event: 1.270 Thread 0x000000000444e000 Exception <a 'java/lang/NoSuchFieldError': method resolution failed> (0x00000000e099f658) thrown at [D:\src\AOSP-openjdk-cygwin\jdk8u\hotspot\src\share\vm\prims\methodHandles.cpp, line 1167]
Event: 1.273 Thread 0x000000000444e000 Exception <a 'java/lang/NoSuchFieldError': method resolution failed> (0x00000000e09acc50) thrown at [D:\src\AOSP-openjdk-cygwin\jdk8u\hotspot\src\share\vm\prims\methodHandles.cpp, line 1167]

Events (10 events):
Event: 1.257 loading class java/lang/invoke/MethodHandleImpl$Lazy done
Event: 1.257 loading class java/lang/invoke/MethodHandleImpl$IntrinsicMethodHandle
Event: 1.257 loading class java/lang/invoke/MethodHandleImpl$IntrinsicMethodHandle done
Event: 1.270 loading class java/lang/NoSuchFieldError
Event: 1.270 loading class java/lang/NoSuchFieldError done
Event: 1.277 loading class java/lang/invoke/LambdaFormEditor
Event: 1.277 loading class java/lang/invoke/LambdaFormEditor done
Event: 1.277 loading class java/lang/invoke/LambdaFormEditor$Transform$Kind
Event: 1.277 loading class java/lang/invoke/LambdaFormEditor$Transform$Kind done
Event: 1.278 loading class java/lang/invoke/LambdaFormEditor$Transform


Dynamic libraries:
0x00007ff69dff0000 - 0x00007ff69e021000 	C:\Program Files\Android\Android Studio\jre\jre\bin\java.exe
0x00007ff994340000 - 0x00007ff994520000 	C:\WINDOWS\SYSTEM32\ntdll.dll
0x00007ff991e50000 - 0x00007ff991efe000 	C:\WINDOWS\System32\KERNEL32.DLL
0x00007ff9911a0000 - 0x00007ff991406000 	C:\WINDOWS\System32\KERNELBASE.dll
0x00007ff9920d0000 - 0x00007ff992171000 	C:\WINDOWS\System32\ADVAPI32.dll
0x00007ff994080000 - 0x00007ff99411d000 	C:\WINDOWS\System32\msvcrt.dll
0x00007ff9941a0000 - 0x00007ff9941fb000 	C:\WINDOWS\System32\sechost.dll
0x00007ff993760000 - 0x00007ff99387f000 	C:\WINDOWS\System32\RPCRT4.dll
0x00007ff9919a0000 - 0x00007ff991b2f000 	C:\WINDOWS\System32\USER32.dll
0x00007ff990fe0000 - 0x00007ff991000000 	C:\WINDOWS\System32\win32u.dll
0x00007ff994200000 - 0x00007ff994228000 	C:\WINDOWS\System32\GDI32.dll
0x00007ff991000000 - 0x00007ff991193000 	C:\WINDOWS\System32\gdi32full.dll
0x00007ff990f40000 - 0x00007ff990fdb000 	C:\WINDOWS\System32\msvcp_win.dll
0x00007ff991540000 - 0x00007ff991636000 	C:\WINDOWS\System32\ucrtbase.dll
0x00007ff9838e0000 - 0x00007ff983b49000 	C:\WINDOWS\WinSxS\amd64_microsoft.windows.common-controls_6595b64144ccf1df_6.0.16299.192_none_15c8cdae9364c23b\COMCTL32.dll
0x00007ff993cd0000 - 0x00007ff993fd8000 	C:\WINDOWS\System32\combase.dll
0x00007ff9914c0000 - 0x00007ff991532000 	C:\WINDOWS\System32\bcryptPrimitives.dll
0x00007ff991f00000 - 0x00007ff991f2d000 	C:\WINDOWS\System32\IMM32.DLL
0x0000000053c00000 - 0x0000000053cd2000 	C:\Program Files\Android\Android Studio\jre\jre\bin\msvcr100.dll
0x0000000053ce0000 - 0x000000005451e000 	C:\Program Files\Android\Android Studio\jre\jre\bin\server\jvm.dll
0x00007ff9920b0000 - 0x00007ff9920b8000 	C:\WINDOWS\System32\PSAPI.DLL
0x00007ff983780000 - 0x00007ff983789000 	C:\WINDOWS\SYSTEM32\WSOCK32.dll
0x00007ff98e650000 - 0x00007ff98e673000 	C:\WINDOWS\SYSTEM32\WINMM.dll
0x00007ff992040000 - 0x00007ff9920ac000 	C:\WINDOWS\System32\WS2_32.dll
0x00007ff984c90000 - 0x00007ff984c9a000 	C:\WINDOWS\SYSTEM32\VERSION.dll
0x00007ff98e620000 - 0x00007ff98e64a000 	C:\WINDOWS\SYSTEM32\WINMMBASE.dll
0x00007ff991470000 - 0x00007ff9914ba000 	C:\WINDOWS\System32\cfgmgr32.dll
0x00007ff983730000 - 0x00007ff98373f000 	C:\Program Files\Android\Android Studio\jre\jre\bin\verify.dll
0x00007ff97e070000 - 0x00007ff97e099000 	C:\Program Files\Android\Android Studio\jre\jre\bin\java.dll
0x00007ff97df20000 - 0x00007ff97df36000 	C:\Program Files\Android\Android Studio\jre\jre\bin\zip.dll
0x00007ff992320000 - 0x00007ff993756000 	C:\WINDOWS\System32\SHELL32.dll
0x00007ff9918f0000 - 0x00007ff991996000 	C:\WINDOWS\System32\shcore.dll
0x00007ff990740000 - 0x00007ff990e87000 	C:\WINDOWS\System32\windows.storage.dll
0x00007ff991890000 - 0x00007ff9918e1000 	C:\WINDOWS\System32\shlwapi.dll
0x00007ff990690000 - 0x00007ff9906a1000 	C:\WINDOWS\System32\kernel.appcore.dll
0x00007ff9906f0000 - 0x00007ff99073c000 	C:\WINDOWS\System32\powrprof.dll
0x00007ff9906d0000 - 0x00007ff9906eb000 	C:\WINDOWS\System32\profapi.dll
0x00007ff98cb50000 - 0x00007ff98cb5d000 	C:\Program Files\Android\Android Studio\jre\jre\bin\management.dll
0x00007ff97df00000 - 0x00007ff97df1a000 	C:\Program Files\Android\Android Studio\jre\jre\bin\net.dll
0x00007ff98fec0000 - 0x00007ff98ff26000 	C:\WINDOWS\system32\mswsock.dll
0x00007ff97de30000 - 0x00007ff97de41000 	C:\Program Files\Android\Android Studio\jre\jre\bin\nio.dll
0x00007ff990090000 - 0x00007ff9900a7000 	C:\WINDOWS\SYSTEM32\CRYPTSP.dll
0x00007ff98fad0000 - 0x00007ff98fb03000 	C:\WINDOWS\system32\rsaenh.dll
0x00007ff990190000 - 0x00007ff9901b5000 	C:\WINDOWS\SYSTEM32\bcrypt.dll
0x00007ff990590000 - 0x00007ff9905b9000 	C:\WINDOWS\SYSTEM32\USERENV.dll
0x00007ff990080000 - 0x00007ff99008b000 	C:\WINDOWS\SYSTEM32\CRYPTBASE.dll
0x00007ff98fc50000 - 0x00007ff98fc89000 	C:\WINDOWS\SYSTEM32\IPHLPAPI.DLL
0x00007ff9920c0000 - 0x00007ff9920c8000 	C:\WINDOWS\System32\NSI.dll
0x00007ff98a930000 - 0x00007ff98a946000 	C:\WINDOWS\SYSTEM32\dhcpcsvc6.DLL
0x00007ff98a910000 - 0x00007ff98a92a000 	C:\WINDOWS\SYSTEM32\dhcpcsvc.DLL

VM Arguments:
jvm_args: -Djava.awt.headless=true -Djava.rmi.server.hostname=localhost -Xmx1536m -Dkotlin.environment.keepalive 
java_command: org.jetbrains.kotlin.daemon.KotlinCompileDaemon --daemon-runFilesPath C:\Users\Kent\AppData\Local\kotlin\daemon --daemon-autoshutdownIdleSeconds=7200 --daemon-compilerClasspath C:\Users\Kent\.gradle\caches\modules-2\files-2.1\org.jetbrains.kotlin\kotlin-compiler-embeddable\1.2.21\39456b64a42dc359e385697e2e93b5cba52e197f\kotlin-compiler-embeddable-1.2.21.jar;C:\Users\Kent\.gradle\caches\modules-2\files-2.1\org.jetbrains.kotlin\kotlin-stdlib\1.2.21\d64187eb2d9d1521be3421aa8c6774a8625cdde8\kotlin-stdlib-1.2.21.jar;C:\Users\Kent\.gradle\caches\modules-2\files-2.1\org.jetbrains.kotlin\kotlin-script-runtime\1.2.21\40c37b171146be48a989ab74b937b17a96d28d87\kotlin-script-runtime-1.2.21.jar;C:\Users\Kent\.gradle\caches\modules-2\files-2.1\org.jetbrains.kotlin\kotlin-reflect\1.2.21\3159ff5936aa570a90050d385cb717fbb6c1723a\kotlin-reflect-1.2.21.jar;C:\Program Files\Android\Android Studio\jre\lib\tools.jar
java_class_path (initial): C:\Users\Kent\.gradle\caches\modules-2\files-2.1\org.jetbrains.kotlin\kotlin-compiler-embeddable\1.2.21\39456b64a42dc359e385697e2e93b5cba52e197f\kotlin-compiler-embeddable-1.2.21.jar;C:\Users\Kent\.gradle\caches\modules-2\files-2.1\org.jetbrains.kotlin\kotlin-stdlib\1.2.21\d64187eb2d9d1521be3421aa8c6774a8625cdde8\kotlin-stdlib-1.2.21.jar;C:\Users\Kent\.gradle\caches\modules-2\files-2.1\org.jetbrains.kotlin\kotlin-script-runtime\1.2.21\40c37b171146be48a989ab74b937b17a96d28d87\kotlin-script-runtime-1.2.21.jar;C:\Users\Kent\.gradle\caches\modules-2\files-2.1\org.jetbrains.kotlin\kotlin-reflect\1.2.21\3159ff5936aa570a90050d385cb717fbb6c1723a\kotlin-reflect-1.2.21.jar;C:\Program Files\Android\Android Studio\jre\lib\tools.jar
Launcher Type: SUN_STANDARD

Environment Variables:
PATH=C:\WINDOWS\system32;C:\WINDOWS;C:\WINDOWS\System32\Wbem;C:\WINDOWS\System32\WindowsPowerShell\v1.0\;C:\Program Files\Git\cmd;C:\Users\Kent\AppData\Local\Microsoft\WindowsApps;
USERNAME=Kent
OS=Windows_NT
PROCESSOR_IDENTIFIER=Intel64 Family 6 Model 37 Stepping 5, GenuineIntel



---------------  S Y S T E M  ---------------

OS: Windows 10.0 , 64 bit Build 16299 (10.0.16299.15)

CPU:total 4 (initial active 4) (2 cores per cpu, 2 threads per core) family 6 model 37 stepping 5, cmov, cx8, fxsr, mmx, sse, sse2, sse3, ssse3, sse4.1, sse4.2, popcnt, ht, tsc, tscinvbit

Memory: 4k page, physical 3848288k(1257036k free), swap 5246048k(19168k free)

vm_info: OpenJDK 64-Bit Server VM (25.152-b01) for windows-amd64 JRE (1.8.0_152-release-915-b01), built by "builder" with MS VC++ 10.0 (VS2010)

time: Wed Mar 14 10:29:39 2018
elapsed time: 2 seconds (0d 0h 0m 2s)

