#
# There is insufficient memory for the Java Runtime Environment to continue.
# Native memory allocation (malloc) failed to allocate 539216 bytes for Chunk::new
# Possible reasons:
#   The system is out of physical RAM or swap space
#   In 32 bit mode, the process size limit was hit
# Possible solutions:
#   Reduce memory load on the system
#   Increase physical memory or swap space
#   Check if swap backing store is full
#   Use 64 bit Java on a 64 bit OS
#   Decrease Java heap size (-Xmx/-Xms)
#   Decrease number of Java threads
#   Decrease Java thread stack sizes (-Xss)
#   Set larger code cache with -XX:ReservedCodeCacheSize=
# This output file may be truncated or incomplete.
#
#  Out of Memory Error (allocation.cpp:390), pid=5288, tid=0x0000000000000d90
#
# JRE version: OpenJDK Runtime Environment (8.0_152-b01) (build 1.8.0_152-release-915-b01)
# Java VM: OpenJDK 64-Bit Server VM (25.152-b01 mixed mode windows-amd64 compressed oops)
# Failed to write core dump. Minidumps are not enabled by default on client versions of Windows
#

---------------  T H R E A D  ---------------

Current thread (0x0000000018bff000):  JavaThread "C2 CompilerThread1" daemon [_thread_in_native, id=3472, stack(0x000000001a350000,0x000000001a450000)]

Stack: [0x000000001a350000,0x000000001a450000]
[error occurred during error reporting (printing stack bounds), id 0xc0000005]

Native frames: (J=compiled Java code, j=interpreted, Vv=VM code, C=native code)


Current CompileTask:
C2:4925424 11524       4       org.jetbrains.kotlin.com.intellij.openapi.vfs.VirtualFile::findFileByRelativePath (185 bytes)


---------------  P R O C E S S  ---------------

Java Threads: ( => current thread )
  0x000000001d3f9000 JavaThread "RMI RenewClean-[localhost:59253,org.jetbrains.kotlin.daemon.common.LoopbackNetworkInterface$ClientLoopbackSocketFactory@49380fed]" daemon [_thread_blocked, id=7012, stack(0x00000000247d0000,0x00000000248d0000)]
  0x000000001d3f8000 JavaThread "RMI TCP Connection(17)-127.0.0.1" daemon [_thread_in_native, id=3084, stack(0x00000000246d0000,0x00000000247d0000)]
  0x000000001d3f6800 JavaThread "RMI TCP Connection(16)-127.0.0.1" daemon [_thread_in_native, id=1388, stack(0x00000000245d0000,0x00000000246d0000)]
  0x000000001d3f6000 JavaThread "RMI RenewClean-[localhost:59253,org.jetbrains.kotlin.daemon.common.LoopbackNetworkInterface$ClientLoopbackSocketFactory@24c352ed]" daemon [_thread_blocked, id=6208, stack(0x00000000244d0000,0x00000000245d0000)]
  0x000000001d242800 JavaThread "RMI RenewClean-[localhost:59253,org.jetbrains.kotlin.daemon.common.LoopbackNetworkInterface$ClientLoopbackSocketFactory@7b7ca936]" daemon [_thread_blocked, id=7672, stack(0x00000000241d0000,0x00000000242d0000)]
  0x000000001d23e000 JavaThread "RMI RenewClean-[localhost:59253,org.jetbrains.kotlin.daemon.common.LoopbackNetworkInterface$ClientLoopbackSocketFactory@3ec37eee]" daemon [_thread_blocked, id=4100, stack(0x0000000023dd0000,0x0000000023ed0000)]
  0x000000001ad64000 JavaThread "RMI Scheduler(0)" daemon [_thread_blocked, id=6760, stack(0x000000001bfd0000,0x000000001c0d0000)]
  0x000000000518e000 JavaThread "DestroyJavaVM" [_thread_blocked, id=6716, stack(0x0000000005060000,0x0000000005160000)]
  0x000000001acda000 JavaThread "GC Daemon" daemon [_thread_blocked, id=3624, stack(0x000000001ba90000,0x000000001bb90000)]
  0x000000001acd9800 JavaThread "RMI Reaper" [_thread_blocked, id=72, stack(0x000000001b990000,0x000000001ba90000)]
  0x000000001abc8800 JavaThread "Timer-0" daemon [_thread_blocked, id=3592, stack(0x000000001b790000,0x000000001b890000)]
  0x000000001aba5800 JavaThread "RMI TCP Accept-17438" daemon [_thread_in_native, id=2360, stack(0x000000001b690000,0x000000001b790000)]
  0x000000001a57a800 JavaThread "Service Thread" daemon [_thread_blocked, id=5684, stack(0x000000001a950000,0x000000001aa50000)]
  0x0000000018c03000 JavaThread "C1 CompilerThread2" daemon [_thread_blocked, id=3484, stack(0x000000001a450000,0x000000001a550000)]
=>0x0000000018bff000 JavaThread "C2 CompilerThread1" daemon [_thread_in_native, id=3472, stack(0x000000001a350000,0x000000001a450000)]
  0x0000000018bfb000 JavaThread "C2 CompilerThread0" daemon [_thread_in_native, id=8092, stack(0x000000001a250000,0x000000001a350000)]
  0x0000000018bf9800 JavaThread "Attach Listener" daemon [_thread_blocked, id=8076, stack(0x000000001a150000,0x000000001a250000)]
  0x0000000018bf8800 JavaThread "Signal Dispatcher" daemon [_thread_blocked, id=7120, stack(0x000000001a050000,0x000000001a150000)]
  0x000000000528b800 JavaThread "Finalizer" daemon [_thread_blocked, id=4676, stack(0x0000000019e60000,0x0000000019f60000)]
  0x0000000005282000 JavaThread "Reference Handler" daemon [_thread_blocked, id=7040, stack(0x0000000019d60000,0x0000000019e60000)]

Other Threads:
  0x0000000018bc4000 VMThread [stack: 0x0000000019c60000,0x0000000019d60000] [id=4136]
  0x000000001a57b000 WatcherThread [stack: 0x000000001aa50000,0x000000001ab50000] [id=5356]

VM state:not at safepoint (normal execution)

VM Mutex/Monitor currently owned by a thread: None

Heap:
 PSYoungGen      total 198144K, used 63495K [0x00000000e0000000, 0x00000000ee680000, 0x0000000100000000)
  eden space 167936K, 23% used [0x00000000e0000000,0x00000000e26d9670,0x00000000ea400000)
  from space 30208K, 78% used [0x00000000ea400000,0x00000000ebb28818,0x00000000ec180000)
  to   space 24064K, 0% used [0x00000000ec180000,0x00000000ec180000,0x00000000ed900000)
 ParOldGen       total 96768K, used 64462K [0x00000000a0000000, 0x00000000a5e80000, 0x00000000e0000000)
  object space 96768K, 66% used [0x00000000a0000000,0x00000000a3ef39d8,0x00000000a5e80000)
 Metaspace       used 55354K, capacity 56374K, committed 56832K, reserved 1099776K
  class space    used 6540K, capacity 6833K, committed 6912K, reserved 1048576K

Card table byte_map: [0x0000000014650000,0x0000000014960000] byte_map_base: 0x0000000014150000

Marking Bits: (ParMarkBitMap*) 0x0000000056c43950
 Begin Bits: [0x0000000014f60000, 0x0000000016760000)
 End Bits:   [0x0000000016760000, 0x0000000017f60000)

Polling page: 0x0000000003900000

CodeCache: size=245760Kb used=34900Kb max_used=34900Kb free=210859Kb
 bounds [0x0000000005290000, 0x00000000074e0000, 0x0000000014290000]
 total_blobs=10084 nmethods=9567 adapters=428
 compilation: enabled

Compilation events (10 events):
Event: 4923.655 Thread 0x0000000018bfb000 nmethod 11521 0x00000000074ccd90 code [0x00000000074cd000, 0x00000000074ce838]
Event: 4923.655 Thread 0x0000000018bfb000 11526       4       org.jetbrains.kotlin.load.java.JavaVisibilities::areInSamePackage (54 bytes)
Event: 4923.661 Thread 0x0000000018bfb000 nmethod 11526 0x00000000074b9410 code [0x00000000074b9580, 0x00000000074b9918]
Event: 4923.661 Thread 0x0000000018bfb000 11525       4       org.jetbrains.kotlin.resolve.scopes.AbstractScopeAdapter::getContributedClassifier (24 bytes)
Event: 4923.679 Thread 0x0000000018bfb000 nmethod 11525 0x00000000074d0610 code [0x00000000074d07e0, 0x00000000074d1088]
Event: 4923.679 Thread 0x0000000018bfb000 11528       4       org.jetbrains.kotlin.types.FlexibleTypesKt::upperIfFlexible (57 bytes)
Event: 4923.680 Thread 0x0000000018bfb000 nmethod 11528 0x00000000074c3050 code [0x00000000074c31a0, 0x00000000074c3278]
Event: 4923.680 Thread 0x0000000018bfb000 11527       4       org.jetbrains.kotlin.cli.jvm.compiler.KotlinCliJavaFileManagerImpl::findClass (315 bytes)
Event: 4923.707 Thread 0x0000000018c03000 11531       3       org.jetbrains.kotlin.load.kotlin.JvmTypeFactoryImpl::toString (9 bytes)
Event: 4923.708 Thread 0x0000000018c03000 nmethod 11531 0x00000000074c2b50 code [0x00000000074c2cc0, 0x00000000074c2fa8]

GC Heap History (10 events):
Event: 2343.982 GC heap before
{Heap before GC invocations=23 (full 4):
 PSYoungGen      total 135168K, used 4296K [0x00000000e0000000, 0x00000000eb800000, 0x0000000100000000)
  eden space 111616K, 0% used [0x00000000e0000000,0x00000000e0000000,0x00000000e6d00000)
  from space 23552K, 18% used [0x00000000e6d00000,0x00000000e7132280,0x00000000e8400000)
  to   space 23552K, 0% used [0x00000000ea100000,0x00000000ea100000,0x00000000eb800000)
 ParOldGen       total 72192K, used 57449K [0x00000000a0000000, 0x00000000a4680000, 0x00000000e0000000)
  object space 72192K, 79% used [0x00000000a0000000,0x00000000a381a480,0x00000000a4680000)
 Metaspace       used 53905K, capacity 54794K, committed 55168K, reserved 1097728K
  class space    used 6449K, capacity 6685K, committed 6784K, reserved 1048576K
Event: 2344.325 GC heap after
Heap after GC invocations=23 (full 4):
 PSYoungGen      total 135168K, used 0K [0x00000000e0000000, 0x00000000eb800000, 0x0000000100000000)
  eden space 111616K, 0% used [0x00000000e0000000,0x00000000e0000000,0x00000000e6d00000)
  from space 23552K, 0% used [0x00000000e6d00000,0x00000000e6d00000,0x00000000e8400000)
  to   space 23552K, 0% used [0x00000000ea100000,0x00000000ea100000,0x00000000eb800000)
 ParOldGen       total 96768K, used 28826K [0x00000000a0000000, 0x00000000a5e80000, 0x00000000e0000000)
  object space 96768K, 29% used [0x00000000a0000000,0x00000000a1c26ae8,0x00000000a5e80000)
 Metaspace       used 53502K, capacity 54340K, committed 55168K, reserved 1097728K
  class space    used 6389K, capacity 6600K, committed 6784K, reserved 1048576K
}
Event: 3412.013 GC heap before
{Heap before GC invocations=24 (full 4):
 PSYoungGen      total 135168K, used 111616K [0x00000000e0000000, 0x00000000eb800000, 0x0000000100000000)
  eden space 111616K, 100% used [0x00000000e0000000,0x00000000e6d00000,0x00000000e6d00000)
  from space 23552K, 0% used [0x00000000e6d00000,0x00000000e6d00000,0x00000000e8400000)
  to   space 23552K, 0% used [0x00000000ea100000,0x00000000ea100000,0x00000000eb800000)
 ParOldGen       total 96768K, used 28826K [0x00000000a0000000, 0x00000000a5e80000, 0x00000000e0000000)
  object space 96768K, 29% used [0x00000000a0000000,0x00000000a1c26ae8,0x00000000a5e80000)
 Metaspace       used 53868K, capacity 54824K, committed 55424K, reserved 1097728K
  class space    used 6423K, capacity 6674K, committed 6784K, reserved 1048576K
Event: 3412.059 GC heap after
Heap after GC invocations=24 (full 4):
 PSYoungGen      total 163840K, used 17222K [0x00000000e0000000, 0x00000000eba00000, 0x0000000100000000)
  eden space 140288K, 0% used [0x00000000e0000000,0x00000000e0000000,0x00000000e8900000)
  from space 23552K, 73% used [0x00000000ea100000,0x00000000eb1d1a30,0x00000000eb800000)
  to   space 24576K, 0% used [0x00000000e8900000,0x00000000e8900000,0x00000000ea100000)
 ParOldGen       total 96768K, used 28834K [0x00000000a0000000, 0x00000000a5e80000, 0x00000000e0000000)
  object space 96768K, 29% used [0x00000000a0000000,0x00000000a1c28ae8,0x00000000a5e80000)
 Metaspace       used 53868K, capacity 54824K, committed 55424K, reserved 1097728K
  class space    used 6423K, capacity 6674K, committed 6784K, reserved 1048576K
}
Event: 4121.873 GC heap before
{Heap before GC invocations=25 (full 4):
 PSYoungGen      total 163840K, used 157510K [0x00000000e0000000, 0x00000000eba00000, 0x0000000100000000)
  eden space 140288K, 100% used [0x00000000e0000000,0x00000000e8900000,0x00000000e8900000)
  from space 23552K, 73% used [0x00000000ea100000,0x00000000eb1d1a30,0x00000000eb800000)
  to   space 24576K, 0% used [0x00000000e8900000,0x00000000e8900000,0x00000000ea100000)
 ParOldGen       total 96768K, used 28834K [0x00000000a0000000, 0x00000000a5e80000, 0x00000000e0000000)
  object space 96768K, 29% used [0x00000000a0000000,0x00000000a1c28ae8,0x00000000a5e80000)
 Metaspace       used 54312K, capacity 55204K, committed 55680K, reserved 1097728K
  class space    used 6448K, capacity 6710K, committed 6784K, reserved 1048576K
Event: 4123.548 GC heap after
Heap after GC invocations=25 (full 4):
 PSYoungGen      total 164864K, used 5742K [0x00000000e0000000, 0x00000000ed900000, 0x0000000100000000)
  eden space 140288K, 0% used [0x00000000e0000000,0x00000000e0000000,0x00000000e8900000)
  from space 24576K, 23% used [0x00000000e8900000,0x00000000e8e9b918,0x00000000ea100000)
  to   space 24064K, 0% used [0x00000000ec180000,0x00000000ec180000,0x00000000ed900000)
 ParOldGen       total 96768K, used 33663K [0x00000000a0000000, 0x00000000a5e80000, 0x00000000e0000000)
  object space 96768K, 34% used [0x00000000a0000000,0x00000000a20dffe8,0x00000000a5e80000)
 Metaspace       used 54312K, capacity 55204K, committed 55680K, reserved 1097728K
  class space    used 6448K, capacity 6710K, committed 6784K, reserved 1048576K
}
Event: 4137.499 GC heap before
{Heap before GC invocations=26 (full 4):
 PSYoungGen      total 164864K, used 146030K [0x00000000e0000000, 0x00000000ed900000, 0x0000000100000000)
  eden space 140288K, 100% used [0x00000000e0000000,0x00000000e8900000,0x00000000e8900000)
  from space 24576K, 23% used [0x00000000e8900000,0x00000000e8e9b918,0x00000000ea100000)
  to   space 24064K, 0% used [0x00000000ec180000,0x00000000ec180000,0x00000000ed900000)
 ParOldGen       total 96768K, used 33663K [0x00000000a0000000, 0x00000000a5e80000, 0x00000000e0000000)
  object space 96768K, 34% used [0x00000000a0000000,0x00000000a20dffe8,0x00000000a5e80000)
 Metaspace       used 54755K, capacity 55662K, committed 55936K, reserved 1097728K
  class space    used 6491K, capacity 6753K, committed 6784K, reserved 1048576K
Event: 4137.773 GC heap after
Heap after GC invocations=26 (full 4):
 PSYoungGen      total 192000K, used 24046K [0x00000000e0000000, 0x00000000ee680000, 0x0000000100000000)
  eden space 167936K, 0% used [0x00000000e0000000,0x00000000e0000000,0x00000000ea400000)
  from space 24064K, 99% used [0x00000000ec180000,0x00000000ed8fbbf0,0x00000000ed900000)
  to   space 30208K, 0% used [0x00000000ea400000,0x00000000ea400000,0x00000000ec180000)
 ParOldGen       total 96768K, used 40629K [0x00000000a0000000, 0x00000000a5e80000, 0x00000000e0000000)
  object space 96768K, 41% used [0x00000000a0000000,0x00000000a27ad518,0x00000000a5e80000)
 Metaspace       used 54755K, capacity 55662K, committed 55936K, reserved 1097728K
  class space    used 6491K, capacity 6753K, committed 6784K, reserved 1048576K
}
Event: 4919.660 GC heap before
{Heap before GC invocations=27 (full 4):
 PSYoungGen      total 192000K, used 191982K [0x00000000e0000000, 0x00000000ee680000, 0x0000000100000000)
  eden space 167936K, 100% used [0x00000000e0000000,0x00000000ea400000,0x00000000ea400000)
  from space 24064K, 99% used [0x00000000ec180000,0x00000000ed8fbbf0,0x00000000ed900000)
  to   space 30208K, 0% used [0x00000000ea400000,0x00000000ea400000,0x00000000ec180000)
 ParOldGen       total 96768K, used 40629K [0x00000000a0000000, 0x00000000a5e80000, 0x00000000e0000000)
  object space 96768K, 41% used [0x00000000a0000000,0x00000000a27ad518,0x00000000a5e80000)
 Metaspace       used 55341K, capacity 56374K, committed 56832K, reserved 1099776K
  class space    used 6540K, capacity 6833K, committed 6912K, reserved 1048576K
Event: 4922.803 GC heap after
Heap after GC invocations=27 (full 4):
 PSYoungGen      total 198144K, used 23714K [0x00000000e0000000, 0x00000000ee680000, 0x0000000100000000)
  eden space 167936K, 0% used [0x00000000e0000000,0x00000000e0000000,0x00000000ea400000)
  from space 30208K, 78% used [0x00000000ea400000,0x00000000ebb28818,0x00000000ec180000)
  to   space 24064K, 0% used [0x00000000ec180000,0x00000000ec180000,0x00000000ed900000)
 ParOldGen       total 96768K, used 64462K [0x00000000a0000000, 0x00000000a5e80000, 0x00000000e0000000)
  object space 96768K, 66% used [0x00000000a0000000,0x00000000a3ef39d8,0x00000000a5e80000)
 Metaspace       used 55341K, capacity 56374K, committed 56832K, reserved 1099776K
  class space    used 6540K, capacity 6833K, committed 6912K, reserved 1048576K
}

Deoptimization events (10 events):
Event: 4137.921 Thread 0x000000001d244000 Uncommon trap: reason=array_check action=maybe_recompile pc=0x0000000006d1e4dc method=org.jetbrains.kotlin.com.intellij.extapi.psi.StubBasedPsiElementBase.getStubOrPsiChildren(Lorg/jetbrains/kotlin/com/intellij/psi/tree/TokenSet;Lorg/jetbrains/kotlin/com/
Event: 4138.043 Thread 0x000000001d244000 Uncommon trap: reason=class_check action=maybe_recompile pc=0x0000000005d019c4 method=org.jetbrains.kotlin.types.checker.NewCapturedTypeKt.captureFromArguments(Lorg/jetbrains/kotlin/types/SimpleType;Lorg/jetbrains/kotlin/types/checker/CaptureStatus;Lkotli
Event: 4138.043 Thread 0x000000001d244000 Uncommon trap: reason=class_check action=maybe_recompile pc=0x0000000005d019c4 method=org.jetbrains.kotlin.types.checker.NewCapturedTypeKt.captureFromArguments(Lorg/jetbrains/kotlin/types/SimpleType;Lorg/jetbrains/kotlin/types/checker/CaptureStatus;Lkotli
Event: 4138.044 Thread 0x000000001d244000 Uncommon trap: reason=class_check action=maybe_recompile pc=0x0000000005d019c4 method=org.jetbrains.kotlin.types.checker.NewCapturedTypeKt.captureFromArguments(Lorg/jetbrains/kotlin/types/SimpleType;Lorg/jetbrains/kotlin/types/checker/CaptureStatus;Lkotli
Event: 4138.243 Thread 0x000000001d244000 Uncommon trap: reason=class_check action=maybe_recompile pc=0x0000000005d019c4 method=org.jetbrains.kotlin.types.checker.NewCapturedTypeKt.captureFromArguments(Lorg/jetbrains/kotlin/types/SimpleType;Lorg/jetbrains/kotlin/types/checker/CaptureStatus;Lkotli
Event: 4139.545 Thread 0x000000001d244000 Uncommon trap: reason=unstable_if action=reinterpret pc=0x000000000714fc44 method=org.iq80.snappy.SnappyCompressor.findMatchLength([BI[BII)I @ 166
Event: 4917.503 Thread 0x000000001d3f8000 Uncommon trap: reason=array_check action=maybe_recompile pc=0x0000000005ed2aa8 method=org.jetbrains.kotlin.com.intellij.util.ArrayUtil.insert([Ljava/lang/Object;ILjava/lang/Object;)[Ljava/lang/Object; @ 66
Event: 4917.504 Thread 0x000000001d3f8000 Uncommon trap: reason=array_check action=maybe_recompile pc=0x0000000005ed2aa8 method=org.jetbrains.kotlin.com.intellij.util.ArrayUtil.insert([Ljava/lang/Object;ILjava/lang/Object;)[Ljava/lang/Object; @ 66
Event: 4917.586 Thread 0x000000001d3f8000 Uncommon trap: reason=array_check action=maybe_recompile pc=0x0000000005ed2aa8 method=org.jetbrains.kotlin.com.intellij.util.ArrayUtil.insert([Ljava/lang/Object;ILjava/lang/Object;)[Ljava/lang/Object; @ 66
Event: 4917.590 Thread 0x000000001d3f8000 Uncommon trap: reason=array_check action=maybe_recompile pc=0x0000000005ed2aa8 method=org.jetbrains.kotlin.com.intellij.util.ArrayUtil.insert([Ljava/lang/Object;ILjava/lang/Object;)[Ljava/lang/Object; @ 66

Classes redefined (0 events):
No events

Internal exceptions (10 events):
Event: 2896.440 Thread 0x000000001d244000 Exception <a 'java/net/ConnectException': Connection refused: connect> (0x00000000e0176fe8) thrown at [D:\src\AOSP-openjdk-cygwin\jdk8u\hotspot\src\share\vm\prims\jni.cpp, line 735]
Event: 3077.444 Thread 0x000000001d244000 Exception <a 'java/net/ConnectException': Connection refused: connect> (0x00000000e0177cf0) thrown at [D:\src\AOSP-openjdk-cygwin\jdk8u\hotspot\src\share\vm\prims\jni.cpp, line 735]
Event: 3078.454 Thread 0x000000001d244000 Exception <a 'java/net/ConnectException': Connection refused: connect> (0x00000000e01785e8) thrown at [D:\src\AOSP-openjdk-cygwin\jdk8u\hotspot\src\share\vm\prims\jni.cpp, line 735]
Event: 3079.467 Thread 0x000000001d244000 Exception <a 'java/net/ConnectException': Connection refused: connect> (0x00000000e0178ee0) thrown at [D:\src\AOSP-openjdk-cygwin\jdk8u\hotspot\src\share\vm\prims\jni.cpp, line 735]
Event: 3401.807 Thread 0x000000001d242800 Exception <a 'java/lang/InterruptedException'> (0x00000000e11519c8) thrown at [D:\src\AOSP-openjdk-cygwin\jdk8u\hotspot\src\share\vm\runtime\objectMonitor.cpp, line 1684]
Event: 3407.466 Thread 0x000000001d23f000 Exception <a 'sun/nio/fs/WindowsException'> (0x00000000e44645f8) thrown at [D:\src\AOSP-openjdk-cygwin\jdk8u\hotspot\src\share\vm\prims\jni.cpp, line 709]
Event: 4120.272 Thread 0x000000001d3f6000 Exception <a 'java/lang/InterruptedException'> (0x00000000e80d95f8) thrown at [D:\src\AOSP-openjdk-cygwin\jdk8u\hotspot\src\share\vm\runtime\objectMonitor.cpp, line 1684]
Event: 4128.829 Thread 0x000000001d244000 Exception <a 'sun/nio/fs/WindowsException'> (0x00000000e2b11b30) thrown at [D:\src\AOSP-openjdk-cygwin\jdk8u\hotspot\src\share\vm\prims\jni.cpp, line 709]
Event: 4905.146 Thread 0x000000001d3f9000 Exception <a 'java/lang/InterruptedException'> (0x00000000e4a900e0) thrown at [D:\src\AOSP-openjdk-cygwin\jdk8u\hotspot\src\share\vm\runtime\objectMonitor.cpp, line 1684]
Event: 4909.519 Thread 0x000000001d3f8000 Exception <a 'sun/nio/fs/WindowsException'> (0x00000000e7da54a0) thrown at [D:\src\AOSP-openjdk-cygwin\jdk8u\hotspot\src\share\vm\prims\jni.cpp, line 709]

Events (10 events):
Event: 4918.465 loading class org/jetbrains/kotlin/descriptors/PackageFragmentDescriptor
Event: 4918.465 loading class org/jetbrains/kotlin/descriptors/PackageFragmentDescriptor done
Event: 4919.587 loading class org/jetbrains/kotlin/resolve/scopes/MemberScope
Event: 4919.587 loading class org/jetbrains/kotlin/resolve/scopes/MemberScope done
Event: 4919.629 Executing VM operation: ParallelGCFailedAllocation
Event: 4922.804 Executing VM operation: ParallelGCFailedAllocation done
Event: 4922.804 Executing VM operation: RevokeBias
Event: 4922.847 Executing VM operation: RevokeBias done
Event: 4922.847 Executing VM operation: RevokeBias
Event: 4922.865 Executing VM operation: RevokeBias done


Dynamic libraries:
0x00007ff623050000 - 0x00007ff623081000 	C:\Program Files\Android\Android Studio\jre\jre\bin\java.exe
0x00007ffc90ad0000 - 0x00007ffc90cb0000 	C:\WINDOWS\SYSTEM32\ntdll.dll
0x00007ffc900a0000 - 0x00007ffc9014e000 	C:\WINDOWS\System32\KERNEL32.DLL
0x00007ffc8cf70000 - 0x00007ffc8d1d6000 	C:\WINDOWS\System32\KERNELBASE.dll
0x00007ffc8e450000 - 0x00007ffc8e4f1000 	C:\WINDOWS\System32\ADVAPI32.dll
0x00007ffc90540000 - 0x00007ffc905dd000 	C:\WINDOWS\System32\msvcrt.dll
0x00007ffc8e620000 - 0x00007ffc8e67b000 	C:\WINDOWS\System32\sechost.dll
0x00007ffc907a0000 - 0x00007ffc908bf000 	C:\WINDOWS\System32\RPCRT4.dll
0x00007ffc90610000 - 0x00007ffc9079f000 	C:\WINDOWS\System32\USER32.dll
0x00007ffc8df80000 - 0x00007ffc8dfa0000 	C:\WINDOWS\System32\win32u.dll
0x00007ffc8e680000 - 0x00007ffc8e6a8000 	C:\WINDOWS\System32\GDI32.dll
0x00007ffc8d1e0000 - 0x00007ffc8d373000 	C:\WINDOWS\System32\gdi32full.dll
0x00007ffc8ced0000 - 0x00007ffc8cf6b000 	C:\WINDOWS\System32\msvcp_win.dll
0x00007ffc8d400000 - 0x00007ffc8d4f6000 	C:\WINDOWS\System32\ucrtbase.dll
0x00007ffc82da0000 - 0x00007ffc83009000 	C:\WINDOWS\WinSxS\amd64_microsoft.windows.common-controls_6595b64144ccf1df_6.0.16299.248_none_15ced204935f55d7\COMCTL32.dll
0x00007ffc8fbc0000 - 0x00007ffc8fec8000 	C:\WINDOWS\System32\combase.dll
0x00007ffc8d380000 - 0x00007ffc8d3f2000 	C:\WINDOWS\System32\bcryptPrimitives.dll
0x00007ffc905e0000 - 0x00007ffc9060d000 	C:\WINDOWS\System32\IMM32.DLL
0x00000000563a0000 - 0x0000000056472000 	C:\Program Files\Android\Android Studio\jre\jre\bin\msvcr100.dll
0x0000000056480000 - 0x0000000056cbe000 	C:\Program Files\Android\Android Studio\jre\jre\bin\server\jvm.dll
0x00007ffc90480000 - 0x00007ffc90488000 	C:\WINDOWS\System32\PSAPI.DLL
0x00007ffc8af70000 - 0x00007ffc8af93000 	C:\WINDOWS\SYSTEM32\WINMM.dll
0x00007ffc8bb00000 - 0x00007ffc8bb0a000 	C:\WINDOWS\SYSTEM32\VERSION.dll
0x00007ffc83bb0000 - 0x00007ffc83bb9000 	C:\WINDOWS\SYSTEM32\WSOCK32.dll
0x00007ffc90150000 - 0x00007ffc901bc000 	C:\WINDOWS\System32\WS2_32.dll
0x00007ffc8af10000 - 0x00007ffc8af3a000 	C:\WINDOWS\SYSTEM32\winmmbase.dll
0x00007ffc8d500000 - 0x00007ffc8d54a000 	C:\WINDOWS\System32\cfgmgr32.dll
0x00007ffc83ba0000 - 0x00007ffc83baf000 	C:\Program Files\Android\Android Studio\jre\jre\bin\verify.dll
0x00007ffc83b70000 - 0x00007ffc83b99000 	C:\Program Files\Android\Android Studio\jre\jre\bin\java.dll
0x00007ffc83b50000 - 0x00007ffc83b66000 	C:\Program Files\Android\Android Studio\jre\jre\bin\zip.dll
0x00007ffc8e6b0000 - 0x00007ffc8fae6000 	C:\WINDOWS\System32\SHELL32.dll
0x00007ffc90490000 - 0x00007ffc90536000 	C:\WINDOWS\System32\shcore.dll
0x00007ffc8d830000 - 0x00007ffc8df77000 	C:\WINDOWS\System32\windows.storage.dll
0x00007ffc90040000 - 0x00007ffc90091000 	C:\WINDOWS\System32\shlwapi.dll
0x00007ffc8ce20000 - 0x00007ffc8ce31000 	C:\WINDOWS\System32\kernel.appcore.dll
0x00007ffc8ce40000 - 0x00007ffc8ce8c000 	C:\WINDOWS\System32\powrprof.dll
0x00007ffc8ceb0000 - 0x00007ffc8cecb000 	C:\WINDOWS\System32\profapi.dll
0x00007ffc8b130000 - 0x00007ffc8b13d000 	C:\Program Files\Android\Android Studio\jre\jre\bin\management.dll
0x00007ffc78c10000 - 0x00007ffc78c2a000 	C:\Program Files\Android\Android Studio\jre\jre\bin\net.dll
0x00007ffc8c650000 - 0x00007ffc8c6b6000 	C:\WINDOWS\system32\mswsock.dll
0x00007ffc78bf0000 - 0x00007ffc78c01000 	C:\Program Files\Android\Android Studio\jre\jre\bin\nio.dll
0x00007ffc8c820000 - 0x00007ffc8c837000 	C:\WINDOWS\SYSTEM32\CRYPTSP.dll
0x00007ffc8c260000 - 0x00007ffc8c293000 	C:\WINDOWS\system32\rsaenh.dll
0x00007ffc8c920000 - 0x00007ffc8c945000 	C:\WINDOWS\SYSTEM32\bcrypt.dll
0x00007ffc8cd50000 - 0x00007ffc8cd79000 	C:\WINDOWS\SYSTEM32\USERENV.dll
0x00007ffc8c810000 - 0x00007ffc8c81b000 	C:\WINDOWS\SYSTEM32\CRYPTBASE.dll
0x00007ffc8c3e0000 - 0x00007ffc8c419000 	C:\WINDOWS\SYSTEM32\IPHLPAPI.DLL
0x00007ffc8e500000 - 0x00007ffc8e508000 	C:\WINDOWS\System32\NSI.dll
0x00007ffc86780000 - 0x00007ffc86796000 	C:\WINDOWS\SYSTEM32\dhcpcsvc6.DLL
0x00007ffc867c0000 - 0x00007ffc867da000 	C:\WINDOWS\SYSTEM32\dhcpcsvc.DLL

VM Arguments:
jvm_args: -Djava.awt.headless=true -Djava.rmi.server.hostname=localhost -Xmx1536m -Dkotlin.environment.keepalive 
java_command: org.jetbrains.kotlin.daemon.KotlinCompileDaemon --daemon-runFilesPath C:\Users\Kent\AppData\Local\kotlin\daemon --daemon-autoshutdownIdleSeconds=7200 --daemon-compilerClasspath C:\Users\Kent\.gradle\caches\modules-2\files-2.1\org.jetbrains.kotlin\kotlin-compiler-embeddable\1.2.21\39456b64a42dc359e385697e2e93b5cba52e197f\kotlin-compiler-embeddable-1.2.21.jar;C:\Users\Kent\.gradle\caches\modules-2\files-2.1\org.jetbrains.kotlin\kotlin-stdlib\1.2.21\d64187eb2d9d1521be3421aa8c6774a8625cdde8\kotlin-stdlib-1.2.21.jar;C:\Users\Kent\.gradle\caches\modules-2\files-2.1\org.jetbrains.kotlin\kotlin-script-runtime\1.2.21\40c37b171146be48a989ab74b937b17a96d28d87\kotlin-script-runtime-1.2.21.jar;C:\Users\Kent\.gradle\caches\modules-2\files-2.1\org.jetbrains.kotlin\kotlin-reflect\1.2.21\3159ff5936aa570a90050d385cb717fbb6c1723a\kotlin-reflect-1.2.21.jar;C:\Program Files\Android\Android Studio\jre\lib\tools.jar
java_class_path (initial): C:\Users\Kent\.gradle\caches\modules-2\files-2.1\org.jetbrains.kotlin\kotlin-compiler-embeddable\1.2.21\39456b64a42dc359e385697e2e93b5cba52e197f\kotlin-compiler-embeddable-1.2.21.jar;C:\Users\Kent\.gradle\caches\modules-2\files-2.1\org.jetbrains.kotlin\kotlin-stdlib\1.2.21\d64187eb2d9d1521be3421aa8c6774a8625cdde8\kotlin-stdlib-1.2.21.jar;C:\Users\Kent\.gradle\caches\modules-2\files-2.1\org.jetbrains.kotlin\kotlin-script-runtime\1.2.21\40c37b171146be48a989ab74b937b17a96d28d87\kotlin-script-runtime-1.2.21.jar;C:\Users\Kent\.gradle\caches\modules-2\files-2.1\org.jetbrains.kotlin\kotlin-reflect\1.2.21\3159ff5936aa570a90050d385cb717fbb6c1723a\kotlin-reflect-1.2.21.jar;C:\Program Files\Android\Android Studio\jre\lib\tools.jar
Launcher Type: SUN_STANDARD

Environment Variables:
PATH=C:\WINDOWS\system32;C:\WINDOWS;C:\WINDOWS\System32\Wbem;C:\WINDOWS\System32\WindowsPowerShell\v1.0\;C:\Program Files\Git\cmd;C:\Users\Kent\AppData\Local\Microsoft\WindowsApps;
USERNAME=Kent
OS=Windows_NT
PROCESSOR_IDENTIFIER=Intel64 Family 6 Model 37 Stepping 5, GenuineIntel



---------------  S Y S T E M  ---------------

OS: Windows 10.0 , 64 bit Build 16299 (10.0.16299.15)

CPU:total 4 (initial active 4) (2 cores per cpu, 2 threads per core) family 6 model 37 stepping 5, cmov, cx8, fxsr, mmx, sse, sse2, sse3, ssse3, sse4.1, sse4.2, popcnt, ht, tsc, tscinvbit

Memory: 4k page, physical 3848288k(1040044k free), swap 5246048k(1016k free)

vm_info: OpenJDK 64-Bit Server VM (25.152-b01) for windows-amd64 JRE (1.8.0_152-release-915-b01), built by "builder" with MS VC++ 10.0 (VS2010)

time: Sun Mar 18 11:53:57 2018
elapsed time: 4924 seconds (0d 1h 22m 4s)

