#
# There is insufficient memory for the Java Runtime Environment to continue.
# Native memory allocation (malloc) failed to allocate 65552 bytes for Chunk::new
# Possible reasons:
#   The system is out of physical RAM or swap space
#   In 32 bit mode, the process size limit was hit
# Possible solutions:
#   Reduce memory load on the system
#   Increase physical memory or swap space
#   Check if swap backing store is full
#   Use 64 bit Java on a 64 bit OS
#   Decrease Java heap size (-Xmx/-Xms)
#   Decrease number of Java threads
#   Decrease Java thread stack sizes (-Xss)
#   Set larger code cache with -XX:ReservedCodeCacheSize=
# This output file may be truncated or incomplete.
#
#  Out of Memory Error (allocation.cpp:390), pid=4992, tid=0x00000000000013b8
#
# JRE version: OpenJDK Runtime Environment (8.0_152-b01) (build 1.8.0_152-release-915-b01)
# Java VM: OpenJDK 64-Bit Server VM (25.152-b01 mixed mode windows-amd64 compressed oops)
# Failed to write core dump. Minidumps are not enabled by default on client versions of Windows
#

---------------  T H R E A D  ---------------

Current thread (0x000000001884b000):  JavaThread "C2 CompilerThread0" daemon [_thread_in_native, id=5048, stack(0x0000000019eb0000,0x0000000019fb0000)]

Stack: [0x0000000019eb0000,0x0000000019fb0000]
[error occurred during error reporting (printing stack bounds), id 0xc0000005]

Native frames: (J=compiled Java code, j=interpreted, Vv=VM code, C=native code)


Current CompileTask:
C2:1832215 10306       4       org.jetbrains.kotlin.load.java.PropertiesConventionUtilKt::propertyNameFromAccessorMethodName (178 bytes)


---------------  P R O C E S S  ---------------

Java Threads: ( => current thread )
  0x000000001d4a5800 JavaThread "RMI RenewClean-[localhost:50428,org.jetbrains.kotlin.daemon.common.LoopbackNetworkInterface$ClientLoopbackSocketFactory@25ad8d2d]" daemon [_thread_blocked, id=5920, stack(0x00000000242b0000,0x00000000243b0000)]
  0x000000001d4a6000 JavaThread "RMI TCP Connection(18)-127.0.0.1" daemon [_thread_in_native, id=4120, stack(0x00000000241b0000,0x00000000242b0000)]
  0x000000001d4a1800 JavaThread "RMI TCP Connection(17)-127.0.0.1" daemon [_thread_in_native, id=6736, stack(0x00000000240b0000,0x00000000241b0000)]
  0x000000001d4a4000 JavaThread "RMI RenewClean-[localhost:50428,org.jetbrains.kotlin.daemon.common.LoopbackNetworkInterface$ClientLoopbackSocketFactory@8bd8b23]" daemon [_thread_blocked, id=5688, stack(0x0000000023fb0000,0x00000000240b0000)]
  0x000000001a99e000 JavaThread "RMI RenewClean-[localhost:50428,org.jetbrains.kotlin.daemon.common.LoopbackNetworkInterface$ClientLoopbackSocketFactory@1272689]" daemon [_thread_blocked, id=4588, stack(0x0000000022be0000,0x0000000022ce0000)]
  0x000000001aa2e800 JavaThread "RMI Scheduler(0)" daemon [_thread_blocked, id=5916, stack(0x000000001bc30000,0x000000001bd30000)]
  0x0000000004ede000 JavaThread "DestroyJavaVM" [_thread_blocked, id=4468, stack(0x0000000004bb0000,0x0000000004cb0000)]
  0x000000001a994000 JavaThread "GC Daemon" daemon [_thread_blocked, id=7864, stack(0x000000001b6f0000,0x000000001b7f0000)]
  0x000000001a98b000 JavaThread "RMI Reaper" [_thread_blocked, id=1012, stack(0x000000001b5f0000,0x000000001b6f0000)]
  0x000000001a562000 JavaThread "Timer-0" daemon [_thread_blocked, id=7852, stack(0x000000001b3f0000,0x000000001b4f0000)]
  0x000000001a88d800 JavaThread "RMI TCP Accept-17095" daemon [_thread_in_native, id=7196, stack(0x000000001b2f0000,0x000000001b3f0000)]
  0x000000001a1d0800 JavaThread "Service Thread" daemon [_thread_blocked, id=6664, stack(0x000000001a5b0000,0x000000001a6b0000)]
  0x0000000018853000 JavaThread "C1 CompilerThread2" daemon [_thread_blocked, id=5772, stack(0x000000001a0b0000,0x000000001a1b0000)]
  0x000000001884f000 JavaThread "C2 CompilerThread1" daemon [_thread_in_native, id=5204, stack(0x0000000019fb0000,0x000000001a0b0000)]
=>0x000000001884b000 JavaThread "C2 CompilerThread0" daemon [_thread_in_native, id=5048, stack(0x0000000019eb0000,0x0000000019fb0000)]
  0x0000000018849800 JavaThread "Attach Listener" daemon [_thread_blocked, id=844, stack(0x0000000019db0000,0x0000000019eb0000)]
  0x0000000018848800 JavaThread "Signal Dispatcher" daemon [_thread_blocked, id=4872, stack(0x0000000019cb0000,0x0000000019db0000)]
  0x0000000004e2b800 JavaThread "Finalizer" daemon [_thread_blocked, id=7956, stack(0x0000000019ac0000,0x0000000019bc0000)]
  0x0000000004e22000 JavaThread "Reference Handler" daemon [_thread_blocked, id=4612, stack(0x00000000199c0000,0x0000000019ac0000)]

Other Threads:
  0x0000000018814000 VMThread [stack: 0x00000000198c0000,0x00000000199c0000] [id=6164]
  0x00000000188ab800 WatcherThread [stack: 0x000000001a6b0000,0x000000001a7b0000] [id=400]

VM state:not at safepoint (normal execution)

VM Mutex/Monitor currently owned by a thread: None

Heap:
 PSYoungGen      total 184320K, used 66610K [0x00000000e0000000, 0x00000000ef000000, 0x0000000100000000)
  eden space 134144K, 30% used [0x00000000e0000000,0x00000000e27e4080,0x00000000e8300000)
  from space 50176K, 51% used [0x00000000eb500000,0x00000000ece28a48,0x00000000ee600000)
  to   space 51200K, 0% used [0x00000000e8300000,0x00000000e8300000,0x00000000eb500000)
 ParOldGen       total 135680K, used 44889K [0x00000000a0000000, 0x00000000a8480000, 0x00000000e0000000)
  object space 135680K, 33% used [0x00000000a0000000,0x00000000a2bd66d8,0x00000000a8480000)
 Metaspace       used 55599K, capacity 56616K, committed 56960K, reserved 1099776K
  class space    used 6658K, capacity 6994K, committed 7040K, reserved 1048576K

Card table byte_map: [0x00000000142a0000,0x00000000145b0000] byte_map_base: 0x0000000013da0000

Marking Bits: (ParMarkBitMap*) 0x00000000544a3950
 Begin Bits: [0x0000000014bb0000, 0x00000000163b0000)
 End Bits:   [0x00000000163b0000, 0x0000000017bb0000)

Polling page: 0x0000000000bf0000

CodeCache: size=245760Kb used=30259Kb max_used=30425Kb free=215500Kb
 bounds [0x0000000004ee0000, 0x0000000006cd0000, 0x0000000013ee0000]
 total_blobs=9240 nmethods=8724 adapters=427
 compilation: enabled

Compilation events (10 events):
Event: 1831.354 Thread 0x0000000018853000 nmethod 10396 0x0000000006801b90 code [0x0000000006801d00, 0x0000000006801ee8]
Event: 1831.354 Thread 0x0000000018853000 10397       2       sun.net.www.URLConnection::<init> (22 bytes)
Event: 1831.355 Thread 0x0000000018853000 nmethod 10397 0x0000000006bb0810 code [0x0000000006bb0980, 0x0000000006bb0b98]
Event: 1831.454 Thread 0x0000000018853000 10398       2       kotlin.jvm.internal.PropertyReference1::<init> (5 bytes)
Event: 1831.455 Thread 0x0000000018853000 nmethod 10398 0x00000000052335d0 code [0x0000000005233720, 0x0000000005233890]
Event: 1831.455 Thread 0x0000000018853000 10399       2       kotlin.jvm.internal.PropertyReference1Impl::<init> (20 bytes)
Event: 1831.456 Thread 0x0000000018853000 nmethod 10399 0x0000000005c29190 code [0x0000000005c292e0, 0x0000000005c29490]
Event: 1831.482 Thread 0x0000000018853000 10400       2       org.jetbrains.kotlin.diagnostics.rendering.DiagnosticFactoryToRendererMap::checkMutability (18 bytes)
Event: 1831.483 Thread 0x0000000018853000 nmethod 10400 0x0000000005750a50 code [0x0000000005750bc0, 0x0000000005750de8]
Event: 1831.483 Thread 0x0000000018853000 10401       2       java.text.MessageFormat::applyPattern (422 bytes)

GC Heap History (10 events):
Event: 800.819 GC heap before
{Heap before GC invocations=19 (full 4):
 PSYoungGen      total 139264K, used 139242K [0x00000000e0000000, 0x00000000ec680000, 0x0000000100000000)
  eden space 107008K, 100% used [0x00000000e0000000,0x00000000e6880000,0x00000000e6880000)
  from space 32256K, 99% used [0x00000000e8f80000,0x00000000eaefa880,0x00000000eaf00000)
  to   space 39936K, 0% used [0x00000000e6880000,0x00000000e6880000,0x00000000e8f80000)
 ParOldGen       total 99840K, used 38252K [0x00000000a0000000, 0x00000000a6180000, 0x00000000e0000000)
  object space 99840K, 38% used [0x00000000a0000000,0x00000000a255b0a0,0x00000000a6180000)
 Metaspace       used 53205K, capacity 54110K, committed 54656K, reserved 1097728K
  class space    used 6454K, capacity 6713K, committed 6784K, reserved 1048576K
Event: 801.480 GC heap after
Heap after GC invocations=19 (full 4):
 PSYoungGen      total 146944K, used 39927K [0x00000000e0000000, 0x00000000ee600000, 0x0000000100000000)
  eden space 107008K, 0% used [0x00000000e0000000,0x00000000e0000000,0x00000000e6880000)
  from space 39936K, 99% used [0x00000000e6880000,0x00000000e8f7dfb0,0x00000000e8f80000)
  to   space 50176K, 0% used [0x00000000eb500000,0x00000000eb500000,0x00000000ee600000)
 ParOldGen       total 99840K, used 49378K [0x00000000a0000000, 0x00000000a6180000, 0x00000000e0000000)
  object space 99840K, 49% used [0x00000000a0000000,0x00000000a30388a0,0x00000000a6180000)
 Metaspace       used 53205K, capacity 54110K, committed 54656K, reserved 1097728K
  class space    used 6454K, capacity 6713K, committed 6784K, reserved 1048576K
}
Event: 805.734 GC heap before
{Heap before GC invocations=20 (full 4):
 PSYoungGen      total 146944K, used 146935K [0x00000000e0000000, 0x00000000ee600000, 0x0000000100000000)
  eden space 107008K, 100% used [0x00000000e0000000,0x00000000e6880000,0x00000000e6880000)
  from space 39936K, 99% used [0x00000000e6880000,0x00000000e8f7dfb0,0x00000000e8f80000)
  to   space 50176K, 0% used [0x00000000eb500000,0x00000000eb500000,0x00000000ee600000)
 ParOldGen       total 99840K, used 49378K [0x00000000a0000000, 0x00000000a6180000, 0x00000000e0000000)
  object space 99840K, 49% used [0x00000000a0000000,0x00000000a30388a0,0x00000000a6180000)
 Metaspace       used 53807K, capacity 54716K, committed 55168K, reserved 1097728K
  class space    used 6480K, capacity 6754K, committed 6784K, reserved 1048576K
Event: 806.054 GC heap after
Heap after GC invocations=20 (full 4):
 PSYoungGen      total 184320K, used 29427K [0x00000000e0000000, 0x00000000ef000000, 0x0000000100000000)
  eden space 134144K, 0% used [0x00000000e0000000,0x00000000e0000000,0x00000000e8300000)
  from space 50176K, 58% used [0x00000000eb500000,0x00000000ed1bcd40,0x00000000ee600000)
  to   space 51200K, 0% used [0x00000000e8300000,0x00000000e8300000,0x00000000eb500000)
 ParOldGen       total 99840K, used 81226K [0x00000000a0000000, 0x00000000a6180000, 0x00000000e0000000)
  object space 99840K, 81% used [0x00000000a0000000,0x00000000a4f52900,0x00000000a6180000)
 Metaspace       used 53807K, capacity 54716K, committed 55168K, reserved 1097728K
  class space    used 6480K, capacity 6754K, committed 6784K, reserved 1048576K
}
Event: 806.099 GC heap before
{Heap before GC invocations=21 (full 5):
 PSYoungGen      total 184320K, used 29427K [0x00000000e0000000, 0x00000000ef000000, 0x0000000100000000)
  eden space 134144K, 0% used [0x00000000e0000000,0x00000000e0000000,0x00000000e8300000)
  from space 50176K, 58% used [0x00000000eb500000,0x00000000ed1bcd40,0x00000000ee600000)
  to   space 51200K, 0% used [0x00000000e8300000,0x00000000e8300000,0x00000000eb500000)
 ParOldGen       total 99840K, used 81226K [0x00000000a0000000, 0x00000000a6180000, 0x00000000e0000000)
  object space 99840K, 81% used [0x00000000a0000000,0x00000000a4f52900,0x00000000a6180000)
 Metaspace       used 53807K, capacity 54716K, committed 55168K, reserved 1097728K
  class space    used 6480K, capacity 6754K, committed 6784K, reserved 1048576K
Event: 806.781 GC heap after
Heap after GC invocations=21 (full 5):
 PSYoungGen      total 184320K, used 0K [0x00000000e0000000, 0x00000000ef000000, 0x0000000100000000)
  eden space 134144K, 0% used [0x00000000e0000000,0x00000000e0000000,0x00000000e8300000)
  from space 50176K, 0% used [0x00000000eb500000,0x00000000eb500000,0x00000000ee600000)
  to   space 51200K, 0% used [0x00000000e8300000,0x00000000e8300000,0x00000000eb500000)
 ParOldGen       total 135680K, used 44397K [0x00000000a0000000, 0x00000000a8480000, 0x00000000e0000000)
  object space 135680K, 32% used [0x00000000a0000000,0x00000000a2b5b688,0x00000000a8480000)
 Metaspace       used 53807K, capacity 54716K, committed 55168K, reserved 1097728K
  class space    used 6480K, capacity 6754K, committed 6784K, reserved 1048576K
}
Event: 1134.104 GC heap before
{Heap before GC invocations=22 (full 5):
 PSYoungGen      total 184320K, used 134144K [0x00000000e0000000, 0x00000000ef000000, 0x0000000100000000)
  eden space 134144K, 100% used [0x00000000e0000000,0x00000000e8300000,0x00000000e8300000)
  from space 50176K, 0% used [0x00000000eb500000,0x00000000eb500000,0x00000000ee600000)
  to   space 51200K, 0% used [0x00000000e8300000,0x00000000e8300000,0x00000000eb500000)
 ParOldGen       total 135680K, used 44397K [0x00000000a0000000, 0x00000000a8480000, 0x00000000e0000000)
  object space 135680K, 32% used [0x00000000a0000000,0x00000000a2b5b688,0x00000000a8480000)
 Metaspace       used 54340K, capacity 55320K, committed 55808K, reserved 1097728K
  class space    used 6522K, capacity 6798K, committed 6912K, reserved 1048576K
Event: 1134.419 GC heap after
Heap after GC invocations=22 (full 5):
 PSYoungGen      total 185344K, used 30620K [0x00000000e0000000, 0x00000000ef000000, 0x0000000100000000)
  eden space 134144K, 0% used [0x00000000e0000000,0x00000000e0000000,0x00000000e8300000)
  from space 51200K, 59% used [0x00000000e8300000,0x00000000ea0e73f8,0x00000000eb500000)
  to   space 50176K, 0% used [0x00000000eb500000,0x00000000eb500000,0x00000000ee600000)
 ParOldGen       total 135680K, used 44405K [0x00000000a0000000, 0x00000000a8480000, 0x00000000e0000000)
  object space 135680K, 32% used [0x00000000a0000000,0x00000000a2b5d688,0x00000000a8480000)
 Metaspace       used 54340K, capacity 55320K, committed 55808K, reserved 1097728K
  class space    used 6522K, capacity 6798K, committed 6912K, reserved 1048576K
}
Event: 1830.529 GC heap before
{Heap before GC invocations=23 (full 5):
 PSYoungGen      total 185344K, used 164764K [0x00000000e0000000, 0x00000000ef000000, 0x0000000100000000)
  eden space 134144K, 100% used [0x00000000e0000000,0x00000000e8300000,0x00000000e8300000)
  from space 51200K, 59% used [0x00000000e8300000,0x00000000ea0e73f8,0x00000000eb500000)
  to   space 50176K, 0% used [0x00000000eb500000,0x00000000eb500000,0x00000000ee600000)
 ParOldGen       total 135680K, used 44405K [0x00000000a0000000, 0x00000000a8480000, 0x00000000e0000000)
  object space 135680K, 32% used [0x00000000a0000000,0x00000000a2b5d688,0x00000000a8480000)
 Metaspace       used 55051K, capacity 55996K, committed 56320K, reserved 1099776K
  class space    used 6583K, capacity 6872K, committed 6912K, reserved 1048576K
Event: 1830.622 GC heap after
Heap after GC invocations=23 (full 5):
 PSYoungGen      total 184320K, used 25762K [0x00000000e0000000, 0x00000000ef000000, 0x0000000100000000)
  eden space 134144K, 0% used [0x00000000e0000000,0x00000000e0000000,0x00000000e8300000)
  from space 50176K, 51% used [0x00000000eb500000,0x00000000ece28a48,0x00000000ee600000)
  to   space 51200K, 0% used [0x00000000e8300000,0x00000000e8300000,0x00000000eb500000)
 ParOldGen       total 135680K, used 44889K [0x00000000a0000000, 0x00000000a8480000, 0x00000000e0000000)
  object space 135680K, 33% used [0x00000000a0000000,0x00000000a2bd66d8,0x00000000a8480000)
 Metaspace       used 55051K, capacity 55996K, committed 56320K, reserved 1099776K
  class space    used 6583K, capacity 6872K, committed 6912K, reserved 1048576K
}

Deoptimization events (10 events):
Event: 1134.670 Thread 0x000000001d4aa800 Uncommon trap: reason=class_check action=maybe_recompile pc=0x00000000060732ac method=org.jetbrains.kotlin.resolve.calls.tower.PrioritizedCompositeScopeTowerProcessor.process(Lorg/jetbrains/kotlin/resolve/calls/tower/TowerData;)Ljava/util/List; @ 50
Event: 1134.671 Thread 0x000000001d4aa800 Uncommon trap: reason=class_check action=maybe_recompile pc=0x00000000060732ac method=org.jetbrains.kotlin.resolve.calls.tower.PrioritizedCompositeScopeTowerProcessor.process(Lorg/jetbrains/kotlin/resolve/calls/tower/TowerData;)Ljava/util/List; @ 50
Event: 1135.245 Thread 0x000000001d4aa800 Uncommon trap: reason=predicate action=maybe_recompile pc=0x0000000006b64ff8 method=java.util.AbstractCollection.toArray([Ljava/lang/Object;)[Ljava/lang/Object; @ 49
Event: 1136.907 Thread 0x000000001d4aa800 Uncommon trap: reason=bimorphic action=maybe_recompile pc=0x0000000006574148 method=org.jetbrains.kotlin.com.intellij.util.containers.hash.LinkedHashMap.remove(Ljava/lang/Object;)Ljava/lang/Object; @ 61
Event: 1136.973 Thread 0x000000001d4aa800 Uncommon trap: reason=bimorphic action=maybe_recompile pc=0x0000000006574148 method=org.jetbrains.kotlin.com.intellij.util.containers.hash.LinkedHashMap.remove(Ljava/lang/Object;)Ljava/lang/Object; @ 61
Event: 1136.973 Thread 0x000000001d4aa800 Uncommon trap: reason=bimorphic action=maybe_recompile pc=0x0000000006574148 method=org.jetbrains.kotlin.com.intellij.util.containers.hash.LinkedHashMap.remove(Ljava/lang/Object;)Ljava/lang/Object; @ 61
Event: 1829.418 Thread 0x000000001d4a6000 Uncommon trap: reason=array_check action=maybe_recompile pc=0x0000000005aa012c method=java.util.AbstractCollection.toArray([Ljava/lang/Object;)[Ljava/lang/Object; @ 119
Event: 1829.418 Thread 0x000000001d4a6000 Uncommon trap: reason=array_check action=maybe_recompile pc=0x0000000005aa012c method=java.util.AbstractCollection.toArray([Ljava/lang/Object;)[Ljava/lang/Object; @ 119
Event: 1829.484 Thread 0x000000001d4a6000 Uncommon trap: reason=array_check action=maybe_recompile pc=0x0000000005aa012c method=java.util.AbstractCollection.toArray([Ljava/lang/Object;)[Ljava/lang/Object; @ 119
Event: 1829.485 Thread 0x000000001d4a6000 Uncommon trap: reason=array_check action=maybe_recompile pc=0x0000000005aa012c method=java.util.AbstractCollection.toArray([Ljava/lang/Object;)[Ljava/lang/Object; @ 119

Classes redefined (0 events):
No events

Internal exceptions (10 events):
Event: 217.820 Thread 0x000000001aa06800 Exception <a 'java/lang/reflect/InvocationTargetException'> (0x00000000e0990e40) thrown at [D:\src\AOSP-openjdk-cygwin\jdk8u\hotspot\src\share\vm\runtime\reflection.cpp, line 1092]
Event: 226.365 Thread 0x000000001aa06800 Exception <a 'java/lang/NoSuchMethodError': <clinit>> (0x00000000e52103f8) thrown at [D:\src\AOSP-openjdk-cygwin\jdk8u\hotspot\src\share\vm\prims\jni.cpp, line 1613]
Event: 426.013 Thread 0x0000000020894000 Exception <a 'java/lang/InterruptedException'> (0x00000000e547c868) thrown at [D:\src\AOSP-openjdk-cygwin\jdk8u\hotspot\src\share\vm\runtime\objectMonitor.cpp, line 1684]
Event: 426.178 Thread 0x000000001aa30000 Exception <a 'sun/nio/fs/WindowsException'> (0x00000000e550b700) thrown at [D:\src\AOSP-openjdk-cygwin\jdk8u\hotspot\src\share\vm\prims\jni.cpp, line 709]
Event: 798.272 Thread 0x000000001a99e000 Exception <a 'java/lang/InterruptedException'> (0x00000000e3ca7190) thrown at [D:\src\AOSP-openjdk-cygwin\jdk8u\hotspot\src\share\vm\runtime\objectMonitor.cpp, line 1684]
Event: 798.646 Thread 0x000000001aa06800 Exception <a 'sun/nio/fs/WindowsException'> (0x00000000e3d87578) thrown at [D:\src\AOSP-openjdk-cygwin\jdk8u\hotspot\src\share\vm\prims\jni.cpp, line 709]
Event: 1130.054 Thread 0x000000001d4a4000 Exception <a 'java/lang/InterruptedException'> (0x00000000e0ced1f0) thrown at [D:\src\AOSP-openjdk-cygwin\jdk8u\hotspot\src\share\vm\runtime\objectMonitor.cpp, line 1684]
Event: 1130.222 Thread 0x000000001d4aa800 Exception <a 'sun/nio/fs/WindowsException'> (0x00000000e0dd14a0) thrown at [D:\src\AOSP-openjdk-cygwin\jdk8u\hotspot\src\share\vm\prims\jni.cpp, line 709]
Event: 1828.602 Thread 0x000000001d4a5800 Exception <a 'java/lang/InterruptedException'> (0x00000000e284a3e0) thrown at [D:\src\AOSP-openjdk-cygwin\jdk8u\hotspot\src\share\vm\runtime\objectMonitor.cpp, line 1684]
Event: 1828.740 Thread 0x000000001d4a6000 Exception <a 'sun/nio/fs/WindowsException'> (0x00000000e292c020) thrown at [D:\src\AOSP-openjdk-cygwin\jdk8u\hotspot\src\share\vm\prims\jni.cpp, line 709]

Events (10 events):
Event: 1831.481 loading class org/jetbrains/kotlin/diagnostics/rendering/IncompatibleExpectedActualClassScopesRenderer
Event: 1831.481 loading class org/jetbrains/kotlin/diagnostics/rendering/IncompatibleExpectedActualClassScopesRenderer done
Event: 1831.482 loading class org/jetbrains/kotlin/diagnostics/rendering/IncompatibleExpectedActualClassScopesRenderer$Companion
Event: 1831.482 loading class org/jetbrains/kotlin/diagnostics/rendering/IncompatibleExpectedActualClassScopesRenderer$Companion done
Event: 1831.490 loading class kotlin/Pair
Event: 1831.490 loading class kotlin/Pair done
Event: 1831.490 loading class kotlin/Pair
Event: 1831.490 loading class kotlin/Pair done
Event: 1831.490 loading class org/jetbrains/kotlin/diagnostics/rendering/DiagnosticParameterRenderer
Event: 1831.490 loading class org/jetbrains/kotlin/diagnostics/rendering/DiagnosticParameterRenderer done


Dynamic libraries:
0x00007ff779ce0000 - 0x00007ff779d11000 	C:\Program Files\Android\Android Studio\jre\jre\bin\java.exe
0x00007ff994340000 - 0x00007ff994520000 	C:\WINDOWS\SYSTEM32\ntdll.dll
0x00007ff991e50000 - 0x00007ff991efe000 	C:\WINDOWS\System32\KERNEL32.DLL
0x00007ff9911a0000 - 0x00007ff991406000 	C:\WINDOWS\System32\KERNELBASE.dll
0x00007ff9920d0000 - 0x00007ff992171000 	C:\WINDOWS\System32\ADVAPI32.dll
0x00007ff994080000 - 0x00007ff99411d000 	C:\WINDOWS\System32\msvcrt.dll
0x00007ff9941a0000 - 0x00007ff9941fb000 	C:\WINDOWS\System32\sechost.dll
0x00007ff993760000 - 0x00007ff99387f000 	C:\WINDOWS\System32\RPCRT4.dll
0x00007ff9919a0000 - 0x00007ff991b2f000 	C:\WINDOWS\System32\USER32.dll
0x00007ff990fe0000 - 0x00007ff991000000 	C:\WINDOWS\System32\win32u.dll
0x00007ff994200000 - 0x00007ff994228000 	C:\WINDOWS\System32\GDI32.dll
0x00007ff991000000 - 0x00007ff991193000 	C:\WINDOWS\System32\gdi32full.dll
0x00007ff990f40000 - 0x00007ff990fdb000 	C:\WINDOWS\System32\msvcp_win.dll
0x00007ff991540000 - 0x00007ff991636000 	C:\WINDOWS\System32\ucrtbase.dll
0x00007ff9838e0000 - 0x00007ff983b49000 	C:\WINDOWS\WinSxS\amd64_microsoft.windows.common-controls_6595b64144ccf1df_6.0.16299.192_none_15c8cdae9364c23b\COMCTL32.dll
0x00007ff993cd0000 - 0x00007ff993fd8000 	C:\WINDOWS\System32\combase.dll
0x00007ff9914c0000 - 0x00007ff991532000 	C:\WINDOWS\System32\bcryptPrimitives.dll
0x00007ff991f00000 - 0x00007ff991f2d000 	C:\WINDOWS\System32\IMM32.DLL
0x0000000053c00000 - 0x0000000053cd2000 	C:\Program Files\Android\Android Studio\jre\jre\bin\msvcr100.dll
0x0000000053ce0000 - 0x000000005451e000 	C:\Program Files\Android\Android Studio\jre\jre\bin\server\jvm.dll
0x00007ff9920b0000 - 0x00007ff9920b8000 	C:\WINDOWS\System32\PSAPI.DLL
0x00007ff98e650000 - 0x00007ff98e673000 	C:\WINDOWS\SYSTEM32\WINMM.dll
0x00007ff984c90000 - 0x00007ff984c9a000 	C:\WINDOWS\SYSTEM32\VERSION.dll
0x00007ff983780000 - 0x00007ff983789000 	C:\WINDOWS\SYSTEM32\WSOCK32.dll
0x00007ff992040000 - 0x00007ff9920ac000 	C:\WINDOWS\System32\WS2_32.dll
0x00007ff98e620000 - 0x00007ff98e64a000 	C:\WINDOWS\SYSTEM32\WINMMBASE.dll
0x00007ff991470000 - 0x00007ff9914ba000 	C:\WINDOWS\System32\cfgmgr32.dll
0x00007ff983730000 - 0x00007ff98373f000 	C:\Program Files\Android\Android Studio\jre\jre\bin\verify.dll
0x00007ff97e070000 - 0x00007ff97e099000 	C:\Program Files\Android\Android Studio\jre\jre\bin\java.dll
0x00007ff97df20000 - 0x00007ff97df36000 	C:\Program Files\Android\Android Studio\jre\jre\bin\zip.dll
0x00007ff992320000 - 0x00007ff993756000 	C:\WINDOWS\System32\SHELL32.dll
0x00007ff9918f0000 - 0x00007ff991996000 	C:\WINDOWS\System32\shcore.dll
0x00007ff990740000 - 0x00007ff990e87000 	C:\WINDOWS\System32\windows.storage.dll
0x00007ff991890000 - 0x00007ff9918e1000 	C:\WINDOWS\System32\shlwapi.dll
0x00007ff990690000 - 0x00007ff9906a1000 	C:\WINDOWS\System32\kernel.appcore.dll
0x00007ff9906f0000 - 0x00007ff99073c000 	C:\WINDOWS\System32\powrprof.dll
0x00007ff9906d0000 - 0x00007ff9906eb000 	C:\WINDOWS\System32\profapi.dll
0x00007ff98cb50000 - 0x00007ff98cb5d000 	C:\Program Files\Android\Android Studio\jre\jre\bin\management.dll
0x00007ff97df00000 - 0x00007ff97df1a000 	C:\Program Files\Android\Android Studio\jre\jre\bin\net.dll
0x00007ff98fec0000 - 0x00007ff98ff26000 	C:\WINDOWS\system32\mswsock.dll
0x00007ff97de30000 - 0x00007ff97de41000 	C:\Program Files\Android\Android Studio\jre\jre\bin\nio.dll
0x00007ff990090000 - 0x00007ff9900a7000 	C:\WINDOWS\SYSTEM32\CRYPTSP.dll
0x00007ff98fad0000 - 0x00007ff98fb03000 	C:\WINDOWS\system32\rsaenh.dll
0x00007ff990190000 - 0x00007ff9901b5000 	C:\WINDOWS\SYSTEM32\bcrypt.dll
0x00007ff990590000 - 0x00007ff9905b9000 	C:\WINDOWS\SYSTEM32\USERENV.dll
0x00007ff990080000 - 0x00007ff99008b000 	C:\WINDOWS\SYSTEM32\CRYPTBASE.dll
0x00007ff98fc50000 - 0x00007ff98fc89000 	C:\WINDOWS\SYSTEM32\IPHLPAPI.DLL
0x00007ff9920c0000 - 0x00007ff9920c8000 	C:\WINDOWS\System32\NSI.dll
0x00007ff98a930000 - 0x00007ff98a946000 	C:\WINDOWS\SYSTEM32\dhcpcsvc6.DLL
0x00007ff98a910000 - 0x00007ff98a92a000 	C:\WINDOWS\SYSTEM32\dhcpcsvc.DLL

VM Arguments:
jvm_args: -Djava.awt.headless=true -Djava.rmi.server.hostname=localhost -Xmx1536m -Dkotlin.environment.keepalive 
java_command: org.jetbrains.kotlin.daemon.KotlinCompileDaemon --daemon-runFilesPath C:\Users\Kent\AppData\Local\kotlin\daemon --daemon-autoshutdownIdleSeconds=7200 --daemon-compilerClasspath C:\Users\Kent\.gradle\caches\modules-2\files-2.1\org.jetbrains.kotlin\kotlin-compiler-embeddable\1.2.21\39456b64a42dc359e385697e2e93b5cba52e197f\kotlin-compiler-embeddable-1.2.21.jar;C:\Users\Kent\.gradle\caches\modules-2\files-2.1\org.jetbrains.kotlin\kotlin-stdlib\1.2.21\d64187eb2d9d1521be3421aa8c6774a8625cdde8\kotlin-stdlib-1.2.21.jar;C:\Users\Kent\.gradle\caches\modules-2\files-2.1\org.jetbrains.kotlin\kotlin-script-runtime\1.2.21\40c37b171146be48a989ab74b937b17a96d28d87\kotlin-script-runtime-1.2.21.jar;C:\Users\Kent\.gradle\caches\modules-2\files-2.1\org.jetbrains.kotlin\kotlin-reflect\1.2.21\3159ff5936aa570a90050d385cb717fbb6c1723a\kotlin-reflect-1.2.21.jar;C:\Program Files\Android\Android Studio\jre\lib\tools.jar
java_class_path (initial): C:\Users\Kent\.gradle\caches\modules-2\files-2.1\org.jetbrains.kotlin\kotlin-compiler-embeddable\1.2.21\39456b64a42dc359e385697e2e93b5cba52e197f\kotlin-compiler-embeddable-1.2.21.jar;C:\Users\Kent\.gradle\caches\modules-2\files-2.1\org.jetbrains.kotlin\kotlin-stdlib\1.2.21\d64187eb2d9d1521be3421aa8c6774a8625cdde8\kotlin-stdlib-1.2.21.jar;C:\Users\Kent\.gradle\caches\modules-2\files-2.1\org.jetbrains.kotlin\kotlin-script-runtime\1.2.21\40c37b171146be48a989ab74b937b17a96d28d87\kotlin-script-runtime-1.2.21.jar;C:\Users\Kent\.gradle\caches\modules-2\files-2.1\org.jetbrains.kotlin\kotlin-reflect\1.2.21\3159ff5936aa570a90050d385cb717fbb6c1723a\kotlin-reflect-1.2.21.jar;C:\Program Files\Android\Android Studio\jre\lib\tools.jar
Launcher Type: SUN_STANDARD

Environment Variables:
PATH=C:\WINDOWS\system32;C:\WINDOWS;C:\WINDOWS\System32\Wbem;C:\WINDOWS\System32\WindowsPowerShell\v1.0\;C:\Program Files\Git\cmd;C:\Users\Kent\AppData\Local\Microsoft\WindowsApps;
USERNAME=Kent
OS=Windows_NT
PROCESSOR_IDENTIFIER=Intel64 Family 6 Model 37 Stepping 5, GenuineIntel



---------------  S Y S T E M  ---------------

OS: Windows 10.0 , 64 bit Build 16299 (10.0.16299.15)

CPU:total 4 (initial active 4) (2 cores per cpu, 2 threads per core) family 6 model 37 stepping 5, cmov, cx8, fxsr, mmx, sse, sse2, sse3, ssse3, sse4.1, sse4.2, popcnt, ht, tsc, tscinvbit

Memory: 4k page, physical 3848288k(756340k free), swap 5246048k(5480k free)

vm_info: OpenJDK 64-Bit Server VM (25.152-b01) for windows-amd64 JRE (1.8.0_152-release-915-b01), built by "builder" with MS VC++ 10.0 (VS2010)

time: Wed Mar 14 09:57:15 2018
elapsed time: 1831 seconds (0d 0h 30m 31s)

