#
# There is insufficient memory for the Java Runtime Environment to continue.
# Native memory allocation (malloc) failed to allocate 861936 bytes for Chunk::new
# Possible reasons:
#   The system is out of physical RAM or swap space
#   In 32 bit mode, the process size limit was hit
# Possible solutions:
#   Reduce memory load on the system
#   Increase physical memory or swap space
#   Check if swap backing store is full
#   Use 64 bit Java on a 64 bit OS
#   Decrease Java heap size (-Xmx/-Xms)
#   Decrease number of Java threads
#   Decrease Java thread stack sizes (-Xss)
#   Set larger code cache with -XX:ReservedCodeCacheSize=
# This output file may be truncated or incomplete.
#
#  Out of Memory Error (allocation.cpp:390), pid=228, tid=0x0000000000000f3c
#
# JRE version: OpenJDK Runtime Environment (8.0_152-b01) (build 1.8.0_152-release-915-b01)
# Java VM: OpenJDK 64-Bit Server VM (25.152-b01 mixed mode windows-amd64 compressed oops)
# Failed to write core dump. Minidumps are not enabled by default on client versions of Windows
#

---------------  T H R E A D  ---------------

Current thread (0x00000000185db000):  JavaThread "C2 CompilerThread0" daemon [_thread_in_native, id=3900, stack(0x0000000019b30000,0x0000000019c30000)]

Stack: [0x0000000019b30000,0x0000000019c30000]
[error occurred during error reporting (printing stack bounds), id 0xc0000005]

Native frames: (J=compiled Java code, j=interpreted, Vv=VM code, C=native code)


Current CompileTask:
C2:   6671 1506       4       java.net.URLClassLoader$1::run (5 bytes)


---------------  P R O C E S S  ---------------

Java Threads: ( => current thread )
  0x000000001a63f000 JavaThread "RMI RenewClean-[localhost:50428,org.jetbrains.kotlin.daemon.common.LoopbackNetworkInterface$ClientLoopbackSocketFactory@d1f2c79]" daemon [_thread_blocked, id=5748, stack(0x000000001bab0000,0x000000001bbb0000)]
  0x000000001a665000 JavaThread "RMI Scheduler(0)" daemon [_thread_blocked, id=4796, stack(0x000000001b9b0000,0x000000001bab0000)]
  0x000000001a603800 JavaThread "RMI TCP Connection(2)-127.0.0.1" daemon [_thread_blocked, id=3408, stack(0x000000001b8b0000,0x000000001b9b0000)]
  0x000000001a5f3000 JavaThread "RMI TCP Connection(1)-127.0.0.1" daemon [_thread_in_native, id=5480, stack(0x000000001b7b0000,0x000000001b8b0000)]
  0x0000000002d5e000 JavaThread "DestroyJavaVM" [_thread_blocked, id=2840, stack(0x0000000004a70000,0x0000000004b70000)]
  0x000000001a62b800 JavaThread "GC Daemon" daemon [_thread_blocked, id=4892, stack(0x000000001b370000,0x000000001b470000)]
  0x000000001a59c800 JavaThread "RMI Reaper" [_thread_blocked, id=2060, stack(0x000000001b270000,0x000000001b370000)]
  0x000000001a588000 JavaThread "Timer-0" daemon [_thread_blocked, id=712, stack(0x000000001b070000,0x000000001b170000)]
  0x000000001a585000 JavaThread "RMI TCP Accept-17443" daemon [_thread_in_native, id=6952, stack(0x000000001af70000,0x000000001b070000)]
  0x0000000019e50800 JavaThread "Service Thread" daemon [_thread_blocked, id=1656, stack(0x000000001a230000,0x000000001a330000)]
  0x00000000185e3000 JavaThread "C1 CompilerThread2" daemon [_thread_blocked, id=6076, stack(0x0000000019d30000,0x0000000019e30000)]
  0x00000000185df000 JavaThread "C2 CompilerThread1" daemon [_thread_blocked, id=7456, stack(0x0000000019c30000,0x0000000019d30000)]
=>0x00000000185db000 JavaThread "C2 CompilerThread0" daemon [_thread_in_native, id=3900, stack(0x0000000019b30000,0x0000000019c30000)]
  0x00000000185d9800 JavaThread "Attach Listener" daemon [_thread_blocked, id=2324, stack(0x0000000019a30000,0x0000000019b30000)]
  0x00000000185d8800 JavaThread "Signal Dispatcher" daemon [_thread_blocked, id=2608, stack(0x0000000019930000,0x0000000019a30000)]
  0x0000000004c6b800 JavaThread "Finalizer" daemon [_thread_blocked, id=1760, stack(0x0000000019830000,0x0000000019930000)]
  0x0000000004c62000 JavaThread "Reference Handler" daemon [_thread_blocked, id=6628, stack(0x0000000019730000,0x0000000019830000)]

Other Threads:
  0x00000000185a4000 VMThread [stack: 0x0000000019630000,0x0000000019730000] [id=1648]
  0x000000001863d800 WatcherThread [stack: 0x000000001a330000,0x000000001a430000] [id=7856]

VM state:at safepoint (normal execution)

VM Mutex/Monitor currently owned by a thread:  ([mutex/lock_event])
[0x0000000002d5cf30] Threads_lock - owner thread: 0x00000000185a4000
[0x0000000002d5d2b0] Heap_lock - owner thread: 0x000000001a603800

Heap:
 PSYoungGen      total 59392K, used 2680K [0x00000000e0000000, 0x00000000e4200000, 0x0000000100000000)
  eden space 51200K, 0% used [0x00000000e0000000,0x00000000e0000000,0x00000000e3200000)
  from space 8192K, 32% used [0x00000000e3200000,0x00000000e349e168,0x00000000e3a00000)
  to   space 2560K, 0% used [0x00000000e3e80000,0x00000000e3e80000,0x00000000e4100000)
 ParOldGen       total 33280K, used 12117K [0x00000000a0000000, 0x00000000a2080000, 0x00000000e0000000)
  object space 33280K, 36% used [0x00000000a0000000,0x00000000a0bd5798,0x00000000a2080000)
 Metaspace       used 24568K, capacity 24954K, committed 25216K, reserved 1075200K
  class space    used 3202K, capacity 3361K, committed 3456K, reserved 1048576K

Card table byte_map: [0x0000000014030000,0x0000000014340000] byte_map_base: 0x0000000013b30000

Marking Bits: (ParMarkBitMap*) 0x00000000544a3950
 Begin Bits: [0x0000000014940000, 0x0000000016140000)
 End Bits:   [0x0000000016140000, 0x0000000017940000)

Polling page: 0x00000000009f0000

CodeCache: size=245760Kb used=5058Kb max_used=5058Kb free=240701Kb
 bounds [0x0000000004c70000, 0x0000000005170000, 0x0000000013c70000]
 total_blobs=2112 nmethods=1677 adapters=349
 compilation: enabled

Compilation events (10 events):
Event: 6.580 Thread 0x00000000185e3000 nmethod 1681 0x0000000005161190 code [0x0000000005161400, 0x00000000051624f8]
Event: 6.580 Thread 0x00000000185e3000 1682       3       org.jetbrains.kotlin.com.intellij.openapi.vfs.impl.jar.CoreJarVirtualFile::getName (44 bytes)
Event: 6.581 Thread 0x00000000185e3000 nmethod 1682 0x0000000005162dd0 code [0x0000000005163020, 0x0000000005163f28]
Event: 6.604 Thread 0x00000000185e3000 1683       1       org.jetbrains.kotlin.com.intellij.psi.tree.IElementType::getIndex (5 bytes)
Event: 6.605 Thread 0x00000000185e3000 nmethod 1683 0x0000000005153dd0 code [0x0000000005153f20, 0x0000000005154030]
Event: 6.623 Thread 0x00000000185e3000 1684       3       java.util.HashSet::<init> (18 bytes)
Event: 6.624 Thread 0x00000000185e3000 nmethod 1684 0x00000000051536d0 code [0x0000000005153860, 0x0000000005153be8]
Event: 6.624 Thread 0x00000000185e3000 1685       3       java.util.LinkedHashMap::<init> (12 bytes)
Event: 6.624 Thread 0x00000000185e3000 nmethod 1685 0x0000000005153250 code [0x00000000051533c0, 0x0000000005153568]
Event: 6.641 Thread 0x00000000185df000 1686   !   4       java.util.zip.ZipFile$ZipFileInflaterInputStream::close (67 bytes)

GC Heap History (10 events):
Event: 4.985 GC heap after
Heap after GC invocations=4 (full 1):
 PSYoungGen      total 17920K, used 2528K [0x00000000e0000000, 0x00000000e2300000, 0x0000000100000000)
  eden space 15360K, 0% used [0x00000000e0000000,0x00000000e0000000,0x00000000e0f00000)
  from space 2560K, 98% used [0x00000000e0f00000,0x00000000e11783f8,0x00000000e1180000)
  to   space 2560K, 0% used [0x00000000e2080000,0x00000000e2080000,0x00000000e2300000)
 ParOldGen       total 40960K, used 6275K [0x00000000a0000000, 0x00000000a2800000, 0x00000000e0000000)
  object space 40960K, 15% used [0x00000000a0000000,0x00000000a0620c38,0x00000000a2800000)
 Metaspace       used 14075K, capacity 14334K, committed 14592K, reserved 1062912K
  class space    used 1646K, capacity 1727K, committed 1792K, reserved 1048576K
}
Event: 5.437 GC heap before
{Heap before GC invocations=5 (full 1):
 PSYoungGen      total 17920K, used 17888K [0x00000000e0000000, 0x00000000e2300000, 0x0000000100000000)
  eden space 15360K, 100% used [0x00000000e0000000,0x00000000e0f00000,0x00000000e0f00000)
  from space 2560K, 98% used [0x00000000e0f00000,0x00000000e11783f8,0x00000000e1180000)
  to   space 2560K, 0% used [0x00000000e2080000,0x00000000e2080000,0x00000000e2300000)
 ParOldGen       total 40960K, used 6275K [0x00000000a0000000, 0x00000000a2800000, 0x00000000e0000000)
  object space 40960K, 15% used [0x00000000a0000000,0x00000000a0620c38,0x00000000a2800000)
 Metaspace       used 18048K, capacity 18338K, committed 18688K, reserved 1064960K
  class space    used 2152K, capacity 2249K, committed 2304K, reserved 1048576K
Event: 5.447 GC heap after
Heap after GC invocations=5 (full 1):
 PSYoungGen      total 33280K, used 2529K [0x00000000e0000000, 0x00000000e2300000, 0x0000000100000000)
  eden space 30720K, 0% used [0x00000000e0000000,0x00000000e0000000,0x00000000e1e00000)
  from space 2560K, 98% used [0x00000000e2080000,0x00000000e22f84d0,0x00000000e2300000)
  to   space 2560K, 0% used [0x00000000e1e00000,0x00000000e1e00000,0x00000000e2080000)
 ParOldGen       total 40960K, used 9921K [0x00000000a0000000, 0x00000000a2800000, 0x00000000e0000000)
  object space 40960K, 24% used [0x00000000a0000000,0x00000000a09b04c8,0x00000000a2800000)
 Metaspace       used 18048K, capacity 18338K, committed 18688K, reserved 1064960K
  class space    used 2152K, capacity 2249K, committed 2304K, reserved 1048576K
}
Event: 5.794 GC heap before
{Heap before GC invocations=6 (full 1):
 PSYoungGen      total 33280K, used 17038K [0x00000000e0000000, 0x00000000e2300000, 0x0000000100000000)
  eden space 30720K, 47% used [0x00000000e0000000,0x00000000e0e2b478,0x00000000e1e00000)
  from space 2560K, 98% used [0x00000000e2080000,0x00000000e22f84d0,0x00000000e2300000)
  to   space 2560K, 0% used [0x00000000e1e00000,0x00000000e1e00000,0x00000000e2080000)
 ParOldGen       total 40960K, used 9921K [0x00000000a0000000, 0x00000000a2800000, 0x00000000e0000000)
  object space 40960K, 24% used [0x00000000a0000000,0x00000000a09b04c8,0x00000000a2800000)
 Metaspace       used 20769K, capacity 21070K, committed 21296K, reserved 1069056K
  class space    used 2556K, capacity 2651K, committed 2688K, reserved 1048576K
Event: 5.802 GC heap after
Heap after GC invocations=6 (full 1):
 PSYoungGen      total 33280K, used 2544K [0x00000000e0000000, 0x00000000e4100000, 0x0000000100000000)
  eden space 30720K, 0% used [0x00000000e0000000,0x00000000e0000000,0x00000000e1e00000)
  from space 2560K, 99% used [0x00000000e1e00000,0x00000000e207c3e8,0x00000000e2080000)
  to   space 2560K, 0% used [0x00000000e3e80000,0x00000000e3e80000,0x00000000e4100000)
 ParOldGen       total 40960K, used 12783K [0x00000000a0000000, 0x00000000a2800000, 0x00000000e0000000)
  object space 40960K, 31% used [0x00000000a0000000,0x00000000a0c7bc78,0x00000000a2800000)
 Metaspace       used 20769K, capacity 21070K, committed 21296K, reserved 1069056K
  class space    used 2556K, capacity 2651K, committed 2688K, reserved 1048576K
}
Event: 5.802 GC heap before
{Heap before GC invocations=7 (full 2):
 PSYoungGen      total 33280K, used 2544K [0x00000000e0000000, 0x00000000e4100000, 0x0000000100000000)
  eden space 30720K, 0% used [0x00000000e0000000,0x00000000e0000000,0x00000000e1e00000)
  from space 2560K, 99% used [0x00000000e1e00000,0x00000000e207c3e8,0x00000000e2080000)
  to   space 2560K, 0% used [0x00000000e3e80000,0x00000000e3e80000,0x00000000e4100000)
 ParOldGen       total 40960K, used 12783K [0x00000000a0000000, 0x00000000a2800000, 0x00000000e0000000)
  object space 40960K, 31% used [0x00000000a0000000,0x00000000a0c7bc78,0x00000000a2800000)
 Metaspace       used 20769K, capacity 21070K, committed 21296K, reserved 1069056K
  class space    used 2556K, capacity 2651K, committed 2688K, reserved 1048576K
Event: 5.845 GC heap after
Heap after GC invocations=7 (full 2):
 PSYoungGen      total 33280K, used 0K [0x00000000e0000000, 0x00000000e4100000, 0x0000000100000000)
  eden space 30720K, 0% used [0x00000000e0000000,0x00000000e0000000,0x00000000e1e00000)
  from space 2560K, 0% used [0x00000000e1e00000,0x00000000e1e00000,0x00000000e2080000)
  to   space 2560K, 0% used [0x00000000e3e80000,0x00000000e3e80000,0x00000000e4100000)
 ParOldGen       total 33280K, used 7612K [0x00000000a0000000, 0x00000000a2080000, 0x00000000e0000000)
  object space 33280K, 22% used [0x00000000a0000000,0x00000000a076f240,0x00000000a2080000)
 Metaspace       used 20769K, capacity 21070K, committed 21296K, reserved 1069056K
  class space    used 2556K, capacity 2651K, committed 2688K, reserved 1048576K
}
Event: 6.629 GC heap before
{Heap before GC invocations=8 (full 2):
 PSYoungGen      total 33280K, used 30720K [0x00000000e0000000, 0x00000000e4100000, 0x0000000100000000)
  eden space 30720K, 100% used [0x00000000e0000000,0x00000000e1e00000,0x00000000e1e00000)
  from space 2560K, 0% used [0x00000000e1e00000,0x00000000e1e00000,0x00000000e2080000)
  to   space 2560K, 0% used [0x00000000e3e80000,0x00000000e3e80000,0x00000000e4100000)
 ParOldGen       total 33280K, used 7612K [0x00000000a0000000, 0x00000000a2080000, 0x00000000e0000000)
  object space 33280K, 22% used [0x00000000a0000000,0x00000000a076f240,0x00000000a2080000)
 Metaspace       used 24483K, capacity 24858K, committed 25216K, reserved 1071104K
  class space    used 3187K, capacity 3329K, committed 3456K, reserved 1048576K
Event: 6.641 GC heap after
Heap after GC invocations=8 (full 2):
 PSYoungGen      total 53760K, used 2552K [0x00000000e0000000, 0x00000000e4200000, 0x0000000100000000)
  eden space 51200K, 0% used [0x00000000e0000000,0x00000000e0000000,0x00000000e3200000)
  from space 2560K, 99% used [0x00000000e3e80000,0x00000000e40fe168,0x00000000e4100000)
  to   space 8192K, 0% used [0x00000000e3200000,0x00000000e3200000,0x00000000e3a00000)
 ParOldGen       total 33280K, used 12117K [0x00000000a0000000, 0x00000000a2080000, 0x00000000e0000000)
  object space 33280K, 36% used [0x00000000a0000000,0x00000000a0bd5798,0x00000000a2080000)
 Metaspace       used 24483K, capacity 24858K, committed 25216K, reserved 1071104K
  class space    used 3187K, capacity 3329K, committed 3456K, reserved 1048576K
}
Event: 6.660 GC heap before
{Heap before GC invocations=9 (full 2):
 PSYoungGen      total 53760K, used 3464K [0x00000000e0000000, 0x00000000e4200000, 0x0000000100000000)
  eden space 51200K, 1% used [0x00000000e0000000,0x00000000e00e40a8,0x00000000e3200000)
  from space 2560K, 99% used [0x00000000e3e80000,0x00000000e40fe168,0x00000000e4100000)
  to   space 8192K, 0% used [0x00000000e3200000,0x00000000e3200000,0x00000000e3a00000)
 ParOldGen       total 33280K, used 12117K [0x00000000a0000000, 0x00000000a2080000, 0x00000000e0000000)
  object space 33280K, 36% used [0x00000000a0000000,0x00000000a0bd5798,0x00000000a2080000)
 Metaspace       used 24568K, capacity 24954K, committed 25216K, reserved 1075200K
  class space    used 3202K, capacity 3361K, committed 3456K, reserved 1048576K

Deoptimization events (10 events):
Event: 4.744 Thread 0x000000001a603800 Uncommon trap: reason=class_check action=maybe_recompile pc=0x0000000004f7134c method=kotlin.reflect.jvm.internal.impl.protobuf.CodedInputStream.tryRefillBuffer(I)Z @ 175
Event: 4.745 Thread 0x000000001a603800 Uncommon trap: reason=unstable_if action=reinterpret pc=0x0000000004f71f94 method=kotlin.reflect.jvm.internal.impl.protobuf.CodedInputStream.readRawVarint32()I @ 69
Event: 4.746 Thread 0x000000001a603800 Uncommon trap: reason=unstable_if action=reinterpret pc=0x0000000004f5c600 method=kotlin.reflect.jvm.internal.impl.protobuf.CodedInputStream.readRawVarint32()I @ 69
Event: 4.748 Thread 0x000000001a603800 Uncommon trap: reason=class_check action=maybe_recompile pc=0x0000000004f7134c method=kotlin.reflect.jvm.internal.impl.protobuf.CodedInputStream.tryRefillBuffer(I)Z @ 175
Event: 5.685 Thread 0x000000001a603800 Uncommon trap: reason=bimorphic action=maybe_recompile pc=0x0000000004ed2d2c method=java.io.FilterInputStream.read([B)I @ 5
Event: 5.685 Thread 0x000000001a603800 Uncommon trap: reason=bimorphic action=maybe_recompile pc=0x0000000004ed2d2c method=java.io.FilterInputStream.read([B)I @ 5
Event: 5.685 Thread 0x000000001a603800 Uncommon trap: reason=bimorphic action=maybe_recompile pc=0x0000000004ed2d2c method=java.io.FilterInputStream.read([B)I @ 5
Event: 5.742 Thread 0x000000001a603800 Uncommon trap: reason=range_check action=make_not_entrant pc=0x000000000500a5e0 method=sun.reflect.generics.parser.SignatureParser.current()C @ 34
Event: 6.031 Thread 0x000000001a603800 Uncommon trap: reason=bimorphic action=maybe_recompile pc=0x0000000004ed2d2c method=java.io.FilterInputStream.read([B)I @ 5
Event: 6.383 Thread 0x000000001a603800 Uncommon trap: reason=unstable_if action=reinterpret pc=0x0000000005145484 method=org.jetbrains.kotlin.com.intellij.openapi.vfs.impl.ZipEntryMap.isTheOne(Lorg/jetbrains/kotlin/com/intellij/openapi/vfs/impl/ArchiveHandler$EntryInfo;Ljava/lang/CharSequence;

Classes redefined (0 events):
No events

Internal exceptions (10 events):
Event: 4.174 Thread 0x000000001a603800 Exception <a 'java/lang/NoSuchMethodError': <clinit>> (0x00000000e021eb78) thrown at [D:\src\AOSP-openjdk-cygwin\jdk8u\hotspot\src\share\vm\prims\jni.cpp, line 1613]
Event: 4.201 Thread 0x000000001a603800 Exception <a 'java/lang/NoSuchMethodError': <clinit>> (0x00000000e02495a8) thrown at [D:\src\AOSP-openjdk-cygwin\jdk8u\hotspot\src\share\vm\prims\jni.cpp, line 1613]
Event: 4.272 Thread 0x000000001a603800 Exception <a 'java/lang/NoSuchMethodError': <clinit>> (0x00000000e0359728) thrown at [D:\src\AOSP-openjdk-cygwin\jdk8u\hotspot\src\share\vm\prims\jni.cpp, line 1613]
Event: 4.278 Thread 0x000000001a63f000 Exception <a 'java/lang/InterruptedException'> (0x00000000e035d628) thrown at [D:\src\AOSP-openjdk-cygwin\jdk8u\hotspot\src\share\vm\runtime\objectMonitor.cpp, line 1684]
Event: 4.800 Thread 0x000000001a603800 Exception <a 'java/lang/ArrayIndexOutOfBoundsException'> (0x00000000e0818ad0) thrown at [D:\src\AOSP-openjdk-cygwin\jdk8u\hotspot\src\share\vm\runtime\sharedRuntime.cpp, line 605]
Event: 5.595 Thread 0x000000001a603800 Exception <a 'java/lang/NoSuchMethodError': java.lang.Object.lambda$comparing$77a9974f$1(Ljava/util/function/Function;Ljava/lang/Object;Ljava/lang/Object;)I> (0x00000000e06617f8) thrown at [D:\src\AOSP-openjdk-cygwin\jdk8u\hotspot\src\share\vm\interpreter
Event: 5.742 Thread 0x000000001a603800 Exception <a 'java/lang/ArrayIndexOutOfBoundsException': 60> (0x00000000e0c00598) thrown at [D:\src\AOSP-openjdk-cygwin\jdk8u\hotspot\src\share\vm\interpreter\interpreterRuntime.cpp, line 366]
Event: 5.754 Thread 0x000000001a603800 Exception <a 'java/lang/ArrayIndexOutOfBoundsException'> (0x00000000e0c2a100) thrown at [D:\src\AOSP-openjdk-cygwin\jdk8u\hotspot\src\share\vm\runtime\sharedRuntime.cpp, line 605]
Event: 5.984 Thread 0x000000001a603800 Exception <a 'java/lang/NoSuchMethodError': java.lang.Object.lambda$static$0(I)[Lorg/jetbrains/kotlin/com/intellij/openapi/editor/event/DocumentListener;> (0x00000000e0621c18) thrown at [D:\src\AOSP-openjdk-cygwin\jdk8u\hotspot\src\share\vm\interpreter\li
Event: 6.018 Thread 0x000000001a603800 Exception <a 'java/lang/NoSuchMethodError': java.lang.Object.lambda$static$0(I)[Lorg/jetbrains/kotlin/com/intellij/psi/PsiAnnotation;> (0x00000000e07f87a0) thrown at [D:\src\AOSP-openjdk-cygwin\jdk8u\hotspot\src\share\vm\interpreter\linkResolver.cpp, line

Events (10 events):
Event: 6.657 loading class org/jetbrains/kotlin/com/intellij/util/CachedValueImpl done
Event: 6.658 loading class org/jetbrains/kotlin/resolve/diagnostics/MutableDiagnosticsWithSuppression$cache$1
Event: 6.658 loading class org/jetbrains/kotlin/resolve/diagnostics/MutableDiagnosticsWithSuppression$cache$1 done
Event: 6.658 loading class org/jetbrains/kotlin/com/intellij/openapi/util/CompositeModificationTracker
Event: 6.658 loading class org/jetbrains/kotlin/com/intellij/openapi/util/CompositeModificationTracker done
Event: 6.659 loading class org/jetbrains/kotlin/cli/jvm/compiler/KotlinToJVMBytecodeCompiler$analyze$1$1
Event: 6.659 loading class org/jetbrains/kotlin/cli/jvm/compiler/KotlinToJVMBytecodeCompiler$analyze$1$1 done
Event: 6.659 loading class org/jetbrains/kotlin/cli/jvm/compiler/TopDownAnalyzerFacadeForJVM$analyzeFilesWithJavaIntegration$1
Event: 6.659 loading class org/jetbrains/kotlin/cli/jvm/compiler/TopDownAnalyzerFacadeForJVM$analyzeFilesWithJavaIntegration$1 done
Event: 6.660 Executing VM operation: CollectForMetadataAllocation


Dynamic libraries:
0x00007ff69dff0000 - 0x00007ff69e021000 	C:\Program Files\Android\Android Studio\jre\jre\bin\java.exe
0x00007ff994340000 - 0x00007ff994520000 	C:\WINDOWS\SYSTEM32\ntdll.dll
0x00007ff991e50000 - 0x00007ff991efe000 	C:\WINDOWS\System32\KERNEL32.DLL
0x00007ff9911a0000 - 0x00007ff991406000 	C:\WINDOWS\System32\KERNELBASE.dll
0x00007ff9920d0000 - 0x00007ff992171000 	C:\WINDOWS\System32\ADVAPI32.dll
0x00007ff994080000 - 0x00007ff99411d000 	C:\WINDOWS\System32\msvcrt.dll
0x00007ff9941a0000 - 0x00007ff9941fb000 	C:\WINDOWS\System32\sechost.dll
0x00007ff993760000 - 0x00007ff99387f000 	C:\WINDOWS\System32\RPCRT4.dll
0x00007ff9919a0000 - 0x00007ff991b2f000 	C:\WINDOWS\System32\USER32.dll
0x00007ff990fe0000 - 0x00007ff991000000 	C:\WINDOWS\System32\win32u.dll
0x00007ff994200000 - 0x00007ff994228000 	C:\WINDOWS\System32\GDI32.dll
0x00007ff991000000 - 0x00007ff991193000 	C:\WINDOWS\System32\gdi32full.dll
0x00007ff990f40000 - 0x00007ff990fdb000 	C:\WINDOWS\System32\msvcp_win.dll
0x00007ff991540000 - 0x00007ff991636000 	C:\WINDOWS\System32\ucrtbase.dll
0x00007ff9838e0000 - 0x00007ff983b49000 	C:\WINDOWS\WinSxS\amd64_microsoft.windows.common-controls_6595b64144ccf1df_6.0.16299.192_none_15c8cdae9364c23b\COMCTL32.dll
0x00007ff993cd0000 - 0x00007ff993fd8000 	C:\WINDOWS\System32\combase.dll
0x00007ff9914c0000 - 0x00007ff991532000 	C:\WINDOWS\System32\bcryptPrimitives.dll
0x00007ff991f00000 - 0x00007ff991f2d000 	C:\WINDOWS\System32\IMM32.DLL
0x0000000053c00000 - 0x0000000053cd2000 	C:\Program Files\Android\Android Studio\jre\jre\bin\msvcr100.dll
0x0000000053ce0000 - 0x000000005451e000 	C:\Program Files\Android\Android Studio\jre\jre\bin\server\jvm.dll
0x00007ff9920b0000 - 0x00007ff9920b8000 	C:\WINDOWS\System32\PSAPI.DLL
0x00007ff98e650000 - 0x00007ff98e673000 	C:\WINDOWS\SYSTEM32\WINMM.dll
0x00007ff984c90000 - 0x00007ff984c9a000 	C:\WINDOWS\SYSTEM32\VERSION.dll
0x00007ff983780000 - 0x00007ff983789000 	C:\WINDOWS\SYSTEM32\WSOCK32.dll
0x00007ff992040000 - 0x00007ff9920ac000 	C:\WINDOWS\System32\WS2_32.dll
0x00007ff98e620000 - 0x00007ff98e64a000 	C:\WINDOWS\SYSTEM32\WINMMBASE.dll
0x00007ff991470000 - 0x00007ff9914ba000 	C:\WINDOWS\System32\cfgmgr32.dll
0x00007ff983730000 - 0x00007ff98373f000 	C:\Program Files\Android\Android Studio\jre\jre\bin\verify.dll
0x00007ff97e070000 - 0x00007ff97e099000 	C:\Program Files\Android\Android Studio\jre\jre\bin\java.dll
0x00007ff97df20000 - 0x00007ff97df36000 	C:\Program Files\Android\Android Studio\jre\jre\bin\zip.dll
0x00007ff992320000 - 0x00007ff993756000 	C:\WINDOWS\System32\SHELL32.dll
0x00007ff9918f0000 - 0x00007ff991996000 	C:\WINDOWS\System32\shcore.dll
0x00007ff990740000 - 0x00007ff990e87000 	C:\WINDOWS\System32\windows.storage.dll
0x00007ff991890000 - 0x00007ff9918e1000 	C:\WINDOWS\System32\shlwapi.dll
0x00007ff990690000 - 0x00007ff9906a1000 	C:\WINDOWS\System32\kernel.appcore.dll
0x00007ff9906f0000 - 0x00007ff99073c000 	C:\WINDOWS\System32\powrprof.dll
0x00007ff9906d0000 - 0x00007ff9906eb000 	C:\WINDOWS\System32\profapi.dll
0x00007ff98cb50000 - 0x00007ff98cb5d000 	C:\Program Files\Android\Android Studio\jre\jre\bin\management.dll
0x00007ff97df00000 - 0x00007ff97df1a000 	C:\Program Files\Android\Android Studio\jre\jre\bin\net.dll
0x00007ff98fec0000 - 0x00007ff98ff26000 	C:\WINDOWS\system32\mswsock.dll
0x00007ff97de30000 - 0x00007ff97de41000 	C:\Program Files\Android\Android Studio\jre\jre\bin\nio.dll
0x00007ff990090000 - 0x00007ff9900a7000 	C:\WINDOWS\SYSTEM32\CRYPTSP.dll
0x00007ff98fad0000 - 0x00007ff98fb03000 	C:\WINDOWS\system32\rsaenh.dll
0x00007ff990190000 - 0x00007ff9901b5000 	C:\WINDOWS\SYSTEM32\bcrypt.dll
0x00007ff990590000 - 0x00007ff9905b9000 	C:\WINDOWS\SYSTEM32\USERENV.dll
0x00007ff990080000 - 0x00007ff99008b000 	C:\WINDOWS\SYSTEM32\CRYPTBASE.dll
0x00007ff98fc50000 - 0x00007ff98fc89000 	C:\WINDOWS\SYSTEM32\IPHLPAPI.DLL
0x00007ff9920c0000 - 0x00007ff9920c8000 	C:\WINDOWS\System32\NSI.dll
0x00007ff98a930000 - 0x00007ff98a946000 	C:\WINDOWS\SYSTEM32\dhcpcsvc6.DLL
0x00007ff98a910000 - 0x00007ff98a92a000 	C:\WINDOWS\SYSTEM32\dhcpcsvc.DLL

VM Arguments:
jvm_args: -Djava.awt.headless=true -Djava.rmi.server.hostname=localhost -Xmx1536m -Dkotlin.environment.keepalive 
java_command: org.jetbrains.kotlin.daemon.KotlinCompileDaemon --daemon-runFilesPath C:\Users\Kent\AppData\Local\kotlin\daemon --daemon-autoshutdownIdleSeconds=7200 --daemon-compilerClasspath C:\Users\Kent\.gradle\caches\modules-2\files-2.1\org.jetbrains.kotlin\kotlin-compiler-embeddable\1.2.21\39456b64a42dc359e385697e2e93b5cba52e197f\kotlin-compiler-embeddable-1.2.21.jar;C:\Users\Kent\.gradle\caches\modules-2\files-2.1\org.jetbrains.kotlin\kotlin-stdlib\1.2.21\d64187eb2d9d1521be3421aa8c6774a8625cdde8\kotlin-stdlib-1.2.21.jar;C:\Users\Kent\.gradle\caches\modules-2\files-2.1\org.jetbrains.kotlin\kotlin-script-runtime\1.2.21\40c37b171146be48a989ab74b937b17a96d28d87\kotlin-script-runtime-1.2.21.jar;C:\Users\Kent\.gradle\caches\modules-2\files-2.1\org.jetbrains.kotlin\kotlin-reflect\1.2.21\3159ff5936aa570a90050d385cb717fbb6c1723a\kotlin-reflect-1.2.21.jar;C:\Program Files\Android\Android Studio\jre\lib\tools.jar
java_class_path (initial): C:\Users\Kent\.gradle\caches\modules-2\files-2.1\org.jetbrains.kotlin\kotlin-compiler-embeddable\1.2.21\39456b64a42dc359e385697e2e93b5cba52e197f\kotlin-compiler-embeddable-1.2.21.jar;C:\Users\Kent\.gradle\caches\modules-2\files-2.1\org.jetbrains.kotlin\kotlin-stdlib\1.2.21\d64187eb2d9d1521be3421aa8c6774a8625cdde8\kotlin-stdlib-1.2.21.jar;C:\Users\Kent\.gradle\caches\modules-2\files-2.1\org.jetbrains.kotlin\kotlin-script-runtime\1.2.21\40c37b171146be48a989ab74b937b17a96d28d87\kotlin-script-runtime-1.2.21.jar;C:\Users\Kent\.gradle\caches\modules-2\files-2.1\org.jetbrains.kotlin\kotlin-reflect\1.2.21\3159ff5936aa570a90050d385cb717fbb6c1723a\kotlin-reflect-1.2.21.jar;C:\Program Files\Android\Android Studio\jre\lib\tools.jar
Launcher Type: SUN_STANDARD

Environment Variables:
PATH=C:\WINDOWS\system32;C:\WINDOWS;C:\WINDOWS\System32\Wbem;C:\WINDOWS\System32\WindowsPowerShell\v1.0\;C:\Program Files\Git\cmd;C:\Users\Kent\AppData\Local\Microsoft\WindowsApps;
USERNAME=Kent
OS=Windows_NT
PROCESSOR_IDENTIFIER=Intel64 Family 6 Model 37 Stepping 5, GenuineIntel



---------------  S Y S T E M  ---------------

OS: Windows 10.0 , 64 bit Build 16299 (10.0.16299.15)

CPU:total 4 (initial active 4) (2 cores per cpu, 2 threads per core) family 6 model 37 stepping 5, cmov, cx8, fxsr, mmx, sse, sse2, sse3, ssse3, sse4.1, sse4.2, popcnt, ht, tsc, tscinvbit

Memory: 4k page, physical 3848288k(763088k free), swap 5246048k(5544k free)

vm_info: OpenJDK 64-Bit Server VM (25.152-b01) for windows-amd64 JRE (1.8.0_152-release-915-b01), built by "builder" with MS VC++ 10.0 (VS2010)

time: Wed Mar 14 10:32:37 2018
elapsed time: 6 seconds (0d 0h 0m 6s)

