#
# There is insufficient memory for the Java Runtime Environment to continue.
# Native memory allocation (malloc) failed to allocate 32744 bytes for ChunkPool::allocate
# Possible reasons:
#   The system is out of physical RAM or swap space
#   In 32 bit mode, the process size limit was hit
# Possible solutions:
#   Reduce memory load on the system
#   Increase physical memory or swap space
#   Check if swap backing store is full
#   Use 64 bit Java on a 64 bit OS
#   Decrease Java heap size (-Xmx/-Xms)
#   Decrease number of Java threads
#   Decrease Java thread stack sizes (-Xss)
#   Set larger code cache with -XX:ReservedCodeCacheSize=
# This output file may be truncated or incomplete.
#
#  Out of Memory Error (allocation.cpp:273), pid=2396, tid=0x000000000000074c
#
# JRE version: OpenJDK Runtime Environment (8.0_152-b01) (build 1.8.0_152-release-915-b01)
# Java VM: OpenJDK 64-Bit Server VM (25.152-b01 mixed mode windows-amd64 compressed oops)
# Failed to write core dump. Minidumps are not enabled by default on client versions of Windows
#

---------------  T H R E A D  ---------------

Current thread (0x00000000183ae800):  JavaThread "C2 CompilerThread1" daemon [_thread_in_native, id=1868, stack(0x0000000019b20000,0x0000000019c20000)]

Stack: [0x0000000019b20000,0x0000000019c20000]
[error occurred during error reporting (printing stack bounds), id 0xc0000005]

Native frames: (J=compiled Java code, j=interpreted, Vv=VM code, C=native code)


Current CompileTask:
C2:  12764 1514       4       java.net.URLClassLoader$1::run (5 bytes)


---------------  P R O C E S S  ---------------

Java Threads: ( => current thread )
  0x0000000019e38000 JavaThread "RMI RenewClean-[localhost:50428,org.jetbrains.kotlin.daemon.common.LoopbackNetworkInterface$ClientLoopbackSocketFactory@3fe79313]" daemon [_thread_blocked, id=4432, stack(0x000000001b9a0000,0x000000001baa0000)]
  0x000000001a57c000 JavaThread "RMI TCP Connection(2)-127.0.0.1" daemon [_thread_in_native, id=868, stack(0x000000001b8a0000,0x000000001b9a0000)]
  0x000000001a57b800 JavaThread "RMI Scheduler(0)" daemon [_thread_blocked, id=4132, stack(0x000000001b7a0000,0x000000001b8a0000)]
  0x000000001a52f000 JavaThread "RMI TCP Connection(1)-127.0.0.1" daemon [_thread_in_native, id=7536, stack(0x000000001b6a0000,0x000000001b7a0000)]
  0x0000000002b5e000 JavaThread "DestroyJavaVM" [_thread_blocked, id=6340, stack(0x0000000004750000,0x0000000004850000)]
  0x000000001a557000 JavaThread "GC Daemon" daemon [_thread_blocked, id=6844, stack(0x000000001b260000,0x000000001b360000)]
  0x000000001a545800 JavaThread "RMI Reaper" [_thread_blocked, id=5484, stack(0x000000001b160000,0x000000001b260000)]
  0x000000001a37a800 JavaThread "Timer-0" daemon [_thread_blocked, id=3292, stack(0x000000001af60000,0x000000001b060000)]
  0x000000001a11e000 JavaThread "RMI TCP Accept-17257" daemon [_thread_in_native, id=6624, stack(0x000000001ae60000,0x000000001af60000)]
  0x0000000019d45000 JavaThread "Service Thread" daemon [_thread_blocked, id=7560, stack(0x000000001a120000,0x000000001a220000)]
  0x00000000183b2800 JavaThread "C1 CompilerThread2" daemon [_thread_blocked, id=5880, stack(0x0000000019c20000,0x0000000019d20000)]
=>0x00000000183ae800 JavaThread "C2 CompilerThread1" daemon [_thread_in_native, id=1868, stack(0x0000000019b20000,0x0000000019c20000)]
  0x00000000183aa800 JavaThread "C2 CompilerThread0" daemon [_thread_blocked, id=4884, stack(0x0000000019a20000,0x0000000019b20000)]
  0x00000000183a9000 JavaThread "Attach Listener" daemon [_thread_blocked, id=880, stack(0x0000000019920000,0x0000000019a20000)]
  0x00000000183a8000 JavaThread "Signal Dispatcher" daemon [_thread_blocked, id=5560, stack(0x0000000019820000,0x0000000019920000)]
  0x0000000018398000 JavaThread "Finalizer" daemon [_thread_blocked, id=1656, stack(0x0000000019630000,0x0000000019730000)]
  0x0000000004a32000 JavaThread "Reference Handler" daemon [_thread_blocked, id=2088, stack(0x0000000019530000,0x0000000019630000)]

Other Threads:
  0x0000000018374000 VMThread [stack: 0x0000000019430000,0x0000000019530000] [id=4976]
  0x0000000019d4d800 WatcherThread [stack: 0x000000001a220000,0x000000001a320000] [id=5776]

VM state:not at safepoint (normal execution)

VM Mutex/Monitor currently owned by a thread: None

Heap:
 PSYoungGen      total 33280K, used 29736K [0x00000000e0000000, 0x00000000e4100000, 0x0000000100000000)
  eden space 30720K, 96% used [0x00000000e0000000,0x00000000e1d0a2d0,0x00000000e1e00000)
  from space 2560K, 0% used [0x00000000e1e00000,0x00000000e1e00000,0x00000000e2080000)
  to   space 2560K, 0% used [0x00000000e3e80000,0x00000000e3e80000,0x00000000e4100000)
 ParOldGen       total 31232K, used 7636K [0x00000000a0000000, 0x00000000a1e80000, 0x00000000e0000000)
  object space 31232K, 24% used [0x00000000a0000000,0x00000000a0775138,0x00000000a1e80000)
 Metaspace       used 24278K, capacity 24756K, committed 25088K, reserved 1071104K
  class space    used 3139K, capacity 3296K, committed 3328K, reserved 1048576K

Card table byte_map: [0x0000000013e00000,0x0000000014110000] byte_map_base: 0x0000000013900000

Marking Bits: (ParMarkBitMap*) 0x00000000544a3950
 Begin Bits: [0x0000000014710000, 0x0000000015f10000)
 End Bits:   [0x0000000015f10000, 0x0000000017710000)

Polling page: 0x0000000002b30000

CodeCache: size=245760Kb used=5224Kb max_used=5236Kb free=240535Kb
 bounds [0x0000000004a40000, 0x0000000004f70000, 0x0000000013a40000]
 total_blobs=2139 nmethods=1704 adapters=349
 compilation: enabled

Compilation events (10 events):
Event: 12.644 Thread 0x00000000183b2800 nmethod 1708 0x0000000004f55450 code [0x0000000004f555c0, 0x0000000004f55748]
Event: 12.645 Thread 0x00000000183b2800 1710       3       org.jetbrains.kotlin.gnu.trove.TObjectIdentityHashingStrategy::equals (11 bytes)
Event: 12.646 Thread 0x00000000183b2800 nmethod 1710 0x0000000004f550d0 code [0x0000000004f55220, 0x0000000004f553d0]
Event: 12.646 Thread 0x00000000183b2800 1711       3       org.jetbrains.kotlin.com.intellij.util.containers.ConcurrentHashMap::access$700 (6 bytes)
Event: 12.646 Thread 0x00000000183b2800 nmethod 1711 0x0000000004f5a7d0 code [0x0000000004f5a940, 0x0000000004f5abd0]
Event: 12.655 Thread 0x00000000183aa800 nmethod 1700 0x0000000004f5e150 code [0x0000000004f5e2c0, 0x0000000004f5eb58]
Event: 12.655 Thread 0x00000000183aa800 1701 %     4       java.util.Properties$LineReader::readLine @ 21 (468 bytes)
Event: 12.664 Thread 0x00000000183aa800 nmethod 1701% 0x0000000004f5b9d0 code [0x0000000004f5bb60, 0x0000000004f5c4c8]
Event: 12.664 Thread 0x00000000183aa800 1707       4       java.util.HashMap::putVal (300 bytes)
Event: 12.674 Thread 0x00000000183aa800 nmethod 1707 0x0000000004f61110 code [0x0000000004f612c0, 0x0000000004f619d0]

GC Heap History (10 events):
Event: 10.433 GC heap before
{Heap before GC invocations=3 (full 1):
 PSYoungGen      total 17920K, used 15360K [0x00000000e0000000, 0x00000000e1400000, 0x0000000100000000)
  eden space 15360K, 100% used [0x00000000e0000000,0x00000000e0f00000,0x00000000e0f00000)
  from space 2560K, 0% used [0x00000000e0f00000,0x00000000e0f00000,0x00000000e1180000)
  to   space 2560K, 0% used [0x00000000e1180000,0x00000000e1180000,0x00000000e1400000)
 ParOldGen       total 40960K, used 2626K [0x00000000a0000000, 0x00000000a2800000, 0x00000000e0000000)
  object space 40960K, 6% used [0x00000000a0000000,0x00000000a0290960,0x00000000a2800000)
 Metaspace       used 11832K, capacity 11984K, committed 12160K, reserved 1060864K
  class space    used 1334K, capacity 1400K, committed 1408K, reserved 1048576K
Event: 10.439 GC heap after
Heap after GC invocations=3 (full 1):
 PSYoungGen      total 17920K, used 2543K [0x00000000e0000000, 0x00000000e1400000, 0x0000000100000000)
  eden space 15360K, 0% used [0x00000000e0000000,0x00000000e0000000,0x00000000e0f00000)
  from space 2560K, 99% used [0x00000000e1180000,0x00000000e13fbf90,0x00000000e1400000)
  to   space 2560K, 0% used [0x00000000e0f00000,0x00000000e0f00000,0x00000000e1180000)
 ParOldGen       total 40960K, used 3673K [0x00000000a0000000, 0x00000000a2800000, 0x00000000e0000000)
  object space 40960K, 8% used [0x00000000a0000000,0x00000000a0396678,0x00000000a2800000)
 Metaspace       used 11832K, capacity 11984K, committed 12160K, reserved 1060864K
  class space    used 1334K, capacity 1400K, committed 1408K, reserved 1048576K
}
Event: 10.811 GC heap before
{Heap before GC invocations=4 (full 1):
 PSYoungGen      total 17920K, used 17903K [0x00000000e0000000, 0x00000000e1400000, 0x0000000100000000)
  eden space 15360K, 100% used [0x00000000e0000000,0x00000000e0f00000,0x00000000e0f00000)
  from space 2560K, 99% used [0x00000000e1180000,0x00000000e13fbf90,0x00000000e1400000)
  to   space 2560K, 0% used [0x00000000e0f00000,0x00000000e0f00000,0x00000000e1180000)
 ParOldGen       total 40960K, used 3673K [0x00000000a0000000, 0x00000000a2800000, 0x00000000e0000000)
  object space 40960K, 8% used [0x00000000a0000000,0x00000000a0396678,0x00000000a2800000)
 Metaspace       used 14061K, capacity 14288K, committed 14592K, reserved 1062912K
  class space    used 1639K, capacity 1720K, committed 1792K, reserved 1048576K
Event: 10.819 GC heap after
Heap after GC invocations=4 (full 1):
 PSYoungGen      total 17920K, used 2529K [0x00000000e0000000, 0x00000000e2300000, 0x0000000100000000)
  eden space 15360K, 0% used [0x00000000e0000000,0x00000000e0000000,0x00000000e0f00000)
  from space 2560K, 98% used [0x00000000e0f00000,0x00000000e11784b0,0x00000000e1180000)
  to   space 2560K, 0% used [0x00000000e2080000,0x00000000e2080000,0x00000000e2300000)
 ParOldGen       total 40960K, used 6065K [0x00000000a0000000, 0x00000000a2800000, 0x00000000e0000000)
  object space 40960K, 14% used [0x00000000a0000000,0x00000000a05ec638,0x00000000a2800000)
 Metaspace       used 14061K, capacity 14288K, committed 14592K, reserved 1062912K
  class space    used 1639K, capacity 1720K, committed 1792K, reserved 1048576K
}
Event: 11.432 GC heap before
{Heap before GC invocations=5 (full 1):
 PSYoungGen      total 17920K, used 17889K [0x00000000e0000000, 0x00000000e2300000, 0x0000000100000000)
  eden space 15360K, 100% used [0x00000000e0000000,0x00000000e0f00000,0x00000000e0f00000)
  from space 2560K, 98% used [0x00000000e0f00000,0x00000000e11784b0,0x00000000e1180000)
  to   space 2560K, 0% used [0x00000000e2080000,0x00000000e2080000,0x00000000e2300000)
 ParOldGen       total 40960K, used 6065K [0x00000000a0000000, 0x00000000a2800000, 0x00000000e0000000)
  object space 40960K, 14% used [0x00000000a0000000,0x00000000a05ec638,0x00000000a2800000)
 Metaspace       used 18020K, capacity 18302K, committed 18688K, reserved 1064960K
  class space    used 2142K, capacity 2217K, committed 2304K, reserved 1048576K
Event: 11.443 GC heap after
Heap after GC invocations=5 (full 1):
 PSYoungGen      total 33280K, used 2532K [0x00000000e0000000, 0x00000000e2300000, 0x0000000100000000)
  eden space 30720K, 0% used [0x00000000e0000000,0x00000000e0000000,0x00000000e1e00000)
  from space 2560K, 98% used [0x00000000e2080000,0x00000000e22f9340,0x00000000e2300000)
  to   space 2560K, 0% used [0x00000000e1e00000,0x00000000e1e00000,0x00000000e2080000)
 ParOldGen       total 40960K, used 9636K [0x00000000a0000000, 0x00000000a2800000, 0x00000000e0000000)
  object space 40960K, 23% used [0x00000000a0000000,0x00000000a0969308,0x00000000a2800000)
 Metaspace       used 18020K, capacity 18302K, committed 18688K, reserved 1064960K
  class space    used 2142K, capacity 2217K, committed 2304K, reserved 1048576K
}
Event: 11.810 GC heap before
{Heap before GC invocations=6 (full 1):
 PSYoungGen      total 33280K, used 16974K [0x00000000e0000000, 0x00000000e2300000, 0x0000000100000000)
  eden space 30720K, 47% used [0x00000000e0000000,0x00000000e0e1a510,0x00000000e1e00000)
  from space 2560K, 98% used [0x00000000e2080000,0x00000000e22f9340,0x00000000e2300000)
  to   space 2560K, 0% used [0x00000000e1e00000,0x00000000e1e00000,0x00000000e2080000)
 ParOldGen       total 40960K, used 9636K [0x00000000a0000000, 0x00000000a2800000, 0x00000000e0000000)
  object space 40960K, 23% used [0x00000000a0000000,0x00000000a0969308,0x00000000a2800000)
 Metaspace       used 20769K, capacity 21066K, committed 21296K, reserved 1069056K
  class space    used 2552K, capacity 2651K, committed 2688K, reserved 1048576K
Event: 11.819 GC heap after
Heap after GC invocations=6 (full 1):
 PSYoungGen      total 33280K, used 2545K [0x00000000e0000000, 0x00000000e4100000, 0x0000000100000000)
  eden space 30720K, 0% used [0x00000000e0000000,0x00000000e0000000,0x00000000e1e00000)
  from space 2560K, 99% used [0x00000000e1e00000,0x00000000e207c4c0,0x00000000e2080000)
  to   space 2560K, 0% used [0x00000000e3e80000,0x00000000e3e80000,0x00000000e4100000)
 ParOldGen       total 40960K, used 12542K [0x00000000a0000000, 0x00000000a2800000, 0x00000000e0000000)
  object space 40960K, 30% used [0x00000000a0000000,0x00000000a0c3faa8,0x00000000a2800000)
 Metaspace       used 20769K, capacity 21066K, committed 21296K, reserved 1069056K
  class space    used 2552K, capacity 2651K, committed 2688K, reserved 1048576K
}
Event: 11.819 GC heap before
{Heap before GC invocations=7 (full 2):
 PSYoungGen      total 33280K, used 2545K [0x00000000e0000000, 0x00000000e4100000, 0x0000000100000000)
  eden space 30720K, 0% used [0x00000000e0000000,0x00000000e0000000,0x00000000e1e00000)
  from space 2560K, 99% used [0x00000000e1e00000,0x00000000e207c4c0,0x00000000e2080000)
  to   space 2560K, 0% used [0x00000000e3e80000,0x00000000e3e80000,0x00000000e4100000)
 ParOldGen       total 40960K, used 12542K [0x00000000a0000000, 0x00000000a2800000, 0x00000000e0000000)
  object space 40960K, 30% used [0x00000000a0000000,0x00000000a0c3faa8,0x00000000a2800000)
 Metaspace       used 20769K, capacity 21066K, committed 21296K, reserved 1069056K
  class space    used 2552K, capacity 2651K, committed 2688K, reserved 1048576K
Event: 11.864 GC heap after
Heap after GC invocations=7 (full 2):
 PSYoungGen      total 33280K, used 0K [0x00000000e0000000, 0x00000000e4100000, 0x0000000100000000)
  eden space 30720K, 0% used [0x00000000e0000000,0x00000000e0000000,0x00000000e1e00000)
  from space 2560K, 0% used [0x00000000e1e00000,0x00000000e1e00000,0x00000000e2080000)
  to   space 2560K, 0% used [0x00000000e3e80000,0x00000000e3e80000,0x00000000e4100000)
 ParOldGen       total 31232K, used 7636K [0x00000000a0000000, 0x00000000a1e80000, 0x00000000e0000000)
  object space 31232K, 24% used [0x00000000a0000000,0x00000000a0775138,0x00000000a1e80000)
 Metaspace       used 20769K, capacity 21066K, committed 21296K, reserved 1069056K
  class space    used 2552K, capacity 2651K, committed 2688K, reserved 1048576K
}

Deoptimization events (10 events):
Event: 10.561 Thread 0x000000001a57c000 Uncommon trap: reason=unstable_if action=reinterpret pc=0x0000000004d256c0 method=kotlin.reflect.jvm.internal.impl.protobuf.CodedInputStream.readRawVarint32()I @ 69
Event: 10.562 Thread 0x000000001a57c000 Uncommon trap: reason=class_check action=maybe_recompile pc=0x0000000004d30c0c method=kotlin.reflect.jvm.internal.impl.protobuf.CodedInputStream.tryRefillBuffer(I)Z @ 175
Event: 11.505 Thread 0x000000001a57c000 Uncommon trap: reason=unstable_if action=reinterpret pc=0x0000000004e12f68 method=java.util.HashMap.hash(Ljava/lang/Object;)I @ 1
Event: 11.677 Thread 0x000000001a57c000 Uncommon trap: reason=bimorphic action=maybe_recompile pc=0x0000000004c96128 method=java.io.FilterInputStream.read([B)I @ 5
Event: 11.678 Thread 0x000000001a57c000 Uncommon trap: reason=bimorphic action=maybe_recompile pc=0x0000000004c96128 method=java.io.FilterInputStream.read([B)I @ 5
Event: 11.678 Thread 0x000000001a57c000 Uncommon trap: reason=bimorphic action=maybe_recompile pc=0x0000000004c96128 method=java.io.FilterInputStream.read([B)I @ 5
Event: 11.757 Thread 0x000000001a57c000 Uncommon trap: reason=range_check action=make_not_entrant pc=0x0000000004ded720 method=sun.reflect.generics.parser.SignatureParser.current()C @ 34
Event: 12.062 Thread 0x000000001a57c000 Uncommon trap: reason=bimorphic action=maybe_recompile pc=0x0000000004c96128 method=java.io.FilterInputStream.read([B)I @ 5
Event: 12.441 Thread 0x000000001a57c000 Uncommon trap: reason=unstable_if action=reinterpret pc=0x0000000004f3b504 method=org.jetbrains.kotlin.com.intellij.openapi.vfs.impl.ZipEntryMap.isTheOne(Lorg/jetbrains/kotlin/com/intellij/openapi/vfs/impl/ArchiveHandler$EntryInfo;Ljava/lang/CharSequence;
Event: 12.645 Thread 0x000000001a57c000 Uncommon trap: reason=unstable_if action=reinterpret pc=0x0000000004f4dde8 method=org.jetbrains.kotlin.gnu.trove.TObjectHash.index(Ljava/lang/Object;)I @ 54

Classes redefined (0 events):
No events

Internal exceptions (10 events):
Event: 10.129 Thread 0x000000001a57c000 Exception <a 'java/lang/NoSuchMethodError': <clinit>> (0x00000000e03a6448) thrown at [D:\src\AOSP-openjdk-cygwin\jdk8u\hotspot\src\share\vm\prims\jni.cpp, line 1613]
Event: 10.133 Thread 0x0000000019e38000 Exception <a 'java/lang/InterruptedException'> (0x00000000e03aa310) thrown at [D:\src\AOSP-openjdk-cygwin\jdk8u\hotspot\src\share\vm\runtime\objectMonitor.cpp, line 1684]
Event: 10.628 Thread 0x000000001a57c000 Exception <a 'java/lang/ArrayIndexOutOfBoundsException'> (0x00000000e087be60) thrown at [D:\src\AOSP-openjdk-cygwin\jdk8u\hotspot\src\share\vm\runtime\sharedRuntime.cpp, line 605]
Event: 11.505 Thread 0x000000001a57c000 Implicit null exception at 0x0000000004e12eef to 0x0000000004e12f59
Event: 11.587 Thread 0x000000001a57c000 Exception <a 'java/lang/NoSuchMethodError': java.lang.Object.lambda$comparing$77a9974f$1(Ljava/util/function/Function;Ljava/lang/Object;Ljava/lang/Object;)I> (0x00000000e06ac650) thrown at [D:\src\AOSP-openjdk-cygwin\jdk8u\hotspot\src\share\vm\interpreter
Event: 11.757 Thread 0x000000001a57c000 Exception <a 'java/lang/ArrayIndexOutOfBoundsException': 60> (0x00000000e0c4d480) thrown at [D:\src\AOSP-openjdk-cygwin\jdk8u\hotspot\src\share\vm\interpreter\interpreterRuntime.cpp, line 366]
Event: 11.767 Thread 0x000000001a57c000 Exception <a 'java/lang/ArrayIndexOutOfBoundsException'> (0x00000000e0c76fc8) thrown at [D:\src\AOSP-openjdk-cygwin\jdk8u\hotspot\src\share\vm\runtime\sharedRuntime.cpp, line 605]
Event: 12.011 Thread 0x000000001a57c000 Exception <a 'java/lang/NoSuchMethodError': java.lang.Object.lambda$static$0(I)[Lorg/jetbrains/kotlin/com/intellij/openapi/editor/event/DocumentListener;> (0x00000000e066fa38) thrown at [D:\src\AOSP-openjdk-cygwin\jdk8u\hotspot\src\share\vm\interpreter\li
Event: 12.048 Thread 0x000000001a57c000 Exception <a 'java/lang/NoSuchMethodError': java.lang.Object.lambda$static$0(I)[Lorg/jetbrains/kotlin/com/intellij/psi/PsiAnnotation;> (0x00000000e0847658) thrown at [D:\src\AOSP-openjdk-cygwin\jdk8u\hotspot\src\share\vm\interpreter\linkResolver.cpp, line
Event: 12.621 Thread 0x000000001a57c000 Exception <a 'java/lang/OutOfMemoryError'> (0x00000000e1c638c0) thrown at [D:\src\AOSP-openjdk-cygwin\jdk8u\hotspot\src\share\vm\prims\jni.cpp, line 735]

Events (10 events):
Event: 12.644 loading class misc/registry_en
Event: 12.644 loading class misc/registry_en done
Event: 12.644 loading class misc/registry_en_US
Event: 12.644 loading class misc/registry_en_US done
Event: 12.645 Thread 0x000000001a57c000 Uncommon trap: trap_request=0xffffff65 fr.pc=0x0000000004f4dde8
Event: 12.645 Thread 0x000000001a57c000 DEOPT PACKING pc=0x0000000004f4dde8 sp=0x000000001b99b2b0
Event: 12.645 Thread 0x000000001a57c000 DEOPT UNPACKING pc=0x0000000004a8556a sp=0x000000001b99b240 mode 2
Event: 12.646 loading class org/jetbrains/kotlin/cli/common/messages/MessageCollectorUtil
Event: 12.646 loading class org/jetbrains/kotlin/cli/common/messages/MessageCollectorUtil done
Event: 12.647 loading class java/io/PrintWriter


Dynamic libraries:
0x00007ff69dff0000 - 0x00007ff69e021000 	C:\Program Files\Android\Android Studio\jre\jre\bin\java.exe
0x00007ff994340000 - 0x00007ff994520000 	C:\WINDOWS\SYSTEM32\ntdll.dll
0x00007ff991e50000 - 0x00007ff991efe000 	C:\WINDOWS\System32\KERNEL32.DLL
0x00007ff9911a0000 - 0x00007ff991406000 	C:\WINDOWS\System32\KERNELBASE.dll
0x00007ff9920d0000 - 0x00007ff992171000 	C:\WINDOWS\System32\ADVAPI32.dll
0x00007ff994080000 - 0x00007ff99411d000 	C:\WINDOWS\System32\msvcrt.dll
0x00007ff9941a0000 - 0x00007ff9941fb000 	C:\WINDOWS\System32\sechost.dll
0x00007ff993760000 - 0x00007ff99387f000 	C:\WINDOWS\System32\RPCRT4.dll
0x00007ff9919a0000 - 0x00007ff991b2f000 	C:\WINDOWS\System32\USER32.dll
0x00007ff990fe0000 - 0x00007ff991000000 	C:\WINDOWS\System32\win32u.dll
0x00007ff994200000 - 0x00007ff994228000 	C:\WINDOWS\System32\GDI32.dll
0x00007ff991000000 - 0x00007ff991193000 	C:\WINDOWS\System32\gdi32full.dll
0x00007ff990f40000 - 0x00007ff990fdb000 	C:\WINDOWS\System32\msvcp_win.dll
0x00007ff991540000 - 0x00007ff991636000 	C:\WINDOWS\System32\ucrtbase.dll
0x00007ff9838e0000 - 0x00007ff983b49000 	C:\WINDOWS\WinSxS\amd64_microsoft.windows.common-controls_6595b64144ccf1df_6.0.16299.192_none_15c8cdae9364c23b\COMCTL32.dll
0x00007ff993cd0000 - 0x00007ff993fd8000 	C:\WINDOWS\System32\combase.dll
0x00007ff9914c0000 - 0x00007ff991532000 	C:\WINDOWS\System32\bcryptPrimitives.dll
0x00007ff991f00000 - 0x00007ff991f2d000 	C:\WINDOWS\System32\IMM32.DLL
0x0000000053c00000 - 0x0000000053cd2000 	C:\Program Files\Android\Android Studio\jre\jre\bin\msvcr100.dll
0x0000000053ce0000 - 0x000000005451e000 	C:\Program Files\Android\Android Studio\jre\jre\bin\server\jvm.dll
0x00007ff9920b0000 - 0x00007ff9920b8000 	C:\WINDOWS\System32\PSAPI.DLL
0x00007ff983780000 - 0x00007ff983789000 	C:\WINDOWS\SYSTEM32\WSOCK32.dll
0x00007ff98e650000 - 0x00007ff98e673000 	C:\WINDOWS\SYSTEM32\WINMM.dll
0x00007ff984c90000 - 0x00007ff984c9a000 	C:\WINDOWS\SYSTEM32\VERSION.dll
0x00007ff992040000 - 0x00007ff9920ac000 	C:\WINDOWS\System32\WS2_32.dll
0x00007ff98e620000 - 0x00007ff98e64a000 	C:\WINDOWS\SYSTEM32\WINMMBASE.dll
0x00007ff991470000 - 0x00007ff9914ba000 	C:\WINDOWS\System32\cfgmgr32.dll
0x00007ff983730000 - 0x00007ff98373f000 	C:\Program Files\Android\Android Studio\jre\jre\bin\verify.dll
0x00007ff97e070000 - 0x00007ff97e099000 	C:\Program Files\Android\Android Studio\jre\jre\bin\java.dll
0x00007ff97df20000 - 0x00007ff97df36000 	C:\Program Files\Android\Android Studio\jre\jre\bin\zip.dll
0x00007ff992320000 - 0x00007ff993756000 	C:\WINDOWS\System32\SHELL32.dll
0x00007ff9918f0000 - 0x00007ff991996000 	C:\WINDOWS\System32\shcore.dll
0x00007ff990740000 - 0x00007ff990e87000 	C:\WINDOWS\System32\windows.storage.dll
0x00007ff991890000 - 0x00007ff9918e1000 	C:\WINDOWS\System32\shlwapi.dll
0x00007ff990690000 - 0x00007ff9906a1000 	C:\WINDOWS\System32\kernel.appcore.dll
0x00007ff9906f0000 - 0x00007ff99073c000 	C:\WINDOWS\System32\powrprof.dll
0x00007ff9906d0000 - 0x00007ff9906eb000 	C:\WINDOWS\System32\profapi.dll
0x00007ff98cb50000 - 0x00007ff98cb5d000 	C:\Program Files\Android\Android Studio\jre\jre\bin\management.dll
0x00007ff97df00000 - 0x00007ff97df1a000 	C:\Program Files\Android\Android Studio\jre\jre\bin\net.dll
0x00007ff98fec0000 - 0x00007ff98ff26000 	C:\WINDOWS\system32\mswsock.dll
0x00007ff97de30000 - 0x00007ff97de41000 	C:\Program Files\Android\Android Studio\jre\jre\bin\nio.dll
0x00007ff990090000 - 0x00007ff9900a7000 	C:\WINDOWS\SYSTEM32\CRYPTSP.dll
0x00007ff98fad0000 - 0x00007ff98fb03000 	C:\WINDOWS\system32\rsaenh.dll
0x00007ff990190000 - 0x00007ff9901b5000 	C:\WINDOWS\SYSTEM32\bcrypt.dll
0x00007ff990590000 - 0x00007ff9905b9000 	C:\WINDOWS\SYSTEM32\USERENV.dll
0x00007ff990080000 - 0x00007ff99008b000 	C:\WINDOWS\SYSTEM32\CRYPTBASE.dll
0x00007ff98fc50000 - 0x00007ff98fc89000 	C:\WINDOWS\SYSTEM32\IPHLPAPI.DLL
0x00007ff9920c0000 - 0x00007ff9920c8000 	C:\WINDOWS\System32\NSI.dll
0x00007ff98a930000 - 0x00007ff98a946000 	C:\WINDOWS\SYSTEM32\dhcpcsvc6.DLL
0x00007ff98a910000 - 0x00007ff98a92a000 	C:\WINDOWS\SYSTEM32\dhcpcsvc.DLL

VM Arguments:
jvm_args: -Djava.awt.headless=true -Djava.rmi.server.hostname=localhost -Xmx1536m -Dkotlin.environment.keepalive 
java_command: org.jetbrains.kotlin.daemon.KotlinCompileDaemon --daemon-runFilesPath C:\Users\Kent\AppData\Local\kotlin\daemon --daemon-autoshutdownIdleSeconds=7200 --daemon-compilerClasspath C:\Users\Kent\.gradle\caches\modules-2\files-2.1\org.jetbrains.kotlin\kotlin-compiler-embeddable\1.2.21\39456b64a42dc359e385697e2e93b5cba52e197f\kotlin-compiler-embeddable-1.2.21.jar;C:\Users\Kent\.gradle\caches\modules-2\files-2.1\org.jetbrains.kotlin\kotlin-stdlib\1.2.21\d64187eb2d9d1521be3421aa8c6774a8625cdde8\kotlin-stdlib-1.2.21.jar;C:\Users\Kent\.gradle\caches\modules-2\files-2.1\org.jetbrains.kotlin\kotlin-script-runtime\1.2.21\40c37b171146be48a989ab74b937b17a96d28d87\kotlin-script-runtime-1.2.21.jar;C:\Users\Kent\.gradle\caches\modules-2\files-2.1\org.jetbrains.kotlin\kotlin-reflect\1.2.21\3159ff5936aa570a90050d385cb717fbb6c1723a\kotlin-reflect-1.2.21.jar;C:\Program Files\Android\Android Studio\jre\lib\tools.jar
java_class_path (initial): C:\Users\Kent\.gradle\caches\modules-2\files-2.1\org.jetbrains.kotlin\kotlin-compiler-embeddable\1.2.21\39456b64a42dc359e385697e2e93b5cba52e197f\kotlin-compiler-embeddable-1.2.21.jar;C:\Users\Kent\.gradle\caches\modules-2\files-2.1\org.jetbrains.kotlin\kotlin-stdlib\1.2.21\d64187eb2d9d1521be3421aa8c6774a8625cdde8\kotlin-stdlib-1.2.21.jar;C:\Users\Kent\.gradle\caches\modules-2\files-2.1\org.jetbrains.kotlin\kotlin-script-runtime\1.2.21\40c37b171146be48a989ab74b937b17a96d28d87\kotlin-script-runtime-1.2.21.jar;C:\Users\Kent\.gradle\caches\modules-2\files-2.1\org.jetbrains.kotlin\kotlin-reflect\1.2.21\3159ff5936aa570a90050d385cb717fbb6c1723a\kotlin-reflect-1.2.21.jar;C:\Program Files\Android\Android Studio\jre\lib\tools.jar
Launcher Type: SUN_STANDARD

Environment Variables:
PATH=C:\WINDOWS\system32;C:\WINDOWS;C:\WINDOWS\System32\Wbem;C:\WINDOWS\System32\WindowsPowerShell\v1.0\;C:\Program Files\Git\cmd;C:\Users\Kent\AppData\Local\Microsoft\WindowsApps;
USERNAME=Kent
OS=Windows_NT
PROCESSOR_IDENTIFIER=Intel64 Family 6 Model 37 Stepping 5, GenuineIntel



---------------  S Y S T E M  ---------------

OS: Windows 10.0 , 64 bit Build 16299 (10.0.16299.15)

CPU:total 4 (initial active 4) (2 cores per cpu, 2 threads per core) family 6 model 37 stepping 5, cmov, cx8, fxsr, mmx, sse, sse2, sse3, ssse3, sse4.1, sse4.2, popcnt, ht, tsc, tscinvbit

Memory: 4k page, physical 3848288k(640572k free), swap 5246048k(1896k free)

vm_info: OpenJDK 64-Bit Server VM (25.152-b01) for windows-amd64 JRE (1.8.0_152-release-915-b01), built by "builder" with MS VC++ 10.0 (VS2010)

time: Wed Mar 14 10:51:40 2018
elapsed time: 12 seconds (0d 0h 0m 12s)

