#
# There is insufficient memory for the Java Runtime Environment to continue.
# Native memory allocation (malloc) failed to allocate 32744 bytes for ChunkPool::allocate
# Possible reasons:
#   The system is out of physical RAM or swap space
#   In 32 bit mode, the process size limit was hit
# Possible solutions:
#   Reduce memory load on the system
#   Increase physical memory or swap space
#   Check if swap backing store is full
#   Use 64 bit Java on a 64 bit OS
#   Decrease Java heap size (-Xmx/-Xms)
#   Decrease number of Java threads
#   Decrease Java thread stack sizes (-Xss)
#   Set larger code cache with -XX:ReservedCodeCacheSize=
# This output file may be truncated or incomplete.
#
#  Out of Memory Error (allocation.cpp:273), pid=1784, tid=0x000000000000139c
#
# JRE version: OpenJDK Runtime Environment (8.0_152-b01) (build 1.8.0_152-release-915-b01)
# Java VM: OpenJDK 64-Bit Server VM (25.152-b01 mixed mode windows-amd64 compressed oops)
# Failed to write core dump. Minidumps are not enabled by default on client versions of Windows
#

---------------  T H R E A D  ---------------

Current thread (0x0000000004e24000):  JavaThread "main" [_thread_in_vm, id=5020, stack(0x0000000004d20000,0x0000000004e20000)]

Stack: [0x0000000004d20000,0x0000000004e20000]
[error occurred during error reporting (printing stack bounds), id 0xc0000005]

Native frames: (J=compiled Java code, j=interpreted, Vv=VM code, C=native code)

Java frames: (J=compiled Java code, j=interpreted, Vv=VM code)
j  org.jetbrains.kotlin.types.expressions.ExpressionTypingVisitorDispatcher.<init>(Lorg/jetbrains/kotlin/types/expressions/ExpressionTypingComponents;Lorg/jetbrains/kotlin/resolve/AnnotationChecker;)V+27
j  org.jetbrains.kotlin.types.expressions.ExpressionTypingVisitorDispatcher.<init>(Lorg/jetbrains/kotlin/types/expressions/ExpressionTypingComponents;Lorg/jetbrains/kotlin/resolve/AnnotationChecker;Lorg/jetbrains/kotlin/types/expressions/ExpressionTypingVisitorDispatcher$1;)V+3
j  org.jetbrains.kotlin.types.expressions.ExpressionTypingVisitorDispatcher$ForDeclarations.<init>(Lorg/jetbrains/kotlin/types/expressions/ExpressionTypingComponents;Lorg/jetbrains/kotlin/resolve/AnnotationChecker;)V+4
v  ~StubRoutines::call_stub
j  sun.reflect.NativeConstructorAccessorImpl.newInstance0(Ljava/lang/reflect/Constructor;[Ljava/lang/Object;)Ljava/lang/Object;+0
j  sun.reflect.NativeConstructorAccessorImpl.newInstance([Ljava/lang/Object;)Ljava/lang/Object;+85
J 1671 C1 sun.reflect.DelegatingConstructorAccessorImpl.newInstance([Ljava/lang/Object;)Ljava/lang/Object; (9 bytes) @ 0x00000000053fc744 [0x00000000053fc640+0x104]
J 1669 C1 java.lang.reflect.Constructor.newInstance([Ljava/lang/Object;)Ljava/lang/Object; (87 bytes) @ 0x00000000053fa58c [0x00000000053fa0c0+0x4cc]
j  org.jetbrains.kotlin.container.SingletonTypeComponentDescriptor.createInstanceOf(Ljava/lang/Class;Lorg/jetbrains/kotlin/container/ValueResolveContext;)Ljava/lang/Object;+154
j  org.jetbrains.kotlin.container.SingletonTypeComponentDescriptor.createInstance(Lorg/jetbrains/kotlin/container/ValueResolveContext;)Ljava/lang/Object;+12
j  org.jetbrains.kotlin.container.SingletonDescriptor.createInstance(Lorg/jetbrains/kotlin/container/ComponentContainer;)V+65
j  org.jetbrains.kotlin.container.SingletonDescriptor.getValue()Ljava/lang/Object;+108
j  org.jetbrains.kotlin.container.ResolveKt.computeArguments(Ljava/util/List;)Ljava/util/List;+69
j  org.jetbrains.kotlin.container.SingletonTypeComponentDescriptor.createInstanceOf(Ljava/lang/Class;Lorg/jetbrains/kotlin/container/ValueResolveContext;)Ljava/lang/Object;+84
j  org.jetbrains.kotlin.container.SingletonTypeComponentDescriptor.createInstance(Lorg/jetbrains/kotlin/container/ValueResolveContext;)Ljava/lang/Object;+12
j  org.jetbrains.kotlin.container.SingletonDescriptor.createInstance(Lorg/jetbrains/kotlin/container/ComponentContainer;)V+65
j  org.jetbrains.kotlin.container.SingletonDescriptor.getValue()Ljava/lang/Object;+108
j  org.jetbrains.kotlin.container.ResolveKt.computeArguments(Ljava/util/List;)Ljava/util/List;+69
j  org.jetbrains.kotlin.container.SingletonTypeComponentDescriptor.createInstanceOf(Ljava/lang/Class;Lorg/jetbrains/kotlin/container/ValueResolveContext;)Ljava/lang/Object;+84
j  org.jetbrains.kotlin.container.SingletonTypeComponentDescriptor.createInstance(Lorg/jetbrains/kotlin/container/ValueResolveContext;)Ljava/lang/Object;+12
j  org.jetbrains.kotlin.container.SingletonDescriptor.createInstance(Lorg/jetbrains/kotlin/container/ComponentContainer;)V+65
j  org.jetbrains.kotlin.container.SingletonDescriptor.getValue()Ljava/lang/Object;+108
j  org.jetbrains.kotlin.container.ResolveKt.computeArguments(Ljava/util/List;)Ljava/util/List;+69
j  org.jetbrains.kotlin.container.SingletonTypeComponentDescriptor.createInstanceOf(Ljava/lang/Class;Lorg/jetbrains/kotlin/container/ValueResolveContext;)Ljava/lang/Object;+84
j  org.jetbrains.kotlin.container.SingletonTypeComponentDescriptor.createInstance(Lorg/jetbrains/kotlin/container/ValueResolveContext;)Ljava/lang/Object;+12
j  org.jetbrains.kotlin.container.SingletonDescriptor.createInstance(Lorg/jetbrains/kotlin/container/ComponentContainer;)V+65
j  org.jetbrains.kotlin.container.SingletonDescriptor.getValue()Ljava/lang/Object;+108
j  org.jetbrains.kotlin.container.ResolveKt.computeArguments(Ljava/util/List;)Ljava/util/List;+69
j  org.jetbrains.kotlin.container.MethodBinding.invoke(Ljava/lang/Object;)V+10
j  org.jetbrains.kotlin.container.ComponentStorage.injectProperties(Ljava/lang/Object;Lorg/jetbrains/kotlin/container/ValueResolveContext;)V+70
j  org.jetbrains.kotlin.container.ComponentStorage.injectProperties(Lorg/jetbrains/kotlin/container/ComponentResolveContext;Ljava/util/Collection;)V+56
j  org.jetbrains.kotlin.container.ComponentStorage.composeDescriptors(Lorg/jetbrains/kotlin/container/ComponentResolveContext;Ljava/util/Collection;)V+38
j  org.jetbrains.kotlin.container.ComponentStorage.compose(Lorg/jetbrains/kotlin/container/ComponentResolveContext;)V+77
j  org.jetbrains.kotlin.container.StorageComponentContainer.compose()Lorg/jetbrains/kotlin/container/StorageComponentContainer;+8
j  org.jetbrains.kotlin.container.DslKt.composeContainer(Ljava/lang/String;Lorg/jetbrains/kotlin/container/StorageComponentContainer;Lkotlin/jvm/functions/Function1;)Lorg/jetbrains/kotlin/container/StorageComponentContainer;+31
j  org.jetbrains.kotlin.resolve.TargetPlatformKt.createContainer(Ljava/lang/String;Lorg/jetbrains/kotlin/resolve/TargetPlatform;Lkotlin/jvm/functions/Function1;)Lorg/jetbrains/kotlin/container/StorageComponentContainer;+27
j  org.jetbrains.kotlin.frontend.java.di.InjectionKt.createContainerForLazyResolveWithJava(Lorg/jetbrains/kotlin/context/ModuleContext;Lorg/jetbrains/kotlin/resolve/BindingTrace;Lorg/jetbrains/kotlin/resolve/lazy/declarations/DeclarationProviderFactory;Lorg/jetbrains/kotlin/com/intellij/psi/search/GlobalSearchScope;Lorg/jetbrains/kotlin/load/java/lazy/ModuleClassResolver;Lorg/jetbrains/kotlin/resolve/TargetEnvironment;Lorg/jetbrains/kotlin/incremental/components/LookupTracker;Lorg/jetbrains/kotlin/incremental/components/ExpectActualTracker;Lorg/jetbrains/kotlin/descriptors/PackagePartProvider;Lorg/jetbrains/kotlin/config/JvmTarget;Lorg/jetbrains/kotlin/config/LanguageVersionSettings;ZLkotlin/jvm/functions/Function1;Lorg/jetbrains/kotlin/load/java/JavaClassesTracker;)Lorg/jetbrains/kotlin/container/StorageComponentContainer;+115
j  org.jetbrains.kotlin.frontend.java.di.InjectionKt.createContainerForTopDownAnalyzerForJvm(Lorg/jetbrains/kotlin/context/ModuleContext;Lorg/jetbrains/kotlin/resolve/BindingTrace;Lorg/jetbrains/kotlin/resolve/lazy/declarations/DeclarationProviderFactory;Lorg/jetbrains/kotlin/com/intellij/psi/search/GlobalSearchScope;Lorg/jetbrains/kotlin/incremental/components/LookupTracker;Lorg/jetbrains/kotlin/incremental/components/ExpectActualTracker;Lorg/jetbrains/kotlin/descriptors/PackagePartProvider;Lorg/jetbrains/kotlin/load/java/lazy/ModuleClassResolver;Lorg/jetbrains/kotlin/config/JvmTarget;Lorg/jetbrains/kotlin/config/LanguageVersionSettings;Lkotlin/jvm/functions/Function1;Lorg/jetbrains/kotlin/load/java/JavaClassesTracker;)Lorg/jetbrains/kotlin/container/ComponentProvider;+93
j  org.jetbrains.kotlin.frontend.java.di.InjectionKt.createContainerForTopDownAnalyzerForJvm$default(Lorg/jetbrains/kotlin/context/ModuleContext;Lorg/jetbrains/kotlin/resolve/BindingTrace;Lorg/jetbrains/kotlin/resolve/lazy/declarations/DeclarationProviderFactory;Lorg/jetbrains/kotlin/com/intellij/psi/search/GlobalSearchScope;Lorg/jetbrains/kotlin/incremental/components/LookupTracker;Lorg/jetbrains/kotlin/incremental/components/ExpectActualTracker;Lorg/jetbrains/kotlin/descriptors/PackagePartProvider;Lorg/jetbrains/kotlin/load/java/lazy/ModuleClassResolver;Lorg/jetbrains/kotlin/config/JvmTarget;Lorg/jetbrains/kotlin/config/LanguageVersionSettings;Lkotlin/jvm/functions/Function1;Lorg/jetbrains/kotlin/load/java/JavaClassesTracker;ILjava/lang/Object;)Lorg/jetbrains/kotlin/container/ComponentProvider;+50
j  org.jetbrains.kotlin.cli.jvm.compiler.TopDownAnalyzerFacadeForJVM.createContainer(Lorg/jetbrains/kotlin/com/intellij/openapi/project/Project;Ljava/util/Collection;Lorg/jetbrains/kotlin/resolve/BindingTrace;Lorg/jetbrains/kotlin/config/CompilerConfiguration;Lkotlin/jvm/functions/Function1;Lkotlin/jvm/functions/Function2;Lorg/jetbrains/kotlin/com/intellij/psi/search/GlobalSearchScope;)Lorg/jetbrains/kotlin/container/ComponentProvider;+586
j  org.jetbrains.kotlin.cli.jvm.compiler.TopDownAnalyzerFacadeForJVM.analyzeFilesWithJavaIntegration(Lorg/jetbrains/kotlin/com/intellij/openapi/project/Project;Ljava/util/Collection;Lorg/jetbrains/kotlin/resolve/BindingTrace;Lorg/jetbrains/kotlin/config/CompilerConfiguration;Lkotlin/jvm/functions/Function1;Lkotlin/jvm/functions/Function2;Lorg/jetbrains/kotlin/com/intellij/psi/search/GlobalSearchScope;)Lorg/jetbrains/kotlin/analyzer/AnalysisResult;+58
j  org.jetbrains.kotlin.cli.jvm.compiler.TopDownAnalyzerFacadeForJVM.analyzeFilesWithJavaIntegration$default(Lorg/jetbrains/kotlin/com/intellij/openapi/project/Project;Ljava/util/Collection;Lorg/jetbrains/kotlin/resolve/BindingTrace;Lorg/jetbrains/kotlin/config/CompilerConfiguration;Lkotlin/jvm/functions/Function1;Lkotlin/jvm/functions/Function2;Lorg/jetbrains/kotlin/com/intellij/psi/search/GlobalSearchScope;ILjava/lang/Object;)Lorg/jetbrains/kotlin/analyzer/AnalysisResult;+44
j  org.jetbrains.kotlin.cli.jvm.compiler.KotlinToJVMBytecodeCompiler$analyze$1.invoke()Lorg/jetbrains/kotlin/analyzer/AnalysisResult;+254
j  org.jetbrains.kotlin.cli.jvm.compiler.KotlinToJVMBytecodeCompiler$analyze$1.invoke()Ljava/lang/Object;+1
j  org.jetbrains.kotlin.cli.common.messages.AnalyzerWithCompilerReport.analyzeAndReport(Ljava/util/Collection;Lkotlin/jvm/functions/Function0;)V+16
j  org.jetbrains.kotlin.cli.jvm.compiler.KotlinToJVMBytecodeCompiler.analyze(Lorg/jetbrains/kotlin/cli/jvm/compiler/KotlinCoreEnvironment;Ljava/lang/String;)Lorg/jetbrains/kotlin/analyzer/AnalysisResult;+49
j  org.jetbrains.kotlin.cli.jvm.compiler.KotlinToJVMBytecodeCompiler.compileModules(Lorg/jetbrains/kotlin/cli/jvm/compiler/KotlinCoreEnvironment;Ljava/io/File;)Z+215
j  org.jetbrains.kotlin.cli.jvm.K2JVMCompiler.doExecute(Lorg/jetbrains/kotlin/cli/common/arguments/K2JVMCompilerArguments;Lorg/jetbrains/kotlin/config/CompilerConfiguration;Lorg/jetbrains/kotlin/com/intellij/openapi/Disposable;Lorg/jetbrains/kotlin/utils/KotlinPaths;)Lorg/jetbrains/kotlin/cli/common/ExitCode;+724
j  org.jetbrains.kotlin.cli.jvm.K2JVMCompiler.doExecute(Lorg/jetbrains/kotlin/cli/common/arguments/CommonCompilerArguments;Lorg/jetbrains/kotlin/config/CompilerConfiguration;Lorg/jetbrains/kotlin/com/intellij/openapi/Disposable;Lorg/jetbrains/kotlin/utils/KotlinPaths;)Lorg/jetbrains/kotlin/cli/common/ExitCode;+9
j  org.jetbrains.kotlin.cli.common.CLICompiler.execImpl(Lorg/jetbrains/kotlin/cli/common/messages/MessageCollector;Lorg/jetbrains/kotlin/config/Services;Lorg/jetbrains/kotlin/cli/common/arguments/CommonCompilerArguments;)Lorg/jetbrains/kotlin/cli/common/ExitCode;+162
j  org.jetbrains.kotlin.cli.common.CLICompiler.execImpl(Lorg/jetbrains/kotlin/cli/common/messages/MessageCollector;Lorg/jetbrains/kotlin/config/Services;Lorg/jetbrains/kotlin/cli/common/arguments/CommonToolArguments;)Lorg/jetbrains/kotlin/cli/common/ExitCode;+7
j  org.jetbrains.kotlin.cli.common.CLITool.exec(Lorg/jetbrains/kotlin/cli/common/messages/MessageCollector;Lorg/jetbrains/kotlin/config/Services;Lorg/jetbrains/kotlin/cli/common/arguments/CommonToolArguments;)Lorg/jetbrains/kotlin/cli/common/ExitCode;+76
j  org.jetbrains.kotlin.cli.common.CLITool.exec(Ljava/io/PrintStream;Lorg/jetbrains/kotlin/config/Services;Lorg/jetbrains/kotlin/cli/common/messages/MessageRenderer;[Ljava/lang/String;)Lorg/jetbrains/kotlin/cli/common/ExitCode;+218
j  org.jetbrains.kotlin.cli.common.CLITool.exec(Ljava/io/PrintStream;[Ljava/lang/String;)Lorg/jetbrains/kotlin/cli/common/ExitCode;+27
j  org.jetbrains.kotlin.cli.common.CLITool$Companion.doMainNoExit(Lorg/jetbrains/kotlin/cli/common/CLITool;[Ljava/lang/String;)Lorg/jetbrains/kotlin/cli/common/ExitCode;+32
j  org.jetbrains.kotlin.cli.common.CLITool$Companion.doMain(Lorg/jetbrains/kotlin/cli/common/CLITool;[Ljava/lang/String;)V+50
j  org.jetbrains.kotlin.cli.jvm.K2JVMCompiler$Companion.main([Ljava/lang/String;)V+20
j  org.jetbrains.kotlin.cli.jvm.K2JVMCompiler.main([Ljava/lang/String;)V+11
v  ~StubRoutines::call_stub

---------------  P R O C E S S  ---------------

Java Threads: ( => current thread )
  0x0000000018c54800 JavaThread "Service Thread" daemon [_thread_blocked, id=8188, stack(0x0000000019020000,0x0000000019120000)]
  0x00000000172e4800 JavaThread "C1 CompilerThread2" daemon [_thread_blocked, id=5440, stack(0x0000000018b20000,0x0000000018c20000)]
  0x00000000172e0800 JavaThread "C2 CompilerThread1" daemon [_thread_in_native, id=8176, stack(0x0000000018a20000,0x0000000018b20000)]
  0x00000000172dd800 JavaThread "C2 CompilerThread0" daemon [_thread_in_native, id=2508, stack(0x0000000018920000,0x0000000018a20000)]
  0x00000000172dc000 JavaThread "Attach Listener" daemon [_thread_blocked, id=3936, stack(0x0000000018820000,0x0000000018920000)]
  0x00000000172da800 JavaThread "Signal Dispatcher" daemon [_thread_blocked, id=6904, stack(0x0000000018720000,0x0000000018820000)]
  0x00000000172c7800 JavaThread "Finalizer" daemon [_thread_blocked, id=4108, stack(0x0000000018530000,0x0000000018630000)]
  0x0000000004f14000 JavaThread "Reference Handler" daemon [_thread_blocked, id=5676, stack(0x0000000018430000,0x0000000018530000)]
=>0x0000000004e24000 JavaThread "main" [_thread_in_vm, id=5020, stack(0x0000000004d20000,0x0000000004e20000)]

Other Threads:
  0x00000000172a4800 VMThread [stack: 0x0000000018330000,0x0000000018430000] [id=440]
  0x0000000018c57000 WatcherThread [stack: 0x0000000019120000,0x0000000019220000] [id=2628]

VM state:not at safepoint (normal execution)

VM Mutex/Monitor currently owned by a thread: None

Heap:
 PSYoungGen      total 52736K, used 12235K [0x00000000ec700000, 0x00000000f1580000, 0x0000000100000000)
  eden space 43520K, 8% used [0x00000000ec700000,0x00000000eca6e8f8,0x00000000ef180000)
  from space 9216K, 94% used [0x00000000f0c80000,0x00000000f15043d0,0x00000000f1580000)
  to   space 10752K, 0% used [0x00000000f0080000,0x00000000f0080000,0x00000000f0b00000)
 ParOldGen       total 42496K, used 10606K [0x00000000c5400000, 0x00000000c7d80000, 0x00000000ec700000)
  object space 42496K, 24% used [0x00000000c5400000,0x00000000c5e5b900,0x00000000c7d80000)
 Metaspace       used 26225K, capacity 26576K, committed 27184K, reserved 1073152K
  class space    used 3412K, capacity 3534K, committed 3632K, reserved 1048576K

Card table byte_map: [0x00000000142e0000,0x00000000144c0000] byte_map_base: 0x0000000013cb6000

Marking Bits: (ParMarkBitMap*) 0x00000000544a3950
 Begin Bits: [0x0000000014a00000, 0x00000000158b0000)
 End Bits:   [0x00000000158b0000, 0x0000000016760000)

Polling page: 0x0000000000be0000

CodeCache: size=245760Kb used=5350Kb max_used=5350Kb free=240409Kb
 bounds [0x0000000004f20000, 0x0000000005460000, 0x0000000013f20000]
 total_blobs=2175 nmethods=1788 adapters=301
 compilation: enabled

Compilation events (10 events):
Event: 3.477 Thread 0x00000000172e4800 nmethod 1801 0x00000000054593d0 code [0x0000000005459520, 0x0000000005459630]
Event: 3.478 Thread 0x00000000172e4800 1802       1       org.jetbrains.kotlin.container.ConstructorInfo::getParameters (5 bytes)
Event: 3.478 Thread 0x00000000172e4800 nmethod 1802 0x0000000005459690 code [0x00000000054597e0, 0x00000000054598f0]
Event: 3.479 Thread 0x00000000172e4800 1803       2       sun.reflect.ReflectionFactory::checkInitted (19 bytes)
Event: 3.480 Thread 0x00000000172e4800 nmethod 1803 0x0000000005459950 code [0x0000000005459ac0, 0x0000000005459c88]
Event: 3.488 Thread 0x00000000172e4800 1804       2       java.util.regex.Pattern::unread (11 bytes)
Event: 3.489 Thread 0x00000000172e4800 nmethod 1804 0x0000000005459d10 code [0x0000000005459e60, 0x0000000005459fb0]
Event: 3.489 Thread 0x00000000172e4800 1805       2       java.util.regex.Pattern::nextEscaped (19 bytes)
Event: 3.489 Thread 0x00000000172e4800 nmethod 1805 0x000000000545a010 code [0x000000000545a160, 0x000000000545a2d0]
Event: 3.489 Thread 0x00000000172e4800 1806       2       java.util.regex.Pattern::closure (477 bytes)

GC Heap History (10 events):
Event: 1.406 GC heap before
{Heap before GC invocations=3 (full 0):
 PSYoungGen      total 17920K, used 17908K [0x00000000ec700000, 0x00000000eea00000, 0x0000000100000000)
  eden space 15360K, 100% used [0x00000000ec700000,0x00000000ed600000,0x00000000ed600000)
  from space 2560K, 99% used [0x00000000ed880000,0x00000000edafd398,0x00000000edb00000)
  to   space 2560K, 0% used [0x00000000ed600000,0x00000000ed600000,0x00000000ed880000)
 ParOldGen       total 40960K, used 3358K [0x00000000c5400000, 0x00000000c7c00000, 0x00000000ec700000)
  object space 40960K, 8% used [0x00000000c5400000,0x00000000c5747ba0,0x00000000c7c00000)
 Metaspace       used 13606K, capacity 13854K, committed 14080K, reserved 1060864K
  class space    used 1605K, capacity 1675K, committed 1792K, reserved 1048576K
Event: 1.414 GC heap after
Heap after GC invocations=3 (full 0):
 PSYoungGen      total 17920K, used 2528K [0x00000000ec700000, 0x00000000eea00000, 0x0000000100000000)
  eden space 15360K, 0% used [0x00000000ec700000,0x00000000ec700000,0x00000000ed600000)
  from space 2560K, 98% used [0x00000000ed600000,0x00000000ed878020,0x00000000ed880000)
  to   space 2560K, 0% used [0x00000000ee780000,0x00000000ee780000,0x00000000eea00000)
 ParOldGen       total 40960K, used 6676K [0x00000000c5400000, 0x00000000c7c00000, 0x00000000ec700000)
  object space 40960K, 16% used [0x00000000c5400000,0x00000000c5a85390,0x00000000c7c00000)
 Metaspace       used 13606K, capacity 13854K, committed 14080K, reserved 1060864K
  class space    used 1605K, capacity 1675K, committed 1792K, reserved 1048576K
}
Event: 1.749 GC heap before
{Heap before GC invocations=4 (full 0):
 PSYoungGen      total 17920K, used 17888K [0x00000000ec700000, 0x00000000eea00000, 0x0000000100000000)
  eden space 15360K, 100% used [0x00000000ec700000,0x00000000ed600000,0x00000000ed600000)
  from space 2560K, 98% used [0x00000000ed600000,0x00000000ed878020,0x00000000ed880000)
  to   space 2560K, 0% used [0x00000000ee780000,0x00000000ee780000,0x00000000eea00000)
 ParOldGen       total 40960K, used 6676K [0x00000000c5400000, 0x00000000c7c00000, 0x00000000ec700000)
  object space 40960K, 16% used [0x00000000c5400000,0x00000000c5a85390,0x00000000c7c00000)
 Metaspace       used 16938K, capacity 17236K, committed 17664K, reserved 1064960K
  class space    used 2111K, capacity 2208K, committed 2304K, reserved 1048576K
Event: 1.760 GC heap after
Heap after GC invocations=4 (full 0):
 PSYoungGen      total 33280K, used 2544K [0x00000000ec700000, 0x00000000eea00000, 0x0000000100000000)
  eden space 30720K, 0% used [0x00000000ec700000,0x00000000ec700000,0x00000000ee500000)
  from space 2560K, 99% used [0x00000000ee780000,0x00000000ee9fc030,0x00000000eea00000)
  to   space 2560K, 0% used [0x00000000ee500000,0x00000000ee500000,0x00000000ee780000)
 ParOldGen       total 40960K, used 9942K [0x00000000c5400000, 0x00000000c7c00000, 0x00000000ec700000)
  object space 40960K, 24% used [0x00000000c5400000,0x00000000c5db58a0,0x00000000c7c00000)
 Metaspace       used 16938K, capacity 17236K, committed 17664K, reserved 1064960K
  class space    used 2111K, capacity 2208K, committed 2304K, reserved 1048576K
}
Event: 2.436 GC heap before
{Heap before GC invocations=5 (full 0):
 PSYoungGen      total 33280K, used 32837K [0x00000000ec700000, 0x00000000eea00000, 0x0000000100000000)
  eden space 30720K, 98% used [0x00000000ec700000,0x00000000ee495430,0x00000000ee500000)
  from space 2560K, 99% used [0x00000000ee780000,0x00000000ee9fc030,0x00000000eea00000)
  to   space 2560K, 0% used [0x00000000ee500000,0x00000000ee500000,0x00000000ee780000)
 ParOldGen       total 40960K, used 9942K [0x00000000c5400000, 0x00000000c7c00000, 0x00000000ec700000)
  object space 40960K, 24% used [0x00000000c5400000,0x00000000c5db58a0,0x00000000c7c00000)
 Metaspace       used 20747K, capacity 21112K, committed 21296K, reserved 1067008K
  class space    used 2720K, capacity 2852K, committed 2864K, reserved 1048576K
Event: 2.455 GC heap after
Heap after GC invocations=5 (full 0):
 PSYoungGen      total 33280K, used 2536K [0x00000000ec700000, 0x00000000f1600000, 0x0000000100000000)
  eden space 30720K, 0% used [0x00000000ec700000,0x00000000ec700000,0x00000000ee500000)
  from space 2560K, 99% used [0x00000000ee500000,0x00000000ee77a178,0x00000000ee780000)
  to   space 9728K, 0% used [0x00000000f0c80000,0x00000000f0c80000,0x00000000f1600000)
 ParOldGen       total 40960K, used 16805K [0x00000000c5400000, 0x00000000c7c00000, 0x00000000ec700000)
  object space 40960K, 41% used [0x00000000c5400000,0x00000000c6469620,0x00000000c7c00000)
 Metaspace       used 20747K, capacity 21112K, committed 21296K, reserved 1067008K
  class space    used 2720K, capacity 2852K, committed 2864K, reserved 1048576K
}
Event: 2.455 GC heap before
{Heap before GC invocations=6 (full 1):
 PSYoungGen      total 33280K, used 2536K [0x00000000ec700000, 0x00000000f1600000, 0x0000000100000000)
  eden space 30720K, 0% used [0x00000000ec700000,0x00000000ec700000,0x00000000ee500000)
  from space 2560K, 99% used [0x00000000ee500000,0x00000000ee77a178,0x00000000ee780000)
  to   space 9728K, 0% used [0x00000000f0c80000,0x00000000f0c80000,0x00000000f1600000)
 ParOldGen       total 40960K, used 16805K [0x00000000c5400000, 0x00000000c7c00000, 0x00000000ec700000)
  object space 40960K, 41% used [0x00000000c5400000,0x00000000c6469620,0x00000000c7c00000)
 Metaspace       used 20747K, capacity 21112K, committed 21296K, reserved 1067008K
  class space    used 2720K, capacity 2852K, committed 2864K, reserved 1048576K
Event: 2.530 GC heap after
Heap after GC invocations=6 (full 1):
 PSYoungGen      total 33280K, used 0K [0x00000000ec700000, 0x00000000f1600000, 0x0000000100000000)
  eden space 30720K, 0% used [0x00000000ec700000,0x00000000ec700000,0x00000000ee500000)
  from space 2560K, 0% used [0x00000000ee500000,0x00000000ee500000,0x00000000ee780000)
  to   space 9728K, 0% used [0x00000000f0c80000,0x00000000f0c80000,0x00000000f1600000)
 ParOldGen       total 42496K, used 10598K [0x00000000c5400000, 0x00000000c7d80000, 0x00000000ec700000)
  object space 42496K, 24% used [0x00000000c5400000,0x00000000c5e59900,0x00000000c7d80000)
 Metaspace       used 20747K, capacity 21112K, committed 21296K, reserved 1067008K
  class space    used 2720K, capacity 2852K, committed 2864K, reserved 1048576K
}
Event: 3.372 GC heap before
{Heap before GC invocations=7 (full 1):
 PSYoungGen      total 33280K, used 30720K [0x00000000ec700000, 0x00000000f1600000, 0x0000000100000000)
  eden space 30720K, 100% used [0x00000000ec700000,0x00000000ee500000,0x00000000ee500000)
  from space 2560K, 0% used [0x00000000ee500000,0x00000000ee500000,0x00000000ee780000)
  to   space 9728K, 0% used [0x00000000f0c80000,0x00000000f0c80000,0x00000000f1600000)
 ParOldGen       total 42496K, used 10598K [0x00000000c5400000, 0x00000000c7d80000, 0x00000000ec700000)
  object space 42496K, 24% used [0x00000000c5400000,0x00000000c5e59900,0x00000000c7d80000)
 Metaspace       used 25699K, capacity 26014K, committed 26544K, reserved 1073152K
  class space    used 3323K, capacity 3435K, committed 3504K, reserved 1048576K
Event: 3.391 GC heap after
Heap after GC invocations=7 (full 1):
 PSYoungGen      total 52736K, used 8720K [0x00000000ec700000, 0x00000000f1580000, 0x0000000100000000)
  eden space 43520K, 0% used [0x00000000ec700000,0x00000000ec700000,0x00000000ef180000)
  from space 9216K, 94% used [0x00000000f0c80000,0x00000000f15043d0,0x00000000f1580000)
  to   space 10752K, 0% used [0x00000000f0080000,0x00000000f0080000,0x00000000f0b00000)
 ParOldGen       total 42496K, used 10606K [0x00000000c5400000, 0x00000000c7d80000, 0x00000000ec700000)
  object space 42496K, 24% used [0x00000000c5400000,0x00000000c5e5b900,0x00000000c7d80000)
 Metaspace       used 25699K, capacity 26014K, committed 26544K, reserved 1073152K
  class space    used 3323K, capacity 3435K, committed 3504K, reserved 1048576K
}

Deoptimization events (10 events):
Event: 2.192 Thread 0x0000000004e24000 Uncommon trap: reason=unstable_if action=reinterpret pc=0x000000000534f684 method=org.jetbrains.kotlin.com.intellij.openapi.vfs.impl.ZipEntryMap.isTheOne(Lorg/jetbrains/kotlin/com/intellij/openapi/vfs/impl/ArchiveHandler$EntryInfo;Ljava/lang/CharSequence;
Event: 2.229 Thread 0x0000000004e24000 Uncommon trap: reason=unstable_if action=reinterpret pc=0x000000000535ce0c method=org.jetbrains.kotlin.com.intellij.openapi.vfs.impl.ZipEntryMap.isTheOne(Lorg/jetbrains/kotlin/com/intellij/openapi/vfs/impl/ArchiveHandler$EntryInfo;Ljava/lang/CharSequence;
Event: 2.534 Thread 0x00000000172c7800 Uncommon trap: reason=unstable_if action=reinterpret pc=0x00000000052a7780 method=java.util.WeakHashMap.expungeStaleEntries()V @ 9
Event: 2.788 Thread 0x0000000004e24000 Uncommon trap: reason=class_check action=maybe_recompile pc=0x00000000053aa9cc method=org.jetbrains.kotlin.protobuf.CodedInputStream.tryRefillBuffer(I)Z @ 177
Event: 2.791 Thread 0x0000000004e24000 Uncommon trap: reason=class_check action=maybe_recompile pc=0x00000000053aa9cc method=org.jetbrains.kotlin.protobuf.CodedInputStream.tryRefillBuffer(I)Z @ 177
Event: 2.794 Thread 0x0000000004e24000 Uncommon trap: reason=unstable_if action=reinterpret pc=0x00000000050ed130 method=java.lang.String.startsWith(Ljava/lang/String;I)Z @ 25
Event: 2.794 Thread 0x0000000004e24000 Uncommon trap: reason=unstable_if action=reinterpret pc=0x000000000507e878 method=java.lang.String.startsWith(Ljava/lang/String;I)Z @ 25
Event: 2.795 Thread 0x0000000004e24000 Uncommon trap: reason=class_check action=maybe_recompile pc=0x00000000053aa9cc method=org.jetbrains.kotlin.protobuf.CodedInputStream.tryRefillBuffer(I)Z @ 177
Event: 2.795 Thread 0x0000000004e24000 Uncommon trap: reason=class_check action=maybe_recompile pc=0x00000000053aa9cc method=org.jetbrains.kotlin.protobuf.CodedInputStream.tryRefillBuffer(I)Z @ 177
Event: 2.946 Thread 0x0000000004e24000 Uncommon trap: reason=unstable_if action=reinterpret pc=0x0000000005361058 method=org.jetbrains.kotlin.com.intellij.util.SmartList.get(I)Ljava/lang/Object; @ 56

Classes redefined (0 events):
No events

Internal exceptions (10 events):
Event: 0.458 Thread 0x0000000004e24000 Exception <a 'java/security/PrivilegedActionException'> (0x00000000ed098608) thrown at [D:\src\AOSP-openjdk-cygwin\jdk8u\hotspot\src\share\vm\prims\jvm.cpp, line 1390]
Event: 0.458 Thread 0x0000000004e24000 Exception <a 'java/security/PrivilegedActionException'> (0x00000000ed099f10) thrown at [D:\src\AOSP-openjdk-cygwin\jdk8u\hotspot\src\share\vm\prims\jvm.cpp, line 1390]
Event: 0.458 Thread 0x0000000004e24000 Exception <a 'java/security/PrivilegedActionException'> (0x00000000ed09a308) thrown at [D:\src\AOSP-openjdk-cygwin\jdk8u\hotspot\src\share\vm\prims\jvm.cpp, line 1390]
Event: 0.846 Thread 0x0000000004e24000 Exception <a 'java/lang/ArrayIndexOutOfBoundsException'> (0x00000000ed1947e8) thrown at [D:\src\AOSP-openjdk-cygwin\jdk8u\hotspot\src\share\vm\runtime\sharedRuntime.cpp, line 605]
Event: 1.205 Thread 0x0000000004e24000 Exception <a 'java/lang/NoSuchFieldError': method resolution failed> (0x00000000ecf97b78) thrown at [D:\src\AOSP-openjdk-cygwin\jdk8u\hotspot\src\share\vm\prims\methodHandles.cpp, line 1167]
Event: 1.208 Thread 0x0000000004e24000 Exception <a 'java/lang/NoSuchFieldError': method resolution failed> (0x00000000ecfa5080) thrown at [D:\src\AOSP-openjdk-cygwin\jdk8u\hotspot\src\share\vm\prims\methodHandles.cpp, line 1167]
Event: 1.537 Thread 0x0000000004e24000 Exception <a 'java/lang/NoSuchMethodError': java.lang.Object.lambda$comparing$77a9974f$1(Ljava/util/function/Function;Ljava/lang/Object;Ljava/lang/Object;)I> (0x00000000ecceda80) thrown at [D:\src\AOSP-openjdk-cygwin\jdk8u\hotspot\src\share\vm\interpreter
Event: 1.664 Thread 0x0000000004e24000 Exception <a 'java/lang/ArrayIndexOutOfBoundsException': 60> (0x00000000ed277e40) thrown at [D:\src\AOSP-openjdk-cygwin\jdk8u\hotspot\src\share\vm\interpreter\interpreterRuntime.cpp, line 366]
Event: 1.849 Thread 0x0000000004e24000 Exception <a 'java/lang/NoSuchMethodError': java.lang.Object.lambda$static$0(I)[Lorg/jetbrains/kotlin/com/intellij/openapi/editor/event/DocumentListener;> (0x00000000ecb10df8) thrown at [D:\src\AOSP-openjdk-cygwin\jdk8u\hotspot\src\share\vm\interpreter\li
Event: 1.895 Thread 0x0000000004e24000 Exception <a 'java/lang/NoSuchMethodError': java.lang.Object.lambda$static$0(I)[Lorg/jetbrains/kotlin/com/intellij/psi/PsiAnnotation;> (0x00000000ecce0ec0) thrown at [D:\src\AOSP-openjdk-cygwin\jdk8u\hotspot\src\share\vm\interpreter\linkResolver.cpp, line

Events (10 events):
Event: 3.483 loading class org/jetbrains/kotlin/resolve/calls/model/DataFlowInfoForArgumentsImpl
Event: 3.483 loading class org/jetbrains/kotlin/resolve/calls/model/DataFlowInfoForArgumentsImpl done
Event: 3.486 loading class org/jetbrains/kotlin/types/expressions/BasicExpressionTypingVisitor$1StringTemplateVisitor
Event: 3.486 loading class org/jetbrains/kotlin/types/expressions/BasicExpressionTypingVisitor$1StringTemplateVisitor done
Event: 3.488 loading class org/jetbrains/kotlin/types/expressions/ControlStructureTypingVisitor
Event: 3.488 loading class org/jetbrains/kotlin/types/expressions/ControlStructureTypingVisitor done
Event: 3.491 loading class org/jetbrains/kotlin/types/expressions/ControlStructureTypingVisitor$1
Event: 3.491 loading class org/jetbrains/kotlin/types/expressions/ControlStructureTypingVisitor$1 done
Event: 3.492 loading class org/jetbrains/kotlin/psi/KtTreeVisitor
Event: 3.492 loading class org/jetbrains/kotlin/psi/KtTreeVisitor done


Dynamic libraries:
0x00007ff6c71b0000 - 0x00007ff6c71e1000 	C:\Program Files\Android\Android Studio\jre\jre\bin\java.exe
0x00007ff994340000 - 0x00007ff994520000 	C:\WINDOWS\SYSTEM32\ntdll.dll
0x00007ff991e50000 - 0x00007ff991efe000 	C:\WINDOWS\System32\KERNEL32.DLL
0x00007ff9911a0000 - 0x00007ff991406000 	C:\WINDOWS\System32\KERNELBASE.dll
0x00007ff9920d0000 - 0x00007ff992171000 	C:\WINDOWS\System32\ADVAPI32.dll
0x00007ff994080000 - 0x00007ff99411d000 	C:\WINDOWS\System32\msvcrt.dll
0x00007ff9941a0000 - 0x00007ff9941fb000 	C:\WINDOWS\System32\sechost.dll
0x00007ff993760000 - 0x00007ff99387f000 	C:\WINDOWS\System32\RPCRT4.dll
0x00007ff9919a0000 - 0x00007ff991b2f000 	C:\WINDOWS\System32\USER32.dll
0x00007ff990fe0000 - 0x00007ff991000000 	C:\WINDOWS\System32\win32u.dll
0x00007ff994200000 - 0x00007ff994228000 	C:\WINDOWS\System32\GDI32.dll
0x00007ff991000000 - 0x00007ff991193000 	C:\WINDOWS\System32\gdi32full.dll
0x00007ff990f40000 - 0x00007ff990fdb000 	C:\WINDOWS\System32\msvcp_win.dll
0x00007ff991540000 - 0x00007ff991636000 	C:\WINDOWS\System32\ucrtbase.dll
0x00007ff9838e0000 - 0x00007ff983b49000 	C:\WINDOWS\WinSxS\amd64_microsoft.windows.common-controls_6595b64144ccf1df_6.0.16299.192_none_15c8cdae9364c23b\COMCTL32.dll
0x00007ff993cd0000 - 0x00007ff993fd8000 	C:\WINDOWS\System32\combase.dll
0x00007ff9914c0000 - 0x00007ff991532000 	C:\WINDOWS\System32\bcryptPrimitives.dll
0x00007ff991f00000 - 0x00007ff991f2d000 	C:\WINDOWS\System32\IMM32.DLL
0x0000000053c00000 - 0x0000000053cd2000 	C:\Program Files\Android\Android Studio\jre\jre\bin\msvcr100.dll
0x0000000053ce0000 - 0x000000005451e000 	C:\Program Files\Android\Android Studio\jre\jre\bin\server\jvm.dll
0x00007ff9920b0000 - 0x00007ff9920b8000 	C:\WINDOWS\System32\PSAPI.DLL
0x00007ff98e650000 - 0x00007ff98e673000 	C:\WINDOWS\SYSTEM32\WINMM.dll
0x00007ff984c90000 - 0x00007ff984c9a000 	C:\WINDOWS\SYSTEM32\VERSION.dll
0x00007ff983780000 - 0x00007ff983789000 	C:\WINDOWS\SYSTEM32\WSOCK32.dll
0x00007ff992040000 - 0x00007ff9920ac000 	C:\WINDOWS\System32\WS2_32.dll
0x00007ff98e620000 - 0x00007ff98e64a000 	C:\WINDOWS\SYSTEM32\WINMMBASE.dll
0x00007ff991470000 - 0x00007ff9914ba000 	C:\WINDOWS\System32\cfgmgr32.dll
0x00007ff983730000 - 0x00007ff98373f000 	C:\Program Files\Android\Android Studio\jre\jre\bin\verify.dll
0x00007ff97e070000 - 0x00007ff97e099000 	C:\Program Files\Android\Android Studio\jre\jre\bin\java.dll
0x00007ff97df20000 - 0x00007ff97df36000 	C:\Program Files\Android\Android Studio\jre\jre\bin\zip.dll
0x00007ff992320000 - 0x00007ff993756000 	C:\WINDOWS\System32\SHELL32.dll
0x00007ff9918f0000 - 0x00007ff991996000 	C:\WINDOWS\System32\shcore.dll
0x00007ff990740000 - 0x00007ff990e87000 	C:\WINDOWS\System32\windows.storage.dll
0x00007ff991890000 - 0x00007ff9918e1000 	C:\WINDOWS\System32\shlwapi.dll
0x00007ff990690000 - 0x00007ff9906a1000 	C:\WINDOWS\System32\kernel.appcore.dll
0x00007ff9906f0000 - 0x00007ff99073c000 	C:\WINDOWS\System32\powrprof.dll
0x00007ff9906d0000 - 0x00007ff9906eb000 	C:\WINDOWS\System32\profapi.dll
0x00007ff97df00000 - 0x00007ff97df1a000 	C:\Program Files\Android\Android Studio\jre\jre\bin\net.dll
0x00007ff98fec0000 - 0x00007ff98ff26000 	C:\WINDOWS\system32\mswsock.dll
0x00007ff97de30000 - 0x00007ff97de41000 	C:\Program Files\Android\Android Studio\jre\jre\bin\nio.dll

VM Arguments:
java_command: org.jetbrains.kotlin.cli.jvm.K2JVMCompiler -Xadd-compiler-builtins -Xbuild-file=C:\Users\Kent\AppData\Local\Temp\kjps4400280611732809242app_debug.script.xml -classpath C:\Users\Kent\.gradle\caches\modules-2\files-2.1\org.jetbrains.kotlin\kotlin-stdlib-jre7\1.2.21\3beb08c67673033183c8652572680587876e64b5\kotlin-stdlib-jre7-1.2.21.jar;C:\Users\Kent\.gradle\caches\transforms-1\files-1.1\appcompat-v7-26.1.0.aar\ae80160f26bf509f96ec854a18fd92f2\jars\classes.jar;C:\Users\Kent\.gradle\caches\modules-2\files-2.1\org.jetbrains.anko\anko\0.10.4\6d2ec8750b434fb56c94bf7f9dc71decbb3231b5\anko-0.10.4.jar;C:\Users\Kent\.gradle\caches\modules-2\files-2.1\com.squareup.picasso\picasso\2.5.2\7446d06ec8d4f7ffcc53f1da37c95f200dcb9387\picasso-2.5.2.jar;C:\Users\Kent\.gradle\caches\transforms-1\files-1.1\constraint-layout-1.0.2.aar\e057037e2a989d2bc266822a56351e3c\jars\classes.jar;C:\Users\Kent\.gradle\caches\transforms-1\files-1.1\recyclerview-v7-26.1.0.aar\6461f20b321a80e50038e66a1bf65382\jars\classes.jar;C:\Users\Kent\.gradle\caches\modules-2\files-2.1\org.jetbrains.anko\anko-sqlite\0.10.4\410ab42cf2baa28e4b96b0b10309be04d7ea2740\anko-sqlite-0.10.4.jar;C:\Users\Kent\.gradle\caches\modules-2\files-2.1\org.jetbrains.anko\anko-sdk25\0.10.4\2990927f1ce037724b8cd17369ed5435c7a139a3\anko-sdk25-0.10.4.jar;C:\Users\Kent\.gradle\caches\modules-2\files-2.1\org.jetbrains.anko\anko-sdk25-coroutines\0.10.4\5fed3c3e5a9d6ff63b3cd18fc8c60ece6d3cd83d\anko-sdk25-coroutines-0.10.4.jar;C:\Users\Kent\.gradle\caches\modules-2\files-2.1\org.jetbrains.anko\anko-appcompat-v7\0.10.4\a667e7286a1563c55441faa8f31acc9a6f2e8903\anko-appcompat-v7-0.10.4.jar;C:\Users\Kent\.gradle\caches\modules-2\files-2.1\org.jetbrains.anko\anko-support-v4\0.10.4\6ed4b1d6d2343028b727e18e5747b4bec645828\anko-support-v4-0.10.4.jar;C:\Users\Kent\.gradle\caches\modules-2\files-2.1\org.jetbrains.anko\anko-appcompat-v7-coroutines\0.10.4\c184a00a6b06c1f9db488dade44ce5eec78c8638\anko-appcompat-v7-coroutines-0.10.4.jar;C:\User
java_class_path (initial): C:\Users\Kent\.gradle\caches\modules-2\files-2.1\org.jetbrains.kotlin\kotlin-compiler-embeddable\1.2.21\39456b64a42dc359e385697e2e93b5cba52e197f\kotlin-compiler-embeddable-1.2.21.jar;C:\Users\Kent\.gradle\caches\modules-2\files-2.1\org.jetbrains.kotlin\kotlin-stdlib\1.2.21\d64187eb2d9d1521be3421aa8c6774a8625cdde8\kotlin-stdlib-1.2.21.jar;C:\Users\Kent\.gradle\caches\modules-2\files-2.1\org.jetbrains.kotlin\kotlin-script-runtime\1.2.21\40c37b171146be48a989ab74b937b17a96d28d87\kotlin-script-runtime-1.2.21.jar;C:\Users\Kent\.gradle\caches\modules-2\files-2.1\org.jetbrains.kotlin\kotlin-reflect\1.2.21\3159ff5936aa570a90050d385cb717fbb6c1723a\kotlin-reflect-1.2.21.jar;C:\Program Files\Android\Android Studio\jre\lib\tools.jar
Launcher Type: SUN_STANDARD

Environment Variables:
PATH=C:\WINDOWS\system32;C:\WINDOWS;C:\WINDOWS\System32\Wbem;C:\WINDOWS\System32\WindowsPowerShell\v1.0\;C:\Program Files\Git\cmd;C:\Users\Kent\AppData\Local\Microsoft\WindowsApps;
USERNAME=Kent
OS=Windows_NT
PROCESSOR_IDENTIFIER=Intel64 Family 6 Model 37 Stepping 5, GenuineIntel



---------------  S Y S T E M  ---------------

OS: Windows 10.0 , 64 bit Build 16299 (10.0.16299.15)

CPU:total 4 (initial active 4) (2 cores per cpu, 2 threads per core) family 6 model 37 stepping 5, cmov, cx8, fxsr, mmx, sse, sse2, sse3, ssse3, sse4.1, sse4.2, popcnt, ht, tsc, tscinvbit

Memory: 4k page, physical 3848288k(471040k free), swap 5246048k(2168k free)

vm_info: OpenJDK 64-Bit Server VM (25.152-b01) for windows-amd64 JRE (1.8.0_152-release-915-b01), built by "builder" with MS VC++ 10.0 (VS2010)

time: Wed Mar 14 10:10:27 2018
elapsed time: 3 seconds (0d 0h 0m 3s)

