#
# There is insufficient memory for the Java Runtime Environment to continue.
# Native memory allocation (malloc) failed to allocate 310896 bytes for Chunk::new
# Possible reasons:
#   The system is out of physical RAM or swap space
#   In 32 bit mode, the process size limit was hit
# Possible solutions:
#   Reduce memory load on the system
#   Increase physical memory or swap space
#   Check if swap backing store is full
#   Use 64 bit Java on a 64 bit OS
#   Decrease Java heap size (-Xmx/-Xms)
#   Decrease number of Java threads
#   Decrease Java thread stack sizes (-Xss)
#   Set larger code cache with -XX:ReservedCodeCacheSize=
# This output file may be truncated or incomplete.
#
#  Out of Memory Error (allocation.cpp:390), pid=304, tid=0x0000000000001cf8
#
# JRE version: OpenJDK Runtime Environment (8.0_152-b01) (build 1.8.0_152-release-915-b01)
# Java VM: OpenJDK 64-Bit Server VM (25.152-b01 mixed mode windows-amd64 compressed oops)
# Failed to write core dump. Minidumps are not enabled by default on client versions of Windows
#

---------------  T H R E A D  ---------------

Current thread (0x0000000016eb8800):  JavaThread "C2 CompilerThread0" daemon [_thread_in_native, id=7416, stack(0x0000000018500000,0x0000000018600000)]

Stack: [0x0000000018500000,0x0000000018600000]
[error occurred during error reporting (printing stack bounds), id 0xc0000005]

Native frames: (J=compiled Java code, j=interpreted, Vv=VM code, C=native code)


Current CompileTask:
C2:   8971 4307       4       org.jetbrains.kotlin.com.intellij.lang.java.parser.ExpressionParser::parseExpression (241 bytes)


---------------  P R O C E S S  ---------------

Java Threads: ( => current thread )
  0x0000000016eb5000 JavaThread "Service Thread" daemon [_thread_blocked, id=4720, stack(0x0000000018c00000,0x0000000018d00000)]
  0x0000000016eac000 JavaThread "C1 CompilerThread2" daemon [_thread_blocked, id=7340, stack(0x0000000018700000,0x0000000018800000)]
  0x0000000016ebc000 JavaThread "C2 CompilerThread1" daemon [_thread_in_native, id=648, stack(0x0000000018600000,0x0000000018700000)]
=>0x0000000016eb8800 JavaThread "C2 CompilerThread0" daemon [_thread_in_native, id=7416, stack(0x0000000018500000,0x0000000018600000)]
  0x0000000016eb7800 JavaThread "Attach Listener" daemon [_thread_blocked, id=5620, stack(0x0000000018400000,0x0000000018500000)]
  0x0000000016eb6000 JavaThread "Signal Dispatcher" daemon [_thread_blocked, id=4320, stack(0x0000000018300000,0x0000000018400000)]
  0x0000000016e98800 JavaThread "Finalizer" daemon [_thread_blocked, id=7284, stack(0x0000000018110000,0x0000000018210000)]
  0x0000000004ac4000 JavaThread "Reference Handler" daemon [_thread_blocked, id=4600, stack(0x0000000018010000,0x0000000018110000)]
  0x00000000049d4000 JavaThread "main" [_thread_in_Java, id=2252, stack(0x0000000004880000,0x0000000004980000)]

Other Threads:
  0x0000000016e74800 VMThread [stack: 0x0000000017f10000,0x0000000018010000] [id=572]
  0x0000000018831000 WatcherThread [stack: 0x0000000018d00000,0x0000000018e00000] [id=76]

VM state:not at safepoint (normal execution)

VM Mutex/Monitor currently owned by a thread:  ([mutex/lock_event])
[0x000000000487e5a0] CodeCache_lock - owner thread: 0x0000000000000000
[0x00000000049d2f60] Compile_lock - owner thread: 0x0000000016eac000

Heap:
 PSYoungGen      total 72704K, used 31667K [0x00000000ec700000, 0x00000000f3a00000, 0x0000000100000000)
  eden space 53248K, 59% used [0x00000000ec700000,0x00000000ee5ece50,0x00000000efb00000)
  from space 19456K, 0% used [0x00000000efb00000,0x00000000efb00000,0x00000000f0e00000)
  to   space 20480K, 0% used [0x00000000f2600000,0x00000000f2600000,0x00000000f3a00000)
 ParOldGen       total 43008K, used 29389K [0x00000000c5400000, 0x00000000c7e00000, 0x00000000ec700000)
  object space 43008K, 68% used [0x00000000c5400000,0x00000000c70b37a0,0x00000000c7e00000)
 Metaspace       used 37741K, capacity 38306K, committed 38824K, reserved 1083392K
  class space    used 4840K, capacity 4991K, committed 5040K, reserved 1048576K

Card table byte_map: [0x0000000013e90000,0x0000000014070000] byte_map_base: 0x0000000013866000

Marking Bits: (ParMarkBitMap*) 0x00000000544a3950
 Begin Bits: [0x00000000145b0000, 0x0000000015460000)
 End Bits:   [0x0000000015460000, 0x0000000016310000)

Polling page: 0x0000000004980000

CodeCache: size=245760Kb used=14139Kb max_used=14150Kb free=231620Kb
 bounds [0x0000000004ad0000, 0x00000000058b0000, 0x0000000013ad0000]
 total_blobs=4847 nmethods=4416 adapters=344
 compilation: enabled

Compilation events (10 events):
Event: 8.828 Thread 0x0000000016ebc000 4368       4       org.jetbrains.kotlin.gnu.trove.TIntObjectHashMap::insertionIndex (257 bytes)
Event: 8.833 Thread 0x0000000016ebc000 nmethod 4368 0x0000000005890050 code [0x00000000058901e0, 0x0000000005890588]
Event: 8.834 Thread 0x0000000016ebc000 4381       4       org.jetbrains.kotlin.com.intellij.psi.impl.source.tree.SharedImplUtil::findFileElement (98 bytes)
Event: 8.837 Thread 0x0000000016ebc000 nmethod 4381 0x000000000588b610 code [0x000000000588b760, 0x000000000588b8d8]
Event: 8.837 Thread 0x0000000016ebc000 4388       4       org.jetbrains.kotlin.com.intellij.psi.impl.source.tree.TreeElement::rawRemoveUpToWithoutNotifications (247 bytes)
Event: 8.841 Thread 0x0000000016ebc000 nmethod 4388 0x000000000588cad0 code [0x000000000588cc60, 0x000000000588cf80]
Event: 8.841 Thread 0x0000000016ebc000 4387       4       org.jetbrains.kotlin.com.intellij.psi.impl.source.tree.CompositeElement::rawAddChildrenWithoutNotifications (147 bytes)
Event: 8.853 Thread 0x0000000016eac000 4394       2       sun.reflect.DelegatingConstructorAccessorImpl::setDelegate (6 bytes)
Event: 8.853 Thread 0x0000000016eac000 nmethod 4394 0x000000000588b250 code [0x000000000588b3a0, 0x000000000588b510]
Event: 8.856 Thread 0x0000000016eac000 4397   !   2       org.jetbrains.kotlin.com.intellij.psi.impl.source.tree.LazyParseableElement::<init> (129 bytes)

GC Heap History (10 events):
Event: 4.070 GC heap before
{Heap before GC invocations=7 (full 1):
 PSYoungGen      total 33280K, used 30720K [0x00000000ec700000, 0x00000000f1600000, 0x0000000100000000)
  eden space 30720K, 100% used [0x00000000ec700000,0x00000000ee500000,0x00000000ee500000)
  from space 2560K, 0% used [0x00000000ee500000,0x00000000ee500000,0x00000000ee780000)
  to   space 9728K, 0% used [0x00000000f0c80000,0x00000000f0c80000,0x00000000f1600000)
 ParOldGen       total 43008K, used 10608K [0x00000000c5400000, 0x00000000c7e00000, 0x00000000ec700000)
  object space 43008K, 24% used [0x00000000c5400000,0x00000000c5e5c148,0x00000000c7e00000)
 Metaspace       used 25699K, capacity 26010K, committed 26544K, reserved 1073152K
  class space    used 3323K, capacity 3435K, committed 3504K, reserved 1048576K
Event: 4.089 GC heap after
Heap after GC invocations=7 (full 1):
 PSYoungGen      total 51712K, used 8685K [0x00000000ec700000, 0x00000000f1500000, 0x0000000100000000)
  eden space 43008K, 0% used [0x00000000ec700000,0x00000000ec700000,0x00000000ef100000)
  from space 8704K, 99% used [0x00000000f0c80000,0x00000000f14fb6a0,0x00000000f1500000)
  to   space 10752K, 0% used [0x00000000f0000000,0x00000000f0000000,0x00000000f0a80000)
 ParOldGen       total 43008K, used 10616K [0x00000000c5400000, 0x00000000c7e00000, 0x00000000ec700000)
  object space 43008K, 24% used [0x00000000c5400000,0x00000000c5e5e148,0x00000000c7e00000)
 Metaspace       used 25699K, capacity 26010K, committed 26544K, reserved 1073152K
  class space    used 3323K, capacity 3435K, committed 3504K, reserved 1048576K
}
Event: 5.798 GC heap before
{Heap before GC invocations=8 (full 1):
 PSYoungGen      total 51712K, used 51693K [0x00000000ec700000, 0x00000000f1500000, 0x0000000100000000)
  eden space 43008K, 100% used [0x00000000ec700000,0x00000000ef100000,0x00000000ef100000)
  from space 8704K, 99% used [0x00000000f0c80000,0x00000000f14fb6a0,0x00000000f1500000)
  to   space 10752K, 0% used [0x00000000f0000000,0x00000000f0000000,0x00000000f0a80000)
 ParOldGen       total 43008K, used 10616K [0x00000000c5400000, 0x00000000c7e00000, 0x00000000ec700000)
  object space 43008K, 24% used [0x00000000c5400000,0x00000000c5e5e148,0x00000000c7e00000)
 Metaspace       used 31794K, capacity 32248K, committed 32688K, reserved 1077248K
  class space    used 4104K, capacity 4238K, committed 4272K, reserved 1048576K
Event: 5.816 GC heap after
Heap after GC invocations=8 (full 1):
 PSYoungGen      total 69120K, used 10746K [0x00000000ec700000, 0x00000000f1b80000, 0x0000000100000000)
  eden space 58368K, 0% used [0x00000000ec700000,0x00000000ec700000,0x00000000f0000000)
  from space 10752K, 99% used [0x00000000f0000000,0x00000000f0a7eab0,0x00000000f0a80000)
  to   space 13824K, 0% used [0x00000000f0e00000,0x00000000f0e00000,0x00000000f1b80000)
 ParOldGen       total 43008K, used 13600K [0x00000000c5400000, 0x00000000c7e00000, 0x00000000ec700000)
  object space 43008K, 31% used [0x00000000c5400000,0x00000000c6148168,0x00000000c7e00000)
 Metaspace       used 31794K, capacity 32248K, committed 32688K, reserved 1077248K
  class space    used 4104K, capacity 4238K, committed 4272K, reserved 1048576K
}
Event: 7.515 GC heap before
{Heap before GC invocations=9 (full 1):
 PSYoungGen      total 69120K, used 69114K [0x00000000ec700000, 0x00000000f1b80000, 0x0000000100000000)
  eden space 58368K, 100% used [0x00000000ec700000,0x00000000f0000000,0x00000000f0000000)
  from space 10752K, 99% used [0x00000000f0000000,0x00000000f0a7eab0,0x00000000f0a80000)
  to   space 13824K, 0% used [0x00000000f0e00000,0x00000000f0e00000,0x00000000f1b80000)
 ParOldGen       total 43008K, used 13600K [0x00000000c5400000, 0x00000000c7e00000, 0x00000000ec700000)
  object space 43008K, 31% used [0x00000000c5400000,0x00000000c6148168,0x00000000c7e00000)
 Metaspace       used 34541K, capacity 35052K, committed 35496K, reserved 1081344K
  class space    used 4342K, capacity 4480K, committed 4528K, reserved 1048576K
Event: 7.552 GC heap after
Heap after GC invocations=9 (full 1):
 PSYoungGen      total 67072K, used 13801K [0x00000000ec700000, 0x00000000f3b80000, 0x0000000100000000)
  eden space 53248K, 0% used [0x00000000ec700000,0x00000000ec700000,0x00000000efb00000)
  from space 13824K, 99% used [0x00000000f0e00000,0x00000000f1b7a5c0,0x00000000f1b80000)
  to   space 19456K, 0% used [0x00000000efb00000,0x00000000efb00000,0x00000000f0e00000)
 ParOldGen       total 43008K, used 21717K [0x00000000c5400000, 0x00000000c7e00000, 0x00000000ec700000)
  object space 43008K, 50% used [0x00000000c5400000,0x00000000c6935638,0x00000000c7e00000)
 Metaspace       used 34541K, capacity 35052K, committed 35496K, reserved 1081344K
  class space    used 4342K, capacity 4480K, committed 4528K, reserved 1048576K
}
Event: 7.610 GC heap before
{Heap before GC invocations=10 (full 1):
 PSYoungGen      total 67072K, used 17007K [0x00000000ec700000, 0x00000000f3b80000, 0x0000000100000000)
  eden space 53248K, 6% used [0x00000000ec700000,0x00000000eca218f8,0x00000000efb00000)
  from space 13824K, 99% used [0x00000000f0e00000,0x00000000f1b7a5c0,0x00000000f1b80000)
  to   space 19456K, 0% used [0x00000000efb00000,0x00000000efb00000,0x00000000f0e00000)
 ParOldGen       total 43008K, used 21717K [0x00000000c5400000, 0x00000000c7e00000, 0x00000000ec700000)
  object space 43008K, 50% used [0x00000000c5400000,0x00000000c6935638,0x00000000c7e00000)
 Metaspace       used 34554K, capacity 35052K, committed 35496K, reserved 1081344K
  class space    used 4342K, capacity 4480K, committed 4528K, reserved 1048576K
Event: 7.629 GC heap after
Heap after GC invocations=10 (full 1):
 PSYoungGen      total 72704K, used 14394K [0x00000000ec700000, 0x00000000f3a00000, 0x0000000100000000)
  eden space 53248K, 0% used [0x00000000ec700000,0x00000000ec700000,0x00000000efb00000)
  from space 19456K, 73% used [0x00000000efb00000,0x00000000f090e9c8,0x00000000f0e00000)
  to   space 20480K, 0% used [0x00000000f2600000,0x00000000f2600000,0x00000000f3a00000)
 ParOldGen       total 43008K, used 21725K [0x00000000c5400000, 0x00000000c7e00000, 0x00000000ec700000)
  object space 43008K, 50% used [0x00000000c5400000,0x00000000c6937638,0x00000000c7e00000)
 Metaspace       used 34554K, capacity 35052K, committed 35496K, reserved 1081344K
  class space    used 4342K, capacity 4480K, committed 4528K, reserved 1048576K
}
Event: 7.629 GC heap before
{Heap before GC invocations=11 (full 2):
 PSYoungGen      total 72704K, used 14394K [0x00000000ec700000, 0x00000000f3a00000, 0x0000000100000000)
  eden space 53248K, 0% used [0x00000000ec700000,0x00000000ec700000,0x00000000efb00000)
  from space 19456K, 73% used [0x00000000efb00000,0x00000000f090e9c8,0x00000000f0e00000)
  to   space 20480K, 0% used [0x00000000f2600000,0x00000000f2600000,0x00000000f3a00000)
 ParOldGen       total 43008K, used 21725K [0x00000000c5400000, 0x00000000c7e00000, 0x00000000ec700000)
  object space 43008K, 50% used [0x00000000c5400000,0x00000000c6937638,0x00000000c7e00000)
 Metaspace       used 34554K, capacity 35052K, committed 35496K, reserved 1081344K
  class space    used 4342K, capacity 4480K, committed 4528K, reserved 1048576K
Event: 7.845 GC heap after
Heap after GC invocations=11 (full 2):
 PSYoungGen      total 72704K, used 0K [0x00000000ec700000, 0x00000000f3a00000, 0x0000000100000000)
  eden space 53248K, 0% used [0x00000000ec700000,0x00000000ec700000,0x00000000efb00000)
  from space 19456K, 0% used [0x00000000efb00000,0x00000000efb00000,0x00000000f0e00000)
  to   space 20480K, 0% used [0x00000000f2600000,0x00000000f2600000,0x00000000f3a00000)
 ParOldGen       total 43008K, used 29389K [0x00000000c5400000, 0x00000000c7e00000, 0x00000000ec700000)
  object space 43008K, 68% used [0x00000000c5400000,0x00000000c70b37a0,0x00000000c7e00000)
 Metaspace       used 34554K, capacity 35052K, committed 35496K, reserved 1081344K
  class space    used 4342K, capacity 4480K, committed 4528K, reserved 1048576K
}

Deoptimization events (10 events):
Event: 6.889 Thread 0x00000000049d4000 Uncommon trap: reason=class_check action=maybe_recompile pc=0x000000000541da84 method=org.jetbrains.kotlin.storage.LockBasedStorageManager$LockBasedLazyValue.invoke()Ljava/lang/Object; @ 24
Event: 6.889 Thread 0x00000000049d4000 Uncommon trap: reason=class_check action=maybe_recompile pc=0x000000000541da84 method=org.jetbrains.kotlin.storage.LockBasedStorageManager$LockBasedLazyValue.invoke()Ljava/lang/Object; @ 24
Event: 6.889 Thread 0x00000000049d4000 Uncommon trap: reason=class_check action=maybe_recompile pc=0x000000000541da84 method=org.jetbrains.kotlin.storage.LockBasedStorageManager$LockBasedLazyValue.invoke()Ljava/lang/Object; @ 24
Event: 6.889 Thread 0x00000000049d4000 Uncommon trap: reason=class_check action=maybe_recompile pc=0x000000000540e3c4 method=org.jetbrains.kotlin.storage.LockBasedStorageManager$LockBasedLazyValue.invoke()Ljava/lang/Object; @ 24
Event: 6.966 Thread 0x00000000049d4000 Uncommon trap: reason=unstable_if action=reinterpret pc=0x00000000053fb300 method=org.jetbrains.org.objectweb.asm.Type.getType([CI)Lorg/jetbrains/org/objectweb/asm/Type; @ 165
Event: 7.407 Thread 0x00000000049d4000 Uncommon trap: reason=unstable_if action=reinterpret pc=0x00000000052fd890 method=java.util.regex.Pattern$Start.match(Ljava/util/regex/Matcher;ILjava/lang/CharSequence;)Z @ 10
Event: 8.305 Thread 0x00000000049d4000 Uncommon trap: reason=unstable_if action=reinterpret pc=0x00000000051840c8 method=org.jetbrains.kotlin.com.intellij.psi.tree.TokenSet.contains(Lorg/jetbrains/kotlin/com/intellij/psi/tree/IElementType;)Z @ 1
Event: 8.367 Thread 0x00000000049d4000 Uncommon trap: reason=unstable_if action=reinterpret pc=0x00000000056ef06c method=org.jetbrains.kotlin.resolve.DescriptorUtils.getFqNameSafeIfPossible(Lorg/jetbrains/kotlin/descriptors/DeclarationDescriptor;)Lorg/jetbrains/kotlin/name/FqName; @ 4
Event: 8.367 Thread 0x00000000049d4000 Uncommon trap: reason=unstable_if action=reinterpret pc=0x0000000005686f9c method=org.jetbrains.kotlin.name.FqNameUnsafe.child(Lorg/jetbrains/kotlin/name/Name;)Lorg/jetbrains/kotlin/name/FqNameUnsafe; @ 4
Event: 8.697 Thread 0x00000000049d4000 Uncommon trap: reason=unstable_if action=reinterpret pc=0x0000000005819470 method=org.jetbrains.kotlin.com.intellij.lang.impl.PsiBuilderImpl.skipWhitespace()V @ 8

Classes redefined (0 events):
No events

Internal exceptions (10 events):
Event: 2.027 Thread 0x00000000049d4000 Exception <a 'java/lang/NoSuchMethodError': java.lang.Object.lambda$comparing$77a9974f$1(Ljava/util/function/Function;Ljava/lang/Object;Ljava/lang/Object;)I> (0x00000000eccea758) thrown at [D:\src\AOSP-openjdk-cygwin\jdk8u\hotspot\src\share\vm\interpreter
Event: 2.232 Thread 0x00000000049d4000 Exception <a 'java/lang/ArrayIndexOutOfBoundsException': 60> (0x00000000ed276690) thrown at [D:\src\AOSP-openjdk-cygwin\jdk8u\hotspot\src\share\vm\interpreter\interpreterRuntime.cpp, line 366]
Event: 2.439 Thread 0x00000000049d4000 Exception <a 'java/lang/NoSuchMethodError': java.lang.Object.lambda$static$0(I)[Lorg/jetbrains/kotlin/com/intellij/openapi/editor/event/DocumentListener;> (0x00000000ecb104c8) thrown at [D:\src\AOSP-openjdk-cygwin\jdk8u\hotspot\src\share\vm\interpreter\li
Event: 2.491 Thread 0x00000000049d4000 Exception <a 'java/lang/NoSuchMethodError': java.lang.Object.lambda$static$0(I)[Lorg/jetbrains/kotlin/com/intellij/psi/PsiAnnotation;> (0x00000000eccdff00) thrown at [D:\src\AOSP-openjdk-cygwin\jdk8u\hotspot\src\share\vm\interpreter\linkResolver.cpp, line
Event: 4.750 Thread 0x00000000049d4000 Exception <a 'java/lang/NoSuchMethodError': java.lang.Object.lambda$static$0(I)[Lorg/jetbrains/kotlin/psi/KtExpression;> (0x00000000ed24a458) thrown at [D:\src\AOSP-openjdk-cygwin\jdk8u\hotspot\src\share\vm\interpreter\linkResolver.cpp, line 584]
Event: 4.872 Thread 0x00000000049d4000 Exception <a 'java/lang/NoSuchMethodError': java.lang.Object.lambda$static$0(I)[Lorg/jetbrains/kotlin/psi/KtDeclaration;> (0x00000000ed51c030) thrown at [D:\src\AOSP-openjdk-cygwin\jdk8u\hotspot\src\share\vm\interpreter\linkResolver.cpp, line 584]
Event: 4.891 Thread 0x00000000049d4000 Exception <a 'java/lang/NoSuchMethodError': java.lang.Object.lambda$static$0(I)[Lorg/jetbrains/kotlin/com/intellij/psi/PsiElement;> (0x00000000ed5bdfc8) thrown at [D:\src\AOSP-openjdk-cygwin\jdk8u\hotspot\src\share\vm\interpreter\linkResolver.cpp, line 58
Event: 4.913 Thread 0x00000000049d4000 Exception <a 'java/lang/NoSuchMethodError': java.lang.Object.lambda$static$0(I)[Lorg/jetbrains/kotlin/psi/KtTypeElement;> (0x00000000ed68d4c0) thrown at [D:\src\AOSP-openjdk-cygwin\jdk8u\hotspot\src\share\vm\interpreter\linkResolver.cpp, line 584]
Event: 5.429 Thread 0x00000000049d4000 Exception <a 'java/lang/NoSuchMethodError': java.lang.Object.lambda$static$0(I)[Lorg/jetbrains/kotlin/com/intellij/psi/PsiClass;> (0x00000000ee5ad6f0) thrown at [D:\src\AOSP-openjdk-cygwin\jdk8u\hotspot\src\share\vm\interpreter\linkResolver.cpp, line 584]
Event: 8.305 Thread 0x00000000049d4000 Implicit null exception at 0x000000000518400c to 0x00000000051840b5

Events (10 events):
Event: 8.754 loading class org/jetbrains/kotlin/com/intellij/psi/PsiDocCommentBase
Event: 8.754 loading class org/jetbrains/kotlin/com/intellij/psi/PsiDocCommentBase done
Event: 8.758 loading class org/jetbrains/kotlin/com/intellij/psi/javadoc/PsiDocTag
Event: 8.758 loading class org/jetbrains/kotlin/com/intellij/psi/javadoc/PsiDocTag done
Event: 8.758 loading class org/jetbrains/kotlin/com/intellij/psi/javadoc/PsiDocTag
Event: 8.758 loading class org/jetbrains/kotlin/com/intellij/psi/javadoc/PsiDocTag done
Event: 8.758 loading class org/jetbrains/kotlin/com/intellij/util/ArrayFactory
Event: 8.758 loading class org/jetbrains/kotlin/com/intellij/util/ArrayFactory done
Event: 8.799 Thread 0x00000000049d4000 DEOPT PACKING pc=0x0000000005866f3e sp=0x000000000497a070
Event: 8.799 Thread 0x00000000049d4000 DEOPT UNPACKING pc=0x0000000004b171bf sp=0x0000000004979e40 mode 0


Dynamic libraries:
0x00007ff6c71b0000 - 0x00007ff6c71e1000 	C:\Program Files\Android\Android Studio\jre\jre\bin\java.exe
0x00007ff994340000 - 0x00007ff994520000 	C:\WINDOWS\SYSTEM32\ntdll.dll
0x00007ff991e50000 - 0x00007ff991efe000 	C:\WINDOWS\System32\KERNEL32.DLL
0x00007ff9911a0000 - 0x00007ff991406000 	C:\WINDOWS\System32\KERNELBASE.dll
0x00007ff9920d0000 - 0x00007ff992171000 	C:\WINDOWS\System32\ADVAPI32.dll
0x00007ff994080000 - 0x00007ff99411d000 	C:\WINDOWS\System32\msvcrt.dll
0x00007ff9941a0000 - 0x00007ff9941fb000 	C:\WINDOWS\System32\sechost.dll
0x00007ff993760000 - 0x00007ff99387f000 	C:\WINDOWS\System32\RPCRT4.dll
0x00007ff9919a0000 - 0x00007ff991b2f000 	C:\WINDOWS\System32\USER32.dll
0x00007ff990fe0000 - 0x00007ff991000000 	C:\WINDOWS\System32\win32u.dll
0x00007ff994200000 - 0x00007ff994228000 	C:\WINDOWS\System32\GDI32.dll
0x00007ff991000000 - 0x00007ff991193000 	C:\WINDOWS\System32\gdi32full.dll
0x00007ff990f40000 - 0x00007ff990fdb000 	C:\WINDOWS\System32\msvcp_win.dll
0x00007ff991540000 - 0x00007ff991636000 	C:\WINDOWS\System32\ucrtbase.dll
0x00007ff9838e0000 - 0x00007ff983b49000 	C:\WINDOWS\WinSxS\amd64_microsoft.windows.common-controls_6595b64144ccf1df_6.0.16299.192_none_15c8cdae9364c23b\COMCTL32.dll
0x00007ff993cd0000 - 0x00007ff993fd8000 	C:\WINDOWS\System32\combase.dll
0x00007ff9914c0000 - 0x00007ff991532000 	C:\WINDOWS\System32\bcryptPrimitives.dll
0x00007ff991f00000 - 0x00007ff991f2d000 	C:\WINDOWS\System32\IMM32.DLL
0x0000000053c00000 - 0x0000000053cd2000 	C:\Program Files\Android\Android Studio\jre\jre\bin\msvcr100.dll
0x0000000053ce0000 - 0x000000005451e000 	C:\Program Files\Android\Android Studio\jre\jre\bin\server\jvm.dll
0x00007ff9920b0000 - 0x00007ff9920b8000 	C:\WINDOWS\System32\PSAPI.DLL
0x00007ff984c90000 - 0x00007ff984c9a000 	C:\WINDOWS\SYSTEM32\VERSION.dll
0x00007ff98e650000 - 0x00007ff98e673000 	C:\WINDOWS\SYSTEM32\WINMM.dll
0x00007ff983780000 - 0x00007ff983789000 	C:\WINDOWS\SYSTEM32\WSOCK32.dll
0x00007ff992040000 - 0x00007ff9920ac000 	C:\WINDOWS\System32\WS2_32.dll
0x00007ff98e620000 - 0x00007ff98e64a000 	C:\WINDOWS\SYSTEM32\winmmbase.dll
0x00007ff991470000 - 0x00007ff9914ba000 	C:\WINDOWS\System32\cfgmgr32.dll
0x00007ff983730000 - 0x00007ff98373f000 	C:\Program Files\Android\Android Studio\jre\jre\bin\verify.dll
0x00007ff97e070000 - 0x00007ff97e099000 	C:\Program Files\Android\Android Studio\jre\jre\bin\java.dll
0x00007ff97df20000 - 0x00007ff97df36000 	C:\Program Files\Android\Android Studio\jre\jre\bin\zip.dll
0x00007ff992320000 - 0x00007ff993756000 	C:\WINDOWS\System32\SHELL32.dll
0x00007ff9918f0000 - 0x00007ff991996000 	C:\WINDOWS\System32\shcore.dll
0x00007ff990740000 - 0x00007ff990e87000 	C:\WINDOWS\System32\windows.storage.dll
0x00007ff991890000 - 0x00007ff9918e1000 	C:\WINDOWS\System32\shlwapi.dll
0x00007ff990690000 - 0x00007ff9906a1000 	C:\WINDOWS\System32\kernel.appcore.dll
0x00007ff9906f0000 - 0x00007ff99073c000 	C:\WINDOWS\System32\powrprof.dll
0x00007ff9906d0000 - 0x00007ff9906eb000 	C:\WINDOWS\System32\profapi.dll
0x00007ff97df00000 - 0x00007ff97df1a000 	C:\Program Files\Android\Android Studio\jre\jre\bin\net.dll
0x00007ff98fec0000 - 0x00007ff98ff26000 	C:\WINDOWS\system32\mswsock.dll
0x00007ff97de30000 - 0x00007ff97de41000 	C:\Program Files\Android\Android Studio\jre\jre\bin\nio.dll

VM Arguments:
java_command: org.jetbrains.kotlin.cli.jvm.K2JVMCompiler -Xadd-compiler-builtins -Xbuild-file=C:\Users\Kent\AppData\Local\Temp\kjps5558250352213924330app_debug.script.xml -classpath C:\Users\Kent\.gradle\caches\modules-2\files-2.1\org.jetbrains.kotlin\kotlin-stdlib-jre7\1.2.21\3beb08c67673033183c8652572680587876e64b5\kotlin-stdlib-jre7-1.2.21.jar;C:\Users\Kent\.gradle\caches\transforms-1\files-1.1\appcompat-v7-26.1.0.aar\ae80160f26bf509f96ec854a18fd92f2\jars\classes.jar;C:\Users\Kent\.gradle\caches\modules-2\files-2.1\org.jetbrains.anko\anko\0.10.4\6d2ec8750b434fb56c94bf7f9dc71decbb3231b5\anko-0.10.4.jar;C:\Users\Kent\.gradle\caches\modules-2\files-2.1\com.squareup.picasso\picasso\2.5.2\7446d06ec8d4f7ffcc53f1da37c95f200dcb9387\picasso-2.5.2.jar;C:\Users\Kent\.gradle\caches\transforms-1\files-1.1\constraint-layout-1.0.2.aar\e057037e2a989d2bc266822a56351e3c\jars\classes.jar;C:\Users\Kent\.gradle\caches\transforms-1\files-1.1\recyclerview-v7-26.1.0.aar\6461f20b321a80e50038e66a1bf65382\jars\classes.jar;C:\Users\Kent\.gradle\caches\modules-2\files-2.1\org.jetbrains.anko\anko-sqlite\0.10.4\410ab42cf2baa28e4b96b0b10309be04d7ea2740\anko-sqlite-0.10.4.jar;C:\Users\Kent\.gradle\caches\modules-2\files-2.1\org.jetbrains.anko\anko-sdk25\0.10.4\2990927f1ce037724b8cd17369ed5435c7a139a3\anko-sdk25-0.10.4.jar;C:\Users\Kent\.gradle\caches\modules-2\files-2.1\org.jetbrains.anko\anko-sdk25-coroutines\0.10.4\5fed3c3e5a9d6ff63b3cd18fc8c60ece6d3cd83d\anko-sdk25-coroutines-0.10.4.jar;C:\Users\Kent\.gradle\caches\modules-2\files-2.1\org.jetbrains.anko\anko-appcompat-v7\0.10.4\a667e7286a1563c55441faa8f31acc9a6f2e8903\anko-appcompat-v7-0.10.4.jar;C:\Users\Kent\.gradle\caches\modules-2\files-2.1\org.jetbrains.anko\anko-support-v4\0.10.4\6ed4b1d6d2343028b727e18e5747b4bec645828\anko-support-v4-0.10.4.jar;C:\Users\Kent\.gradle\caches\modules-2\files-2.1\org.jetbrains.anko\anko-appcompat-v7-coroutines\0.10.4\c184a00a6b06c1f9db488dade44ce5eec78c8638\anko-appcompat-v7-coroutines-0.10.4.jar;C:\User
java_class_path (initial): C:\Users\Kent\.gradle\caches\modules-2\files-2.1\org.jetbrains.kotlin\kotlin-compiler-embeddable\1.2.21\39456b64a42dc359e385697e2e93b5cba52e197f\kotlin-compiler-embeddable-1.2.21.jar;C:\Users\Kent\.gradle\caches\modules-2\files-2.1\org.jetbrains.kotlin\kotlin-stdlib\1.2.21\d64187eb2d9d1521be3421aa8c6774a8625cdde8\kotlin-stdlib-1.2.21.jar;C:\Users\Kent\.gradle\caches\modules-2\files-2.1\org.jetbrains.kotlin\kotlin-script-runtime\1.2.21\40c37b171146be48a989ab74b937b17a96d28d87\kotlin-script-runtime-1.2.21.jar;C:\Users\Kent\.gradle\caches\modules-2\files-2.1\org.jetbrains.kotlin\kotlin-reflect\1.2.21\3159ff5936aa570a90050d385cb717fbb6c1723a\kotlin-reflect-1.2.21.jar;C:\Program Files\Android\Android Studio\jre\lib\tools.jar
Launcher Type: SUN_STANDARD

Environment Variables:
PATH=C:\WINDOWS\system32;C:\WINDOWS;C:\WINDOWS\System32\Wbem;C:\WINDOWS\System32\WindowsPowerShell\v1.0\;C:\Program Files\Git\cmd;C:\Users\Kent\AppData\Local\Microsoft\WindowsApps;
USERNAME=Kent
OS=Windows_NT
PROCESSOR_IDENTIFIER=Intel64 Family 6 Model 37 Stepping 5, GenuineIntel



---------------  S Y S T E M  ---------------

OS: Windows 10.0 , 64 bit Build 16299 (10.0.16299.15)

CPU:total 4 (initial active 4) (2 cores per cpu, 2 threads per core) family 6 model 37 stepping 5, cmov, cx8, fxsr, mmx, sse, sse2, sse3, ssse3, sse4.1, sse4.2, popcnt, ht, tsc, tscinvbit

Memory: 4k page, physical 3848288k(896860k free), swap 5246048k(5628k free)

vm_info: OpenJDK 64-Bit Server VM (25.152-b01) for windows-amd64 JRE (1.8.0_152-release-915-b01), built by "builder" with MS VC++ 10.0 (VS2010)

time: Wed Mar 14 10:09:40 2018
elapsed time: 9 seconds (0d 0h 0m 9s)

