#
# There is insufficient memory for the Java Runtime Environment to continue.
# Native memory allocation (malloc) failed to allocate 344864 bytes for Chunk::new
# Possible reasons:
#   The system is out of physical RAM or swap space
#   In 32 bit mode, the process size limit was hit
# Possible solutions:
#   Reduce memory load on the system
#   Increase physical memory or swap space
#   Check if swap backing store is full
#   Use 64 bit Java on a 64 bit OS
#   Decrease Java heap size (-Xmx/-Xms)
#   Decrease number of Java threads
#   Decrease Java thread stack sizes (-Xss)
#   Set larger code cache with -XX:ReservedCodeCacheSize=
# This output file may be truncated or incomplete.
#
#  Out of Memory Error (allocation.cpp:390), pid=4032, tid=0x000000000000101c
#
# JRE version: OpenJDK Runtime Environment (8.0_152-b01) (build 1.8.0_152-release-915-b01)
# Java VM: OpenJDK 64-Bit Server VM (25.152-b01 mixed mode windows-amd64 compressed oops)
# Failed to write core dump. Minidumps are not enabled by default on client versions of Windows
#

---------------  T H R E A D  ---------------

Current thread (0x00000000182bb000):  JavaThread "C2 CompilerThread0" daemon [_thread_in_native, id=4124, stack(0x0000000019920000,0x0000000019a20000)]

Stack: [0x0000000019920000,0x0000000019a20000]
[error occurred during error reporting (printing stack bounds), id 0xc0000005]

Native frames: (J=compiled Java code, j=interpreted, Vv=VM code, C=native code)


Current CompileTask:
C2:   7695 2817       4       java.io.WinNTFileSystem::normalize (143 bytes)


---------------  P R O C E S S  ---------------

Java Threads: ( => current thread )
  0x000000001a4f5000 JavaThread "RMI RenewClean-[localhost:50428,org.jetbrains.kotlin.daemon.common.LoopbackNetworkInterface$ClientLoopbackSocketFactory@7df8810b]" daemon [_thread_blocked, id=7948, stack(0x000000001b8a0000,0x000000001b9a0000)]
  0x000000001a478800 JavaThread "RMI TCP Connection(2)-127.0.0.1" daemon [_thread_in_vm, id=7720, stack(0x000000001b7a0000,0x000000001b8a0000)]
  0x000000001a45b000 JavaThread "RMI Scheduler(0)" daemon [_thread_blocked, id=1524, stack(0x000000001b6a0000,0x000000001b7a0000)]
  0x000000001a45c800 JavaThread "RMI TCP Connection(1)-127.0.0.1" daemon [_thread_in_native, id=3256, stack(0x000000001b5a0000,0x000000001b6a0000)]
  0x000000000484e000 JavaThread "DestroyJavaVM" [_thread_blocked, id=104, stack(0x00000000046f0000,0x00000000047f0000)]
  0x000000001a3d6800 JavaThread "GC Daemon" daemon [_thread_blocked, id=4092, stack(0x000000001b160000,0x000000001b260000)]
  0x000000001a443800 JavaThread "RMI Reaper" [_thread_blocked, id=3528, stack(0x000000001b060000,0x000000001b160000)]
  0x000000001a271800 JavaThread "Timer-0" daemon [_thread_blocked, id=752, stack(0x000000001ae60000,0x000000001af60000)]
  0x000000001a35d800 JavaThread "RMI TCP Accept-17884" daemon [_thread_in_native, id=7096, stack(0x000000001ad60000,0x000000001ae60000)]
  0x0000000019c46000 JavaThread "Service Thread" daemon [_thread_blocked, id=4404, stack(0x000000001a020000,0x000000001a120000)]
  0x00000000182e7000 JavaThread "C1 CompilerThread2" daemon [_thread_in_vm, id=1780, stack(0x0000000019b20000,0x0000000019c20000)]
  0x00000000182be800 JavaThread "C2 CompilerThread1" daemon [_thread_in_native, id=2056, stack(0x0000000019a20000,0x0000000019b20000)]
=>0x00000000182bb000 JavaThread "C2 CompilerThread0" daemon [_thread_in_native, id=4124, stack(0x0000000019920000,0x0000000019a20000)]
  0x00000000182b9800 JavaThread "Attach Listener" daemon [_thread_blocked, id=7728, stack(0x0000000019820000,0x0000000019920000)]
  0x00000000182b8800 JavaThread "Signal Dispatcher" daemon [_thread_blocked, id=1936, stack(0x0000000019720000,0x0000000019820000)]
  0x000000000494b800 JavaThread "Finalizer" daemon [_thread_blocked, id=6388, stack(0x0000000019530000,0x0000000019630000)]
  0x0000000004942000 JavaThread "Reference Handler" daemon [_thread_blocked, id=2548, stack(0x0000000019430000,0x0000000019530000)]

Other Threads:
  0x0000000018284000 VMThread [stack: 0x0000000019330000,0x0000000019430000] [id=6772]
  0x0000000019c47000 WatcherThread [stack: 0x000000001a120000,0x000000001a220000] [id=6480]

VM state:not at safepoint (normal execution)

VM Mutex/Monitor currently owned by a thread:  ([mutex/lock_event])
[0x000000000484c860] CodeCache_lock - owner thread: 0x0000000000000000

Heap:
 PSYoungGen      total 44544K, used 16391K [0x00000000e0000000, 0x00000000e4100000, 0x0000000100000000)
  eden space 41984K, 39% used [0x00000000e0000000,0x00000000e1001ff8,0x00000000e2900000)
  from space 2560K, 0% used [0x00000000e3e80000,0x00000000e3e80000,0x00000000e4100000)
  to   space 8192K, 0% used [0x00000000e3100000,0x00000000e3100000,0x00000000e3900000)
 ParOldGen       total 36864K, used 16088K [0x00000000a0000000, 0x00000000a2400000, 0x00000000e0000000)
  object space 36864K, 43% used [0x00000000a0000000,0x00000000a0fb6348,0x00000000a2400000)
 Metaspace       used 35864K, capacity 36360K, committed 36776K, reserved 1081344K
  class space    used 4605K, capacity 4750K, committed 4864K, reserved 1048576K

Card table byte_map: [0x0000000013d10000,0x0000000014020000] byte_map_base: 0x0000000013810000

Marking Bits: (ParMarkBitMap*) 0x00000000544a3950
 Begin Bits: [0x0000000014620000, 0x0000000015e20000)
 End Bits:   [0x0000000015e20000, 0x0000000017620000)

Polling page: 0x0000000002b00000

CodeCache: size=245760Kb used=9025Kb max_used=9025Kb free=236734Kb
 bounds [0x0000000004950000, 0x0000000005230000, 0x0000000013950000]
 total_blobs=3326 nmethods=2859 adapters=381
 compilation: enabled

Compilation events (10 events):
Event: 7.687 Thread 0x00000000182e7000 2879       3       org.jetbrains.kotlin.psi.psiUtil.PsiUtilsKt$siblings$1$iterator$1::next (64 bytes)
Event: 7.687 Thread 0x00000000182e7000 nmethod 2879 0x000000000521ed10 code [0x000000000521eec0, 0x000000000521f448]
Event: 7.687 Thread 0x00000000182e7000 2874       3       org.jetbrains.kotlin.com.intellij.psi.impl.source.SourceTreeToPsiMap::treeElementToPsi (15 bytes)
Event: 7.687 Thread 0x00000000182e7000 nmethod 2874 0x000000000521f650 code [0x000000000521f7c0, 0x000000000521fa08]
Event: 7.688 Thread 0x00000000182e7000 2878       3       org.jetbrains.kotlin.com.intellij.psi.impl.source.tree.LeafPsiElement::getPsi (2 bytes)
Event: 7.688 Thread 0x00000000182e7000 nmethod 2878 0x000000000521fad0 code [0x000000000521fc20, 0x000000000521fd70]
Event: 7.688 Thread 0x00000000182e7000 2877       3       org.jetbrains.kotlin.com.intellij.psi.impl.source.tree.CompositeElement::obtainStubBasedPsi (42 bytes)
Event: 7.688 Thread 0x00000000182e7000 nmethod 2877 0x000000000521fe10 code [0x000000000521ffc0, 0x0000000005220648]
Event: 7.689 Thread 0x00000000182e7000 2880       3       org.jetbrains.kotlin.com.intellij.psi.impl.source.tree.SharedImplUtil::getNextSibling (10 bytes)
Event: 7.689 Thread 0x00000000182e7000 nmethod 2880 0x00000000052207d0 code [0x0000000005220960, 0x0000000005220da8]

GC Heap History (10 events):
Event: 3.837 GC heap before
{Heap before GC invocations=7 (full 2):
 PSYoungGen      total 33280K, used 2545K [0x00000000e0000000, 0x00000000e4100000, 0x0000000100000000)
  eden space 30720K, 0% used [0x00000000e0000000,0x00000000e0000000,0x00000000e1e00000)
  from space 2560K, 99% used [0x00000000e1e00000,0x00000000e207c4c0,0x00000000e2080000)
  to   space 2560K, 0% used [0x00000000e3e80000,0x00000000e3e80000,0x00000000e4100000)
 ParOldGen       total 40960K, used 12639K [0x00000000a0000000, 0x00000000a2800000, 0x00000000e0000000)
  object space 40960K, 30% used [0x00000000a0000000,0x00000000a0c57f30,0x00000000a2800000)
 Metaspace       used 20746K, capacity 21056K, committed 21296K, reserved 1069056K
  class space    used 2545K, capacity 2622K, committed 2688K, reserved 1048576K
Event: 3.913 GC heap after
Heap after GC invocations=7 (full 2):
 PSYoungGen      total 33280K, used 0K [0x00000000e0000000, 0x00000000e4100000, 0x0000000100000000)
  eden space 30720K, 0% used [0x00000000e0000000,0x00000000e0000000,0x00000000e1e00000)
  from space 2560K, 0% used [0x00000000e1e00000,0x00000000e1e00000,0x00000000e2080000)
  to   space 2560K, 0% used [0x00000000e3e80000,0x00000000e3e80000,0x00000000e4100000)
 ParOldGen       total 36864K, used 7124K [0x00000000a0000000, 0x00000000a2400000, 0x00000000e0000000)
  object space 36864K, 19% used [0x00000000a0000000,0x00000000a06f52f0,0x00000000a2400000)
 Metaspace       used 20746K, capacity 21056K, committed 21296K, reserved 1069056K
  class space    used 2545K, capacity 2622K, committed 2688K, reserved 1048576K
}
Event: 4.961 GC heap before
{Heap before GC invocations=8 (full 2):
 PSYoungGen      total 33280K, used 30720K [0x00000000e0000000, 0x00000000e4100000, 0x0000000100000000)
  eden space 30720K, 100% used [0x00000000e0000000,0x00000000e1e00000,0x00000000e1e00000)
  from space 2560K, 0% used [0x00000000e1e00000,0x00000000e1e00000,0x00000000e2080000)
  to   space 2560K, 0% used [0x00000000e3e80000,0x00000000e3e80000,0x00000000e4100000)
 ParOldGen       total 36864K, used 7124K [0x00000000a0000000, 0x00000000a2400000, 0x00000000e0000000)
  object space 36864K, 19% used [0x00000000a0000000,0x00000000a06f52f0,0x00000000a2400000)
 Metaspace       used 24524K, capacity 25002K, committed 25472K, reserved 1071104K
  class space    used 3174K, capacity 3331K, committed 3456K, reserved 1048576K
Event: 4.973 GC heap after
Heap after GC invocations=8 (full 2):
 PSYoungGen      total 44544K, used 2552K [0x00000000e0000000, 0x00000000e4100000, 0x0000000100000000)
  eden space 41984K, 0% used [0x00000000e0000000,0x00000000e0000000,0x00000000e2900000)
  from space 2560K, 99% used [0x00000000e3e80000,0x00000000e40fe168,0x00000000e4100000)
  to   space 8192K, 0% used [0x00000000e3100000,0x00000000e3100000,0x00000000e3900000)
 ParOldGen       total 36864K, used 11536K [0x00000000a0000000, 0x00000000a2400000, 0x00000000e0000000)
  object space 36864K, 31% used [0x00000000a0000000,0x00000000a0b44098,0x00000000a2400000)
 Metaspace       used 24524K, capacity 25002K, committed 25472K, reserved 1071104K
  class space    used 3174K, capacity 3331K, committed 3456K, reserved 1048576K
}
Event: 6.491 GC heap before
{Heap before GC invocations=9 (full 2):
 PSYoungGen      total 44544K, used 44536K [0x00000000e0000000, 0x00000000e4100000, 0x0000000100000000)
  eden space 41984K, 100% used [0x00000000e0000000,0x00000000e2900000,0x00000000e2900000)
  from space 2560K, 99% used [0x00000000e3e80000,0x00000000e40fe168,0x00000000e4100000)
  to   space 8192K, 0% used [0x00000000e3100000,0x00000000e3100000,0x00000000e3900000)
 ParOldGen       total 36864K, used 11536K [0x00000000a0000000, 0x00000000a2400000, 0x00000000e0000000)
  object space 36864K, 31% used [0x00000000a0000000,0x00000000a0b44098,0x00000000a2400000)
 Metaspace       used 31714K, capacity 32166K, committed 32512K, reserved 1077248K
  class space    used 4081K, capacity 4239K, committed 4352K, reserved 1048576K
Event: 6.510 GC heap after
Heap after GC invocations=9 (full 2):
 PSYoungGen      total 50176K, used 8179K [0x00000000e0000000, 0x00000000e4100000, 0x0000000100000000)
  eden space 41984K, 0% used [0x00000000e0000000,0x00000000e0000000,0x00000000e2900000)
  from space 8192K, 99% used [0x00000000e3100000,0x00000000e38fcec8,0x00000000e3900000)
  to   space 2560K, 0% used [0x00000000e3e80000,0x00000000e3e80000,0x00000000e4100000)
 ParOldGen       total 36864K, used 17659K [0x00000000a0000000, 0x00000000a2400000, 0x00000000e0000000)
  object space 36864K, 47% used [0x00000000a0000000,0x00000000a113ef78,0x00000000a2400000)
 Metaspace       used 31714K, capacity 32166K, committed 32512K, reserved 1077248K
  class space    used 4081K, capacity 4239K, committed 4352K, reserved 1048576K
}
Event: 7.129 GC heap before
{Heap before GC invocations=10 (full 2):
 PSYoungGen      total 50176K, used 27771K [0x00000000e0000000, 0x00000000e4100000, 0x0000000100000000)
  eden space 41984K, 46% used [0x00000000e0000000,0x00000000e1322048,0x00000000e2900000)
  from space 8192K, 99% used [0x00000000e3100000,0x00000000e38fcec8,0x00000000e3900000)
  to   space 2560K, 0% used [0x00000000e3e80000,0x00000000e3e80000,0x00000000e4100000)
 ParOldGen       total 36864K, used 17659K [0x00000000a0000000, 0x00000000a2400000, 0x00000000e0000000)
  object space 36864K, 47% used [0x00000000a0000000,0x00000000a113ef78,0x00000000a2400000)
 Metaspace       used 34712K, capacity 35200K, committed 35496K, reserved 1081344K
  class space    used 4438K, capacity 4580K, committed 4608K, reserved 1048576K
Event: 7.148 GC heap after
Heap after GC invocations=10 (full 2):
 PSYoungGen      total 44544K, used 2528K [0x00000000e0000000, 0x00000000e4100000, 0x0000000100000000)
  eden space 41984K, 0% used [0x00000000e0000000,0x00000000e0000000,0x00000000e2900000)
  from space 2560K, 98% used [0x00000000e3e80000,0x00000000e40f82b0,0x00000000e4100000)
  to   space 8192K, 0% used [0x00000000e3100000,0x00000000e3100000,0x00000000e3900000)
 ParOldGen       total 36864K, used 25696K [0x00000000a0000000, 0x00000000a2400000, 0x00000000e0000000)
  object space 36864K, 69% used [0x00000000a0000000,0x00000000a1918330,0x00000000a2400000)
 Metaspace       used 34712K, capacity 35200K, committed 35496K, reserved 1081344K
  class space    used 4438K, capacity 4580K, committed 4608K, reserved 1048576K
}
Event: 7.148 GC heap before
{Heap before GC invocations=11 (full 3):
 PSYoungGen      total 44544K, used 2528K [0x00000000e0000000, 0x00000000e4100000, 0x0000000100000000)
  eden space 41984K, 0% used [0x00000000e0000000,0x00000000e0000000,0x00000000e2900000)
  from space 2560K, 98% used [0x00000000e3e80000,0x00000000e40f82b0,0x00000000e4100000)
  to   space 8192K, 0% used [0x00000000e3100000,0x00000000e3100000,0x00000000e3900000)
 ParOldGen       total 36864K, used 25696K [0x00000000a0000000, 0x00000000a2400000, 0x00000000e0000000)
  object space 36864K, 69% used [0x00000000a0000000,0x00000000a1918330,0x00000000a2400000)
 Metaspace       used 34712K, capacity 35200K, committed 35496K, reserved 1081344K
  class space    used 4438K, capacity 4580K, committed 4608K, reserved 1048576K
Event: 7.311 GC heap after
Heap after GC invocations=11 (full 3):
 PSYoungGen      total 44544K, used 0K [0x00000000e0000000, 0x00000000e4100000, 0x0000000100000000)
  eden space 41984K, 0% used [0x00000000e0000000,0x00000000e0000000,0x00000000e2900000)
  from space 2560K, 0% used [0x00000000e3e80000,0x00000000e3e80000,0x00000000e4100000)
  to   space 8192K, 0% used [0x00000000e3100000,0x00000000e3100000,0x00000000e3900000)
 ParOldGen       total 36864K, used 16088K [0x00000000a0000000, 0x00000000a2400000, 0x00000000e0000000)
  object space 36864K, 43% used [0x00000000a0000000,0x00000000a0fb6348,0x00000000a2400000)
 Metaspace       used 34712K, capacity 35200K, committed 35496K, reserved 1081344K
  class space    used 4438K, capacity 4580K, committed 4608K, reserved 1048576K
}

Deoptimization events (10 events):
Event: 6.877 Thread 0x000000001a478800 Uncommon trap: reason=class_check action=maybe_recompile pc=0x00000000050247dc method=org.jetbrains.kotlin.com.intellij.lang.impl.PsiBuilderImpl.skipWhitespace()V @ 72
Event: 6.921 Thread 0x000000001a478800 Uncommon trap: reason=bimorphic action=maybe_recompile pc=0x000000000504d888 method=org.jetbrains.kotlin.protobuf.CodedInputStream.tryRefillBuffer(I)Z @ 177
Event: 6.922 Thread 0x000000001a478800 Uncommon trap: reason=bimorphic action=maybe_recompile pc=0x000000000504cce0 method=org.jetbrains.kotlin.protobuf.CodedInputStream.tryRefillBuffer(I)Z @ 177
Event: 6.925 Thread 0x000000001a478800 Uncommon trap: reason=bimorphic action=maybe_recompile pc=0x000000000504d888 method=org.jetbrains.kotlin.protobuf.CodedInputStream.tryRefillBuffer(I)Z @ 177
Event: 6.928 Thread 0x000000001a478800 Uncommon trap: reason=bimorphic action=maybe_recompile pc=0x000000000504cce0 method=org.jetbrains.kotlin.protobuf.CodedInputStream.tryRefillBuffer(I)Z @ 177
Event: 6.930 Thread 0x000000001a478800 Uncommon trap: reason=bimorphic action=maybe_recompile pc=0x000000000504d888 method=org.jetbrains.kotlin.protobuf.CodedInputStream.tryRefillBuffer(I)Z @ 177
Event: 7.361 Thread 0x000000001a478800 Uncommon trap: reason=class_check action=maybe_recompile pc=0x000000000508400c method=java.lang.AbstractStringBuilder.append(Ljava/lang/CharSequence;)Ljava/lang/AbstractStringBuilder; @ 37
Event: 7.379 Thread 0x000000001a478800 Uncommon trap: reason=unstable_if action=reinterpret pc=0x0000000004fbcb04 method=kotlin.jvm.internal.Intrinsics.areEqual(Ljava/lang/Object;Ljava/lang/Object;)Z @ 5
Event: 7.437 Thread 0x000000001a478800 Uncommon trap: reason=class_check action=maybe_recompile pc=0x000000000508400c method=java.lang.AbstractStringBuilder.append(Ljava/lang/CharSequence;)Ljava/lang/AbstractStringBuilder; @ 37
Event: 7.582 Thread 0x000000001a478800 Uncommon trap: reason=bimorphic action=maybe_recompile pc=0x0000000004f74d94 method=java.util.HashMap.putVal(ILjava/lang/Object;Ljava/lang/Object;ZZ)Ljava/lang/Object; @ 203

Classes redefined (0 events):
No events

Internal exceptions (10 events):
Event: 3.488 Thread 0x000000001a478800 Implicit null exception at 0x0000000004bd05af to 0x0000000004bd0619
Event: 3.600 Thread 0x000000001a478800 Exception <a 'java/lang/NoSuchMethodError': java.lang.Object.lambda$comparing$77a9974f$1(Ljava/util/function/Function;Ljava/lang/Object;Ljava/lang/Object;)I> (0x00000000e0627b40) thrown at [D:\src\AOSP-openjdk-cygwin\jdk8u\hotspot\src\share\vm\interpreter
Event: 3.793 Thread 0x000000001a478800 Exception <a 'java/lang/ArrayIndexOutOfBoundsException': 60> (0x00000000e0bca108) thrown at [D:\src\AOSP-openjdk-cygwin\jdk8u\hotspot\src\share\vm\interpreter\interpreterRuntime.cpp, line 366]
Event: 4.117 Thread 0x000000001a478800 Exception <a 'java/lang/NoSuchMethodError': java.lang.Object.lambda$static$0(I)[Lorg/jetbrains/kotlin/com/intellij/openapi/editor/event/DocumentListener;> (0x00000000e06dd5c8) thrown at [D:\src\AOSP-openjdk-cygwin\jdk8u\hotspot\src\share\vm\interpreter\li
Event: 4.172 Thread 0x000000001a478800 Exception <a 'java/lang/NoSuchMethodError': java.lang.Object.lambda$static$0(I)[Lorg/jetbrains/kotlin/com/intellij/psi/PsiAnnotation;> (0x00000000e08b4a18) thrown at [D:\src\AOSP-openjdk-cygwin\jdk8u\hotspot\src\share\vm\interpreter\linkResolver.cpp, line
Event: 6.674 Thread 0x000000001a478800 Exception <a 'java/lang/NoSuchMethodError': java.lang.Object.lambda$static$0(I)[Lorg/jetbrains/kotlin/psi/KtExpression;> (0x00000000e01caa00) thrown at [D:\src\AOSP-openjdk-cygwin\jdk8u\hotspot\src\share\vm\interpreter\linkResolver.cpp, line 584]
Event: 6.732 Thread 0x000000001a478800 Exception <a 'java/lang/NoSuchMethodError': java.lang.Object.lambda$static$0(I)[Lorg/jetbrains/kotlin/psi/KtDeclaration;> (0x00000000e0452da0) thrown at [D:\src\AOSP-openjdk-cygwin\jdk8u\hotspot\src\share\vm\interpreter\linkResolver.cpp, line 584]
Event: 6.749 Thread 0x000000001a478800 Exception <a 'java/lang/NoSuchMethodError': java.lang.Object.lambda$static$0(I)[Lorg/jetbrains/kotlin/com/intellij/psi/PsiElement;> (0x00000000e04d9b68) thrown at [D:\src\AOSP-openjdk-cygwin\jdk8u\hotspot\src\share\vm\interpreter\linkResolver.cpp, line 58
Event: 6.768 Thread 0x000000001a478800 Exception <a 'java/lang/NoSuchMethodError': java.lang.Object.lambda$static$0(I)[Lorg/jetbrains/kotlin/psi/KtTypeElement;> (0x00000000e059cf48) thrown at [D:\src\AOSP-openjdk-cygwin\jdk8u\hotspot\src\share\vm\interpreter\linkResolver.cpp, line 584]
Event: 7.369 Thread 0x000000001a478800 Exception <a 'java/lang/NoSuchMethodError': java.lang.Object.lambda$static$0(I)[Lorg/jetbrains/kotlin/com/intellij/psi/PsiClass;> (0x00000000e01c1150) thrown at [D:\src\AOSP-openjdk-cygwin\jdk8u\hotspot\src\share\vm\interpreter\linkResolver.cpp, line 584]

Events (10 events):
Event: 7.612 Thread 0x000000001a478800 DEOPT PACKING pc=0x0000000004aa1f0d sp=0x000000001b898790
Event: 7.612 Thread 0x000000001a478800 DEOPT UNPACKING pc=0x00000000049971bf sp=0x000000001b8984e0 mode 0
Event: 7.673 loading class org/jetbrains/kotlin/resolve/descriptorUtil/DescriptorUtilsKt$getAllSuperclassesWithoutAny$1
Event: 7.673 loading class org/jetbrains/kotlin/resolve/descriptorUtil/DescriptorUtilsKt$getAllSuperclassesWithoutAny$1 done
Event: 7.674 loading class org/jetbrains/kotlin/resolve/scopes/LexicalChainedScope
Event: 7.674 loading class org/jetbrains/kotlin/resolve/scopes/LexicalChainedScope done
Event: 7.676 loading class org/jetbrains/kotlin/resolve/scopes/TraceBasedLocalRedeclarationChecker
Event: 7.676 loading class org/jetbrains/kotlin/resolve/scopes/TraceBasedLocalRedeclarationChecker done
Event: 7.677 loading class org/jetbrains/kotlin/resolve/scopes/AbstractLocalRedeclarationChecker
Event: 7.677 loading class org/jetbrains/kotlin/resolve/scopes/AbstractLocalRedeclarationChecker done


Dynamic libraries:
0x00007ff6c71b0000 - 0x00007ff6c71e1000 	C:\Program Files\Android\Android Studio\jre\jre\bin\java.exe
0x00007ff994340000 - 0x00007ff994520000 	C:\WINDOWS\SYSTEM32\ntdll.dll
0x00007ff991e50000 - 0x00007ff991efe000 	C:\WINDOWS\System32\KERNEL32.DLL
0x00007ff9911a0000 - 0x00007ff991406000 	C:\WINDOWS\System32\KERNELBASE.dll
0x00007ff9920d0000 - 0x00007ff992171000 	C:\WINDOWS\System32\ADVAPI32.dll
0x00007ff994080000 - 0x00007ff99411d000 	C:\WINDOWS\System32\msvcrt.dll
0x00007ff9941a0000 - 0x00007ff9941fb000 	C:\WINDOWS\System32\sechost.dll
0x00007ff993760000 - 0x00007ff99387f000 	C:\WINDOWS\System32\RPCRT4.dll
0x00007ff9919a0000 - 0x00007ff991b2f000 	C:\WINDOWS\System32\USER32.dll
0x00007ff990fe0000 - 0x00007ff991000000 	C:\WINDOWS\System32\win32u.dll
0x00007ff994200000 - 0x00007ff994228000 	C:\WINDOWS\System32\GDI32.dll
0x00007ff991000000 - 0x00007ff991193000 	C:\WINDOWS\System32\gdi32full.dll
0x00007ff990f40000 - 0x00007ff990fdb000 	C:\WINDOWS\System32\msvcp_win.dll
0x00007ff991540000 - 0x00007ff991636000 	C:\WINDOWS\System32\ucrtbase.dll
0x00007ff9838e0000 - 0x00007ff983b49000 	C:\WINDOWS\WinSxS\amd64_microsoft.windows.common-controls_6595b64144ccf1df_6.0.16299.192_none_15c8cdae9364c23b\COMCTL32.dll
0x00007ff993cd0000 - 0x00007ff993fd8000 	C:\WINDOWS\System32\combase.dll
0x00007ff9914c0000 - 0x00007ff991532000 	C:\WINDOWS\System32\bcryptPrimitives.dll
0x00007ff991f00000 - 0x00007ff991f2d000 	C:\WINDOWS\System32\IMM32.DLL
0x0000000053c00000 - 0x0000000053cd2000 	C:\Program Files\Android\Android Studio\jre\jre\bin\msvcr100.dll
0x0000000053ce0000 - 0x000000005451e000 	C:\Program Files\Android\Android Studio\jre\jre\bin\server\jvm.dll
0x00007ff9920b0000 - 0x00007ff9920b8000 	C:\WINDOWS\System32\PSAPI.DLL
0x00007ff983780000 - 0x00007ff983789000 	C:\WINDOWS\SYSTEM32\WSOCK32.dll
0x00007ff98e650000 - 0x00007ff98e673000 	C:\WINDOWS\SYSTEM32\WINMM.dll
0x00007ff992040000 - 0x00007ff9920ac000 	C:\WINDOWS\System32\WS2_32.dll
0x00007ff984c90000 - 0x00007ff984c9a000 	C:\WINDOWS\SYSTEM32\VERSION.dll
0x00007ff98e620000 - 0x00007ff98e64a000 	C:\WINDOWS\SYSTEM32\WINMMBASE.dll
0x00007ff991470000 - 0x00007ff9914ba000 	C:\WINDOWS\System32\cfgmgr32.dll
0x00007ff983730000 - 0x00007ff98373f000 	C:\Program Files\Android\Android Studio\jre\jre\bin\verify.dll
0x00007ff97e070000 - 0x00007ff97e099000 	C:\Program Files\Android\Android Studio\jre\jre\bin\java.dll
0x00007ff97df20000 - 0x00007ff97df36000 	C:\Program Files\Android\Android Studio\jre\jre\bin\zip.dll
0x00007ff992320000 - 0x00007ff993756000 	C:\WINDOWS\System32\SHELL32.dll
0x00007ff9918f0000 - 0x00007ff991996000 	C:\WINDOWS\System32\shcore.dll
0x00007ff990740000 - 0x00007ff990e87000 	C:\WINDOWS\System32\windows.storage.dll
0x00007ff991890000 - 0x00007ff9918e1000 	C:\WINDOWS\System32\shlwapi.dll
0x00007ff990690000 - 0x00007ff9906a1000 	C:\WINDOWS\System32\kernel.appcore.dll
0x00007ff9906f0000 - 0x00007ff99073c000 	C:\WINDOWS\System32\powrprof.dll
0x00007ff9906d0000 - 0x00007ff9906eb000 	C:\WINDOWS\System32\profapi.dll
0x00007ff98cb50000 - 0x00007ff98cb5d000 	C:\Program Files\Android\Android Studio\jre\jre\bin\management.dll
0x00007ff97df00000 - 0x00007ff97df1a000 	C:\Program Files\Android\Android Studio\jre\jre\bin\net.dll
0x00007ff98fec0000 - 0x00007ff98ff26000 	C:\WINDOWS\system32\mswsock.dll
0x00007ff97de30000 - 0x00007ff97de41000 	C:\Program Files\Android\Android Studio\jre\jre\bin\nio.dll
0x00007ff990090000 - 0x00007ff9900a7000 	C:\WINDOWS\SYSTEM32\CRYPTSP.dll
0x00007ff98fad0000 - 0x00007ff98fb03000 	C:\WINDOWS\system32\rsaenh.dll
0x00007ff990190000 - 0x00007ff9901b5000 	C:\WINDOWS\SYSTEM32\bcrypt.dll
0x00007ff990590000 - 0x00007ff9905b9000 	C:\WINDOWS\SYSTEM32\USERENV.dll
0x00007ff990080000 - 0x00007ff99008b000 	C:\WINDOWS\SYSTEM32\CRYPTBASE.dll
0x00007ff98fc50000 - 0x00007ff98fc89000 	C:\WINDOWS\SYSTEM32\IPHLPAPI.DLL
0x00007ff9920c0000 - 0x00007ff9920c8000 	C:\WINDOWS\System32\NSI.dll
0x00007ff98a930000 - 0x00007ff98a946000 	C:\WINDOWS\SYSTEM32\dhcpcsvc6.DLL
0x00007ff98a910000 - 0x00007ff98a92a000 	C:\WINDOWS\SYSTEM32\dhcpcsvc.DLL

VM Arguments:
jvm_args: -Djava.awt.headless=true -Djava.rmi.server.hostname=localhost -Xmx1536m -Dkotlin.environment.keepalive 
java_command: org.jetbrains.kotlin.daemon.KotlinCompileDaemon --daemon-runFilesPath C:\Users\Kent\AppData\Local\kotlin\daemon --daemon-autoshutdownIdleSeconds=7200 --daemon-compilerClasspath C:\Users\Kent\.gradle\caches\modules-2\files-2.1\org.jetbrains.kotlin\kotlin-compiler-embeddable\1.2.21\39456b64a42dc359e385697e2e93b5cba52e197f\kotlin-compiler-embeddable-1.2.21.jar;C:\Users\Kent\.gradle\caches\modules-2\files-2.1\org.jetbrains.kotlin\kotlin-stdlib\1.2.21\d64187eb2d9d1521be3421aa8c6774a8625cdde8\kotlin-stdlib-1.2.21.jar;C:\Users\Kent\.gradle\caches\modules-2\files-2.1\org.jetbrains.kotlin\kotlin-script-runtime\1.2.21\40c37b171146be48a989ab74b937b17a96d28d87\kotlin-script-runtime-1.2.21.jar;C:\Users\Kent\.gradle\caches\modules-2\files-2.1\org.jetbrains.kotlin\kotlin-reflect\1.2.21\3159ff5936aa570a90050d385cb717fbb6c1723a\kotlin-reflect-1.2.21.jar;C:\Program Files\Android\Android Studio\jre\lib\tools.jar
java_class_path (initial): C:\Users\Kent\.gradle\caches\modules-2\files-2.1\org.jetbrains.kotlin\kotlin-compiler-embeddable\1.2.21\39456b64a42dc359e385697e2e93b5cba52e197f\kotlin-compiler-embeddable-1.2.21.jar;C:\Users\Kent\.gradle\caches\modules-2\files-2.1\org.jetbrains.kotlin\kotlin-stdlib\1.2.21\d64187eb2d9d1521be3421aa8c6774a8625cdde8\kotlin-stdlib-1.2.21.jar;C:\Users\Kent\.gradle\caches\modules-2\files-2.1\org.jetbrains.kotlin\kotlin-script-runtime\1.2.21\40c37b171146be48a989ab74b937b17a96d28d87\kotlin-script-runtime-1.2.21.jar;C:\Users\Kent\.gradle\caches\modules-2\files-2.1\org.jetbrains.kotlin\kotlin-reflect\1.2.21\3159ff5936aa570a90050d385cb717fbb6c1723a\kotlin-reflect-1.2.21.jar;C:\Program Files\Android\Android Studio\jre\lib\tools.jar
Launcher Type: SUN_STANDARD

Environment Variables:
PATH=C:\WINDOWS\system32;C:\WINDOWS;C:\WINDOWS\System32\Wbem;C:\WINDOWS\System32\WindowsPowerShell\v1.0\;C:\Program Files\Git\cmd;C:\Users\Kent\AppData\Local\Microsoft\WindowsApps;
USERNAME=Kent
OS=Windows_NT
PROCESSOR_IDENTIFIER=Intel64 Family 6 Model 37 Stepping 5, GenuineIntel



---------------  S Y S T E M  ---------------

OS: Windows 10.0 , 64 bit Build 16299 (10.0.16299.15)

CPU:total 4 (initial active 4) (2 cores per cpu, 2 threads per core) family 6 model 37 stepping 5, cmov, cx8, fxsr, mmx, sse, sse2, sse3, ssse3, sse4.1, sse4.2, popcnt, ht, tsc, tscinvbit

Memory: 4k page, physical 3848288k(470220k free), swap 5246048k(3232k free)

vm_info: OpenJDK 64-Bit Server VM (25.152-b01) for windows-amd64 JRE (1.8.0_152-release-915-b01), built by "builder" with MS VC++ 10.0 (VS2010)

time: Wed Mar 14 10:10:20 2018
elapsed time: 7 seconds (0d 0h 0m 7s)

