#
# There is insufficient memory for the Java Runtime Environment to continue.
# Native memory allocation (malloc) failed to allocate 1354576 bytes for Chunk::new
# Possible reasons:
#   The system is out of physical RAM or swap space
#   In 32 bit mode, the process size limit was hit
# Possible solutions:
#   Reduce memory load on the system
#   Increase physical memory or swap space
#   Check if swap backing store is full
#   Use 64 bit Java on a 64 bit OS
#   Decrease Java heap size (-Xmx/-Xms)
#   Decrease number of Java threads
#   Decrease Java thread stack sizes (-Xss)
#   Set larger code cache with -XX:ReservedCodeCacheSize=
# This output file may be truncated or incomplete.
#
#  Out of Memory Error (allocation.cpp:390), pid=3324, tid=0x0000000000001730
#
# JRE version: OpenJDK Runtime Environment (8.0_152-b01) (build 1.8.0_152-release-915-b01)
# Java VM: OpenJDK 64-Bit Server VM (25.152-b01 mixed mode windows-amd64 compressed oops)
# Failed to write core dump. Minidumps are not enabled by default on client versions of Windows
#

---------------  T H R E A D  ---------------

Current thread (0x0000000016e1d800):  JavaThread "C2 CompilerThread0" daemon [_thread_in_native, id=5936, stack(0x0000000018470000,0x0000000018570000)]

Stack: [0x0000000018470000,0x0000000018570000]
[error occurred during error reporting (printing stack bounds), id 0xc0000005]

Native frames: (J=compiled Java code, j=interpreted, Vv=VM code, C=native code)


Current CompileTask:
C2:   4283 1673   !   4       java.net.URLClassLoader$1::run (63 bytes)


---------------  P R O C E S S  ---------------

Java Threads: ( => current thread )
  0x00000000187ad800 JavaThread "Service Thread" daemon [_thread_blocked, id=2160, stack(0x0000000018b70000,0x0000000018c70000)]
  0x0000000016e26800 JavaThread "C1 CompilerThread2" daemon [_thread_blocked, id=4812, stack(0x0000000018670000,0x0000000018770000)]
  0x0000000016e25000 JavaThread "C2 CompilerThread1" daemon [_thread_in_native, id=220, stack(0x0000000018570000,0x0000000018670000)]
=>0x0000000016e1d800 JavaThread "C2 CompilerThread0" daemon [_thread_in_native, id=5936, stack(0x0000000018470000,0x0000000018570000)]
  0x0000000016e1c000 JavaThread "Attach Listener" daemon [_thread_blocked, id=5364, stack(0x0000000018370000,0x0000000018470000)]
  0x0000000016e1a800 JavaThread "Signal Dispatcher" daemon [_thread_blocked, id=7908, stack(0x0000000018270000,0x0000000018370000)]
  0x0000000016e07800 JavaThread "Finalizer" daemon [_thread_blocked, id=4312, stack(0x0000000018070000,0x0000000018170000)]
  0x0000000004a54000 JavaThread "Reference Handler" daemon [_thread_blocked, id=4144, stack(0x0000000017f70000,0x0000000018070000)]
  0x0000000004964000 JavaThread "main" [_thread_in_native, id=880, stack(0x0000000004810000,0x0000000004910000)]

Other Threads:
  0x0000000016de4800 VMThread [stack: 0x0000000017e70000,0x0000000017f70000] [id=7836]
  0x00000000187ae800 WatcherThread [stack: 0x0000000018c70000,0x0000000018d70000] [id=3292]

VM state:not at safepoint (normal execution)

VM Mutex/Monitor currently owned by a thread: None

Heap:
 PSYoungGen      total 33280K, used 22665K [0x00000000ec700000, 0x00000000f1600000, 0x0000000100000000)
  eden space 30720K, 73% used [0x00000000ec700000,0x00000000edd22700,0x00000000ee500000)
  from space 2560K, 0% used [0x00000000ee500000,0x00000000ee500000,0x00000000ee780000)
  to   space 9728K, 0% used [0x00000000f0c80000,0x00000000f0c80000,0x00000000f1600000)
 ParOldGen       total 41984K, used 10617K [0x00000000c5400000, 0x00000000c7d00000, 0x00000000ec700000)
  object space 41984K, 25% used [0x00000000c5400000,0x00000000c5e5e7b8,0x00000000c7d00000)
 Metaspace       used 24279K, capacity 24602K, committed 25008K, reserved 1071104K
  class space    used 3140K, capacity 3243K, committed 3248K, reserved 1048576K

Card table byte_map: [0x0000000013e20000,0x0000000014000000] byte_map_base: 0x00000000137f6000

Marking Bits: (ParMarkBitMap*) 0x00000000544a3950
 Begin Bits: [0x0000000014540000, 0x00000000153f0000)
 End Bits:   [0x00000000153f0000, 0x00000000162a0000)

Polling page: 0x0000000002c00000

CodeCache: size=245760Kb used=5250Kb max_used=5250Kb free=240510Kb
 bounds [0x0000000004a60000, 0x0000000004f90000, 0x0000000013a60000]
 total_blobs=2142 nmethods=1758 adapters=298
 compilation: enabled

Compilation events (10 events):
Event: 4.250 Thread 0x0000000016e26800 1765       3       kotlin.collections.CollectionsKt___CollectionsKt::single (77 bytes)
Event: 4.251 Thread 0x0000000016e26800 nmethod 1765 0x0000000004f7f510 code [0x0000000004f7f6e0, 0x0000000004f7fc08]
Event: 4.255 Thread 0x0000000016e26800 1766       3       org.jetbrains.kotlin.com.intellij.util.containers.ConcurrentHashMap::put (92 bytes)
Event: 4.256 Thread 0x0000000016e26800 nmethod 1766 0x0000000004f7fe10 code [0x0000000004f80080, 0x0000000004f810e8]
Event: 4.256 Thread 0x0000000016e26800 1767       1       org.jetbrains.kotlin.com.intellij.util.containers.ConcurrentWeakKeySoftValueHashMap$HardKey::hashCode (5 bytes)
Event: 4.256 Thread 0x0000000016e26800 nmethod 1767 0x0000000004f81710 code [0x0000000004f81860, 0x0000000004f81970]
Event: 4.264 Thread 0x0000000016e26800 1768       3       org.jetbrains.kotlin.com.intellij.reference.SoftReference::deref (15 bytes)
Event: 4.264 Thread 0x0000000016e26800 nmethod 1768 0x0000000004f819d0 code [0x0000000004f81b40, 0x0000000004f81d88]
Event: 4.270 Thread 0x0000000016e26800 1770       1       java.lang.reflect.Constructor::getModifiers (5 bytes)
Event: 4.270 Thread 0x0000000016e26800 nmethod 1770 0x0000000004f821d0 code [0x0000000004f82320, 0x0000000004f82430]

GC Heap History (10 events):
Event: 1.637 GC heap before
{Heap before GC invocations=2 (full 0):
 PSYoungGen      total 17920K, used 17890K [0x00000000ec700000, 0x00000000edb00000, 0x0000000100000000)
  eden space 15360K, 100% used [0x00000000ec700000,0x00000000ed600000,0x00000000ed600000)
  from space 2560K, 98% used [0x00000000ed600000,0x00000000ed878908,0x00000000ed880000)
  to   space 2560K, 0% used [0x00000000ed880000,0x00000000ed880000,0x00000000edb00000)
 ParOldGen       total 40960K, used 1260K [0x00000000c5400000, 0x00000000c7c00000, 0x00000000ec700000)
  object space 40960K, 3% used [0x00000000c5400000,0x00000000c553b2e8,0x00000000c7c00000)
 Metaspace       used 8901K, capacity 9652K, committed 9856K, reserved 1058816K
  class space    used 1012K, capacity 1072K, committed 1152K, reserved 1048576K
Event: 1.648 GC heap after
Heap after GC invocations=2 (full 0):
 PSYoungGen      total 17920K, used 2548K [0x00000000ec700000, 0x00000000eea00000, 0x0000000100000000)
  eden space 15360K, 0% used [0x00000000ec700000,0x00000000ec700000,0x00000000ed600000)
  from space 2560K, 99% used [0x00000000ed880000,0x00000000edafd378,0x00000000edb00000)
  to   space 2560K, 0% used [0x00000000ed600000,0x00000000ed600000,0x00000000ed880000)
 ParOldGen       total 40960K, used 3403K [0x00000000c5400000, 0x00000000c7c00000, 0x00000000ec700000)
  object space 40960K, 8% used [0x00000000c5400000,0x00000000c5752d70,0x00000000c7c00000)
 Metaspace       used 8901K, capacity 9652K, committed 9856K, reserved 1058816K
  class space    used 1012K, capacity 1072K, committed 1152K, reserved 1048576K
}
Event: 2.258 GC heap before
{Heap before GC invocations=3 (full 0):
 PSYoungGen      total 17920K, used 17908K [0x00000000ec700000, 0x00000000eea00000, 0x0000000100000000)
  eden space 15360K, 100% used [0x00000000ec700000,0x00000000ed600000,0x00000000ed600000)
  from space 2560K, 99% used [0x00000000ed880000,0x00000000edafd378,0x00000000edb00000)
  to   space 2560K, 0% used [0x00000000ed600000,0x00000000ed600000,0x00000000ed880000)
 ParOldGen       total 40960K, used 3403K [0x00000000c5400000, 0x00000000c7c00000, 0x00000000ec700000)
  object space 40960K, 8% used [0x00000000c5400000,0x00000000c5752d70,0x00000000c7c00000)
 Metaspace       used 13591K, capacity 13850K, committed 14080K, reserved 1060864K
  class space    used 1605K, capacity 1675K, committed 1792K, reserved 1048576K
Event: 2.268 GC heap after
Heap after GC invocations=3 (full 0):
 PSYoungGen      total 17920K, used 2543K [0x00000000ec700000, 0x00000000eea00000, 0x0000000100000000)
  eden space 15360K, 0% used [0x00000000ec700000,0x00000000ec700000,0x00000000ed600000)
  from space 2560K, 99% used [0x00000000ed600000,0x00000000ed87bdb8,0x00000000ed880000)
  to   space 2560K, 0% used [0x00000000ee780000,0x00000000ee780000,0x00000000eea00000)
 ParOldGen       total 40960K, used 6745K [0x00000000c5400000, 0x00000000c7c00000, 0x00000000ec700000)
  object space 40960K, 16% used [0x00000000c5400000,0x00000000c5a966f0,0x00000000c7c00000)
 Metaspace       used 13591K, capacity 13850K, committed 14080K, reserved 1060864K
  class space    used 1605K, capacity 1675K, committed 1792K, reserved 1048576K
}
Event: 2.688 GC heap before
{Heap before GC invocations=4 (full 0):
 PSYoungGen      total 17920K, used 17903K [0x00000000ec700000, 0x00000000eea00000, 0x0000000100000000)
  eden space 15360K, 100% used [0x00000000ec700000,0x00000000ed600000,0x00000000ed600000)
  from space 2560K, 99% used [0x00000000ed600000,0x00000000ed87bdb8,0x00000000ed880000)
  to   space 2560K, 0% used [0x00000000ee780000,0x00000000ee780000,0x00000000eea00000)
 ParOldGen       total 40960K, used 6745K [0x00000000c5400000, 0x00000000c7c00000, 0x00000000ec700000)
  object space 40960K, 16% used [0x00000000c5400000,0x00000000c5a966f0,0x00000000c7c00000)
 Metaspace       used 16928K, capacity 17232K, committed 17664K, reserved 1064960K
  class space    used 2111K, capacity 2208K, committed 2304K, reserved 1048576K
Event: 2.698 GC heap after
Heap after GC invocations=4 (full 0):
 PSYoungGen      total 33280K, used 2544K [0x00000000ec700000, 0x00000000eea00000, 0x0000000100000000)
  eden space 30720K, 0% used [0x00000000ec700000,0x00000000ec700000,0x00000000ee500000)
  from space 2560K, 99% used [0x00000000ee780000,0x00000000ee9fc010,0x00000000eea00000)
  to   space 2560K, 0% used [0x00000000ee500000,0x00000000ee500000,0x00000000ee780000)
 ParOldGen       total 40960K, used 10000K [0x00000000c5400000, 0x00000000c7c00000, 0x00000000ec700000)
  object space 40960K, 24% used [0x00000000c5400000,0x00000000c5dc4210,0x00000000c7c00000)
 Metaspace       used 16928K, capacity 17232K, committed 17664K, reserved 1064960K
  class space    used 2111K, capacity 2208K, committed 2304K, reserved 1048576K
}
Event: 3.463 GC heap before
{Heap before GC invocations=5 (full 0):
 PSYoungGen      total 33280K, used 33071K [0x00000000ec700000, 0x00000000eea00000, 0x0000000100000000)
  eden space 30720K, 99% used [0x00000000ec700000,0x00000000ee4cfce0,0x00000000ee500000)
  from space 2560K, 99% used [0x00000000ee780000,0x00000000ee9fc010,0x00000000eea00000)
  to   space 2560K, 0% used [0x00000000ee500000,0x00000000ee500000,0x00000000ee780000)
 ParOldGen       total 40960K, used 10000K [0x00000000c5400000, 0x00000000c7c00000, 0x00000000ec700000)
  object space 40960K, 24% used [0x00000000c5400000,0x00000000c5dc4210,0x00000000c7c00000)
 Metaspace       used 20743K, capacity 21108K, committed 21296K, reserved 1067008K
  class space    used 2720K, capacity 2852K, committed 2864K, reserved 1048576K
Event: 3.484 GC heap after
Heap after GC invocations=5 (full 0):
 PSYoungGen      total 33280K, used 2544K [0x00000000ec700000, 0x00000000f1600000, 0x0000000100000000)
  eden space 30720K, 0% used [0x00000000ec700000,0x00000000ec700000,0x00000000ee500000)
  from space 2560K, 99% used [0x00000000ee500000,0x00000000ee77c050,0x00000000ee780000)
  to   space 9728K, 0% used [0x00000000f0c80000,0x00000000f0c80000,0x00000000f1600000)
 ParOldGen       total 40960K, used 16874K [0x00000000c5400000, 0x00000000c7c00000, 0x00000000ec700000)
  object space 40960K, 41% used [0x00000000c5400000,0x00000000c647a908,0x00000000c7c00000)
 Metaspace       used 20743K, capacity 21108K, committed 21296K, reserved 1067008K
  class space    used 2720K, capacity 2852K, committed 2864K, reserved 1048576K
}
Event: 3.484 GC heap before
{Heap before GC invocations=6 (full 1):
 PSYoungGen      total 33280K, used 2544K [0x00000000ec700000, 0x00000000f1600000, 0x0000000100000000)
  eden space 30720K, 0% used [0x00000000ec700000,0x00000000ec700000,0x00000000ee500000)
  from space 2560K, 99% used [0x00000000ee500000,0x00000000ee77c050,0x00000000ee780000)
  to   space 9728K, 0% used [0x00000000f0c80000,0x00000000f0c80000,0x00000000f1600000)
 ParOldGen       total 40960K, used 16874K [0x00000000c5400000, 0x00000000c7c00000, 0x00000000ec700000)
  object space 40960K, 41% used [0x00000000c5400000,0x00000000c647a908,0x00000000c7c00000)
 Metaspace       used 20743K, capacity 21108K, committed 21296K, reserved 1067008K
  class space    used 2720K, capacity 2852K, committed 2864K, reserved 1048576K
Event: 3.563 GC heap after
Heap after GC invocations=6 (full 1):
 PSYoungGen      total 33280K, used 0K [0x00000000ec700000, 0x00000000f1600000, 0x0000000100000000)
  eden space 30720K, 0% used [0x00000000ec700000,0x00000000ec700000,0x00000000ee500000)
  from space 2560K, 0% used [0x00000000ee500000,0x00000000ee500000,0x00000000ee780000)
  to   space 9728K, 0% used [0x00000000f0c80000,0x00000000f0c80000,0x00000000f1600000)
 ParOldGen       total 41984K, used 10617K [0x00000000c5400000, 0x00000000c7d00000, 0x00000000ec700000)
  object space 41984K, 25% used [0x00000000c5400000,0x00000000c5e5e7b8,0x00000000c7d00000)
 Metaspace       used 20743K, capacity 21108K, committed 21296K, reserved 1067008K
  class space    used 2720K, capacity 2852K, committed 2864K, reserved 1048576K
}

Deoptimization events (10 events):
Event: 3.204 Thread 0x0000000004964000 Uncommon trap: reason=unstable_if action=reinterpret pc=0x0000000004ea0704 method=org.jetbrains.kotlin.com.intellij.openapi.vfs.impl.ZipEntryMap.isTheOne(Lorg/jetbrains/kotlin/com/intellij/openapi/vfs/impl/ArchiveHandler$EntryInfo;Ljava/lang/CharSequence;
Event: 3.243 Thread 0x0000000004964000 Uncommon trap: reason=unstable_if action=reinterpret pc=0x0000000004ea7acc method=org.jetbrains.kotlin.com.intellij.openapi.vfs.impl.ZipEntryMap.isTheOne(Lorg/jetbrains/kotlin/com/intellij/openapi/vfs/impl/ArchiveHandler$EntryInfo;Ljava/lang/CharSequence;
Event: 3.564 Thread 0x0000000016e07800 Uncommon trap: reason=unstable_if action=reinterpret pc=0x0000000004dee040 method=java.util.WeakHashMap.expungeStaleEntries()V @ 9
Event: 3.870 Thread 0x0000000004964000 Uncommon trap: reason=class_check action=maybe_recompile pc=0x0000000004eee78c method=org.jetbrains.kotlin.protobuf.CodedInputStream.tryRefillBuffer(I)Z @ 177
Event: 3.874 Thread 0x0000000004964000 Uncommon trap: reason=class_check action=maybe_recompile pc=0x0000000004eee78c method=org.jetbrains.kotlin.protobuf.CodedInputStream.tryRefillBuffer(I)Z @ 177
Event: 3.879 Thread 0x0000000004964000 Uncommon trap: reason=unstable_if action=reinterpret pc=0x0000000004ecda70 method=java.lang.String.startsWith(Ljava/lang/String;I)Z @ 25
Event: 3.879 Thread 0x0000000004964000 Uncommon trap: reason=unstable_if action=reinterpret pc=0x0000000004bc1278 method=java.lang.String.startsWith(Ljava/lang/String;I)Z @ 25
Event: 3.881 Thread 0x0000000004964000 Uncommon trap: reason=class_check action=maybe_recompile pc=0x0000000004eee78c method=org.jetbrains.kotlin.protobuf.CodedInputStream.tryRefillBuffer(I)Z @ 177
Event: 3.881 Thread 0x0000000004964000 Uncommon trap: reason=class_check action=maybe_recompile pc=0x0000000004eee78c method=org.jetbrains.kotlin.protobuf.CodedInputStream.tryRefillBuffer(I)Z @ 177
Event: 4.043 Thread 0x0000000004964000 Uncommon trap: reason=unstable_if action=reinterpret pc=0x0000000004eb5098 method=org.jetbrains.kotlin.com.intellij.util.SmartList.get(I)Ljava/lang/Object; @ 56

Classes redefined (0 events):
No events

Internal exceptions (10 events):
Event: 0.735 Thread 0x0000000004964000 Exception <a 'java/security/PrivilegedActionException'> (0x00000000ed099c90) thrown at [D:\src\AOSP-openjdk-cygwin\jdk8u\hotspot\src\share\vm\prims\jvm.cpp, line 1390]
Event: 0.735 Thread 0x0000000004964000 Exception <a 'java/security/PrivilegedActionException'> (0x00000000ed09a088) thrown at [D:\src\AOSP-openjdk-cygwin\jdk8u\hotspot\src\share\vm\prims\jvm.cpp, line 1390]
Event: 1.406 Thread 0x0000000004964000 Exception <a 'java/lang/ArrayIndexOutOfBoundsException'> (0x00000000ed1949e8) thrown at [D:\src\AOSP-openjdk-cygwin\jdk8u\hotspot\src\share\vm\runtime\sharedRuntime.cpp, line 605]
Event: 1.991 Thread 0x0000000004964000 Exception <a 'java/lang/NoSuchFieldError': method resolution failed> (0x00000000ecf979d8) thrown at [D:\src\AOSP-openjdk-cygwin\jdk8u\hotspot\src\share\vm\prims\methodHandles.cpp, line 1167]
Event: 1.994 Thread 0x0000000004964000 Exception <a 'java/lang/NoSuchFieldError': method resolution failed> (0x00000000ecfa4ee0) thrown at [D:\src\AOSP-openjdk-cygwin\jdk8u\hotspot\src\share\vm\prims\methodHandles.cpp, line 1167]
Event: 2.318 Thread 0x0000000004964000 Implicit null exception at 0x0000000004cbee2f to 0x0000000004cbee99
Event: 2.417 Thread 0x0000000004964000 Exception <a 'java/lang/NoSuchMethodError': java.lang.Object.lambda$comparing$77a9974f$1(Ljava/util/function/Function;Ljava/lang/Object;Ljava/lang/Object;)I> (0x00000000eccee2a0) thrown at [D:\src\AOSP-openjdk-cygwin\jdk8u\hotspot\src\share\vm\interpreter
Event: 2.574 Thread 0x0000000004964000 Exception <a 'java/lang/ArrayIndexOutOfBoundsException': 60> (0x00000000ed27a830) thrown at [D:\src\AOSP-openjdk-cygwin\jdk8u\hotspot\src\share\vm\interpreter\interpreterRuntime.cpp, line 366]
Event: 2.808 Thread 0x0000000004964000 Exception <a 'java/lang/NoSuchMethodError': java.lang.Object.lambda$static$0(I)[Lorg/jetbrains/kotlin/com/intellij/openapi/editor/event/DocumentListener;> (0x00000000ecb12f68) thrown at [D:\src\AOSP-openjdk-cygwin\jdk8u\hotspot\src\share\vm\interpreter\li
Event: 2.866 Thread 0x0000000004964000 Exception <a 'java/lang/NoSuchMethodError': java.lang.Object.lambda$static$0(I)[Lorg/jetbrains/kotlin/com/intellij/psi/PsiAnnotation;> (0x00000000ecce15b8) thrown at [D:\src\AOSP-openjdk-cygwin\jdk8u\hotspot\src\share\vm\interpreter\linkResolver.cpp, line

Events (10 events):
Event: 4.271 loading class org/jetbrains/kotlin/types/DynamicType
Event: 4.271 loading class org/jetbrains/kotlin/types/DynamicType done
Event: 4.272 loading class org/jetbrains/kotlin/types/FlexibleType
Event: 4.272 loading class org/jetbrains/kotlin/types/FlexibleType done
Event: 4.272 loading class org/jetbrains/kotlin/types/SubtypingRepresentatives
Event: 4.272 loading class org/jetbrains/kotlin/types/SubtypingRepresentatives done
Event: 4.274 loading class org/jetbrains/kotlin/descriptors/TypeParameterDescriptor
Event: 4.274 loading class org/jetbrains/kotlin/descriptors/TypeParameterDescriptor done
Event: 4.275 loading class org/jetbrains/kotlin/resolve/scopes/LocalRedeclarationChecker
Event: 4.275 loading class org/jetbrains/kotlin/resolve/scopes/LocalRedeclarationChecker done


Dynamic libraries:
0x00007ff6c71b0000 - 0x00007ff6c71e1000 	C:\Program Files\Android\Android Studio\jre\jre\bin\java.exe
0x00007ff994340000 - 0x00007ff994520000 	C:\WINDOWS\SYSTEM32\ntdll.dll
0x00007ff991e50000 - 0x00007ff991efe000 	C:\WINDOWS\System32\KERNEL32.DLL
0x00007ff9911a0000 - 0x00007ff991406000 	C:\WINDOWS\System32\KERNELBASE.dll
0x00007ff9920d0000 - 0x00007ff992171000 	C:\WINDOWS\System32\ADVAPI32.dll
0x00007ff994080000 - 0x00007ff99411d000 	C:\WINDOWS\System32\msvcrt.dll
0x00007ff9941a0000 - 0x00007ff9941fb000 	C:\WINDOWS\System32\sechost.dll
0x00007ff993760000 - 0x00007ff99387f000 	C:\WINDOWS\System32\RPCRT4.dll
0x00007ff9919a0000 - 0x00007ff991b2f000 	C:\WINDOWS\System32\USER32.dll
0x00007ff990fe0000 - 0x00007ff991000000 	C:\WINDOWS\System32\win32u.dll
0x00007ff994200000 - 0x00007ff994228000 	C:\WINDOWS\System32\GDI32.dll
0x00007ff991000000 - 0x00007ff991193000 	C:\WINDOWS\System32\gdi32full.dll
0x00007ff990f40000 - 0x00007ff990fdb000 	C:\WINDOWS\System32\msvcp_win.dll
0x00007ff991540000 - 0x00007ff991636000 	C:\WINDOWS\System32\ucrtbase.dll
0x00007ff9838e0000 - 0x00007ff983b49000 	C:\WINDOWS\WinSxS\amd64_microsoft.windows.common-controls_6595b64144ccf1df_6.0.16299.192_none_15c8cdae9364c23b\COMCTL32.dll
0x00007ff993cd0000 - 0x00007ff993fd8000 	C:\WINDOWS\System32\combase.dll
0x00007ff9914c0000 - 0x00007ff991532000 	C:\WINDOWS\System32\bcryptPrimitives.dll
0x00007ff991f00000 - 0x00007ff991f2d000 	C:\WINDOWS\System32\IMM32.DLL
0x0000000053c00000 - 0x0000000053cd2000 	C:\Program Files\Android\Android Studio\jre\jre\bin\msvcr100.dll
0x0000000053ce0000 - 0x000000005451e000 	C:\Program Files\Android\Android Studio\jre\jre\bin\server\jvm.dll
0x00007ff9920b0000 - 0x00007ff9920b8000 	C:\WINDOWS\System32\PSAPI.DLL
0x00007ff984c90000 - 0x00007ff984c9a000 	C:\WINDOWS\SYSTEM32\VERSION.dll
0x00007ff983780000 - 0x00007ff983789000 	C:\WINDOWS\SYSTEM32\WSOCK32.dll
0x00007ff98e650000 - 0x00007ff98e673000 	C:\WINDOWS\SYSTEM32\WINMM.dll
0x00007ff992040000 - 0x00007ff9920ac000 	C:\WINDOWS\System32\WS2_32.dll
0x00007ff98e620000 - 0x00007ff98e64a000 	C:\WINDOWS\SYSTEM32\winmmbase.dll
0x00007ff991470000 - 0x00007ff9914ba000 	C:\WINDOWS\System32\cfgmgr32.dll
0x00007ff983730000 - 0x00007ff98373f000 	C:\Program Files\Android\Android Studio\jre\jre\bin\verify.dll
0x00007ff97e070000 - 0x00007ff97e099000 	C:\Program Files\Android\Android Studio\jre\jre\bin\java.dll
0x00007ff97df20000 - 0x00007ff97df36000 	C:\Program Files\Android\Android Studio\jre\jre\bin\zip.dll
0x00007ff992320000 - 0x00007ff993756000 	C:\WINDOWS\System32\SHELL32.dll
0x00007ff9918f0000 - 0x00007ff991996000 	C:\WINDOWS\System32\shcore.dll
0x00007ff990740000 - 0x00007ff990e87000 	C:\WINDOWS\System32\windows.storage.dll
0x00007ff991890000 - 0x00007ff9918e1000 	C:\WINDOWS\System32\shlwapi.dll
0x00007ff990690000 - 0x00007ff9906a1000 	C:\WINDOWS\System32\kernel.appcore.dll
0x00007ff9906f0000 - 0x00007ff99073c000 	C:\WINDOWS\System32\powrprof.dll
0x00007ff9906d0000 - 0x00007ff9906eb000 	C:\WINDOWS\System32\profapi.dll
0x00007ff97df00000 - 0x00007ff97df1a000 	C:\Program Files\Android\Android Studio\jre\jre\bin\net.dll
0x00007ff98fec0000 - 0x00007ff98ff26000 	C:\WINDOWS\system32\mswsock.dll
0x00007ff97de30000 - 0x00007ff97de41000 	C:\Program Files\Android\Android Studio\jre\jre\bin\nio.dll

VM Arguments:
java_command: org.jetbrains.kotlin.cli.jvm.K2JVMCompiler -Xadd-compiler-builtins -Xbuild-file=C:\Users\Kent\AppData\Local\Temp\kjps8556791908548953469app_debug.script.xml -classpath C:\Users\Kent\.gradle\caches\modules-2\files-2.1\org.jetbrains.kotlin\kotlin-stdlib-jre7\1.2.21\3beb08c67673033183c8652572680587876e64b5\kotlin-stdlib-jre7-1.2.21.jar;C:\Users\Kent\.gradle\caches\transforms-1\files-1.1\appcompat-v7-26.1.0.aar\ae80160f26bf509f96ec854a18fd92f2\jars\classes.jar;C:\Users\Kent\.gradle\caches\modules-2\files-2.1\org.jetbrains.anko\anko\0.10.4\6d2ec8750b434fb56c94bf7f9dc71decbb3231b5\anko-0.10.4.jar;C:\Users\Kent\.gradle\caches\modules-2\files-2.1\com.squareup.picasso\picasso\2.5.2\7446d06ec8d4f7ffcc53f1da37c95f200dcb9387\picasso-2.5.2.jar;C:\Users\Kent\.gradle\caches\transforms-1\files-1.1\constraint-layout-1.0.2.aar\e057037e2a989d2bc266822a56351e3c\jars\classes.jar;C:\Users\Kent\.gradle\caches\transforms-1\files-1.1\recyclerview-v7-26.1.0.aar\6461f20b321a80e50038e66a1bf65382\jars\classes.jar;C:\Users\Kent\.gradle\caches\modules-2\files-2.1\org.jetbrains.anko\anko-sqlite\0.10.4\410ab42cf2baa28e4b96b0b10309be04d7ea2740\anko-sqlite-0.10.4.jar;C:\Users\Kent\.gradle\caches\modules-2\files-2.1\org.jetbrains.anko\anko-sdk25\0.10.4\2990927f1ce037724b8cd17369ed5435c7a139a3\anko-sdk25-0.10.4.jar;C:\Users\Kent\.gradle\caches\modules-2\files-2.1\org.jetbrains.anko\anko-sdk25-coroutines\0.10.4\5fed3c3e5a9d6ff63b3cd18fc8c60ece6d3cd83d\anko-sdk25-coroutines-0.10.4.jar;C:\Users\Kent\.gradle\caches\modules-2\files-2.1\org.jetbrains.anko\anko-appcompat-v7\0.10.4\a667e7286a1563c55441faa8f31acc9a6f2e8903\anko-appcompat-v7-0.10.4.jar;C:\Users\Kent\.gradle\caches\modules-2\files-2.1\org.jetbrains.anko\anko-support-v4\0.10.4\6ed4b1d6d2343028b727e18e5747b4bec645828\anko-support-v4-0.10.4.jar;C:\Users\Kent\.gradle\caches\modules-2\files-2.1\org.jetbrains.anko\anko-appcompat-v7-coroutines\0.10.4\c184a00a6b06c1f9db488dade44ce5eec78c8638\anko-appcompat-v7-coroutines-0.10.4.jar;C:\User
java_class_path (initial): C:\Users\Kent\.gradle\caches\modules-2\files-2.1\org.jetbrains.kotlin\kotlin-compiler-embeddable\1.2.21\39456b64a42dc359e385697e2e93b5cba52e197f\kotlin-compiler-embeddable-1.2.21.jar;C:\Users\Kent\.gradle\caches\modules-2\files-2.1\org.jetbrains.kotlin\kotlin-stdlib\1.2.21\d64187eb2d9d1521be3421aa8c6774a8625cdde8\kotlin-stdlib-1.2.21.jar;C:\Users\Kent\.gradle\caches\modules-2\files-2.1\org.jetbrains.kotlin\kotlin-script-runtime\1.2.21\40c37b171146be48a989ab74b937b17a96d28d87\kotlin-script-runtime-1.2.21.jar;C:\Users\Kent\.gradle\caches\modules-2\files-2.1\org.jetbrains.kotlin\kotlin-reflect\1.2.21\3159ff5936aa570a90050d385cb717fbb6c1723a\kotlin-reflect-1.2.21.jar;C:\Program Files\Android\Android Studio\jre\lib\tools.jar
Launcher Type: SUN_STANDARD

Environment Variables:
PATH=C:\WINDOWS\system32;C:\WINDOWS;C:\WINDOWS\System32\Wbem;C:\WINDOWS\System32\WindowsPowerShell\v1.0\;C:\Program Files\Git\cmd;C:\Users\Kent\AppData\Local\Microsoft\WindowsApps;
USERNAME=Kent
OS=Windows_NT
PROCESSOR_IDENTIFIER=Intel64 Family 6 Model 37 Stepping 5, GenuineIntel



---------------  S Y S T E M  ---------------

OS: Windows 10.0 , 64 bit Build 16299 (10.0.16299.15)

CPU:total 4 (initial active 4) (2 cores per cpu, 2 threads per core) family 6 model 37 stepping 5, cmov, cx8, fxsr, mmx, sse, sse2, sse3, ssse3, sse4.1, sse4.2, popcnt, ht, tsc, tscinvbit

Memory: 4k page, physical 3848288k(1114148k free), swap 5246048k(4596k free)

vm_info: OpenJDK 64-Bit Server VM (25.152-b01) for windows-amd64 JRE (1.8.0_152-release-915-b01), built by "builder" with MS VC++ 10.0 (VS2010)

time: Wed Mar 14 10:11:49 2018
elapsed time: 4 seconds (0d 0h 0m 4s)

