#
# There is insufficient memory for the Java Runtime Environment to continue.
# Native memory allocation (malloc) failed to allocate 32784 bytes for Chunk::new
# Possible reasons:
#   The system is out of physical RAM or swap space
#   In 32 bit mode, the process size limit was hit
# Possible solutions:
#   Reduce memory load on the system
#   Increase physical memory or swap space
#   Check if swap backing store is full
#   Use 64 bit Java on a 64 bit OS
#   Decrease Java heap size (-Xmx/-Xms)
#   Decrease number of Java threads
#   Decrease Java thread stack sizes (-Xss)
#   Set larger code cache with -XX:ReservedCodeCacheSize=
# This output file may be truncated or incomplete.
#
#  Out of Memory Error (allocation.cpp:390), pid=5700, tid=0x0000000000001f78
#
# JRE version: OpenJDK Runtime Environment (8.0_152-b01) (build 1.8.0_152-release-915-b01)
# Java VM: OpenJDK 64-Bit Server VM (25.152-b01 mixed mode windows-amd64 compressed oops)
# Failed to write core dump. Minidumps are not enabled by default on client versions of Windows
#

---------------  T H R E A D  ---------------

Current thread (0x000000001861b000):  JavaThread "C2 CompilerThread0" daemon [_thread_in_native, id=8056, stack(0x0000000019c70000,0x0000000019d70000)]

Stack: [0x0000000019c70000,0x0000000019d70000]
[error occurred during error reporting (printing stack bounds), id 0xc0000005]

Native frames: (J=compiled Java code, j=interpreted, Vv=VM code, C=native code)


Current CompileTask:
C2:  22730 4420       4       org.jetbrains.kotlin.load.java.structure.impl.classFiles.BinaryJavaMethodBase$Companion::create (480 bytes)


---------------  P R O C E S S  ---------------

Java Threads: ( => current thread )
  0x0000000019f9e000 JavaThread "RMI RenewClean-[localhost:50428,org.jetbrains.kotlin.daemon.common.LoopbackNetworkInterface$ClientLoopbackSocketFactory@66359675]" daemon [_thread_blocked, id=4928, stack(0x000000001bbf0000,0x000000001bcf0000)]
  0x000000001a860800 JavaThread "RMI Scheduler(0)" daemon [_thread_blocked, id=3472, stack(0x000000001baf0000,0x000000001bbf0000)]
  0x000000001a85f800 JavaThread "RMI TCP Connection(2)-127.0.0.1" daemon [_thread_in_vm, id=420, stack(0x000000001b9f0000,0x000000001baf0000)]
  0x000000001a802000 JavaThread "RMI TCP Connection(1)-127.0.0.1" daemon [_thread_in_native, id=5716, stack(0x000000001b8f0000,0x000000001b9f0000)]
  0x0000000004ade000 JavaThread "DestroyJavaVM" [_thread_blocked, id=1588, stack(0x00000000049c0000,0x0000000004ac0000)]
  0x000000001a7ab000 JavaThread "GC Daemon" daemon [_thread_blocked, id=5640, stack(0x000000001b4b0000,0x000000001b5b0000)]
  0x000000001a7a9800 JavaThread "RMI Reaper" [_thread_blocked, id=7132, stack(0x000000001b3b0000,0x000000001b4b0000)]
  0x000000001a754000 JavaThread "Timer-0" daemon [_thread_blocked, id=5392, stack(0x000000001b1b0000,0x000000001b2b0000)]
  0x000000001a753800 JavaThread "RMI TCP Accept-17498" daemon [_thread_in_native, id=6048, stack(0x000000001b0b0000,0x000000001b1b0000)]
  0x000000001867e800 JavaThread "Service Thread" daemon [_thread_blocked, id=304, stack(0x000000001a370000,0x000000001a470000)]
  0x0000000018624000 JavaThread "C1 CompilerThread2" daemon [_thread_blocked, id=6176, stack(0x0000000019e70000,0x0000000019f70000)]
  0x000000001861f000 JavaThread "C2 CompilerThread1" daemon [_thread_in_native, id=7172, stack(0x0000000019d70000,0x0000000019e70000)]
=>0x000000001861b000 JavaThread "C2 CompilerThread0" daemon [_thread_in_native, id=8056, stack(0x0000000019c70000,0x0000000019d70000)]
  0x0000000018619800 JavaThread "Attach Listener" daemon [_thread_blocked, id=8128, stack(0x0000000019b70000,0x0000000019c70000)]
  0x0000000018618800 JavaThread "Signal Dispatcher" daemon [_thread_blocked, id=7092, stack(0x0000000019a70000,0x0000000019b70000)]
  0x0000000004cab800 JavaThread "Finalizer" daemon [_thread_blocked, id=7256, stack(0x0000000019880000,0x0000000019980000)]
  0x0000000004ca2000 JavaThread "Reference Handler" daemon [_thread_blocked, id=4084, stack(0x0000000019780000,0x0000000019880000)]

Other Threads:
  0x00000000185e4000 VMThread [stack: 0x0000000019680000,0x0000000019780000] [id=4312]
  0x0000000019fa2800 WatcherThread [stack: 0x000000001a470000,0x000000001a570000] [id=840]

VM state:not at safepoint (normal execution)

VM Mutex/Monitor currently owned by a thread: None

Heap:
 PSYoungGen      total 56320K, used 11648K [0x00000000e0000000, 0x00000000e4400000, 0x0000000100000000)
  eden space 45568K, 1% used [0x00000000e0000000,0x00000000e00e0280,0x00000000e2c80000)
  from space 10752K, 100% used [0x00000000e2c80000,0x00000000e3700000,0x00000000e3700000)
  to   space 8192K, 0% used [0x00000000e3700000,0x00000000e3700000,0x00000000e3f00000)
 ParOldGen       total 51712K, used 28866K [0x00000000a0000000, 0x00000000a3280000, 0x00000000e0000000)
  object space 51712K, 55% used [0x00000000a0000000,0x00000000a1c30bc0,0x00000000a3280000)
 Metaspace       used 39929K, capacity 40486K, committed 40832K, reserved 1085440K
  class space    used 5040K, capacity 5165K, committed 5248K, reserved 1048576K

Card table byte_map: [0x0000000014070000,0x0000000014380000] byte_map_base: 0x0000000013b70000

Marking Bits: (ParMarkBitMap*) 0x00000000544a3950
 Begin Bits: [0x0000000014980000, 0x0000000016180000)
 End Bits:   [0x0000000016180000, 0x0000000017980000)

Polling page: 0x00000000009f0000

CodeCache: size=245760Kb used=14305Kb max_used=14305Kb free=231454Kb
 bounds [0x0000000004cb0000, 0x0000000005ac0000, 0x0000000013cb0000]
 total_blobs=4780 nmethods=4299 adapters=394
 compilation: enabled

Compilation events (10 events):
Event: 22.341 Thread 0x0000000018624000 nmethod 4416 0x0000000005a981d0 code [0x0000000005a98440, 0x0000000005a99528]
Event: 22.341 Thread 0x0000000018624000 4417       3       kotlin.jvm.internal.PropertyReference::<init> (5 bytes)
Event: 22.341 Thread 0x0000000018624000 nmethod 4417 0x0000000005a97c90 code [0x0000000005a97e00, 0x0000000005a98090]
Event: 22.351 Thread 0x000000001861f000 nmethod 4413 0x0000000005a9d0d0 code [0x0000000005a9d260, 0x0000000005a9d868]
Event: 22.352 Thread 0x000000001861b000 nmethod 4414 0x0000000005a9df10 code [0x0000000005a9e080, 0x0000000005a9e638]
Event: 22.354 Thread 0x0000000018624000 4418       3       java.lang.Character::isJavaIdentifierPart (5 bytes)
Event: 22.354 Thread 0x0000000018624000 nmethod 4418 0x0000000005a973d0 code [0x0000000005a97540, 0x0000000005a977d8]
Event: 22.355 Thread 0x000000001861f000 4419       4       org.jetbrains.kotlin.load.java.structure.impl.classFiles.ClassifierResolutionContext::copyForMember$frontend_java (98 bytes)
Event: 22.356 Thread 0x000000001861b000 4420       4       org.jetbrains.kotlin.load.java.structure.impl.classFiles.BinaryJavaMethodBase$Companion::create (480 bytes)
Event: 22.436 Thread 0x000000001861f000 nmethod 4419 0x0000000005a9ebd0 code [0x0000000005a9eec0, 0x0000000005aa0830]

GC Heap History (10 events):
Event: 14.575 GC heap before
{Heap before GC invocations=9 (full 2):
 PSYoungGen      total 28672K, used 28642K [0x00000000e0000000, 0x00000000e2880000, 0x0000000100000000)
  eden space 26112K, 100% used [0x00000000e0000000,0x00000000e1980000,0x00000000e1980000)
  from space 2560K, 98% used [0x00000000e2080000,0x00000000e22f89a0,0x00000000e2300000)
  to   space 7168K, 0% used [0x00000000e1980000,0x00000000e1980000,0x00000000e2080000)
 ParOldGen       total 32256K, used 9006K [0x00000000a0000000, 0x00000000a1f80000, 0x00000000e0000000)
  object space 32256K, 27% used [0x00000000a0000000,0x00000000a08cbb00,0x00000000a1f80000)
 Metaspace       used 26462K, capacity 26902K, committed 27264K, reserved 1073152K
  class space    used 3421K, capacity 3585K, committed 3712K, reserved 1048576K
Event: 14.665 GC heap after
Heap after GC invocations=9 (full 2):
 PSYoungGen      total 33280K, used 6865K [0x00000000e0000000, 0x00000000e3f00000, 0x0000000100000000)
  eden space 26112K, 0% used [0x00000000e0000000,0x00000000e0000000,0x00000000e1980000)
  from space 7168K, 95% used [0x00000000e1980000,0x00000000e2034720,0x00000000e2080000)
  to   space 8192K, 0% used [0x00000000e3700000,0x00000000e3700000,0x00000000e3f00000)
 ParOldGen       total 32256K, used 9006K [0x00000000a0000000, 0x00000000a1f80000, 0x00000000e0000000)
  object space 32256K, 27% used [0x00000000a0000000,0x00000000a08cbb00,0x00000000a1f80000)
 Metaspace       used 26462K, capacity 26902K, committed 27264K, reserved 1073152K
  class space    used 3421K, capacity 3585K, committed 3712K, reserved 1048576K
}
Event: 16.101 GC heap before
{Heap before GC invocations=10 (full 2):
 PSYoungGen      total 33280K, used 32977K [0x00000000e0000000, 0x00000000e3f00000, 0x0000000100000000)
  eden space 26112K, 100% used [0x00000000e0000000,0x00000000e1980000,0x00000000e1980000)
  from space 7168K, 95% used [0x00000000e1980000,0x00000000e2034720,0x00000000e2080000)
  to   space 8192K, 0% used [0x00000000e3700000,0x00000000e3700000,0x00000000e3f00000)
 ParOldGen       total 32256K, used 9006K [0x00000000a0000000, 0x00000000a1f80000, 0x00000000e0000000)
  object space 32256K, 27% used [0x00000000a0000000,0x00000000a08cbb00,0x00000000a1f80000)
 Metaspace       used 30962K, capacity 31408K, committed 31872K, reserved 1077248K
  class space    used 3981K, capacity 4140K, committed 4224K, reserved 1048576K
Event: 16.128 GC heap after
Heap after GC invocations=10 (full 2):
 PSYoungGen      total 53760K, used 8190K [0x00000000e0000000, 0x00000000e4400000, 0x0000000100000000)
  eden space 45568K, 0% used [0x00000000e0000000,0x00000000e0000000,0x00000000e2c80000)
  from space 8192K, 99% used [0x00000000e3700000,0x00000000e3effb70,0x00000000e3f00000)
  to   space 10752K, 0% used [0x00000000e2c80000,0x00000000e2c80000,0x00000000e3700000)
 ParOldGen       total 32256K, used 12844K [0x00000000a0000000, 0x00000000a1f80000, 0x00000000e0000000)
  object space 32256K, 39% used [0x00000000a0000000,0x00000000a0c8b240,0x00000000a1f80000)
 Metaspace       used 30962K, capacity 31408K, committed 31872K, reserved 1077248K
  class space    used 3981K, capacity 4140K, committed 4224K, reserved 1048576K
}
Event: 17.576 GC heap before
{Heap before GC invocations=11 (full 2):
 PSYoungGen      total 53760K, used 31085K [0x00000000e0000000, 0x00000000e4400000, 0x0000000100000000)
  eden space 45568K, 50% used [0x00000000e0000000,0x00000000e165bc10,0x00000000e2c80000)
  from space 8192K, 99% used [0x00000000e3700000,0x00000000e3effb70,0x00000000e3f00000)
  to   space 10752K, 0% used [0x00000000e2c80000,0x00000000e2c80000,0x00000000e3700000)
 ParOldGen       total 32256K, used 12844K [0x00000000a0000000, 0x00000000a1f80000, 0x00000000e0000000)
  object space 32256K, 39% used [0x00000000a0000000,0x00000000a0c8b240,0x00000000a1f80000)
 Metaspace       used 34710K, capacity 35178K, committed 35496K, reserved 1081344K
  class space    used 4437K, capacity 4577K, committed 4608K, reserved 1048576K
Event: 17.605 GC heap after
Heap after GC invocations=11 (full 2):
 PSYoungGen      total 56320K, used 10738K [0x00000000e0000000, 0x00000000e4400000, 0x0000000100000000)
  eden space 45568K, 0% used [0x00000000e0000000,0x00000000e0000000,0x00000000e2c80000)
  from space 10752K, 99% used [0x00000000e2c80000,0x00000000e36fca90,0x00000000e3700000)
  to   space 8192K, 0% used [0x00000000e3700000,0x00000000e3700000,0x00000000e3f00000)
 ParOldGen       total 32256K, used 14395K [0x00000000a0000000, 0x00000000a1f80000, 0x00000000e0000000)
  object space 32256K, 44% used [0x00000000a0000000,0x00000000a0e0ec08,0x00000000a1f80000)
 Metaspace       used 34710K, capacity 35178K, committed 35496K, reserved 1081344K
  class space    used 4437K, capacity 4577K, committed 4608K, reserved 1048576K
}
Event: 17.605 GC heap before
{Heap before GC invocations=12 (full 3):
 PSYoungGen      total 56320K, used 10738K [0x00000000e0000000, 0x00000000e4400000, 0x0000000100000000)
  eden space 45568K, 0% used [0x00000000e0000000,0x00000000e0000000,0x00000000e2c80000)
  from space 10752K, 99% used [0x00000000e2c80000,0x00000000e36fca90,0x00000000e3700000)
  to   space 8192K, 0% used [0x00000000e3700000,0x00000000e3700000,0x00000000e3f00000)
 ParOldGen       total 32256K, used 14395K [0x00000000a0000000, 0x00000000a1f80000, 0x00000000e0000000)
  object space 32256K, 44% used [0x00000000a0000000,0x00000000a0e0ec08,0x00000000a1f80000)
 Metaspace       used 34710K, capacity 35178K, committed 35496K, reserved 1081344K
  class space    used 4437K, capacity 4577K, committed 4608K, reserved 1048576K
Event: 17.814 GC heap after
Heap after GC invocations=12 (full 3):
 PSYoungGen      total 56320K, used 0K [0x00000000e0000000, 0x00000000e4400000, 0x0000000100000000)
  eden space 45568K, 0% used [0x00000000e0000000,0x00000000e0000000,0x00000000e2c80000)
  from space 10752K, 0% used [0x00000000e2c80000,0x00000000e2c80000,0x00000000e3700000)
  to   space 8192K, 0% used [0x00000000e3700000,0x00000000e3700000,0x00000000e3f00000)
 ParOldGen       total 51712K, used 16782K [0x00000000a0000000, 0x00000000a3280000, 0x00000000e0000000)
  object space 51712K, 32% used [0x00000000a0000000,0x00000000a1063a78,0x00000000a3280000)
 Metaspace       used 34710K, capacity 35178K, committed 35496K, reserved 1081344K
  class space    used 4437K, capacity 4577K, committed 4608K, reserved 1048576K
}
Event: 20.256 GC heap before
{Heap before GC invocations=13 (full 3):
 PSYoungGen      total 56320K, used 45568K [0x00000000e0000000, 0x00000000e4400000, 0x0000000100000000)
  eden space 45568K, 100% used [0x00000000e0000000,0x00000000e2c80000,0x00000000e2c80000)
  from space 10752K, 0% used [0x00000000e2c80000,0x00000000e2c80000,0x00000000e3700000)
  to   space 8192K, 0% used [0x00000000e3700000,0x00000000e3700000,0x00000000e3f00000)
 ParOldGen       total 51712K, used 16782K [0x00000000a0000000, 0x00000000a3280000, 0x00000000e0000000)
  object space 51712K, 32% used [0x00000000a0000000,0x00000000a1063a78,0x00000000a3280000)
 Metaspace       used 37252K, capacity 37802K, committed 38272K, reserved 1083392K
  class space    used 4757K, capacity 4911K, committed 4992K, reserved 1048576K
Event: 20.286 GC heap after
Heap after GC invocations=13 (full 3):
 PSYoungGen      total 53760K, used 8171K [0x00000000e0000000, 0x00000000e4400000, 0x0000000100000000)
  eden space 45568K, 0% used [0x00000000e0000000,0x00000000e0000000,0x00000000e2c80000)
  from space 8192K, 99% used [0x00000000e3700000,0x00000000e3efaf50,0x00000000e3f00000)
  to   space 10752K, 0% used [0x00000000e2c80000,0x00000000e2c80000,0x00000000e3700000)
 ParOldGen       total 51712K, used 21954K [0x00000000a0000000, 0x00000000a3280000, 0x00000000e0000000)
  object space 51712K, 42% used [0x00000000a0000000,0x00000000a1570ac0,0x00000000a3280000)
 Metaspace       used 37252K, capacity 37802K, committed 38272K, reserved 1083392K
  class space    used 4757K, capacity 4911K, committed 4992K, reserved 1048576K
}

Deoptimization events (10 events):
Event: 20.863 Thread 0x000000001a85f800 Uncommon trap: reason=class_check action=maybe_recompile pc=0x00000000056c3640 method=org.jetbrains.kotlin.storage.LockBasedStorageManager$LockBasedLazyValue.invoke()Ljava/lang/Object; @ 24
Event: 20.863 Thread 0x000000001a85f800 Uncommon trap: reason=class_check action=maybe_recompile pc=0x00000000056c3640 method=org.jetbrains.kotlin.storage.LockBasedStorageManager$LockBasedLazyValue.invoke()Ljava/lang/Object; @ 24
Event: 20.863 Thread 0x000000001a85f800 Uncommon trap: reason=class_check action=maybe_recompile pc=0x00000000056c3640 method=org.jetbrains.kotlin.storage.LockBasedStorageManager$LockBasedLazyValue.invoke()Ljava/lang/Object; @ 24
Event: 20.863 Thread 0x000000001a85f800 Uncommon trap: reason=class_check action=maybe_recompile pc=0x00000000056c3640 method=org.jetbrains.kotlin.storage.LockBasedStorageManager$LockBasedLazyValue.invoke()Ljava/lang/Object; @ 24
Event: 20.864 Thread 0x000000001a85f800 Uncommon trap: reason=class_check action=maybe_recompile pc=0x000000000569c4c0 method=org.jetbrains.kotlin.storage.LockBasedStorageManager$LockBasedLazyValue.invoke()Ljava/lang/Object; @ 24
Event: 21.668 Thread 0x000000001a85f800 Uncommon trap: reason=unstable_if action=reinterpret pc=0x00000000055ee800 method=java.util.regex.Pattern$Start.match(Ljava/util/regex/Matcher;ILjava/lang/CharSequence;)Z @ 10
Event: 22.303 Thread 0x000000001a85f800 Uncommon trap: reason=class_check action=maybe_recompile pc=0x0000000005935444 method=org.jetbrains.kotlin.incremental.UtilsKt.record(Lorg/jetbrains/kotlin/incremental/components/LookupTracker;Lorg/jetbrains/kotlin/incremental/components/LookupLocation;Lo
Event: 22.308 Thread 0x000000001a85f800 Uncommon trap: reason=class_check action=maybe_recompile pc=0x0000000005935444 method=org.jetbrains.kotlin.incremental.UtilsKt.record(Lorg/jetbrains/kotlin/incremental/components/LookupTracker;Lorg/jetbrains/kotlin/incremental/components/LookupLocation;Lo
Event: 22.308 Thread 0x000000001a85f800 Uncommon trap: reason=class_check action=maybe_recompile pc=0x0000000005935444 method=org.jetbrains.kotlin.incremental.UtilsKt.record(Lorg/jetbrains/kotlin/incremental/components/LookupTracker;Lorg/jetbrains/kotlin/incremental/components/LookupLocation;Lo
Event: 22.309 Thread 0x000000001a85f800 Uncommon trap: reason=class_check action=maybe_recompile pc=0x0000000005935444 method=org.jetbrains.kotlin.incremental.UtilsKt.record(Lorg/jetbrains/kotlin/incremental/components/LookupTracker;Lorg/jetbrains/kotlin/incremental/components/LookupLocation;Lo

Classes redefined (0 events):
No events

Internal exceptions (10 events):
Event: 8.266 Thread 0x000000001a85f800 Exception <a 'java/lang/ArrayIndexOutOfBoundsException'> (0x00000000e0858478) thrown at [D:\src\AOSP-openjdk-cygwin\jdk8u\hotspot\src\share\vm\runtime\sharedRuntime.cpp, line 605]
Event: 11.940 Thread 0x000000001a85f800 Exception <a 'java/lang/NoSuchMethodError': java.lang.Object.lambda$comparing$77a9974f$1(Ljava/util/function/Function;Ljava/lang/Object;Ljava/lang/Object;)I> (0x00000000e0654390) thrown at [D:\src\AOSP-openjdk-cygwin\jdk8u\hotspot\src\share\vm\interpreter
Event: 12.225 Thread 0x000000001a85f800 Exception <a 'java/lang/ArrayIndexOutOfBoundsException': 60> (0x00000000e0bf4498) thrown at [D:\src\AOSP-openjdk-cygwin\jdk8u\hotspot\src\share\vm\interpreter\interpreterRuntime.cpp, line 366]
Event: 12.476 Thread 0x000000001a85f800 Exception <a 'java/lang/NoSuchMethodError': java.lang.Object.lambda$static$0(I)[Lorg/jetbrains/kotlin/com/intellij/openapi/editor/event/DocumentListener;> (0x00000000e0621290) thrown at [D:\src\AOSP-openjdk-cygwin\jdk8u\hotspot\src\share\vm\interpreter\li
Event: 12.514 Thread 0x000000001a85f800 Exception <a 'java/lang/NoSuchMethodError': java.lang.Object.lambda$static$0(I)[Lorg/jetbrains/kotlin/com/intellij/psi/PsiAnnotation;> (0x00000000e07f9210) thrown at [D:\src\AOSP-openjdk-cygwin\jdk8u\hotspot\src\share\vm\interpreter\linkResolver.cpp, line
Event: 16.800 Thread 0x000000001a85f800 Exception <a 'java/lang/NoSuchMethodError': java.lang.Object.lambda$static$0(I)[Lorg/jetbrains/kotlin/psi/KtExpression;> (0x00000000e04b2c08) thrown at [D:\src\AOSP-openjdk-cygwin\jdk8u\hotspot\src\share\vm\interpreter\linkResolver.cpp, line 584]
Event: 16.970 Thread 0x000000001a85f800 Exception <a 'java/lang/NoSuchMethodError': java.lang.Object.lambda$static$0(I)[Lorg/jetbrains/kotlin/psi/KtDeclaration;> (0x00000000e073aec8) thrown at [D:\src\AOSP-openjdk-cygwin\jdk8u\hotspot\src\share\vm\interpreter\linkResolver.cpp, line 584]
Event: 16.989 Thread 0x000000001a85f800 Exception <a 'java/lang/NoSuchMethodError': java.lang.Object.lambda$static$0(I)[Lorg/jetbrains/kotlin/com/intellij/psi/PsiElement;> (0x00000000e07c4150) thrown at [D:\src\AOSP-openjdk-cygwin\jdk8u\hotspot\src\share\vm\interpreter\linkResolver.cpp, line 58
Event: 17.016 Thread 0x000000001a85f800 Exception <a 'java/lang/NoSuchMethodError': java.lang.Object.lambda$static$0(I)[Lorg/jetbrains/kotlin/psi/KtTypeElement;> (0x00000000e08856e0) thrown at [D:\src\AOSP-openjdk-cygwin\jdk8u\hotspot\src\share\vm\interpreter\linkResolver.cpp, line 584]
Event: 17.879 Thread 0x000000001a85f800 Exception <a 'java/lang/NoSuchMethodError': java.lang.Object.lambda$static$0(I)[Lorg/jetbrains/kotlin/com/intellij/psi/PsiClass;> (0x00000000e0180168) thrown at [D:\src\AOSP-openjdk-cygwin\jdk8u\hotspot\src\share\vm\interpreter\linkResolver.cpp, line 584]

Events (10 events):
Event: 22.352 loading class org/jetbrains/kotlin/name/FqNameUnsafe
Event: 22.352 loading class org/jetbrains/kotlin/name/FqNameUnsafe done
Event: 22.352 loading class org/jetbrains/kotlin/types/KotlinTypeFactory
Event: 22.352 loading class org/jetbrains/kotlin/types/KotlinTypeFactory done
Event: 22.352 loading class org/jetbrains/kotlin/resolve/scopes/receivers/ExtensionReceiver
Event: 22.352 loading class org/jetbrains/kotlin/resolve/scopes/receivers/ExtensionReceiver done
Event: 22.353 loading class org/jetbrains/kotlin/descriptors/impl/PropertyGetterDescriptorImpl
Event: 22.353 loading class org/jetbrains/kotlin/descriptors/impl/PropertyGetterDescriptorImpl done
Event: 22.492 Executing VM operation: RevokeBias
Event: 22.492 Executing VM operation: RevokeBias done


Dynamic libraries:
0x00007ff69dff0000 - 0x00007ff69e021000 	C:\Program Files\Android\Android Studio\jre\jre\bin\java.exe
0x00007ff994340000 - 0x00007ff994520000 	C:\WINDOWS\SYSTEM32\ntdll.dll
0x00007ff991e50000 - 0x00007ff991efe000 	C:\WINDOWS\System32\KERNEL32.DLL
0x00007ff9911a0000 - 0x00007ff991406000 	C:\WINDOWS\System32\KERNELBASE.dll
0x00007ff9920d0000 - 0x00007ff992171000 	C:\WINDOWS\System32\ADVAPI32.dll
0x00007ff994080000 - 0x00007ff99411d000 	C:\WINDOWS\System32\msvcrt.dll
0x00007ff9941a0000 - 0x00007ff9941fb000 	C:\WINDOWS\System32\sechost.dll
0x00007ff993760000 - 0x00007ff99387f000 	C:\WINDOWS\System32\RPCRT4.dll
0x00007ff9919a0000 - 0x00007ff991b2f000 	C:\WINDOWS\System32\USER32.dll
0x00007ff990fe0000 - 0x00007ff991000000 	C:\WINDOWS\System32\win32u.dll
0x00007ff994200000 - 0x00007ff994228000 	C:\WINDOWS\System32\GDI32.dll
0x00007ff991000000 - 0x00007ff991193000 	C:\WINDOWS\System32\gdi32full.dll
0x00007ff990f40000 - 0x00007ff990fdb000 	C:\WINDOWS\System32\msvcp_win.dll
0x00007ff991540000 - 0x00007ff991636000 	C:\WINDOWS\System32\ucrtbase.dll
0x00007ff9838e0000 - 0x00007ff983b49000 	C:\WINDOWS\WinSxS\amd64_microsoft.windows.common-controls_6595b64144ccf1df_6.0.16299.192_none_15c8cdae9364c23b\COMCTL32.dll
0x00007ff993cd0000 - 0x00007ff993fd8000 	C:\WINDOWS\System32\combase.dll
0x00007ff9914c0000 - 0x00007ff991532000 	C:\WINDOWS\System32\bcryptPrimitives.dll
0x00007ff991f00000 - 0x00007ff991f2d000 	C:\WINDOWS\System32\IMM32.DLL
0x0000000053c00000 - 0x0000000053cd2000 	C:\Program Files\Android\Android Studio\jre\jre\bin\msvcr100.dll
0x0000000053ce0000 - 0x000000005451e000 	C:\Program Files\Android\Android Studio\jre\jre\bin\server\jvm.dll
0x00007ff9920b0000 - 0x00007ff9920b8000 	C:\WINDOWS\System32\PSAPI.DLL
0x00007ff983780000 - 0x00007ff983789000 	C:\WINDOWS\SYSTEM32\WSOCK32.dll
0x00007ff98e650000 - 0x00007ff98e673000 	C:\WINDOWS\SYSTEM32\WINMM.dll
0x00007ff984c90000 - 0x00007ff984c9a000 	C:\WINDOWS\SYSTEM32\VERSION.dll
0x00007ff992040000 - 0x00007ff9920ac000 	C:\WINDOWS\System32\WS2_32.dll
0x00007ff98e620000 - 0x00007ff98e64a000 	C:\WINDOWS\SYSTEM32\winmmbase.dll
0x00007ff991470000 - 0x00007ff9914ba000 	C:\WINDOWS\System32\cfgmgr32.dll
0x00007ff983730000 - 0x00007ff98373f000 	C:\Program Files\Android\Android Studio\jre\jre\bin\verify.dll
0x00007ff97e070000 - 0x00007ff97e099000 	C:\Program Files\Android\Android Studio\jre\jre\bin\java.dll
0x00007ff97df20000 - 0x00007ff97df36000 	C:\Program Files\Android\Android Studio\jre\jre\bin\zip.dll
0x00007ff992320000 - 0x00007ff993756000 	C:\WINDOWS\System32\SHELL32.dll
0x00007ff9918f0000 - 0x00007ff991996000 	C:\WINDOWS\System32\shcore.dll
0x00007ff990740000 - 0x00007ff990e87000 	C:\WINDOWS\System32\windows.storage.dll
0x00007ff991890000 - 0x00007ff9918e1000 	C:\WINDOWS\System32\shlwapi.dll
0x00007ff990690000 - 0x00007ff9906a1000 	C:\WINDOWS\System32\kernel.appcore.dll
0x00007ff9906f0000 - 0x00007ff99073c000 	C:\WINDOWS\System32\powrprof.dll
0x00007ff9906d0000 - 0x00007ff9906eb000 	C:\WINDOWS\System32\profapi.dll
0x00007ff98cb50000 - 0x00007ff98cb5d000 	C:\Program Files\Android\Android Studio\jre\jre\bin\management.dll
0x00007ff97df00000 - 0x00007ff97df1a000 	C:\Program Files\Android\Android Studio\jre\jre\bin\net.dll
0x00007ff98fec0000 - 0x00007ff98ff26000 	C:\WINDOWS\system32\mswsock.dll
0x00007ff97de30000 - 0x00007ff97de41000 	C:\Program Files\Android\Android Studio\jre\jre\bin\nio.dll
0x00007ff990090000 - 0x00007ff9900a7000 	C:\WINDOWS\SYSTEM32\CRYPTSP.dll
0x00007ff98fad0000 - 0x00007ff98fb03000 	C:\WINDOWS\system32\rsaenh.dll
0x00007ff990190000 - 0x00007ff9901b5000 	C:\WINDOWS\SYSTEM32\bcrypt.dll
0x00007ff990590000 - 0x00007ff9905b9000 	C:\WINDOWS\SYSTEM32\USERENV.dll
0x00007ff990080000 - 0x00007ff99008b000 	C:\WINDOWS\SYSTEM32\CRYPTBASE.dll
0x00007ff98fc50000 - 0x00007ff98fc89000 	C:\WINDOWS\SYSTEM32\IPHLPAPI.DLL
0x00007ff9920c0000 - 0x00007ff9920c8000 	C:\WINDOWS\System32\NSI.dll
0x00007ff98a930000 - 0x00007ff98a946000 	C:\WINDOWS\SYSTEM32\dhcpcsvc6.DLL
0x00007ff98a910000 - 0x00007ff98a92a000 	C:\WINDOWS\SYSTEM32\dhcpcsvc.DLL

VM Arguments:
jvm_args: -Djava.awt.headless=true -Djava.rmi.server.hostname=localhost -Xmx1536m -Dkotlin.environment.keepalive 
java_command: org.jetbrains.kotlin.daemon.KotlinCompileDaemon --daemon-runFilesPath C:\Users\Kent\AppData\Local\kotlin\daemon --daemon-autoshutdownIdleSeconds=7200 --daemon-compilerClasspath C:\Users\Kent\.gradle\caches\modules-2\files-2.1\org.jetbrains.kotlin\kotlin-compiler-embeddable\1.2.21\39456b64a42dc359e385697e2e93b5cba52e197f\kotlin-compiler-embeddable-1.2.21.jar;C:\Users\Kent\.gradle\caches\modules-2\files-2.1\org.jetbrains.kotlin\kotlin-stdlib\1.2.21\d64187eb2d9d1521be3421aa8c6774a8625cdde8\kotlin-stdlib-1.2.21.jar;C:\Users\Kent\.gradle\caches\modules-2\files-2.1\org.jetbrains.kotlin\kotlin-script-runtime\1.2.21\40c37b171146be48a989ab74b937b17a96d28d87\kotlin-script-runtime-1.2.21.jar;C:\Users\Kent\.gradle\caches\modules-2\files-2.1\org.jetbrains.kotlin\kotlin-reflect\1.2.21\3159ff5936aa570a90050d385cb717fbb6c1723a\kotlin-reflect-1.2.21.jar;C:\Program Files\Android\Android Studio\jre\lib\tools.jar
java_class_path (initial): C:\Users\Kent\.gradle\caches\modules-2\files-2.1\org.jetbrains.kotlin\kotlin-compiler-embeddable\1.2.21\39456b64a42dc359e385697e2e93b5cba52e197f\kotlin-compiler-embeddable-1.2.21.jar;C:\Users\Kent\.gradle\caches\modules-2\files-2.1\org.jetbrains.kotlin\kotlin-stdlib\1.2.21\d64187eb2d9d1521be3421aa8c6774a8625cdde8\kotlin-stdlib-1.2.21.jar;C:\Users\Kent\.gradle\caches\modules-2\files-2.1\org.jetbrains.kotlin\kotlin-script-runtime\1.2.21\40c37b171146be48a989ab74b937b17a96d28d87\kotlin-script-runtime-1.2.21.jar;C:\Users\Kent\.gradle\caches\modules-2\files-2.1\org.jetbrains.kotlin\kotlin-reflect\1.2.21\3159ff5936aa570a90050d385cb717fbb6c1723a\kotlin-reflect-1.2.21.jar;C:\Program Files\Android\Android Studio\jre\lib\tools.jar
Launcher Type: SUN_STANDARD

Environment Variables:
PATH=C:\WINDOWS\system32;C:\WINDOWS;C:\WINDOWS\System32\Wbem;C:\WINDOWS\System32\WindowsPowerShell\v1.0\;C:\Program Files\Git\cmd;C:\Users\Kent\AppData\Local\Microsoft\WindowsApps;
USERNAME=Kent
OS=Windows_NT
PROCESSOR_IDENTIFIER=Intel64 Family 6 Model 37 Stepping 5, GenuineIntel



---------------  S Y S T E M  ---------------

OS: Windows 10.0 , 64 bit Build 16299 (10.0.16299.15)

CPU:total 4 (initial active 4) (2 cores per cpu, 2 threads per core) family 6 model 37 stepping 5, cmov, cx8, fxsr, mmx, sse, sse2, sse3, ssse3, sse4.1, sse4.2, popcnt, ht, tsc, tscinvbit

Memory: 4k page, physical 3848288k(1198440k free), swap 5246048k(392k free)

vm_info: OpenJDK 64-Bit Server VM (25.152-b01) for windows-amd64 JRE (1.8.0_152-release-915-b01), built by "builder" with MS VC++ 10.0 (VS2010)

time: Wed Mar 14 10:35:43 2018
elapsed time: 22 seconds (0d 0h 0m 22s)

