#
# There is insufficient memory for the Java Runtime Environment to continue.
# Native memory allocation (malloc) failed to allocate 32744 bytes for ChunkPool::allocate
# Possible reasons:
#   The system is out of physical RAM or swap space
#   In 32 bit mode, the process size limit was hit
# Possible solutions:
#   Reduce memory load on the system
#   Increase physical memory or swap space
#   Check if swap backing store is full
#   Use 64 bit Java on a 64 bit OS
#   Decrease Java heap size (-Xmx/-Xms)
#   Decrease number of Java threads
#   Decrease Java thread stack sizes (-Xss)
#   Set larger code cache with -XX:ReservedCodeCacheSize=
# This output file may be truncated or incomplete.
#
#  Out of Memory Error (allocation.cpp:273), pid=1884, tid=0x00000000000005dc
#
# JRE version: OpenJDK Runtime Environment (8.0_152-b01) (build 1.8.0_152-release-915-b01)
# Java VM: OpenJDK 64-Bit Server VM (25.152-b01 mixed mode windows-amd64 compressed oops)
# Failed to write core dump. Minidumps are not enabled by default on client versions of Windows
#

---------------  T H R E A D  ---------------

Current thread (0x0000000017408800):  JavaThread "C1 CompilerThread2" daemon [_thread_in_native, id=1500, stack(0x0000000018c40000,0x0000000018d40000)]

Stack: [0x0000000018c40000,0x0000000018d40000]
[error occurred during error reporting (printing stack bounds), id 0xc0000005]

Native frames: (J=compiled Java code, j=interpreted, Vv=VM code, C=native code)


Current CompileTask:
C1:   7825 4463       2       java.lang.invoke.DirectMethodHandle::maybeCompile (18 bytes)


---------------  P R O C E S S  ---------------

Java Threads: ( => current thread )
  0x000000001745b800 JavaThread "Service Thread" daemon [_thread_blocked, id=4428, stack(0x0000000019140000,0x0000000019240000)]
=>0x0000000017408800 JavaThread "C1 CompilerThread2" daemon [_thread_in_native, id=1500, stack(0x0000000018c40000,0x0000000018d40000)]
  0x0000000017400800 JavaThread "C2 CompilerThread1" daemon [_thread_in_native, id=3452, stack(0x0000000018b40000,0x0000000018c40000)]
  0x00000000173fd800 JavaThread "C2 CompilerThread0" daemon [_thread_in_native, id=2068, stack(0x0000000018a40000,0x0000000018b40000)]
  0x00000000173fc000 JavaThread "Attach Listener" daemon [_thread_blocked, id=6452, stack(0x0000000018940000,0x0000000018a40000)]
  0x00000000173fa800 JavaThread "Signal Dispatcher" daemon [_thread_blocked, id=2820, stack(0x0000000018840000,0x0000000018940000)]
  0x000000000503e000 JavaThread "Finalizer" daemon [_thread_blocked, id=6160, stack(0x0000000018650000,0x0000000018750000)]
  0x00000000173c7800 JavaThread "Reference Handler" daemon [_thread_blocked, id=8040, stack(0x0000000018550000,0x0000000018650000)]
  0x0000000004f44000 JavaThread "main" [_thread_in_vm, id=5512, stack(0x0000000004e40000,0x0000000004f40000)]

Other Threads:
  0x00000000173c4800 VMThread [stack: 0x0000000018450000,0x0000000018550000] [id=6424]
  0x000000001745c800 WatcherThread [stack: 0x0000000019240000,0x0000000019340000] [id=1200]

VM state:not at safepoint (normal execution)

VM Mutex/Monitor currently owned by a thread: None

Heap:
 PSYoungGen      total 69120K, used 31180K [0x00000000ec700000, 0x00000000f1e80000, 0x0000000100000000)
  eden space 58368K, 53% used [0x00000000ec700000,0x00000000ee573010,0x00000000f0000000)
  from space 10752K, 0% used [0x00000000f0000000,0x00000000f0000000,0x00000000f0a80000)
  to   space 13824K, 0% used [0x00000000f1100000,0x00000000f1100000,0x00000000f1e80000)
 ParOldGen       total 42496K, used 29891K [0x00000000c5400000, 0x00000000c7d80000, 0x00000000ec700000)
  object space 42496K, 70% used [0x00000000c5400000,0x00000000c7130ed0,0x00000000c7d80000)
 Metaspace       used 38593K, capacity 39154K, committed 39720K, reserved 1083392K
  class space    used 4950K, capacity 5099K, committed 5168K, reserved 1048576K

Card table byte_map: [0x0000000014400000,0x00000000145e0000] byte_map_base: 0x0000000013dd6000

Marking Bits: (ParMarkBitMap*) 0x00000000544a3950
 Begin Bits: [0x0000000014b20000, 0x00000000159d0000)
 End Bits:   [0x00000000159d0000, 0x0000000016880000)

Polling page: 0x0000000003530000

CodeCache: size=245760Kb used=13916Kb max_used=13916Kb free=231843Kb
 bounds [0x0000000005040000, 0x0000000005df0000, 0x0000000014040000]
 total_blobs=4860 nmethods=4425 adapters=348
 compilation: enabled

Compilation events (10 events):
Event: 7.726 Thread 0x0000000017408800 nmethod 4458 0x0000000005dd8ed0 code [0x0000000005dd9100, 0x0000000005dd95d8]
Event: 7.792 Thread 0x0000000017408800 4459       2       org.jetbrains.org.objectweb.asm.ClassReader::readMethod (1117 bytes)
Event: 7.799 Thread 0x0000000017408800 nmethod 4459 0x0000000005dd9a50 code [0x0000000005dd9ee0, 0x0000000005ddc668]
Event: 7.799 Thread 0x0000000017408800 4460       2       org.jetbrains.kotlin.com.intellij.util.containers.ConcurrentIntObjectHashMap$Node::<init> (26 bytes)
Event: 7.799 Thread 0x0000000017408800 nmethod 4460 0x0000000005ddf510 code [0x0000000005ddf660, 0x0000000005ddf7f0]
Event: 7.814 Thread 0x0000000017408800 4461       2       org.jetbrains.kotlin.gnu.trove.THash::setUp (21 bytes)
Event: 7.814 Thread 0x0000000017408800 nmethod 4461 0x0000000005ddf890 code [0x0000000005ddfa00, 0x0000000005ddfc18]
Event: 7.816 Thread 0x0000000017408800 4462       2       org.jetbrains.kotlin.resolve.SupertypeLoopCheckerImpl$findLoopsInSupertypesAndDisconnect$graph$1::getNeighbors (12 bytes)
Event: 7.816 Thread 0x0000000017408800 nmethod 4462 0x0000000005ddfd50 code [0x0000000005ddfec0, 0x0000000005de0088]
Event: 7.820 Thread 0x0000000017408800 4463       2       java.lang.invoke.DirectMethodHandle::maybeCompile (18 bytes)

GC Heap History (10 events):
Event: 3.493 GC heap before
{Heap before GC invocations=7 (full 1):
 PSYoungGen      total 33280K, used 30720K [0x00000000ec700000, 0x00000000f1600000, 0x0000000100000000)
  eden space 30720K, 100% used [0x00000000ec700000,0x00000000ee500000,0x00000000ee500000)
  from space 2560K, 0% used [0x00000000ee500000,0x00000000ee500000,0x00000000ee780000)
  to   space 9728K, 0% used [0x00000000f0c80000,0x00000000f0c80000,0x00000000f1600000)
 ParOldGen       total 42496K, used 10589K [0x00000000c5400000, 0x00000000c7d80000, 0x00000000ec700000)
  object space 42496K, 24% used [0x00000000c5400000,0x00000000c5e57628,0x00000000c7d80000)
 Metaspace       used 25698K, capacity 26010K, committed 26544K, reserved 1073152K
  class space    used 3319K, capacity 3435K, committed 3504K, reserved 1048576K
Event: 3.514 GC heap after
Heap after GC invocations=7 (full 1):
 PSYoungGen      total 52736K, used 8684K [0x00000000ec700000, 0x00000000f1500000, 0x0000000100000000)
  eden space 44032K, 0% used [0x00000000ec700000,0x00000000ec700000,0x00000000ef200000)
  from space 8704K, 99% used [0x00000000f0c80000,0x00000000f14fb168,0x00000000f1500000)
  to   space 10752K, 0% used [0x00000000f0000000,0x00000000f0000000,0x00000000f0a80000)
 ParOldGen       total 42496K, used 10597K [0x00000000c5400000, 0x00000000c7d80000, 0x00000000ec700000)
  object space 42496K, 24% used [0x00000000c5400000,0x00000000c5e59628,0x00000000c7d80000)
 Metaspace       used 25698K, capacity 26010K, committed 26544K, reserved 1073152K
  class space    used 3319K, capacity 3435K, committed 3504K, reserved 1048576K
}
Event: 4.936 GC heap before
{Heap before GC invocations=8 (full 1):
 PSYoungGen      total 52736K, used 52716K [0x00000000ec700000, 0x00000000f1500000, 0x0000000100000000)
  eden space 44032K, 100% used [0x00000000ec700000,0x00000000ef200000,0x00000000ef200000)
  from space 8704K, 99% used [0x00000000f0c80000,0x00000000f14fb168,0x00000000f1500000)
  to   space 10752K, 0% used [0x00000000f0000000,0x00000000f0000000,0x00000000f0a80000)
 ParOldGen       total 42496K, used 10597K [0x00000000c5400000, 0x00000000c7d80000, 0x00000000ec700000)
  object space 42496K, 24% used [0x00000000c5400000,0x00000000c5e59628,0x00000000c7d80000)
 Metaspace       used 31835K, capacity 32304K, committed 32688K, reserved 1077248K
  class space    used 4102K, capacity 4238K, committed 4272K, reserved 1048576K
Event: 4.959 GC heap after
Heap after GC invocations=8 (full 1):
 PSYoungGen      total 69120K, used 10720K [0x00000000ec700000, 0x00000000f1e80000, 0x0000000100000000)
  eden space 58368K, 0% used [0x00000000ec700000,0x00000000ec700000,0x00000000f0000000)
  from space 10752K, 99% used [0x00000000f0000000,0x00000000f0a783b8,0x00000000f0a80000)
  to   space 13824K, 0% used [0x00000000f1100000,0x00000000f1100000,0x00000000f1e80000)
 ParOldGen       total 42496K, used 13769K [0x00000000c5400000, 0x00000000c7d80000, 0x00000000ec700000)
  object space 42496K, 32% used [0x00000000c5400000,0x00000000c6172548,0x00000000c7d80000)
 Metaspace       used 31835K, capacity 32304K, committed 32688K, reserved 1077248K
  class space    used 4102K, capacity 4238K, committed 4272K, reserved 1048576K
}
Event: 6.383 GC heap before
{Heap before GC invocations=9 (full 1):
 PSYoungGen      total 69120K, used 69088K [0x00000000ec700000, 0x00000000f1e80000, 0x0000000100000000)
  eden space 58368K, 100% used [0x00000000ec700000,0x00000000f0000000,0x00000000f0000000)
  from space 10752K, 99% used [0x00000000f0000000,0x00000000f0a783b8,0x00000000f0a80000)
  to   space 13824K, 0% used [0x00000000f1100000,0x00000000f1100000,0x00000000f1e80000)
 ParOldGen       total 42496K, used 13769K [0x00000000c5400000, 0x00000000c7d80000, 0x00000000ec700000)
  object space 42496K, 32% used [0x00000000c5400000,0x00000000c6172548,0x00000000c7d80000)
 Metaspace       used 34560K, capacity 35052K, committed 35496K, reserved 1081344K
  class space    used 4341K, capacity 4480K, committed 4528K, reserved 1048576K
Event: 6.422 GC heap after
Heap after GC invocations=9 (full 1):
 PSYoungGen      total 72192K, used 13809K [0x00000000ec700000, 0x00000000f1e80000, 0x0000000100000000)
  eden space 58368K, 0% used [0x00000000ec700000,0x00000000ec700000,0x00000000f0000000)
  from space 13824K, 99% used [0x00000000f1100000,0x00000000f1e7c5d0,0x00000000f1e80000)
  to   space 10752K, 0% used [0x00000000f0000000,0x00000000f0000000,0x00000000f0a80000)
 ParOldGen       total 42496K, used 22077K [0x00000000c5400000, 0x00000000c7d80000, 0x00000000ec700000)
  object space 42496K, 51% used [0x00000000c5400000,0x00000000c698f5f8,0x00000000c7d80000)
 Metaspace       used 34560K, capacity 35052K, committed 35496K, reserved 1081344K
  class space    used 4341K, capacity 4480K, committed 4528K, reserved 1048576K
}
Event: 6.527 GC heap before
{Heap before GC invocations=10 (full 1):
 PSYoungGen      total 72192K, used 18486K [0x00000000ec700000, 0x00000000f1e80000, 0x0000000100000000)
  eden space 58368K, 8% used [0x00000000ec700000,0x00000000ecb913f0,0x00000000f0000000)
  from space 13824K, 99% used [0x00000000f1100000,0x00000000f1e7c5d0,0x00000000f1e80000)
  to   space 10752K, 0% used [0x00000000f0000000,0x00000000f0000000,0x00000000f0a80000)
 ParOldGen       total 42496K, used 22077K [0x00000000c5400000, 0x00000000c7d80000, 0x00000000ec700000)
  object space 42496K, 51% used [0x00000000c5400000,0x00000000c698f5f8,0x00000000c7d80000)
 Metaspace       used 34587K, capacity 35052K, committed 35496K, reserved 1081344K
  class space    used 4343K, capacity 4480K, committed 4528K, reserved 1048576K
Event: 6.557 GC heap after
Heap after GC invocations=10 (full 1):
 PSYoungGen      total 69120K, used 10728K [0x00000000ec700000, 0x00000000f1e80000, 0x0000000100000000)
  eden space 58368K, 0% used [0x00000000ec700000,0x00000000ec700000,0x00000000f0000000)
  from space 10752K, 99% used [0x00000000f0000000,0x00000000f0a7a010,0x00000000f0a80000)
  to   space 13824K, 0% used [0x00000000f1100000,0x00000000f1100000,0x00000000f1e80000)
 ParOldGen       total 42496K, used 26009K [0x00000000c5400000, 0x00000000c7d80000, 0x00000000ec700000)
  object space 42496K, 61% used [0x00000000c5400000,0x00000000c6d66680,0x00000000c7d80000)
 Metaspace       used 34587K, capacity 35052K, committed 35496K, reserved 1081344K
  class space    used 4343K, capacity 4480K, committed 4528K, reserved 1048576K
}
Event: 6.557 GC heap before
{Heap before GC invocations=11 (full 2):
 PSYoungGen      total 69120K, used 10728K [0x00000000ec700000, 0x00000000f1e80000, 0x0000000100000000)
  eden space 58368K, 0% used [0x00000000ec700000,0x00000000ec700000,0x00000000f0000000)
  from space 10752K, 99% used [0x00000000f0000000,0x00000000f0a7a010,0x00000000f0a80000)
  to   space 13824K, 0% used [0x00000000f1100000,0x00000000f1100000,0x00000000f1e80000)
 ParOldGen       total 42496K, used 26009K [0x00000000c5400000, 0x00000000c7d80000, 0x00000000ec700000)
  object space 42496K, 61% used [0x00000000c5400000,0x00000000c6d66680,0x00000000c7d80000)
 Metaspace       used 34587K, capacity 35052K, committed 35496K, reserved 1081344K
  class space    used 4343K, capacity 4480K, committed 4528K, reserved 1048576K
Event: 6.769 GC heap after
Heap after GC invocations=11 (full 2):
 PSYoungGen      total 69120K, used 0K [0x00000000ec700000, 0x00000000f1e80000, 0x0000000100000000)
  eden space 58368K, 0% used [0x00000000ec700000,0x00000000ec700000,0x00000000f0000000)
  from space 10752K, 0% used [0x00000000f0000000,0x00000000f0000000,0x00000000f0a80000)
  to   space 13824K, 0% used [0x00000000f1100000,0x00000000f1100000,0x00000000f1e80000)
 ParOldGen       total 42496K, used 29891K [0x00000000c5400000, 0x00000000c7d80000, 0x00000000ec700000)
  object space 42496K, 70% used [0x00000000c5400000,0x00000000c7130ed0,0x00000000c7d80000)
 Metaspace       used 34587K, capacity 35052K, committed 35496K, reserved 1081344K
  class space    used 4343K, capacity 4480K, committed 4528K, reserved 1048576K
}

Deoptimization events (10 events):
Event: 6.891 Thread 0x0000000004f44000 Uncommon trap: reason=class_check action=maybe_recompile pc=0x0000000005c0415c method=org.jetbrains.kotlin.load.java.lazy.descriptors.LazyJavaScope.getFunctionNamesLazy()Ljava/util/Set; @ 13
Event: 6.891 Thread 0x0000000004f44000 Uncommon trap: reason=class_check action=maybe_recompile pc=0x0000000005c0415c method=org.jetbrains.kotlin.load.java.lazy.descriptors.LazyJavaScope.getFunctionNamesLazy()Ljava/util/Set; @ 13
Event: 7.091 Thread 0x0000000004f44000 Uncommon trap: reason=unstable_if action=reinterpret pc=0x00000000056bd5b0 method=org.jetbrains.kotlin.com.intellij.psi.tree.TokenSet.contains(Lorg/jetbrains/kotlin/com/intellij/psi/tree/IElementType;)Z @ 1
Event: 7.155 Thread 0x0000000004f44000 Uncommon trap: reason=unstable_if action=reinterpret pc=0x0000000005c2b2c8 method=org.jetbrains.kotlin.resolve.DescriptorUtils.getFqNameSafeIfPossible(Lorg/jetbrains/kotlin/descriptors/DeclarationDescriptor;)Lorg/jetbrains/kotlin/name/FqName; @ 4
Event: 7.155 Thread 0x0000000004f44000 Uncommon trap: reason=unstable_if action=reinterpret pc=0x0000000005b91ddc method=org.jetbrains.kotlin.name.FqNameUnsafe.child(Lorg/jetbrains/kotlin/name/Name;)Lorg/jetbrains/kotlin/name/FqNameUnsafe; @ 4
Event: 7.396 Thread 0x0000000004f44000 Uncommon trap: reason=unstable_if action=reinterpret pc=0x0000000005d24c7c method=org.jetbrains.kotlin.com.intellij.psi.tree.TokenSet.get(I)Z @ 11
Event: 7.461 Thread 0x0000000004f44000 Uncommon trap: reason=unstable_if action=reinterpret pc=0x0000000005d3ec38 method=org.jetbrains.kotlin.com.intellij.lang.impl.PsiBuilderImpl.skipWhitespace()V @ 8
Event: 7.461 Thread 0x0000000004f44000 Uncommon trap: reason=unstable_if action=reinterpret pc=0x0000000005d40044 method=org.jetbrains.kotlin.com.intellij.lang.impl.PsiBuilderImpl.eof()Z @ 24
Event: 7.461 Thread 0x0000000004f44000 Uncommon trap: reason=unstable_if action=reinterpret pc=0x0000000005d3a40c method=org.jetbrains.kotlin.com.intellij.lang.impl.PsiBuilderImpl.eof()Z @ 24
Event: 7.774 Thread 0x0000000004f44000 Uncommon trap: reason=unstable_if action=reinterpret pc=0x0000000005ce4a38 method=org.jetbrains.org.objectweb.asm.ClassReader.readMethod(Lorg/jetbrains/org/objectweb/asm/ClassVisitor;Lorg/jetbrains/org/objectweb/asm/Context;I)I @ 126

Classes redefined (0 events):
No events

Internal exceptions (10 events):
Event: 4.072 Thread 0x0000000004f44000 Exception <a 'java/lang/NoSuchMethodError': java.lang.Object.lambda$static$0(I)[Lorg/jetbrains/kotlin/psi/KtExpression;> (0x00000000ed2532b8) thrown at [D:\src\AOSP-openjdk-cygwin\jdk8u\hotspot\src\share\vm\interpreter\linkResolver.cpp, line 584]
Event: 4.191 Thread 0x0000000004f44000 Exception <a 'java/lang/NoSuchMethodError': java.lang.Object.lambda$static$0(I)[Lorg/jetbrains/kotlin/psi/KtDeclaration;> (0x00000000ed5272e0) thrown at [D:\src\AOSP-openjdk-cygwin\jdk8u\hotspot\src\share\vm\interpreter\linkResolver.cpp, line 584]
Event: 4.216 Thread 0x0000000004f44000 Exception <a 'java/lang/NoSuchMethodError': java.lang.Object.lambda$static$0(I)[Lorg/jetbrains/kotlin/com/intellij/psi/PsiElement;> (0x00000000ed5c89c8) thrown at [D:\src\AOSP-openjdk-cygwin\jdk8u\hotspot\src\share\vm\interpreter\linkResolver.cpp, line 58
Event: 4.248 Thread 0x0000000004f44000 Exception <a 'java/lang/NoSuchMethodError': java.lang.Object.lambda$static$0(I)[Lorg/jetbrains/kotlin/psi/KtTypeElement;> (0x00000000ed698000) thrown at [D:\src\AOSP-openjdk-cygwin\jdk8u\hotspot\src\share\vm\interpreter\linkResolver.cpp, line 584]
Event: 4.668 Thread 0x0000000004f44000 Exception <a 'java/lang/NoSuchMethodError': java.lang.Object.lambda$static$0(I)[Lorg/jetbrains/kotlin/com/intellij/psi/PsiClass;> (0x00000000ee5a7eb8) thrown at [D:\src\AOSP-openjdk-cygwin\jdk8u\hotspot\src\share\vm\interpreter\linkResolver.cpp, line 584]
Event: 7.091 Thread 0x0000000004f44000 Implicit null exception at 0x00000000056bd50c to 0x00000000056bd59d
Event: 7.659 Thread 0x0000000004f44000 Exception <a 'java/lang/NoSuchMethodError': java.lang.Object.lambda$static$0(I)[Lorg/jetbrains/kotlin/com/intellij/psi/PsiTypeParameter;> (0x00000000ee129720) thrown at [D:\src\AOSP-openjdk-cygwin\jdk8u\hotspot\src\share\vm\interpreter\linkResolver.cpp, l
Event: 7.680 Thread 0x0000000004f44000 Exception <a 'java/lang/NoSuchMethodError': java.lang.Object.lambda$static$0(I)[Lorg/jetbrains/kotlin/com/intellij/psi/PsiMethod;> (0x00000000ee18d1d0) thrown at [D:\src\AOSP-openjdk-cygwin\jdk8u\hotspot\src\share\vm\interpreter\linkResolver.cpp, line 584
Event: 7.683 Thread 0x0000000004f44000 Exception <a 'java/lang/NoSuchMethodError': java.lang.Object.lambda$static$0(I)[Lorg/jetbrains/kotlin/com/intellij/psi/PsiField;> (0x00000000ee197d00) thrown at [D:\src\AOSP-openjdk-cygwin\jdk8u\hotspot\src\share\vm\interpreter\linkResolver.cpp, line 584]
Event: 7.720 Thread 0x0000000004f44000 Exception <a 'java/lang/NoSuchMethodError': java.lang.Object.lambda$static$0(I)[Lorg/jetbrains/kotlin/com/intellij/psi/PsiJavaCodeReferenceElement;> (0x00000000ee270880) thrown at [D:\src\AOSP-openjdk-cygwin\jdk8u\hotspot\src\share\vm\interpreter\linkReso

Events (10 events):
Event: 7.817 loading class org/jetbrains/kotlin/com/intellij/psi/impl/source/tree/JavaSharedImplUtil
Event: 7.817 loading class org/jetbrains/kotlin/com/intellij/psi/impl/source/tree/JavaSharedImplUtil done
Event: 7.818 loading class org/jetbrains/kotlin/com/intellij/psi/PsiDisjunctionType
Event: 7.818 loading class org/jetbrains/kotlin/com/intellij/psi/PsiDisjunctionType done
Event: 7.819 loading class org/jetbrains/kotlin/com/intellij/psi/util/CachedValueProvider$Result
Event: 7.819 loading class org/jetbrains/kotlin/com/intellij/psi/util/CachedValueProvider$Result done
Event: 7.819 loading class org/jetbrains/kotlin/com/intellij/psi/util/CachedValueProvider$Result
Event: 7.819 loading class org/jetbrains/kotlin/com/intellij/psi/util/CachedValueProvider$Result done
Event: 7.820 loading class org/jetbrains/kotlin/com/intellij/psi/impl/source/PsiTypeElementImpl
Event: 7.820 loading class org/jetbrains/kotlin/com/intellij/psi/impl/source/PsiTypeElementImpl done


Dynamic libraries:
0x00007ff69dff0000 - 0x00007ff69e021000 	C:\Program Files\Android\Android Studio\jre\jre\bin\java.exe
0x00007ff994340000 - 0x00007ff994520000 	C:\WINDOWS\SYSTEM32\ntdll.dll
0x00007ff991e50000 - 0x00007ff991efe000 	C:\WINDOWS\System32\KERNEL32.DLL
0x00007ff9911a0000 - 0x00007ff991406000 	C:\WINDOWS\System32\KERNELBASE.dll
0x00007ff9920d0000 - 0x00007ff992171000 	C:\WINDOWS\System32\ADVAPI32.dll
0x00007ff994080000 - 0x00007ff99411d000 	C:\WINDOWS\System32\msvcrt.dll
0x00007ff9941a0000 - 0x00007ff9941fb000 	C:\WINDOWS\System32\sechost.dll
0x00007ff993760000 - 0x00007ff99387f000 	C:\WINDOWS\System32\RPCRT4.dll
0x00007ff9919a0000 - 0x00007ff991b2f000 	C:\WINDOWS\System32\USER32.dll
0x00007ff990fe0000 - 0x00007ff991000000 	C:\WINDOWS\System32\win32u.dll
0x00007ff994200000 - 0x00007ff994228000 	C:\WINDOWS\System32\GDI32.dll
0x00007ff991000000 - 0x00007ff991193000 	C:\WINDOWS\System32\gdi32full.dll
0x00007ff990f40000 - 0x00007ff990fdb000 	C:\WINDOWS\System32\msvcp_win.dll
0x00007ff991540000 - 0x00007ff991636000 	C:\WINDOWS\System32\ucrtbase.dll
0x00007ff9838e0000 - 0x00007ff983b49000 	C:\WINDOWS\WinSxS\amd64_microsoft.windows.common-controls_6595b64144ccf1df_6.0.16299.192_none_15c8cdae9364c23b\COMCTL32.dll
0x00007ff993cd0000 - 0x00007ff993fd8000 	C:\WINDOWS\System32\combase.dll
0x00007ff9914c0000 - 0x00007ff991532000 	C:\WINDOWS\System32\bcryptPrimitives.dll
0x00007ff991f00000 - 0x00007ff991f2d000 	C:\WINDOWS\System32\IMM32.DLL
0x0000000053c00000 - 0x0000000053cd2000 	C:\Program Files\Android\Android Studio\jre\jre\bin\msvcr100.dll
0x0000000053ce0000 - 0x000000005451e000 	C:\Program Files\Android\Android Studio\jre\jre\bin\server\jvm.dll
0x00007ff9920b0000 - 0x00007ff9920b8000 	C:\WINDOWS\System32\PSAPI.DLL
0x00007ff984c90000 - 0x00007ff984c9a000 	C:\WINDOWS\SYSTEM32\VERSION.dll
0x00007ff98e650000 - 0x00007ff98e673000 	C:\WINDOWS\SYSTEM32\WINMM.dll
0x00007ff983780000 - 0x00007ff983789000 	C:\WINDOWS\SYSTEM32\WSOCK32.dll
0x00007ff992040000 - 0x00007ff9920ac000 	C:\WINDOWS\System32\WS2_32.dll
0x00007ff98e620000 - 0x00007ff98e64a000 	C:\WINDOWS\SYSTEM32\winmmbase.dll
0x00007ff991470000 - 0x00007ff9914ba000 	C:\WINDOWS\System32\cfgmgr32.dll
0x00007ff983730000 - 0x00007ff98373f000 	C:\Program Files\Android\Android Studio\jre\jre\bin\verify.dll
0x00007ff97e070000 - 0x00007ff97e099000 	C:\Program Files\Android\Android Studio\jre\jre\bin\java.dll
0x00007ff97df20000 - 0x00007ff97df36000 	C:\Program Files\Android\Android Studio\jre\jre\bin\zip.dll
0x00007ff992320000 - 0x00007ff993756000 	C:\WINDOWS\System32\SHELL32.dll
0x00007ff9918f0000 - 0x00007ff991996000 	C:\WINDOWS\System32\shcore.dll
0x00007ff990740000 - 0x00007ff990e87000 	C:\WINDOWS\System32\windows.storage.dll
0x00007ff991890000 - 0x00007ff9918e1000 	C:\WINDOWS\System32\shlwapi.dll
0x00007ff990690000 - 0x00007ff9906a1000 	C:\WINDOWS\System32\kernel.appcore.dll
0x00007ff9906f0000 - 0x00007ff99073c000 	C:\WINDOWS\System32\powrprof.dll
0x00007ff9906d0000 - 0x00007ff9906eb000 	C:\WINDOWS\System32\profapi.dll
0x00007ff97df00000 - 0x00007ff97df1a000 	C:\Program Files\Android\Android Studio\jre\jre\bin\net.dll
0x00007ff98fec0000 - 0x00007ff98ff26000 	C:\WINDOWS\system32\mswsock.dll
0x00007ff97de30000 - 0x00007ff97de41000 	C:\Program Files\Android\Android Studio\jre\jre\bin\nio.dll

VM Arguments:
java_command: org.jetbrains.kotlin.cli.jvm.K2JVMCompiler -Xadd-compiler-builtins -Xbuild-file=C:\Users\Kent\AppData\Local\Temp\kjps7170993502229778789app_debug.script.xml -classpath C:\Users\Kent\.gradle\caches\modules-2\files-2.1\org.jetbrains.kotlin\kotlin-stdlib-jre7\1.2.21\3beb08c67673033183c8652572680587876e64b5\kotlin-stdlib-jre7-1.2.21.jar;C:\Users\Kent\.gradle\caches\transforms-1\files-1.1\appcompat-v7-26.1.0.aar\ae80160f26bf509f96ec854a18fd92f2\jars\classes.jar;C:\Users\Kent\.gradle\caches\modules-2\files-2.1\org.jetbrains.anko\anko\0.10.4\6d2ec8750b434fb56c94bf7f9dc71decbb3231b5\anko-0.10.4.jar;C:\Users\Kent\.gradle\caches\modules-2\files-2.1\com.squareup.picasso\picasso\2.5.2\7446d06ec8d4f7ffcc53f1da37c95f200dcb9387\picasso-2.5.2.jar;C:\Users\Kent\.gradle\caches\transforms-1\files-1.1\constraint-layout-1.0.2.aar\e057037e2a989d2bc266822a56351e3c\jars\classes.jar;C:\Users\Kent\.gradle\caches\transforms-1\files-1.1\recyclerview-v7-26.1.0.aar\6461f20b321a80e50038e66a1bf65382\jars\classes.jar;C:\Users\Kent\.gradle\caches\modules-2\files-2.1\org.jetbrains.anko\anko-sqlite\0.10.4\410ab42cf2baa28e4b96b0b10309be04d7ea2740\anko-sqlite-0.10.4.jar;C:\Users\Kent\.gradle\caches\modules-2\files-2.1\org.jetbrains.anko\anko-sdk25\0.10.4\2990927f1ce037724b8cd17369ed5435c7a139a3\anko-sdk25-0.10.4.jar;C:\Users\Kent\.gradle\caches\modules-2\files-2.1\org.jetbrains.anko\anko-sdk25-coroutines\0.10.4\5fed3c3e5a9d6ff63b3cd18fc8c60ece6d3cd83d\anko-sdk25-coroutines-0.10.4.jar;C:\Users\Kent\.gradle\caches\modules-2\files-2.1\org.jetbrains.anko\anko-appcompat-v7\0.10.4\a667e7286a1563c55441faa8f31acc9a6f2e8903\anko-appcompat-v7-0.10.4.jar;C:\Users\Kent\.gradle\caches\modules-2\files-2.1\org.jetbrains.anko\anko-support-v4\0.10.4\6ed4b1d6d2343028b727e18e5747b4bec645828\anko-support-v4-0.10.4.jar;C:\Users\Kent\.gradle\caches\modules-2\files-2.1\org.jetbrains.anko\anko-appcompat-v7-coroutines\0.10.4\c184a00a6b06c1f9db488dade44ce5eec78c8638\anko-appcompat-v7-coroutines-0.10.4.jar;C:\User
java_class_path (initial): C:\Users\Kent\.gradle\caches\modules-2\files-2.1\org.jetbrains.kotlin\kotlin-compiler-embeddable\1.2.21\39456b64a42dc359e385697e2e93b5cba52e197f\kotlin-compiler-embeddable-1.2.21.jar;C:\Users\Kent\.gradle\caches\modules-2\files-2.1\org.jetbrains.kotlin\kotlin-stdlib\1.2.21\d64187eb2d9d1521be3421aa8c6774a8625cdde8\kotlin-stdlib-1.2.21.jar;C:\Users\Kent\.gradle\caches\modules-2\files-2.1\org.jetbrains.kotlin\kotlin-script-runtime\1.2.21\40c37b171146be48a989ab74b937b17a96d28d87\kotlin-script-runtime-1.2.21.jar;C:\Users\Kent\.gradle\caches\modules-2\files-2.1\org.jetbrains.kotlin\kotlin-reflect\1.2.21\3159ff5936aa570a90050d385cb717fbb6c1723a\kotlin-reflect-1.2.21.jar;C:\Program Files\Android\Android Studio\jre\lib\tools.jar
Launcher Type: SUN_STANDARD

Environment Variables:
PATH=C:\WINDOWS\system32;C:\WINDOWS;C:\WINDOWS\System32\Wbem;C:\WINDOWS\System32\WindowsPowerShell\v1.0\;C:\Program Files\Git\cmd;C:\Users\Kent\AppData\Local\Microsoft\WindowsApps;
USERNAME=Kent
OS=Windows_NT
PROCESSOR_IDENTIFIER=Intel64 Family 6 Model 37 Stepping 5, GenuineIntel



---------------  S Y S T E M  ---------------

OS: Windows 10.0 , 64 bit Build 16299 (10.0.16299.15)

CPU:total 4 (initial active 4) (2 cores per cpu, 2 threads per core) family 6 model 37 stepping 5, cmov, cx8, fxsr, mmx, sse, sse2, sse3, ssse3, sse4.1, sse4.2, popcnt, ht, tsc, tscinvbit

Memory: 4k page, physical 3848288k(986944k free), swap 5246048k(3272k free)

vm_info: OpenJDK 64-Bit Server VM (25.152-b01) for windows-amd64 JRE (1.8.0_152-release-915-b01), built by "builder" with MS VC++ 10.0 (VS2010)

time: Wed Mar 14 10:37:08 2018
elapsed time: 7 seconds (0d 0h 0m 7s)

